[13:07:26] [Info] [Citeproc Provider] Loading CSL locale file at /usr/lib/zettlr/app.asar/.webpack/main/assets/csl-locales/locales-es-ES.xml ...
[13:07:26] [Info] こんにちは！ Booting Zettlr at Thu Dec 08 2022 13:07:26 GMT+0100 (hora estándar de Europa central).
[13:07:26] [Info] Registering custom protocol safe-file
[13:07:26] [Info] Added DevTools extension:  Vue.js devtools
[13:07:26] [Warning] [Assets Provider] Found outdated filter links.lua; copying ...
[13:07:26] [Warning] [Assets Provider] Found outdated filter tags.lua; copying ...
[13:07:26] [Info] [Stats Provider] Writing statistics to file
[13:07:26] [Info] [Window Manager] Loading state information from /home/nisidabay/.config/Zettlr/window_state.json
[13:07:26] [Info] [Window Manager] Window Manager started.
[13:07:26] [Info] [Update Provider] Checking for application updates ...
[13:07:26] [Info] [Updater] Checking https://zettlr.com/api/releases/latest for updates ...
[13:07:27] [Info] [Dictionary Provider] Loaded dictionaries: en-US, es-ES
[13:07:28] [Info] [Update Provider] No new update available. Current version is v2.3.0.
[13:07:28] [Info] [FSAL] Loaded all files and workspaces in 0.037218359000980854 seconds
[13:07:28] [Info] [Document Manager] Restored 1 open documents.
[13:07:28] [Info] [Translation Provider] Updating translations for Sueco ...
[13:07:28] [Info] [Translation Provider] Downloading sv-SV ...
[13:07:28] [Error] Could not update language: Response code 404 (Not Found) | Native Error: HTTPError; Response code 404 (Not Found) Stack Trace: HTTPError: Response code 404 (Not Found) -->     at ke.<anonymous> (/usr/lib/zettlr/app.asar/.webpack/main/index.js:2:1832475) -->     at Object.onceWrapper (node:events:510:26) -->     at ke.emit (node:events:402:35) -->     at ke._onResponseBase (/usr/lib/zettlr/app.asar/.webpack/main/index.js:2:1823354) -->     at processTicksAndRejections (node:internal/process/task_queues:96:5) -->     at async ke._onResponse (/usr/lib/zettlr/app.asar/.webpack/main/index.js:2:1823768)
[13:07:33] [Info] [Config Provider] Writing configuration file to /home/nisidabay/.config/Zettlr/config.json...
[13:07:34] [Info] さようなら！ Shutting down at Thu Dec 08 2022 13:07:34 GMT+0100 (hora estándar de Europa central)
[13:07:34] [Info] Application uptime was: 0 minutes, and 7.936 seconds.
[13:07:34] [Info] [FSAL Cache] Cleaned up cache: Removed 0 remnants.
[13:07:34] [Info] [Stats Provider] Writing statistics to file
[13:07:34] [Info] [Config Provider] Writing configuration file to /home/nisidabay/.config/Zettlr/config.json...
[13:08:01] [Info] [Citeproc Provider] Loading CSL locale file at /usr/lib/zettlr/app.asar/.webpack/main/assets/csl-locales/locales-es-ES.xml ...
[13:08:01] [Info] こんにちは！ Booting Zettlr at Thu Dec 08 2022 13:08:01 GMT+0100 (hora estándar de Europa central).
[13:08:01] [Info] Registering custom protocol safe-file
[13:08:01] [Info] Added DevTools extension:  Vue.js devtools
[13:08:01] [Warning] [Assets Provider] Found outdated filter links.lua; copying ...
[13:08:01] [Warning] [Assets Provider] Found outdated filter tags.lua; copying ...
[13:08:01] [Info] [Stats Provider] Writing statistics to file
[13:08:01] [Info] [Window Manager] Loading state information from /home/nisidabay/.config/Zettlr/window_state.json
[13:08:01] [Info] [Window Manager] Window Manager started.
[13:08:03] [Info] [Dictionary Provider] Loaded dictionaries: en-US, es-ES
[13:08:03] [Info] [Update Provider] Checking for application updates ...
[13:08:03] [Info] [Updater] Checking https://zettlr.com/api/releases/latest for updates ...
[13:08:03] [Info] [Update Provider] No new update available. Current version is v2.3.0.
[13:08:03] [Info] [FSAL] Loaded all files and workspaces in 0.03596317300200463 seconds
[13:08:03] [Info] [Document Manager] Restored 2 open documents.
[13:08:03] [Info] [Translation Provider] Updating translations for Sueco ...
[13:08:03] [Info] [Translation Provider] Downloading sv-SV ...
[13:08:03] [Error] Could not update language: Response code 404 (Not Found) | Native Error: HTTPError; Response code 404 (Not Found) Stack Trace: HTTPError: Response code 404 (Not Found) -->     at ke.<anonymous> (/usr/lib/zettlr/app.asar/.webpack/main/index.js:2:1832475) -->     at Object.onceWrapper (node:events:510:26) -->     at ke.emit (node:events:402:35) -->     at ke._onResponseBase (/usr/lib/zettlr/app.asar/.webpack/main/index.js:2:1823354) -->     at processTicksAndRejections (node:internal/process/task_queues:96:5) -->     at async ke._onResponse (/usr/lib/zettlr/app.asar/.webpack/main/index.js:2:1823768)
[13:08:08] [Info] [Config Provider] Writing configuration file to /home/nisidabay/.config/Zettlr/config.json...
[13:08:28] [Info] Saving file index.md...
[13:08:28] [Info] [WATCHDOG] Emitting event: change:index.md
[13:08:28] [Info] [Stats Provider] Writing statistics to file
[13:08:28] [Info] File index.md saved.
[13:08:30] [Info] さようなら！ Shutting down at Thu Dec 08 2022 13:08:30 GMT+0100 (hora estándar de Europa central)
[13:08:30] [Info] Application uptime was: 0 minutes, and 28.383 seconds.
[13:08:30] [Info] [FSAL Cache] Cleaned up cache: Removed 0 remnants.
[13:08:30] [Info] [Stats Provider] Writing statistics to file
[13:08:30] [Info] [Config Provider] Writing configuration file to /home/nisidabay/.config/Zettlr/config.json...
