[12:52:02] [Info] [Citeproc Provider] Loading CSL locale file at /usr/lib/zettlr/app.asar/.webpack/main/assets/csl-locales/locales-es-ES.xml ...
[12:52:02] [Info] こんにちは！ Booting Zettlr at Mon Dec 05 2022 12:52:02 GMT+0100 (hora estándar de Europa central).
[12:52:02] [Info] Registering custom protocol safe-file
[12:52:02] [Info] Added DevTools extension:  Vue.js devtools
[12:52:02] [Warning] [Assets Provider] Found outdated filter links.lua; copying ...
[12:52:02] [Warning] [Assets Provider] Found outdated filter tags.lua; copying ...
[12:52:02] [Info] [Stats Provider] Writing statistics to file
[12:52:02] [Info] [Window Manager] Loading state information from /home/nisidabay/.config/Zettlr/window_state.json
[12:52:02] [Info] [Window Manager] Window Manager started.
[12:52:03] [Info] [Dictionary Provider] Loaded dictionaries: en-US, es-ES
[12:52:03] [Info] [Update Provider] Checking for application updates ...
[12:52:03] [Info] [Updater] Checking https://zettlr.com/api/releases/latest for updates ...
[12:52:04] [Info] [Update Provider] No new update available. Current version is v2.3.0.
[12:52:04] [Info] [FSAL] Loaded all files and workspaces in 0.023597183998674155 seconds
[12:52:04] [Error] [Document Manager] Boot: Could not load file /home/nisidabay/Downloads/Tips for debugging with print() - Adam Johnson.md: Error reading file /home/nisidabay/Downloads/Tips for debugging with print() - Adam Johnson.md | Native Error: Error; Error reading file /home/nisidabay/Downloads/Tips for debugging with print() - Adam Johnson.md Stack Trace: Error: Error reading file /home/nisidabay/Downloads/Tips for debugging with print() - Adam Johnson.md
[12:52:04] [Info] [Document Manager] Restored 0 open documents.
[12:52:04] [Info] [Translation Provider] Updating translations for Sueco ...
[12:52:04] [Info] [Translation Provider] Downloading sv-SV ...
[12:52:04] [Error] Could not update language: Response code 404 (Not Found) | Native Error: HTTPError; Response code 404 (Not Found) Stack Trace: HTTPError: Response code 404 (Not Found) -->     at ke.<anonymous> (/usr/lib/zettlr/app.asar/.webpack/main/index.js:2:1832475) -->     at Object.onceWrapper (node:events:510:26) -->     at ke.emit (node:events:402:35) -->     at ke._onResponseBase (/usr/lib/zettlr/app.asar/.webpack/main/index.js:2:1823354) -->     at processTicksAndRejections (node:internal/process/task_queues:96:5) -->     at async ke._onResponse (/usr/lib/zettlr/app.asar/.webpack/main/index.js:2:1823768)
[12:52:09] [Info] [Config Provider] Writing configuration file to /home/nisidabay/.config/Zettlr/config.json...
[12:52:55] [Info] Successfully exported file to /tmp/Providing Multiple Constructors in Your Python Classes – Real Python.pdf
[12:52:58] [Info] [Config Provider] Writing configuration file to /home/nisidabay/.config/Zettlr/config.json...
