[10:24:24] [Info] [Citeproc Provider] Loading CSL locale file at /usr/lib/zettlr/app.asar/.webpack/main/assets/csl-locales/locales-es-ES.xml ...
[10:24:25] [Info] こんにちは！ Booting Zettlr at Fri Dec 09 2022 10:24:25 GMT+0100 (hora estándar de Europa central).
[10:24:25] [Info] Registering custom protocol safe-file
[10:24:25] [Info] Added DevTools extension:  Vue.js devtools
[10:24:25] [Warning] [Assets Provider] Found outdated filter links.lua; copying ...
[10:24:25] [Warning] [Assets Provider] Found outdated filter tags.lua; copying ...
[10:24:25] [Info] [Stats Provider] Writing statistics to file
[10:24:25] [Info] [Window Manager] Loading state information from /home/nisidabay/.config/Zettlr/window_state.json
[10:24:25] [Info] [Window Manager] Window Manager started.
[10:24:26] [Info] [Dictionary Provider] Loaded dictionaries: en-US, es-ES
[10:24:26] [Info] [Update Provider] Checking for application updates ...
[10:24:26] [Info] [Updater] Checking https://zettlr.com/api/releases/latest for updates ...
[10:24:26] [Info] [Update Provider] No new update available. Current version is v2.3.0.
[10:24:26] [Info] [FSAL] Loaded all files and workspaces in 0.03662322299182415 seconds
[10:24:26] [Error] [Document Manager] Boot: Could not load file Git.md: Error reading file Git.md | Native Error: Error; Error reading file Git.md Stack Trace: Error: Error reading file Git.md
[10:24:26] [Error] [Document Manager] Boot: Could not load file index.md: Error reading file index.md | Native Error: Error; Error reading file index.md Stack Trace: Error: Error reading file index.md
[10:24:26] [Info] [Document Manager] Restored 1 open documents.
[10:24:27] [Info] [Translation Provider] Updating translations for Sueco ...
[10:24:27] [Info] [Translation Provider] Downloading sv-SV ...
[10:24:27] [Error] Could not update language: Response code 404 (Not Found) | Native Error: HTTPError; Response code 404 (Not Found) Stack Trace: HTTPError: Response code 404 (Not Found) -->     at ke.<anonymous> (/usr/lib/zettlr/app.asar/.webpack/main/index.js:2:1832475) -->     at Object.onceWrapper (node:events:510:26) -->     at ke.emit (node:events:402:35) -->     at ke._onResponseBase (/usr/lib/zettlr/app.asar/.webpack/main/index.js:2:1823354) -->     at processTicksAndRejections (node:internal/process/task_queues:96:5) -->     at async ke._onResponse (/usr/lib/zettlr/app.asar/.webpack/main/index.js:2:1823768)
[10:24:31] [Info] [Config Provider] Writing configuration file to /home/nisidabay/.config/Zettlr/config.json...
[10:24:40] [Info] さようなら！ Shutting down at Fri Dec 09 2022 10:24:40 GMT+0100 (hora estándar de Europa central)
[10:24:40] [Info] Application uptime was: 0 minutes, and 15.142 seconds.
[10:24:40] [Info] [FSAL Cache] Cleaned up cache: Removed 0 remnants.
[10:24:40] [Info] [Stats Provider] Writing statistics to file
[10:24:40] [Info] [Config Provider] Writing configuration file to /home/nisidabay/.config/Zettlr/config.json...
