[22:06:19] [Info] [Citeproc Provider] Loading CSL locale file at /usr/lib/zettlr/app.asar/.webpack/main/assets/csl-locales/locales-es-ES.xml ...
[22:06:19] [Info] こんにちは！ Booting Zettlr at Sun Dec 11 2022 22:06:19 GMT+0100 (hora estándar de Europa central).
[22:06:19] [Info] Registering custom protocol safe-file
[22:06:19] [Info] Added DevTools extension:  Vue.js devtools
[22:06:19] [Warning] [Assets Provider] Found outdated filter links.lua; copying ...
[22:06:19] [Warning] [Assets Provider] Found outdated filter tags.lua; copying ...
[22:06:19] [Info] [Stats Provider] Writing statistics to file
[22:06:19] [Info] [Window Manager] Loading state information from /home/nisidabay/.config/Zettlr/window_state.json
[22:06:19] [Info] [Window Manager] Window Manager started.
[22:06:20] [Info] [Update Provider] Checking for application updates ...
[22:06:20] [Info] [Updater] Checking https://zettlr.com/api/releases/latest for updates ...
[22:06:21] [Info] [Dictionary Provider] Loaded dictionaries: en-US, es-ES
[22:06:21] [Info] [Update Provider] No new update available. Current version is v2.3.0.
[22:06:21] [Info] [FSAL] Loaded all files and workspaces in 0.016294411987066267 seconds
[22:06:21] [Info] [Document Manager] Restored 0 open documents.
[22:06:21] [Info] [Translation Provider] Updating translations for Sueco ...
[22:06:21] [Info] [Translation Provider] Downloading sv-SV ...
[22:06:21] [Error] Could not update language: Response code 404 (Not Found) | Native Error: HTTPError; Response code 404 (Not Found) Stack Trace: HTTPError: Response code 404 (Not Found) -->     at ke.<anonymous> (/usr/lib/zettlr/app.asar/.webpack/main/index.js:2:1832475) -->     at Object.onceWrapper (node:events:510:26) -->     at ke.emit (node:events:402:35) -->     at ke._onResponseBase (/usr/lib/zettlr/app.asar/.webpack/main/index.js:2:1823354) -->     at processTicksAndRejections (node:internal/process/task_queues:96:5) -->     at async ke._onResponse (/usr/lib/zettlr/app.asar/.webpack/main/index.js:2:1823768)
[22:06:26] [Info] [Config Provider] Writing configuration file to /home/nisidabay/.config/Zettlr/config.json...
[22:07:10] [Info] Saving file A crash course in Python “comprehensions” and “generators”  by Pete Fison  Nov, 2022  Medium.md...
[22:07:10] [Info] [WATCHDOG] Emitting event: change:A crash course in Python “comprehensions” and “generators”  by Pete Fison  Nov, 2022  Medium.md
[22:07:10] [Info] [Stats Provider] Writing statistics to file
[22:07:10] [Info] File A crash course in Python “comprehensions” and “generators”  by Pete Fison  Nov, 2022  Medium.md saved.
[22:08:01] [Info] Saving file A crash course in Python “comprehensions” and “generators”  by Pete Fison  Nov, 2022  Medium.md...
[22:08:01] [Info] [WATCHDOG] Emitting event: change:A crash course in Python “comprehensions” and “generators”  by Pete Fison  Nov, 2022  Medium.md
[22:08:01] [Info] [Stats Provider] Writing statistics to file
[22:08:01] [Info] File A crash course in Python “comprehensions” and “generators”  by Pete Fison  Nov, 2022  Medium.md saved.
[22:08:44] [Info] [Config Provider] Writing configuration file to /home/nisidabay/.config/Zettlr/config.json...
[22:14:58] [Info] [Config Provider] Writing configuration file to /home/nisidabay/.config/Zettlr/config.json...
[22:15:59] [Info] さようなら！ Shutting down at Sun Dec 11 2022 22:15:59 GMT+0100 (hora estándar de Europa central)
[22:15:59] [Info] Application uptime was: 9 minutes, and 40.126 seconds.
[22:15:59] [Info] [FSAL Cache] Cleaned up cache: Removed 1 remnants.
[22:15:59] [Info] [Stats Provider] Writing statistics to file
[22:15:59] [Info] [Config Provider] Writing configuration file to /home/nisidabay/.config/Zettlr/config.json...
[22:16:40] [Info] [Citeproc Provider] Loading CSL locale file at /usr/lib/zettlr/app.asar/.webpack/main/assets/csl-locales/locales-es-ES.xml ...
[22:16:40] [Info] こんにちは！ Booting Zettlr at Sun Dec 11 2022 22:16:40 GMT+0100 (hora estándar de Europa central).
[22:16:40] [Info] Registering custom protocol safe-file
[22:16:40] [Info] Added DevTools extension:  Vue.js devtools
[22:16:40] [Warning] [Assets Provider] Found outdated filter links.lua; copying ...
[22:16:40] [Warning] [Assets Provider] Found outdated filter tags.lua; copying ...
[22:16:40] [Info] [Stats Provider] Writing statistics to file
[22:16:40] [Info] [Window Manager] Loading state information from /home/nisidabay/.config/Zettlr/window_state.json
[22:16:40] [Info] [Window Manager] Window Manager started.
[22:16:41] [Info] [Dictionary Provider] Loaded dictionaries: en-US, es-ES
[22:16:41] [Info] [Update Provider] Checking for application updates ...
[22:16:41] [Info] [Updater] Checking https://zettlr.com/api/releases/latest for updates ...
[22:16:42] [Info] [Translation Provider] Updating translations for Sueco ...
[22:16:42] [Info] [Translation Provider] Downloading sv-SV ...
[22:16:42] [Info] [Update Provider] No new update available. Current version is v2.3.0.
[22:16:42] [Info] [FSAL] Loaded all files and workspaces in 0.0204150710105896 seconds
[22:16:43] [Info] [Document Manager] Restored 1 open documents.
[22:16:43] [Warning] [R] [Main Window] FSAL event had an outdated timestamp -- skipping add /home/nisidabay/Downloads/Python Threading The Complete Guide.md 3 (index.js:2)
[22:16:43] [Error] Could not update language: Response code 404 (Not Found) | Native Error: HTTPError; Response code 404 (Not Found) Stack Trace: HTTPError: Response code 404 (Not Found) -->     at ke.<anonymous> (/usr/lib/zettlr/app.asar/.webpack/main/index.js:2:1832475) -->     at Object.onceWrapper (node:events:510:26) -->     at ke.emit (node:events:402:35) -->     at ke._onResponseBase (/usr/lib/zettlr/app.asar/.webpack/main/index.js:2:1823354) -->     at processTicksAndRejections (node:internal/process/task_queues:96:5) -->     at async ke._onResponse (/usr/lib/zettlr/app.asar/.webpack/main/index.js:2:1823768)
[22:16:48] [Info] [Config Provider] Writing configuration file to /home/nisidabay/.config/Zettlr/config.json...
[22:16:49] [Info] さようなら！ Shutting down at Sun Dec 11 2022 22:16:49 GMT+0100 (hora estándar de Europa central)
[22:16:49] [Info] Application uptime was: 0 minutes, and 8.851 seconds.
[22:16:49] [Info] [FSAL Cache] Cleaned up cache: Removed 0 remnants.
[22:16:49] [Info] [Stats Provider] Writing statistics to file
[22:16:49] [Info] [Config Provider] Writing configuration file to /home/nisidabay/.config/Zettlr/config.json...
[22:17:50] [Info] [Citeproc Provider] Loading CSL locale file at /usr/lib/zettlr/app.asar/.webpack/main/assets/csl-locales/locales-es-ES.xml ...
[22:17:50] [Info] こんにちは！ Booting Zettlr at Sun Dec 11 2022 22:17:50 GMT+0100 (hora estándar de Europa central).
[22:17:50] [Info] Registering custom protocol safe-file
[22:17:50] [Info] Added DevTools extension:  Vue.js devtools
[22:17:50] [Warning] [Assets Provider] Found outdated filter links.lua; copying ...
[22:17:50] [Warning] [Assets Provider] Found outdated filter tags.lua; copying ...
[22:17:50] [Info] [Stats Provider] Writing statistics to file
[22:17:50] [Info] [Window Manager] Loading state information from /home/nisidabay/.config/Zettlr/window_state.json
[22:17:50] [Info] [Window Manager] Window Manager started.
[22:17:52] [Info] [Dictionary Provider] Loaded dictionaries: en-US, es-ES
[22:17:52] [Info] [Update Provider] Checking for application updates ...
[22:17:52] [Info] [Updater] Checking https://zettlr.com/api/releases/latest for updates ...
[22:17:52] [Info] [Translation Provider] Updating translations for Sueco ...
[22:17:52] [Info] [Translation Provider] Downloading sv-SV ...
[22:17:53] [Info] [Update Provider] No new update available. Current version is v2.3.0.
[22:17:53] [Info] [FSAL] Loaded all files and workspaces in 0.025076974004507063 seconds
[22:17:54] [Error] [Document Manager] Boot: Could not load file A crash course in Python “comprehensions” and “generators”  by Pete Fison  Nov, 2022  Medium.md: Error reading file A crash course in Python “comprehensions” and “generators”  by Pete Fison  Nov, 2022  Medium.md | Native Error: Error; Error reading file A crash course in Python “comprehensions” and “generators”  by Pete Fison  Nov, 2022  Medium.md Stack Trace: Error: Error reading file A crash course in Python “comprehensions” and “generators”  by Pete Fison  Nov, 2022  Medium.md
[22:17:54] [Info] [Document Manager] Restored 1 open documents.
[22:17:54] [Warning] [R] [Main Window] FSAL event had an outdated timestamp -- skipping add /home/nisidabay/Documents/Zettlr Tutorial 3 (index.js:2)
[22:17:54] [Warning] [R] [Main Window] FSAL event had an outdated timestamp -- skipping add Data Classes in Python 3.7+ (Guide) – Real Python.md 4 (index.js:2)
[22:17:54] [Error] Could not update language: Response code 404 (Not Found) | Native Error: HTTPError; Response code 404 (Not Found) Stack Trace: HTTPError: Response code 404 (Not Found) -->     at ke.<anonymous> (/usr/lib/zettlr/app.asar/.webpack/main/index.js:2:1832475) -->     at Object.onceWrapper (node:events:510:26) -->     at ke.emit (node:events:402:35) -->     at ke._onResponseBase (/usr/lib/zettlr/app.asar/.webpack/main/index.js:2:1823354) -->     at processTicksAndRejections (node:internal/process/task_queues:96:5) -->     at async ke._onResponse (/usr/lib/zettlr/app.asar/.webpack/main/index.js:2:1823768)
[22:17:59] [Info] [Config Provider] Writing configuration file to /home/nisidabay/.config/Zettlr/config.json...
[22:19:04] [Info] さようなら！ Shutting down at Sun Dec 11 2022 22:19:04 GMT+0100 (hora estándar de Europa central)
[22:19:04] [Info] Application uptime was: 1 minutes, and 13.537 seconds.
[22:19:04] [Info] [FSAL Cache] Cleaned up cache: Removed 1 remnants.
[22:19:04] [Info] [Stats Provider] Writing statistics to file
[22:19:04] [Info] [Config Provider] Writing configuration file to /home/nisidabay/.config/Zettlr/config.json...
[22:20:12] [Info] [Citeproc Provider] Loading CSL locale file at /usr/lib/zettlr/app.asar/.webpack/main/assets/csl-locales/locales-es-ES.xml ...
[22:20:12] [Info] こんにちは！ Booting Zettlr at Sun Dec 11 2022 22:20:12 GMT+0100 (hora estándar de Europa central).
[22:20:12] [Info] Registering custom protocol safe-file
[22:20:12] [Info] Added DevTools extension:  Vue.js devtools
[22:20:12] [Warning] [Assets Provider] Found outdated filter links.lua; copying ...
[22:20:12] [Warning] [Assets Provider] Found outdated filter tags.lua; copying ...
[22:20:12] [Info] [Stats Provider] Writing statistics to file
[22:20:12] [Info] [Window Manager] Loading state information from /home/nisidabay/.config/Zettlr/window_state.json
[22:20:12] [Info] [Window Manager] Window Manager started.
[22:20:13] [Info] [Dictionary Provider] Loaded dictionaries: en-US, es-ES
[22:20:13] [Info] [Update Provider] Checking for application updates ...
[22:20:13] [Info] [Updater] Checking https://zettlr.com/api/releases/latest for updates ...
[22:20:13] [Info] [Update Provider] No new update available. Current version is v2.3.0.
[22:20:13] [Info] [FSAL] Loaded all files and workspaces in 0.01727012601494789 seconds
[22:20:14] [Error] [Document Manager] Boot: Could not load file Data Classes in Python 3.7+ (Guide) – Real Python.md: Error reading file Data Classes in Python 3.7+ (Guide) – Real Python.md | Native Error: Error; Error reading file Data Classes in Python 3.7+ (Guide) – Real Python.md Stack Trace: Error: Error reading file Data Classes in Python 3.7+ (Guide) – Real Python.md
[22:20:14] [Info] [Document Manager] Restored 1 open documents.
[22:20:14] [Info] [Translation Provider] Updating translations for Sueco ...
[22:20:14] [Info] [Translation Provider] Downloading sv-SV ...
[22:20:14] [Error] Could not update language: Response code 404 (Not Found) | Native Error: HTTPError; Response code 404 (Not Found) Stack Trace: HTTPError: Response code 404 (Not Found) -->     at ke.<anonymous> (/usr/lib/zettlr/app.asar/.webpack/main/index.js:2:1832475) -->     at Object.onceWrapper (node:events:510:26) -->     at ke.emit (node:events:402:35) -->     at ke._onResponseBase (/usr/lib/zettlr/app.asar/.webpack/main/index.js:2:1823354) -->     at processTicksAndRejections (node:internal/process/task_queues:96:5) -->     at async ke._onResponse (/usr/lib/zettlr/app.asar/.webpack/main/index.js:2:1823768)
[22:20:19] [Info] [Config Provider] Writing configuration file to /home/nisidabay/.config/Zettlr/config.json...
[22:20:25] [Info] さようなら！ Shutting down at Sun Dec 11 2022 22:20:25 GMT+0100 (hora estándar de Europa central)
[22:20:25] [Info] Application uptime was: 0 minutes, and 13.417 seconds.
[22:20:25] [Info] [FSAL Cache] Cleaned up cache: Removed 1 remnants.
[22:20:25] [Info] [Stats Provider] Writing statistics to file
[22:20:25] [Info] [Config Provider] Writing configuration file to /home/nisidabay/.config/Zettlr/config.json...
[22:21:10] [Info] [Citeproc Provider] Loading CSL locale file at /usr/lib/zettlr/app.asar/.webpack/main/assets/csl-locales/locales-es-ES.xml ...
[22:21:10] [Info] こんにちは！ Booting Zettlr at Sun Dec 11 2022 22:21:10 GMT+0100 (hora estándar de Europa central).
[22:21:10] [Info] Registering custom protocol safe-file
[22:21:10] [Info] Added DevTools extension:  Vue.js devtools
[22:21:10] [Warning] [Assets Provider] Found outdated filter links.lua; copying ...
[22:21:10] [Warning] [Assets Provider] Found outdated filter tags.lua; copying ...
[22:21:10] [Info] [Stats Provider] Writing statistics to file
[22:21:10] [Info] [Window Manager] Loading state information from /home/nisidabay/.config/Zettlr/window_state.json
[22:21:10] [Info] [Window Manager] Window Manager started.
[22:21:11] [Info] [Dictionary Provider] Loaded dictionaries: en-US, es-ES
[22:21:11] [Info] [Update Provider] Checking for application updates ...
[22:21:11] [Info] [Updater] Checking https://zettlr.com/api/releases/latest for updates ...
[22:21:12] [Info] [Translation Provider] Updating translations for Sueco ...
[22:21:12] [Info] [Translation Provider] Downloading sv-SV ...
[22:21:12] [Info] [Update Provider] No new update available. Current version is v2.3.0.
[22:21:12] [Info] [FSAL] Loaded all files and workspaces in 0.02958788299560547 seconds
[22:21:13] [Error] [Document Manager] Boot: Could not load file Namespaces and Scope in Python – Real Python.md: Error reading file Namespaces and Scope in Python – Real Python.md | Native Error: Error; Error reading file Namespaces and Scope in Python – Real Python.md Stack Trace: Error: Error reading file Namespaces and Scope in Python – Real Python.md
[22:21:13] [Info] [Document Manager] Restored 1 open documents.
[22:21:13] [Warning] [R] [Main Window] FSAL event had an outdated timestamp -- skipping add /home/nisidabay/Documents/Zettlr Tutorial 3 (index.js:2)
[22:21:13] [Warning] [R] [Main Window] FSAL event had an outdated timestamp -- skipping add Providing Multiple Constructors in Your Python Classes – Real Python(1).md 4 (index.js:2)
[22:21:13] [Error] Could not update language: Response code 404 (Not Found) | Native Error: HTTPError; Response code 404 (Not Found) Stack Trace: HTTPError: Response code 404 (Not Found) -->     at ke.<anonymous> (/usr/lib/zettlr/app.asar/.webpack/main/index.js:2:1832475) -->     at Object.onceWrapper (node:events:510:26) -->     at ke.emit (node:events:402:35) -->     at ke._onResponseBase (/usr/lib/zettlr/app.asar/.webpack/main/index.js:2:1823354) -->     at processTicksAndRejections (node:internal/process/task_queues:96:5) -->     at async ke._onResponse (/usr/lib/zettlr/app.asar/.webpack/main/index.js:2:1823768)
[22:21:18] [Info] [Config Provider] Writing configuration file to /home/nisidabay/.config/Zettlr/config.json...
[22:21:26] [Info] さようなら！ Shutting down at Sun Dec 11 2022 22:21:26 GMT+0100 (hora estándar de Europa central)
[22:21:26] [Info] Application uptime was: 0 minutes, and 16.384 seconds.
[22:21:26] [Info] [FSAL Cache] Cleaned up cache: Removed 1 remnants.
[22:21:26] [Info] [Stats Provider] Writing statistics to file
[22:21:26] [Info] [Config Provider] Writing configuration file to /home/nisidabay/.config/Zettlr/config.json...
[22:22:23] [Info] [Citeproc Provider] Loading CSL locale file at /usr/lib/zettlr/app.asar/.webpack/main/assets/csl-locales/locales-es-ES.xml ...
[22:22:23] [Info] こんにちは！ Booting Zettlr at Sun Dec 11 2022 22:22:23 GMT+0100 (hora estándar de Europa central).
[22:22:23] [Info] Registering custom protocol safe-file
[22:22:23] [Info] Added DevTools extension:  Vue.js devtools
[22:22:23] [Warning] [Assets Provider] Found outdated filter links.lua; copying ...
[22:22:23] [Warning] [Assets Provider] Found outdated filter tags.lua; copying ...
[22:22:24] [Info] [Stats Provider] Writing statistics to file
[22:22:24] [Info] [Window Manager] Loading state information from /home/nisidabay/.config/Zettlr/window_state.json
[22:22:24] [Info] [Window Manager] Window Manager started.
[22:22:25] [Info] [Dictionary Provider] Loaded dictionaries: en-US, es-ES
[22:22:25] [Info] [Update Provider] Checking for application updates ...
[22:22:25] [Info] [Updater] Checking https://zettlr.com/api/releases/latest for updates ...
[22:22:25] [Info] [Update Provider] No new update available. Current version is v2.3.0.
[22:22:25] [Info] [FSAL] Loaded all files and workspaces in 0.014289373993873596 seconds
[22:22:25] [Error] [Document Manager] Boot: Could not load file Providing Multiple Constructors in Your Python Classes – Real Python(1).md: Error reading file Providing Multiple Constructors in Your Python Classes – Real Python(1).md | Native Error: Error; Error reading file Providing Multiple Constructors in Your Python Classes – Real Python(1).md Stack Trace: Error: Error reading file Providing Multiple Constructors in Your Python Classes – Real Python(1).md
[22:22:25] [Info] [Document Manager] Restored 1 open documents.
[22:22:25] [Info] [Translation Provider] Updating translations for Sueco ...
[22:22:25] [Info] [Translation Provider] Downloading sv-SV ...
[22:22:26] [Error] Could not update language: Response code 404 (Not Found) | Native Error: HTTPError; Response code 404 (Not Found) Stack Trace: HTTPError: Response code 404 (Not Found) -->     at ke.<anonymous> (/usr/lib/zettlr/app.asar/.webpack/main/index.js:2:1832475) -->     at Object.onceWrapper (node:events:510:26) -->     at ke.emit (node:events:402:35) -->     at ke._onResponseBase (/usr/lib/zettlr/app.asar/.webpack/main/index.js:2:1823354) -->     at processTicksAndRejections (node:internal/process/task_queues:96:5) -->     at async ke._onResponse (/usr/lib/zettlr/app.asar/.webpack/main/index.js:2:1823768)
[22:22:30] [Info] [Config Provider] Writing configuration file to /home/nisidabay/.config/Zettlr/config.json...
[22:23:02] [Info] さようなら！ Shutting down at Sun Dec 11 2022 22:23:02 GMT+0100 (hora estándar de Europa central)
[22:23:02] [Info] Application uptime was: 0 minutes, and 39.29 seconds.
[22:23:02] [Info] [FSAL Cache] Cleaned up cache: Removed 1 remnants.
[22:23:02] [Info] [Stats Provider] Writing statistics to file
[22:23:02] [Info] [Config Provider] Writing configuration file to /home/nisidabay/.config/Zettlr/config.json...
[22:23:15] [Info] [Citeproc Provider] Loading CSL locale file at /usr/lib/zettlr/app.asar/.webpack/main/assets/csl-locales/locales-es-ES.xml ...
[22:23:15] [Info] こんにちは！ Booting Zettlr at Sun Dec 11 2022 22:23:15 GMT+0100 (hora estándar de Europa central).
[22:23:15] [Info] Registering custom protocol safe-file
[22:23:15] [Info] Added DevTools extension:  Vue.js devtools
[22:23:15] [Warning] [Assets Provider] Found outdated filter links.lua; copying ...
[22:23:15] [Warning] [Assets Provider] Found outdated filter tags.lua; copying ...
[22:23:15] [Info] [Stats Provider] Writing statistics to file
[22:23:15] [Info] [Window Manager] Loading state information from /home/nisidabay/.config/Zettlr/window_state.json
[22:23:15] [Info] [Window Manager] Window Manager started.
[22:23:17] [Info] [Dictionary Provider] Loaded dictionaries: en-US, es-ES
[22:23:17] [Info] [Update Provider] Checking for application updates ...
[22:23:17] [Info] [Updater] Checking https://zettlr.com/api/releases/latest for updates ...
[22:23:17] [Info] [Update Provider] No new update available. Current version is v2.3.0.
[22:23:17] [Info] [FSAL] Loaded all files and workspaces in 0.01470192700624466 seconds
[22:23:17] [Error] [Document Manager] Boot: Could not load file Python Concurrency Learning Paths.md: Error reading file Python Concurrency Learning Paths.md | Native Error: Error; Error reading file Python Concurrency Learning Paths.md Stack Trace: Error: Error reading file Python Concurrency Learning Paths.md
[22:23:17] [Info] [Document Manager] Restored 1 open documents.
[22:23:17] [Info] [Translation Provider] Updating translations for Sueco ...
[22:23:17] [Info] [Translation Provider] Downloading sv-SV ...
[22:23:17] [Error] Could not update language: Response code 404 (Not Found) | Native Error: HTTPError; Response code 404 (Not Found) Stack Trace: HTTPError: Response code 404 (Not Found) -->     at ke.<anonymous> (/usr/lib/zettlr/app.asar/.webpack/main/index.js:2:1832475) -->     at Object.onceWrapper (node:events:510:26) -->     at ke.emit (node:events:402:35) -->     at ke._onResponseBase (/usr/lib/zettlr/app.asar/.webpack/main/index.js:2:1823354) -->     at processTicksAndRejections (node:internal/process/task_queues:96:5) -->     at async ke._onResponse (/usr/lib/zettlr/app.asar/.webpack/main/index.js:2:1823768)
[22:23:22] [Info] [Config Provider] Writing configuration file to /home/nisidabay/.config/Zettlr/config.json...
[22:23:30] [Info] さようなら！ Shutting down at Sun Dec 11 2022 22:23:30 GMT+0100 (hora estándar de Europa central)
[22:23:30] [Info] Application uptime was: 0 minutes, and 15.388 seconds.
[22:23:31] [Info] [FSAL Cache] Cleaned up cache: Removed 0 remnants.
[22:23:31] [Info] [Stats Provider] Writing statistics to file
[22:23:31] [Info] [Config Provider] Writing configuration file to /home/nisidabay/.config/Zettlr/config.json...
[22:23:40] [Info] [Citeproc Provider] Loading CSL locale file at /usr/lib/zettlr/app.asar/.webpack/main/assets/csl-locales/locales-es-ES.xml ...
[22:23:40] [Info] こんにちは！ Booting Zettlr at Sun Dec 11 2022 22:23:40 GMT+0100 (hora estándar de Europa central).
[22:23:40] [Info] Registering custom protocol safe-file
[22:23:40] [Info] Added DevTools extension:  Vue.js devtools
[22:23:40] [Warning] [Assets Provider] Found outdated filter links.lua; copying ...
[22:23:40] [Warning] [Assets Provider] Found outdated filter tags.lua; copying ...
[22:23:40] [Info] [Stats Provider] Writing statistics to file
[22:23:40] [Info] [Window Manager] Loading state information from /home/nisidabay/.config/Zettlr/window_state.json
[22:23:40] [Info] [Window Manager] Window Manager started.
[22:23:41] [Info] [Dictionary Provider] Loaded dictionaries: en-US, es-ES
[22:23:41] [Info] [Update Provider] Checking for application updates ...
[22:23:41] [Info] [Updater] Checking https://zettlr.com/api/releases/latest for updates ...
[22:23:42] [Info] [Update Provider] No new update available. Current version is v2.3.0.
[22:23:42] [Info] [FSAL] Loaded all files and workspaces in 0.021737803012132646 seconds
[22:23:42] [Info] [Document Manager] Restored 2 open documents.
[22:23:42] [Info] [Translation Provider] Updating translations for Sueco ...
[22:23:42] [Info] [Translation Provider] Downloading sv-SV ...
[22:23:42] [Error] Could not update language: Response code 404 (Not Found) | Native Error: HTTPError; Response code 404 (Not Found) Stack Trace: HTTPError: Response code 404 (Not Found) -->     at ke.<anonymous> (/usr/lib/zettlr/app.asar/.webpack/main/index.js:2:1832475) -->     at Object.onceWrapper (node:events:510:26) -->     at ke.emit (node:events:402:35) -->     at ke._onResponseBase (/usr/lib/zettlr/app.asar/.webpack/main/index.js:2:1823354) -->     at processTicksAndRejections (node:internal/process/task_queues:96:5) -->     at async ke._onResponse (/usr/lib/zettlr/app.asar/.webpack/main/index.js:2:1823768)
[22:23:47] [Info] [Config Provider] Writing configuration file to /home/nisidabay/.config/Zettlr/config.json...
[22:23:50] [Info] さようなら！ Shutting down at Sun Dec 11 2022 22:23:50 GMT+0100 (hora estándar de Europa central)
[22:23:50] [Info] Application uptime was: 0 minutes, and 10.473 seconds.
[22:23:50] [Info] [FSAL Cache] Cleaned up cache: Removed 0 remnants.
[22:23:50] [Info] [Stats Provider] Writing statistics to file
[22:23:50] [Info] [Config Provider] Writing configuration file to /home/nisidabay/.config/Zettlr/config.json...
[22:24:07] [Info] [Citeproc Provider] Loading CSL locale file at /usr/lib/zettlr/app.asar/.webpack/main/assets/csl-locales/locales-es-ES.xml ...
[22:24:07] [Info] こんにちは！ Booting Zettlr at Sun Dec 11 2022 22:24:07 GMT+0100 (hora estándar de Europa central).
[22:24:07] [Info] Registering custom protocol safe-file
[22:24:07] [Info] Added DevTools extension:  Vue.js devtools
[22:24:07] [Warning] [Assets Provider] Found outdated filter links.lua; copying ...
[22:24:07] [Warning] [Assets Provider] Found outdated filter tags.lua; copying ...
[22:24:07] [Info] [Stats Provider] Writing statistics to file
[22:24:07] [Info] [Window Manager] Loading state information from /home/nisidabay/.config/Zettlr/window_state.json
[22:24:07] [Info] [Window Manager] Window Manager started.
[22:24:09] [Info] [Dictionary Provider] Loaded dictionaries: en-US, es-ES
[22:24:09] [Info] [Update Provider] Checking for application updates ...
[22:24:09] [Info] [Updater] Checking https://zettlr.com/api/releases/latest for updates ...
[22:24:10] [Info] [Update Provider] No new update available. Current version is v2.3.0.
[22:24:10] [Info] [FSAL] Loaded all files and workspaces in 0.02778856697678566 seconds
[22:24:10] [Error] [Document Manager] Boot: Could not load file Python Threading The Complete Guide.md: Error reading file Python Threading The Complete Guide.md | Native Error: Error; Error reading file Python Threading The Complete Guide.md Stack Trace: Error: Error reading file Python Threading The Complete Guide.md
[22:24:10] [Error] [Document Manager] Boot: Could not load file Python Timer Functions Three Ways to Monitor Your Code – Real Python.md: Error reading file Python Timer Functions Three Ways to Monitor Your Code – Real Python.md | Native Error: Error; Error reading file Python Timer Functions Three Ways to Monitor Your Code – Real Python.md Stack Trace: Error: Error reading file Python Timer Functions Three Ways to Monitor Your Code – Real Python.md
[22:24:10] [Info] [Document Manager] Restored 1 open documents.
[22:24:11] [Info] [Translation Provider] Updating translations for Sueco ...
[22:24:11] [Info] [Translation Provider] Downloading sv-SV ...
[22:24:12] [Error] Could not update language: Response code 404 (Not Found) | Native Error: HTTPError; Response code 404 (Not Found) Stack Trace: HTTPError: Response code 404 (Not Found) -->     at ke.<anonymous> (/usr/lib/zettlr/app.asar/.webpack/main/index.js:2:1832475) -->     at Object.onceWrapper (node:events:510:26) -->     at ke.emit (node:events:402:35) -->     at ke._onResponseBase (/usr/lib/zettlr/app.asar/.webpack/main/index.js:2:1823354) -->     at processTicksAndRejections (node:internal/process/task_queues:96:5) -->     at async ke._onResponse (/usr/lib/zettlr/app.asar/.webpack/main/index.js:2:1823768)
[22:24:15] [Info] [Config Provider] Writing configuration file to /home/nisidabay/.config/Zettlr/config.json...
[22:24:18] [Info] さようなら！ Shutting down at Sun Dec 11 2022 22:24:18 GMT+0100 (hora estándar de Europa central)
[22:24:18] [Info] Application uptime was: 0 minutes, and 11.90 seconds.
[22:24:18] [Info] [FSAL Cache] Cleaned up cache: Removed 1 remnants.
[22:24:18] [Info] [Stats Provider] Writing statistics to file
[22:24:18] [Info] [Config Provider] Writing configuration file to /home/nisidabay/.config/Zettlr/config.json...
[22:24:32] [Info] [Citeproc Provider] Loading CSL locale file at /usr/lib/zettlr/app.asar/.webpack/main/assets/csl-locales/locales-es-ES.xml ...
[22:24:32] [Info] こんにちは！ Booting Zettlr at Sun Dec 11 2022 22:24:32 GMT+0100 (hora estándar de Europa central).
[22:24:32] [Info] Registering custom protocol safe-file
[22:24:32] [Info] Added DevTools extension:  Vue.js devtools
[22:24:32] [Warning] [Assets Provider] Found outdated filter links.lua; copying ...
[22:24:32] [Warning] [Assets Provider] Found outdated filter tags.lua; copying ...
[22:24:32] [Info] [Stats Provider] Writing statistics to file
[22:24:32] [Info] [Window Manager] Loading state information from /home/nisidabay/.config/Zettlr/window_state.json
[22:24:32] [Info] [Window Manager] Window Manager started.
[22:24:33] [Info] [Dictionary Provider] Loaded dictionaries: en-US, es-ES
[22:24:33] [Info] [Update Provider] Checking for application updates ...
[22:24:33] [Info] [Updater] Checking https://zettlr.com/api/releases/latest for updates ...
[22:24:34] [Info] [Update Provider] No new update available. Current version is v2.3.0.
[22:24:34] [Info] [FSAL] Loaded all files and workspaces in 0.042847734987735746 seconds
[22:24:34] [Error] [Document Manager] Boot: Could not load file Python Timer Functions Three Ways to Monitor Your Code.md: Error reading file Python Timer Functions Three Ways to Monitor Your Code.md | Native Error: Error; Error reading file Python Timer Functions Three Ways to Monitor Your Code.md Stack Trace: Error: Error reading file Python Timer Functions Three Ways to Monitor Your Code.md
[22:24:34] [Info] [Document Manager] Restored 1 open documents.
[22:24:34] [Info] [Translation Provider] Updating translations for Sueco ...
[22:24:34] [Info] [Translation Provider] Downloading sv-SV ...
[22:24:36] [Error] Could not update language: Response code 404 (Not Found) | Native Error: HTTPError; Response code 404 (Not Found) Stack Trace: HTTPError: Response code 404 (Not Found) -->     at ke.<anonymous> (/usr/lib/zettlr/app.asar/.webpack/main/index.js:2:1832475) -->     at Object.onceWrapper (node:events:510:26) -->     at ke.emit (node:events:402:35) -->     at ke._onResponseBase (/usr/lib/zettlr/app.asar/.webpack/main/index.js:2:1823354) -->     at processTicksAndRejections (node:internal/process/task_queues:96:5) -->     at async ke._onResponse (/usr/lib/zettlr/app.asar/.webpack/main/index.js:2:1823768)
[22:24:39] [Info] [Config Provider] Writing configuration file to /home/nisidabay/.config/Zettlr/config.json...
[22:24:41] [Info] さようなら！ Shutting down at Sun Dec 11 2022 22:24:41 GMT+0100 (hora estándar de Europa central)
[22:24:41] [Info] Application uptime was: 0 minutes, and 9.97 seconds.
[22:24:41] [Info] [FSAL Cache] Cleaned up cache: Removed 1 remnants.
[22:24:41] [Info] [Stats Provider] Writing statistics to file
[22:24:41] [Info] [Config Provider] Writing configuration file to /home/nisidabay/.config/Zettlr/config.json...
[22:25:24] [Info] [Citeproc Provider] Loading CSL locale file at /usr/lib/zettlr/app.asar/.webpack/main/assets/csl-locales/locales-es-ES.xml ...
[22:25:24] [Info] こんにちは！ Booting Zettlr at Sun Dec 11 2022 22:25:24 GMT+0100 (hora estándar de Europa central).
[22:25:24] [Info] Registering custom protocol safe-file
[22:25:24] [Info] Added DevTools extension:  Vue.js devtools
[22:25:24] [Warning] [Assets Provider] Found outdated filter links.lua; copying ...
[22:25:24] [Warning] [Assets Provider] Found outdated filter tags.lua; copying ...
[22:25:24] [Info] [Stats Provider] Writing statistics to file
[22:25:24] [Info] [Window Manager] Loading state information from /home/nisidabay/.config/Zettlr/window_state.json
[22:25:24] [Info] [Window Manager] Window Manager started.
[22:25:25] [Info] [Dictionary Provider] Loaded dictionaries: en-US, es-ES
[22:25:25] [Info] [Update Provider] Checking for application updates ...
[22:25:25] [Info] [Updater] Checking https://zettlr.com/api/releases/latest for updates ...
[22:25:26] [Info] [Translation Provider] Updating translations for Sueco ...
[22:25:26] [Info] [Translation Provider] Downloading sv-SV ...
[22:25:27] [Info] [Update Provider] No new update available. Current version is v2.3.0.
[22:25:27] [Info] [FSAL] Loaded all files and workspaces in 0.014410970002412796 seconds
[22:25:27] [Error] [Document Manager] Boot: Could not load file Python strftime reference cheatsheet.md: Error reading file Python strftime reference cheatsheet.md | Native Error: Error; Error reading file Python strftime reference cheatsheet.md Stack Trace: Error: Error reading file Python strftime reference cheatsheet.md
[22:25:27] [Info] [Document Manager] Restored 1 open documents.
[22:25:27] [Warning] [R] [Main Window] FSAL event had an outdated timestamp -- skipping add /home/nisidabay/Documents/Zettlr Tutorial 3 (index.js:2)
[22:25:28] [Warning] [R] [Main Window] FSAL event had an outdated timestamp -- skipping add ctrlp.vim ÷ home.md 4 (index.js:2)
[22:25:28] [Warning] [R] [Main Window] FSAL event had an outdated timestamp -- skipping add ctrlp.vim ÷ home.md 4 (index.js:2)
[22:25:32] [Error] Could not update language: Response code 404 (Not Found) | Native Error: HTTPError; Response code 404 (Not Found) Stack Trace: HTTPError: Response code 404 (Not Found) -->     at ke.<anonymous> (/usr/lib/zettlr/app.asar/.webpack/main/index.js:2:1832475) -->     at Object.onceWrapper (node:events:510:26) -->     at ke.emit (node:events:402:35) -->     at ke._onResponseBase (/usr/lib/zettlr/app.asar/.webpack/main/index.js:2:1823354) -->     at processTicksAndRejections (node:internal/process/task_queues:96:5) -->     at async ke._onResponse (/usr/lib/zettlr/app.asar/.webpack/main/index.js:2:1823768)
[22:25:32] [Info] [Config Provider] Writing configuration file to /home/nisidabay/.config/Zettlr/config.json...
[22:25:51] [Info] さようなら！ Shutting down at Sun Dec 11 2022 22:25:51 GMT+0100 (hora estándar de Europa central)
[22:25:51] [Info] Application uptime was: 0 minutes, and 27.958 seconds.
[22:25:51] [Info] [FSAL Cache] Cleaned up cache: Removed 1 remnants.
[22:25:51] [Info] [Stats Provider] Writing statistics to file
[22:25:51] [Info] [Config Provider] Writing configuration file to /home/nisidabay/.config/Zettlr/config.json...
