[10:29:49] [Info] [Citeproc Provider] Loading CSL locale file at /usr/lib/zettlr/app.asar/.webpack/main/assets/csl-locales/locales-es-ES.xml ...
[10:29:49] [Info] こんにちは！ Booting Zettlr at Sat Dec 03 2022 10:29:49 GMT+0100 (hora estándar de Europa central).
[10:29:49] [Info] Registering custom protocol safe-file
[10:29:49] [Info] Added DevTools extension:  Vue.js devtools
[10:29:49] [Warning] [Assets Provider] Found outdated filter links.lua; copying ...
[10:29:49] [Warning] [Assets Provider] Found outdated filter tags.lua; copying ...
[10:29:49] [Info] [Stats Provider] Writing statistics to file
[10:29:49] [Info] [Window Manager] Loading state information from /home/nisidabay/.config/Zettlr/window_state.json
[10:29:49] [Info] [Window Manager] Window Manager started.
[10:29:50] [Info] [Dictionary Provider] Loaded dictionaries: en-US, es-ES
[10:29:50] [Info] [Update Provider] Checking for application updates ...
[10:29:50] [Info] [Updater] Checking https://zettlr.com/api/releases/latest for updates ...
[10:29:50] [Info] [Update Provider] No new update available. Current version is v2.3.0.
[10:29:50] [Info] [FSAL] Loaded all files and workspaces in 0.029074068993330003 seconds
[10:29:50] [Info] [Document Manager] Restored 2 open documents.
[10:29:50] [Info] [Translation Provider] Updating translations for Húngaro, Sueco ...
[10:29:50] [Info] [Translation Provider] Downloading hu-HU ...
[10:29:50] [Info] [Translation Provider] Downloading sv-SV ...
[10:29:51] [Error] Could not update language: Response code 404 (Not Found) | Native Error: HTTPError; Response code 404 (Not Found) Stack Trace: HTTPError: Response code 404 (Not Found) -->     at ke.<anonymous> (/usr/lib/zettlr/app.asar/.webpack/main/index.js:2:1832475) -->     at Object.onceWrapper (node:events:510:26) -->     at ke.emit (node:events:402:35) -->     at ke._onResponseBase (/usr/lib/zettlr/app.asar/.webpack/main/index.js:2:1823354) -->     at processTicksAndRejections (node:internal/process/task_queues:96:5) -->     at async ke._onResponse (/usr/lib/zettlr/app.asar/.webpack/main/index.js:2:1823768)
[10:29:51] [Info] [Translation Provider] Success: hu-HU updated.
[10:29:55] [Info] [Config Provider] Writing configuration file to /home/nisidabay/.config/Zettlr/config.json...
[10:30:36] [Info] [Config Provider] Writing configuration file to /home/nisidabay/.config/Zettlr/config.json...
[10:30:58] [Info] [Config Provider] Writing configuration file to /home/nisidabay/.config/Zettlr/config.json...
[10:31:00] [Info] [WATCHDOG] Emitting event: unlink:/home/nisidabay/Downloads/Documents/Modulos_estandard.md
[19:33:17] [Info] [Application] A second instance has been opened.
[19:33:35] [Info] さようなら！ Shutting down at Sat Dec 03 2022 19:33:35 GMT+0100 (hora estándar de Europa central)
[19:33:35] [Info] Application uptime was: 9 hours, 3 minutes, and 46.651 seconds.
[19:33:35] [Info] [FSAL Cache] Cleaned up cache: Removed 0 remnants.
[19:33:35] [Info] [Stats Provider] Writing statistics to file
[19:33:35] [Info] [Config Provider] Writing configuration file to /home/nisidabay/.config/Zettlr/config.json...
[19:59:29] [Info] [Citeproc Provider] Loading CSL locale file at /usr/lib/zettlr/app.asar/.webpack/main/assets/csl-locales/locales-es-ES.xml ...
[19:59:29] [Info] こんにちは！ Booting Zettlr at Sat Dec 03 2022 19:59:29 GMT+0100 (hora estándar de Europa central).
[19:59:29] [Info] Registering custom protocol safe-file
[19:59:29] [Info] Added DevTools extension:  Vue.js devtools
[19:59:29] [Warning] [Assets Provider] Found outdated filter links.lua; copying ...
[19:59:29] [Warning] [Assets Provider] Found outdated filter tags.lua; copying ...
[19:59:29] [Info] [Stats Provider] Writing statistics to file
[19:59:29] [Info] [Window Manager] Loading state information from /home/nisidabay/.config/Zettlr/window_state.json
[19:59:29] [Info] [Window Manager] Window Manager started.
[19:59:30] [Info] [Dictionary Provider] Loaded dictionaries: en-US, es-ES
[19:59:30] [Info] [Update Provider] Checking for application updates ...
[19:59:30] [Info] [Updater] Checking https://zettlr.com/api/releases/latest for updates ...
[19:59:31] [Info] [Update Provider] No new update available. Current version is v2.3.0.
[19:59:31] [Info] [FSAL] Loaded all files and workspaces in 0.02644921499490738 seconds
[19:59:31] [Info] [Document Manager] Restored 0 open documents.
[19:59:31] [Info] [Translation Provider] Updating translations for Sueco ...
[19:59:31] [Info] [Translation Provider] Downloading sv-SV ...
[19:59:31] [Error] Could not update language: Response code 404 (Not Found) | Native Error: HTTPError; Response code 404 (Not Found) Stack Trace: HTTPError: Response code 404 (Not Found) -->     at ke.<anonymous> (/usr/lib/zettlr/app.asar/.webpack/main/index.js:2:1832475) -->     at Object.onceWrapper (node:events:510:26) -->     at ke.emit (node:events:402:35) -->     at ke._onResponseBase (/usr/lib/zettlr/app.asar/.webpack/main/index.js:2:1823354) -->     at processTicksAndRejections (node:internal/process/task_queues:96:5) -->     at async ke._onResponse (/usr/lib/zettlr/app.asar/.webpack/main/index.js:2:1823768)
[19:59:36] [Info] [Config Provider] Writing configuration file to /home/nisidabay/.config/Zettlr/config.json...
[19:59:59] [Info] Saving file Tips for debugging with print() - Adam Johnson.md...
[19:59:59] [Info] [WATCHDOG] Emitting event: change:/home/nisidabay/Downloads/Tips for debugging with print() - Adam Johnson.md
[19:59:59] [Info] [Stats Provider] Writing statistics to file
[19:59:59] [Info] File Tips for debugging with print() - Adam Johnson.md saved.
[20:00:37] [Info] [R] [Main Window] Setting cursor! (index.js:2)
[20:00:43] [Info] さようなら！ Shutting down at Sat Dec 03 2022 20:00:43 GMT+0100 (hora estándar de Europa central)
[20:00:43] [Info] Application uptime was: 1 minutes, and 14.341 seconds.
[20:00:43] [Info] [FSAL Cache] Cleaned up cache: Removed 0 remnants.
[20:00:43] [Info] [Stats Provider] Writing statistics to file
[20:00:43] [Info] [Config Provider] Writing configuration file to /home/nisidabay/.config/Zettlr/config.json...
