[00:44:01] [Info] [Config Provider] No configuration file found - using defaults.
[00:44:01] [Warning] [FSAL Cache] Cache data dir does not yet exist: /home/nisidabay/.config/Zettlr/fsal/cache.
[00:44:01] [Info] [Citeproc Provider] Loading CSL locale file at /usr/lib/zettlr/app.asar/.webpack/main/assets/csl-locales/locales-es-ES.xml ...
[00:44:01] [Info] こんにちは！ Booting Zettlr at Wed Nov 30 2022 00:44:01 GMT+0100 (hora estándar de Europa central).
[00:44:01] [Info] Registering custom protocol safe-file
[00:44:01] [Warning] [Assets Provider] Required defaults file export.docx.yaml not found. Copying ...
[00:44:01] [Warning] [Assets Provider] Required defaults file export.html.yaml not found. Copying ...
[00:44:01] [Warning] [Assets Provider] Required defaults file export.icml.yaml not found. Copying ...
[00:44:01] [Warning] [Assets Provider] Required defaults file export.latex.yaml not found. Copying ...
[00:44:01] [Warning] [Assets Provider] Required defaults file export.markdown.yaml not found. Copying ...
[00:44:01] [Warning] [Assets Provider] Required defaults file export.odt.yaml not found. Copying ...
[00:44:01] [Warning] [Assets Provider] Required defaults file export.org.yaml not found. Copying ...
[00:44:01] [Warning] [Assets Provider] Required defaults file export.pdf.yaml not found. Copying ...
[00:44:01] [Warning] [Assets Provider] Required defaults file export.plain.yaml not found. Copying ...
[00:44:01] [Warning] [Assets Provider] Required defaults file export.revealjs.yaml not found. Copying ...
[00:44:01] [Warning] [Assets Provider] Required defaults file export.rst.yaml not found. Copying ...
[00:44:01] [Warning] [Assets Provider] Required defaults file export.rtf.yaml not found. Copying ...
[00:44:01] [Warning] [Assets Provider] Required defaults file import.docbook.yaml not found. Copying ...
[00:44:01] [Warning] [Assets Provider] Required defaults file import.docx.yaml not found. Copying ...
[00:44:01] [Warning] [Assets Provider] Required defaults file import.epub.yaml not found. Copying ...
[00:44:01] [Warning] [Assets Provider] Required defaults file import.haddock.yaml not found. Copying ...
[00:44:01] [Warning] [Assets Provider] Required defaults file import.html.yaml not found. Copying ...
[00:44:01] [Warning] [Assets Provider] Required defaults file import.latex.yaml not found. Copying ...
[00:44:01] [Warning] [Assets Provider] Required defaults file import.muse.yaml not found. Copying ...
[00:44:01] [Warning] [Assets Provider] Required defaults file import.odt.yaml not found. Copying ...
[00:44:01] [Warning] [Assets Provider] Required defaults file import.opml.yaml not found. Copying ...
[00:44:01] [Warning] [Assets Provider] Required defaults file import.org.yaml not found. Copying ...
[00:44:01] [Warning] [Assets Provider] Required defaults file import.rst.yaml not found. Copying ...
[00:44:01] [Warning] [Assets Provider] Required defaults file import.t2t.yaml not found. Copying ...
[00:44:01] [Warning] [Assets Provider] Required defaults file import.textile.yaml not found. Copying ...
[00:44:01] [Warning] [Assets Provider] Required defaults file import.vimwiki.yaml not found. Copying ...
[00:44:01] [Warning] [Assets Provider] Required filter links.lua not found. Copying ...
[00:44:01] [Warning] [Assets Provider] Required filter tags.lua not found. Copying ...
[00:44:01] [Info] [Stats Provider] Writing statistics to file
[00:44:01] [Info] [Window Manager] No window state information found.
[00:44:01] [Info] [Window Manager] Window Manager started.
[00:44:01] [Info] [Update Provider] Checking for application updates ...
[00:44:01] [Info] [Updater] Checking https://zettlr.com/api/releases/latest for updates ...
[00:44:02] [Info] [Translation Provider] Updating translations for Catalán (Cataluña), Checo (República Checa), Alemán (Alemania), Inglés (Reino Unido), Inglés (Estados Unidos), Español (España), Finalizar, Francés (Francia), Húngaro, Indonesio, Japonés, Holandés (Países Bajos), Portugués (Brasil), Portugués (Portugal), Sueco, Chino (China) ...
[00:44:02] [Info] [Translation Provider] Downloading ca-CA ...
[00:44:02] [Info] [Translation Provider] Downloading cs-CZ ...
[00:44:02] [Info] [Translation Provider] Downloading de-DE ...
[00:44:02] [Info] [Translation Provider] Downloading en-GB ...
[00:44:02] [Info] [Translation Provider] Downloading en-US ...
[00:44:02] [Info] [Translation Provider] Downloading es-ES ...
[00:44:02] [Info] [Translation Provider] Downloading fi-FI ...
[00:44:02] [Info] [Translation Provider] Downloading fr-FR ...
[00:44:02] [Info] [Translation Provider] Downloading hu-HU ...
[00:44:02] [Info] [Translation Provider] Downloading id-ID ...
[00:44:02] [Info] [Translation Provider] Downloading ja-JP ...
[00:44:02] [Info] [Translation Provider] Downloading nl-NL ...
[00:44:02] [Info] [Translation Provider] Downloading pt-BR ...
[00:44:02] [Info] [Translation Provider] Downloading pt-PT ...
[00:44:02] [Info] [Translation Provider] Downloading sv-SV ...
[00:44:02] [Info] [Translation Provider] Downloading zh-CN ...
[00:44:02] [Info] [Update Provider] No new update available. Current version is v2.3.0.
[00:44:02] [Info] Clearing the FSAL cache ...
[00:44:02] [Info] [FSAL] Loaded all files and workspaces in 0.00001138400100171566 seconds
[00:44:02] [Info] [FSAL Cache] Cache cleared!
[00:44:02] [Info] [Document Manager] Restored 0 open documents.
[00:44:02] [Info] [First Start] Copying over the interactive tutorial!
[00:44:02] [Info] Successfully copied the tutorial files | Details: LaTeX Guide.md, LaTeX Guide.pdf, citing.md, references.json, welcome.md, zettelkasten.md, zettlr.png
[00:44:03] [Error] Could not update language: Response code 404 (Not Found) | Native Error: HTTPError; Response code 404 (Not Found) Stack Trace: HTTPError: Response code 404 (Not Found) -->     at ke.<anonymous> (/usr/lib/zettlr/app.asar/.webpack/main/index.js:2:1832475) -->     at Object.onceWrapper (node:events:510:26) -->     at ke.emit (node:events:402:35) -->     at ke._onResponseBase (/usr/lib/zettlr/app.asar/.webpack/main/index.js:2:1823354) -->     at processTicksAndRejections (node:internal/process/task_queues:96:5) -->     at async ke._onResponse (/usr/lib/zettlr/app.asar/.webpack/main/index.js:2:1823768)
[00:44:04] [Info] Added DevTools extension:  Vue.js devtools
[00:44:06] [Info] [Translation Provider] Success: hu-HU updated.
[00:44:06] [Info] [Translation Provider] Success: en-GB updated.
[00:44:06] [Info] [Translation Provider] Success: ca-CA updated.
[00:44:06] [Info] [Translation Provider] Success: de-DE updated.
[00:44:06] [Info] [Translation Provider] Success: cs-CZ updated.
[00:44:06] [Info] [Translation Provider] Success: pt-BR updated.
[00:44:06] [Info] [Translation Provider] Success: nl-NL updated.
[00:44:06] [Info] [Translation Provider] Success: fi-FI updated.
[00:44:06] [Info] [Translation Provider] Success: id-ID updated.
[00:44:06] [Info] [Translation Provider] Success: es-ES updated.
[00:44:06] [Info] [Translation Provider] Success: fr-FR updated.
[00:44:06] [Info] [Translation Provider] Success: en-US updated.
[00:44:06] [Info] [Translation Provider] Success: pt-PT updated.
[00:44:07] [Info] [Translation Provider] Success: ja-JP updated.
[00:44:07] [Info] [Translation Provider] Success: zh-CN updated.
[00:44:07] [Info] [Config Provider] Writing configuration file to /home/nisidabay/.config/Zettlr/config.json...
[00:52:37] [Info] [Config Provider] Writing configuration file to /home/nisidabay/.config/Zettlr/config.json...
[00:54:16] [Info] [Config Provider] Writing configuration file to /home/nisidabay/.config/Zettlr/config.json...
[00:55:04] [Info] [Config Provider] Writing configuration file to /home/nisidabay/.config/Zettlr/config.json...
[00:56:05] [Info] [Config Provider] Writing configuration file to /home/nisidabay/.config/Zettlr/config.json...
[01:00:11] [Info] [Application] A second instance has been opened.
[01:00:45] [Info] [R] [Main Window] Setting cursor! (index.js:2)
[01:00:47] [Info] [Config Provider] Writing configuration file to /home/nisidabay/.config/Zettlr/config.json...
[01:01:17] [Info] [Config Provider] Writing configuration file to /home/nisidabay/.config/Zettlr/config.json...
[01:02:28] [Info] Saving file Tips for debugging with print() - Adam Johnson.md...
[01:02:28] [Info] [WATCHDOG] Emitting event: change:/home/nisidabay/Downloads/Tips for debugging with print() - Adam Johnson.md
[01:02:28] [Info] [Stats Provider] Writing statistics to file
[01:02:28] [Info] File Tips for debugging with print() - Adam Johnson.md saved.
[01:02:39] [Info] Saving file Tips for debugging with print() - Adam Johnson.md...
[01:02:39] [Info] [WATCHDOG] Emitting event: change:/home/nisidabay/Downloads/Tips for debugging with print() - Adam Johnson.md
[01:02:39] [Info] [Stats Provider] Writing statistics to file
[01:02:39] [Info] File Tips for debugging with print() - Adam Johnson.md saved.
[01:03:15] [Info] Saving file Tips for debugging with print() - Adam Johnson.md...
[01:03:15] [Info] [WATCHDOG] Emitting event: change:/home/nisidabay/Downloads/Tips for debugging with print() - Adam Johnson.md
[01:03:15] [Info] [Stats Provider] Writing statistics to file
[01:03:15] [Info] File Tips for debugging with print() - Adam Johnson.md saved.
[01:03:20] [Info] Saving file Tips for debugging with print() - Adam Johnson.md...
[01:03:20] [Info] [WATCHDOG] Emitting event: change:/home/nisidabay/Downloads/Tips for debugging with print() - Adam Johnson.md
[01:03:20] [Info] [Stats Provider] Writing statistics to file
[01:03:20] [Info] File Tips for debugging with print() - Adam Johnson.md saved.
[01:03:37] [Info] [R] [Main Window] Setting cursor! (index.js:2)
[01:03:40] [Info] [R] [Main Window] Setting cursor! (index.js:2)
[01:04:11] [Info] [Application] A second instance has been opened.
[01:04:26] [Info] [Config Provider] Writing configuration file to /home/nisidabay/.config/Zettlr/config.json...
[01:04:36] [Info] [Application] A second instance has been opened.
[01:15:44] [Info] [Config Provider] Writing configuration file to /home/nisidabay/.config/Zettlr/config.json...
[01:16:25] [Info] [Dictionary Provider] Loaded dictionaries: es-ES
[01:16:25] [Info] [Dictionary Provider] Loaded dictionaries: 
[01:16:30] [Info] [Config Provider] Writing configuration file to /home/nisidabay/.config/Zettlr/config.json...
[01:16:38] [Info] [Dictionary Provider] Loaded dictionaries: en-GB
[01:16:38] [Info] [Dictionary Provider] Loaded dictionaries: 
[01:16:38] [Info] [Dictionary Provider] Loaded dictionaries: en-GB
[01:16:40] [Info] [Dictionary Provider] Loaded dictionaries: en-GB, es-ES
[01:16:41] [Info] [Dictionary Provider] Loaded dictionaries: en-GB
[01:16:43] [Info] [Dictionary Provider] Loaded dictionaries: en-GB, es-ES
[01:16:43] [Info] [Dictionary Provider] Loaded dictionaries: en-GB
[01:16:45] [Info] [Dictionary Provider] Loaded dictionaries: en-GB, es-ES
[01:16:48] [Info] [Dictionary Provider] Loaded dictionaries: es-ES
[01:16:49] [Info] [Dictionary Provider] Loaded dictionaries: es-ES, en-US
[01:16:54] [Info] [Config Provider] Writing configuration file to /home/nisidabay/.config/Zettlr/config.json...
[01:17:20] [Info] [Config Provider] Writing configuration file to /home/nisidabay/.config/Zettlr/config.json...
[01:25:35] [Info] さようなら！ Shutting down at Wed Nov 30 2022 01:25:35 GMT+0100 (hora estándar de Europa central)
[01:25:35] [Info] Application uptime was: 41 minutes, and 33.878 seconds.
[01:25:35] [Info] [FSAL Cache] Cleaned up cache: Removed 0 remnants.
[01:25:35] [Info] [Stats Provider] Writing statistics to file
[01:25:35] [Info] [Config Provider] Writing configuration file to /home/nisidabay/.config/Zettlr/config.json...
[23:40:24] [Info] [Citeproc Provider] Loading CSL locale file at /usr/lib/zettlr/app.asar/.webpack/main/assets/csl-locales/locales-es-ES.xml ...
[23:40:24] [Info] こんにちは！ Booting Zettlr at Wed Nov 30 2022 23:40:24 GMT+0100 (hora estándar de Europa central).
[23:40:24] [Info] Registering custom protocol safe-file
[23:40:24] [Info] Added DevTools extension:  Vue.js devtools
[23:40:25] [Warning] [Assets Provider] Found outdated filter links.lua; copying ...
[23:40:25] [Warning] [Assets Provider] Found outdated filter tags.lua; copying ...
[23:40:25] [Info] [Stats Provider] Writing statistics to file
[23:40:25] [Info] [Window Manager] Loading state information from /home/nisidabay/.config/Zettlr/window_state.json
[23:40:25] [Info] [Window Manager] Window Manager started.
[23:40:25] [Info] [Update Provider] Checking for application updates ...
[23:40:25] [Info] [Updater] Checking https://zettlr.com/api/releases/latest for updates ...
[23:40:26] [Info] [Dictionary Provider] Loaded dictionaries: en-US, es-ES
[23:40:26] [Info] [Update Provider] No new update available. Current version is v2.3.0.
[23:40:26] [Info] [FSAL] Loaded all files and workspaces in 0.017891189999878408 seconds
[23:40:26] [Info] [Document Manager] Restored 0 open documents.
[23:40:26] [Info] [Translation Provider] Updating translations for Sueco ...
[23:40:26] [Info] [Translation Provider] Downloading sv-SV ...
[23:40:27] [Error] Could not update language: Response code 404 (Not Found) | Native Error: HTTPError; Response code 404 (Not Found) Stack Trace: HTTPError: Response code 404 (Not Found) -->     at ke.<anonymous> (/usr/lib/zettlr/app.asar/.webpack/main/index.js:2:1832475) -->     at Object.onceWrapper (node:events:510:26) -->     at ke.emit (node:events:402:35) -->     at ke._onResponseBase (/usr/lib/zettlr/app.asar/.webpack/main/index.js:2:1823354) -->     at processTicksAndRejections (node:internal/process/task_queues:96:5) -->     at async ke._onResponse (/usr/lib/zettlr/app.asar/.webpack/main/index.js:2:1823768)
[23:40:31] [Info] [Config Provider] Writing configuration file to /home/nisidabay/.config/Zettlr/config.json...
[23:41:09] [Info] [Config Provider] Writing configuration file to /home/nisidabay/.config/Zettlr/config.json...
[23:41:33] [Info] [Config Provider] Writing configuration file to /home/nisidabay/.config/Zettlr/config.json...
[23:41:45] [Info] [Config Provider] Writing configuration file to /home/nisidabay/.config/Zettlr/config.json...
[23:41:59] [Info] [R] [Main Window] Setting cursor! (index.js:2)
[23:43:56] [Info] Successfully exported file to /tmp/Tips for debugging with print() - Adam Johnson.pdf
[23:43:58] [Info] [Config Provider] Writing configuration file to /home/nisidabay/.config/Zettlr/config.json...
[23:58:47] [Info] [Config Provider] Writing configuration file to /home/nisidabay/.config/Zettlr/config.json...
[23:59:10] [Info] [Config Provider] Writing configuration file to /home/nisidabay/.config/Zettlr/config.json...
[23:59:11] [Info] Successfully exported file to /tmp/Python Threading The Complete Guide.pdf
