[00:00:04] [Info] [Config Provider] Writing configuration file to /home/nisidabay/.config/Zettlr/config.json...
[00:00:05] [Info] Successfully exported file to /tmp/Python Threading The Complete Guide.pdf
[00:04:12] [Info] [Config Provider] Writing configuration file to /home/nisidabay/.config/Zettlr/config.json...
[00:04:13] [Info] Successfully exported file to /tmp/Python Threading The Complete Guide.pdf
[00:07:48] [Info] さようなら！ Shutting down at Thu Dec 01 2022 00:07:48 GMT+0100 (hora estándar de Europa central)
[00:07:48] [Info] Application uptime was: 27 minutes, and 23.837 seconds.
[00:07:48] [Info] [FSAL Cache] Cleaned up cache: Removed 0 remnants.
[00:07:48] [Info] [Stats Provider] Writing statistics to file
[00:07:48] [Info] [Config Provider] Writing configuration file to /home/nisidabay/.config/Zettlr/config.json...
[00:50:02] [Info] [Citeproc Provider] Loading CSL locale file at /usr/lib/zettlr/app.asar/.webpack/main/assets/csl-locales/locales-es-ES.xml ...
[00:50:02] [Info] こんにちは！ Booting Zettlr at Thu Dec 01 2022 00:50:02 GMT+0100 (hora estándar de Europa central).
[00:50:02] [Info] Registering custom protocol safe-file
[00:50:02] [Info] Added DevTools extension:  Vue.js devtools
[00:50:02] [Warning] [Assets Provider] Found outdated filter links.lua; copying ...
[00:50:02] [Warning] [Assets Provider] Found outdated filter tags.lua; copying ...
[00:50:02] [Info] [Stats Provider] Writing statistics to file
[00:50:02] [Info] [Window Manager] Loading state information from /home/nisidabay/.config/Zettlr/window_state.json
[00:50:02] [Info] [Window Manager] Window Manager started.
[00:50:04] [Info] [Dictionary Provider] Loaded dictionaries: en-US, es-ES
[00:50:04] [Info] [Update Provider] Checking for application updates ...
[00:50:04] [Info] [Updater] Checking https://zettlr.com/api/releases/latest for updates ...
[00:50:04] [Info] [Update Provider] No new update available. Current version is v2.3.0.
[00:50:04] [Info] [FSAL] Loaded all files and workspaces in 0.012509784001857042 seconds
[00:50:04] [Info] [Document Manager] Restored 2 open documents.
[00:50:04] [Info] [Translation Provider] Updating translations for Sueco ...
[00:50:04] [Info] [Translation Provider] Downloading sv-SV ...
[00:50:04] [Error] Could not update language: Response code 404 (Not Found) | Native Error: HTTPError; Response code 404 (Not Found) Stack Trace: HTTPError: Response code 404 (Not Found) -->     at ke.<anonymous> (/usr/lib/zettlr/app.asar/.webpack/main/index.js:2:1832475) -->     at Object.onceWrapper (node:events:510:26) -->     at ke.emit (node:events:402:35) -->     at ke._onResponseBase (/usr/lib/zettlr/app.asar/.webpack/main/index.js:2:1823354) -->     at processTicksAndRejections (node:internal/process/task_queues:96:5) -->     at async ke._onResponse (/usr/lib/zettlr/app.asar/.webpack/main/index.js:2:1823768)
[00:50:09] [Info] [Config Provider] Writing configuration file to /home/nisidabay/.config/Zettlr/config.json...
[00:50:40] [Info] [Config Provider] Writing configuration file to /home/nisidabay/.config/Zettlr/config.json...
[00:50:51] [Info] [Config Provider] Writing configuration file to /home/nisidabay/.config/Zettlr/config.json...
[00:50:54] [Info] さようなら！ Shutting down at Thu Dec 01 2022 00:50:54 GMT+0100 (hora estándar de Europa central)
[00:50:54] [Info] Application uptime was: 0 minutes, and 51.882 seconds.
[00:50:54] [Info] [FSAL Cache] Cleaned up cache: Removed 0 remnants.
[00:50:54] [Info] [Stats Provider] Writing statistics to file
[00:50:54] [Info] [Config Provider] Writing configuration file to /home/nisidabay/.config/Zettlr/config.json...
[05:23:00] [Info] [Citeproc Provider] Loading CSL locale file at /usr/lib/zettlr/app.asar/.webpack/main/assets/csl-locales/locales-es-ES.xml ...
[05:23:00] [Info] こんにちは！ Booting Zettlr at Thu Dec 01 2022 05:23:00 GMT+0100 (hora estándar de Europa central).
[05:23:00] [Info] Registering custom protocol safe-file
[05:23:00] [Info] Added DevTools extension:  Vue.js devtools
[05:23:00] [Warning] [Assets Provider] Found outdated filter links.lua; copying ...
[05:23:00] [Warning] [Assets Provider] Found outdated filter tags.lua; copying ...
[05:23:00] [Info] [Stats Provider] Writing statistics to file
[05:23:00] [Info] [Window Manager] Loading state information from /home/nisidabay/.config/Zettlr/window_state.json
[05:23:00] [Info] [Window Manager] Window Manager started.
[05:23:01] [Info] [Dictionary Provider] Loaded dictionaries: en-US, es-ES
[05:23:01] [Info] [Update Provider] Checking for application updates ...
[05:23:01] [Info] [Updater] Checking https://zettlr.com/api/releases/latest for updates ...
[05:23:01] [Info] [Update Provider] No new update available. Current version is v2.3.0.
[05:23:01] [Info] [FSAL] Loaded all files and workspaces in 0.01294438099861145 seconds
[05:23:01] [Info] [Document Manager] Restored 1 open documents.
[05:23:01] [Info] [Translation Provider] Updating translations for Sueco ...
[05:23:01] [Info] [Translation Provider] Downloading sv-SV ...
[05:23:02] [Error] Could not update language: Response code 404 (Not Found) | Native Error: HTTPError; Response code 404 (Not Found) Stack Trace: HTTPError: Response code 404 (Not Found) -->     at ke.<anonymous> (/usr/lib/zettlr/app.asar/.webpack/main/index.js:2:1832475) -->     at Object.onceWrapper (node:events:510:26) -->     at ke.emit (node:events:402:35) -->     at ke._onResponseBase (/usr/lib/zettlr/app.asar/.webpack/main/index.js:2:1823354) -->     at processTicksAndRejections (node:internal/process/task_queues:96:5) -->     at async ke._onResponse (/usr/lib/zettlr/app.asar/.webpack/main/index.js:2:1823768)
[05:23:06] [Info] [Config Provider] Writing configuration file to /home/nisidabay/.config/Zettlr/config.json...
[05:23:15] [Info] さようなら！ Shutting down at Thu Dec 01 2022 05:23:15 GMT+0100 (hora estándar de Europa central)
[05:23:15] [Info] Application uptime was: 0 minutes, and 15.624 seconds.
[05:23:15] [Info] [FSAL Cache] Cleaned up cache: Removed 0 remnants.
[05:23:15] [Info] [Stats Provider] Writing statistics to file
[05:23:15] [Info] [Config Provider] Writing configuration file to /home/nisidabay/.config/Zettlr/config.json...
[05:24:49] [Info] [Citeproc Provider] Loading CSL locale file at /usr/lib/zettlr/app.asar/.webpack/main/assets/csl-locales/locales-es-ES.xml ...
[05:24:49] [Info] こんにちは！ Booting Zettlr at Thu Dec 01 2022 05:24:49 GMT+0100 (hora estándar de Europa central).
[05:24:49] [Info] Registering custom protocol safe-file
[05:24:49] [Info] Added DevTools extension:  Vue.js devtools
[05:24:49] [Warning] [Assets Provider] Found outdated filter links.lua; copying ...
[05:24:49] [Warning] [Assets Provider] Found outdated filter tags.lua; copying ...
[05:24:49] [Info] [Stats Provider] Writing statistics to file
[05:24:49] [Info] [Window Manager] Loading state information from /home/nisidabay/.config/Zettlr/window_state.json
[05:24:49] [Info] [Window Manager] Window Manager started.
[05:24:50] [Info] [Dictionary Provider] Loaded dictionaries: en-US, es-ES
[05:24:50] [Info] [Update Provider] Checking for application updates ...
[05:24:50] [Info] [Updater] Checking https://zettlr.com/api/releases/latest for updates ...
[05:24:50] [Info] [Update Provider] No new update available. Current version is v2.3.0.
[05:24:50] [Info] [FSAL] Loaded all files and workspaces in 0.03116048500686884 seconds
[05:24:50] [Info] [Document Manager] Restored 1 open documents.
[05:24:50] [Info] [Translation Provider] Updating translations for Sueco ...
[05:24:50] [Info] [Translation Provider] Downloading sv-SV ...
[05:24:51] [Error] Could not update language: Response code 404 (Not Found) | Native Error: HTTPError; Response code 404 (Not Found) Stack Trace: HTTPError: Response code 404 (Not Found) -->     at ke.<anonymous> (/usr/lib/zettlr/app.asar/.webpack/main/index.js:2:1832475) -->     at Object.onceWrapper (node:events:510:26) -->     at ke.emit (node:events:402:35) -->     at ke._onResponseBase (/usr/lib/zettlr/app.asar/.webpack/main/index.js:2:1823354) -->     at processTicksAndRejections (node:internal/process/task_queues:96:5) -->     at async ke._onResponse (/usr/lib/zettlr/app.asar/.webpack/main/index.js:2:1823768)
[05:24:55] [Info] [Config Provider] Writing configuration file to /home/nisidabay/.config/Zettlr/config.json...
[05:25:04] [Info] さようなら！ Shutting down at Thu Dec 01 2022 05:25:04 GMT+0100 (hora estándar de Europa central)
[05:25:04] [Info] Application uptime was: 0 minutes, and 15.497 seconds.
[05:25:04] [Info] [FSAL Cache] Cleaned up cache: Removed 0 remnants.
[05:25:04] [Info] [Stats Provider] Writing statistics to file
[05:25:04] [Info] [Config Provider] Writing configuration file to /home/nisidabay/.config/Zettlr/config.json...
[08:37:11] [Info] [Citeproc Provider] Loading CSL locale file at /usr/lib/zettlr/app.asar/.webpack/main/assets/csl-locales/locales-es-ES.xml ...
[08:37:11] [Info] こんにちは！ Booting Zettlr at Thu Dec 01 2022 08:37:11 GMT+0100 (hora estándar de Europa central).
[08:37:11] [Info] Registering custom protocol safe-file
[08:37:11] [Info] Added DevTools extension:  Vue.js devtools
[08:37:12] [Warning] [Assets Provider] Found outdated filter links.lua; copying ...
[08:37:12] [Warning] [Assets Provider] Found outdated filter tags.lua; copying ...
[08:37:12] [Info] [Stats Provider] Writing statistics to file
[08:37:12] [Info] [Window Manager] Loading state information from /home/nisidabay/.config/Zettlr/window_state.json
[08:37:12] [Info] [Window Manager] Window Manager started.
[08:37:13] [Info] [Dictionary Provider] Loaded dictionaries: en-US, es-ES
[08:37:13] [Info] [Update Provider] Checking for application updates ...
[08:37:13] [Info] [Updater] Checking https://zettlr.com/api/releases/latest for updates ...
[08:37:13] [Info] [Update Provider] No new update available. Current version is v2.3.0.
[08:37:13] [Info] [FSAL] Loaded all files and workspaces in 0.03842298899590969 seconds
[08:37:13] [Info] [Document Manager] Restored 1 open documents.
[08:37:13] [Info] [Translation Provider] Updating translations for Sueco ...
[08:37:13] [Info] [Translation Provider] Downloading sv-SV ...
[08:37:14] [Error] Could not update language: Response code 404 (Not Found) | Native Error: HTTPError; Response code 404 (Not Found) Stack Trace: HTTPError: Response code 404 (Not Found) -->     at ke.<anonymous> (/usr/lib/zettlr/app.asar/.webpack/main/index.js:2:1832475) -->     at Object.onceWrapper (node:events:510:26) -->     at ke.emit (node:events:402:35) -->     at ke._onResponseBase (/usr/lib/zettlr/app.asar/.webpack/main/index.js:2:1823354) -->     at processTicksAndRejections (node:internal/process/task_queues:96:5) -->     at async ke._onResponse (/usr/lib/zettlr/app.asar/.webpack/main/index.js:2:1823768)
[08:37:18] [Info] [Config Provider] Writing configuration file to /home/nisidabay/.config/Zettlr/config.json...
[09:02:19] [Info] さようなら！ Shutting down at Thu Dec 01 2022 09:02:19 GMT+0100 (hora estándar de Europa central)
[09:02:19] [Info] Application uptime was: 25 minutes, and 7.843 seconds.
[09:02:19] [Info] [FSAL Cache] Cleaned up cache: Removed 0 remnants.
[09:02:19] [Info] [Stats Provider] Writing statistics to file
[09:02:19] [Info] [Config Provider] Writing configuration file to /home/nisidabay/.config/Zettlr/config.json...
