[19:39:50] [Info] こんにちは！ Booting Zettlr at Thu Oct 26 2023 19:39:50 GMT+0200 (hora de verano de Europa central).
[19:39:50] [Info] Installing VueJS3 DevTools extension ...
[19:39:51] [Info] Added DevTools extension: Vue.js devtools
[19:39:51] [Info] Registering custom protocol safe-file
[19:39:51] [Info] Migrating from 2.3.0 to 2.3.0!
[19:39:51] [Warning] [Assets Provider] Required defaults file HTML to Markdown.yaml not found. Copying ...
[19:39:51] [Warning] [Assets Provider] Required defaults file HTML.yaml not found. Copying ...
[19:39:51] [Warning] [Assets Provider] Required defaults file LaTeX to Markdown.yaml not found. Copying ...
[19:39:51] [Warning] [Assets Provider] Required defaults file LaTeX.yaml not found. Copying ...
[19:39:51] [Warning] [Assets Provider] Required defaults file Markdown.yaml not found. Copying ...
[19:39:51] [Warning] [Assets Provider] Required defaults file Microsoft Word to Markdown.yaml not found. Copying ...
[19:39:51] [Warning] [Assets Provider] Required defaults file Microsoft Word.yaml not found. Copying ...
[19:39:51] [Warning] [Assets Provider] Required defaults file OPML to Markdown.yaml not found. Copying ...
[19:39:51] [Warning] [Assets Provider] Required defaults file Open Document Text to Markdown.yaml not found. Copying ...
[19:39:51] [Warning] [Assets Provider] Required defaults file Open Document Text.yaml not found. Copying ...
[19:39:51] [Warning] [Assets Provider] Required defaults file Orgmode to Markdown.yaml not found. Copying ...
[19:39:51] [Warning] [Assets Provider] Required defaults file Plain Text.yaml not found. Copying ...
[19:39:51] [Warning] [Assets Provider] Required defaults file Reveal.js.yaml not found. Copying ...
[19:39:51] [Warning] [Assets Provider] Required defaults file Rich Text Format.yaml not found. Copying ...
[19:39:51] [Warning] [Assets Provider] Required defaults file Textile to Markdown.yaml not found. Copying ...
[19:39:51] [Warning] [Assets Provider] Required defaults file Wiki to Markdown.yaml not found. Copying ...
[19:39:51] [Warning] [Assets Provider] Required defaults file XeLaTeX PDF.yaml not found. Copying ...
[19:39:51] [Warning] [Assets Provider] Required defaults file reStructuredText to Markdown.yaml not found. Copying ...
[19:39:51] [Warning] [Assets Provider] Required defaults file text2tags to Markdown.yaml not found. Copying ...
[19:39:51] [Warning] [Assets Provider] Found outdated filter links.lua; copying ...
[19:39:51] [Warning] [Assets Provider] Found outdated filter tags.lua; copying ...
[19:39:51] [Info] [Citeproc Provider] Loading CSL locale file at /usr/lib/zettlr/app.asar/.webpack/main/assets/csl-locales/locales-es-ES.xml ...
[19:39:51] [Info] [Update Provider] Checking for application updates ...
[19:39:51] [Info] [Updater] Checking https://zettlr.com/api/releases/latest for updates ...
[19:39:51] [Info] Clearing the FSAL cache ...
[19:39:51] [Info] [FSAL Cache] Cache cleared!
[19:39:51] [Info] [Dictionary Provider] Loaded dictionaries: en-US, es-ES
[19:39:51] [Warning] [FSAL Directory] Path /home/nisidabay/Documents/Zettlr Tutorial took 149.16183203458786ms to load.
[19:39:51] [Info] [FSAL] Loaded all files and workspaces in 0.15 seconds
[19:39:51] [Info] [Window Manager] Window Manager started.
[19:39:51] [Info] [Document Manager] Initializing document storage ...
[19:39:51] [Info] [Document Manager] Restored 1 open windows.
[19:39:51] [Info] [AppServiceContainer] Boot successful!
[19:39:51] [Info] [Update Provider] No new update available. Current version is v3.0.2.
[19:39:55] [Info] さようなら！ Shutting down at Thu Oct 26 2023 19:39:55 GMT+0200 (hora de verano de Europa central)
[19:39:55] [Info] Application uptime was: 0 minutes, and 6.581 seconds.
[19:39:55] [Info] [FSAL Cache] Cleaned up cache: Removed 0 remnants.
