[10:19:42] [Info] [Citeproc Provider] Loading CSL locale file at /usr/lib/zettlr/app.asar/.webpack/main/assets/csl-locales/locales-es-ES.xml ...
[10:19:42] [Info] こんにちは！ Booting Zettlr at Mon Mar 06 2023 10:19:42 GMT+0100 (hora estándar de Europa central).
[10:19:42] [Info] Registering custom protocol safe-file
[10:19:42] [Info] Added DevTools extension:  Vue.js devtools
[10:19:42] [Warning] [Assets Provider] Found outdated filter links.lua; copying ...
[10:19:42] [Warning] [Assets Provider] Found outdated filter tags.lua; copying ...
[10:19:42] [Info] [Stats Provider] Writing statistics to file
[10:19:42] [Info] [Window Manager] Loading state information from /home/nisidabay/.config/Zettlr/window_state.json
[10:19:42] [Info] [Window Manager] Window Manager started.
[10:19:42] [Info] [Update Provider] Checking for application updates ...
[10:19:42] [Info] [Updater] Checking https://zettlr.com/api/releases/latest for updates ...
[10:19:43] [Info] [Dictionary Provider] Loaded dictionaries: en-US, es-ES
[10:19:44] [Warning] [Translation Provider] Could not update translations: ERR_NON_2XX_3XX_RESPONSE | Native Error: HTTPError; Response code 404 (Not Found) Stack Trace: HTTPError: Response code 404 (Not Found) -->     at ke.<anonymous> (/usr/lib/zettlr/app.asar/.webpack/main/index.js:2:1832475) -->     at Object.onceWrapper (node:events:510:26) -->     at ke.emit (node:events:402:35) -->     at ke._onResponseBase (/usr/lib/zettlr/app.asar/.webpack/main/index.js:2:1823354) -->     at processTicksAndRejections (node:internal/process/task_queues:96:5) -->     at async ke._onResponse (/usr/lib/zettlr/app.asar/.webpack/main/index.js:2:1823768)
[10:19:44] [Info] [Update Provider] No new update available. Current version is v2.3.0.
[10:19:44] [Info] [FSAL] Loaded all files and workspaces in 0.019371740996837614 seconds
[10:19:44] [Info] [Document Manager] Restored 0 open documents.
[10:19:49] [Info] [Config Provider] Writing configuration file to /home/nisidabay/.config/Zettlr/config.json...
[10:20:06] [Info] さようなら！ Shutting down at Mon Mar 06 2023 10:20:06 GMT+0100 (hora estándar de Europa central)
[10:20:06] [Info] Application uptime was: 0 minutes, and 23.820 seconds.
[10:20:06] [Info] [FSAL Cache] Cleaned up cache: Removed 0 remnants.
[10:20:06] [Info] [Stats Provider] Writing statistics to file
[10:20:06] [Info] [Config Provider] Writing configuration file to /home/nisidabay/.config/Zettlr/config.json...
