[12:10:55] [Info] こんにちは！ Booting Zettlr at Fri Jan 05 2024 12:10:55 GMT+0100 (hora estándar de Europa central).
[12:10:55] [Info] Installing VueJS3 DevTools extension ...
[12:10:55] [Info] Added DevTools extension: Vue.js devtools
[12:10:55] [Info] Registering custom protocol safe-file
[12:10:55] [Info] Migrating from 3.0.2 to 3.0.2!
[12:10:55] [Warning] [Assets Provider] Found outdated filter links.lua; copying ...
[12:10:55] [Warning] [Assets Provider] Found outdated filter tags.lua; copying ...
[12:10:55] [Info] [Citeproc Provider] Loading CSL locale file at /usr/lib/zettlr/app.asar/.webpack/main/assets/csl-locales/locales-es-ES.xml ...
[12:10:55] [Info] [Update Provider] Checking for application updates ...
[12:10:55] [Info] [Updater] Checking https://zettlr.com/api/releases/latest for updates ...
[12:10:55] [Info] Clearing the FSAL cache ...
[12:10:55] [Info] [FSAL Cache] Cache cleared!
[12:10:55] [Info] [Dictionary Provider] Loaded dictionaries: en-US, es-ES
[12:10:55] [Warning] [FSAL Directory] Path /home/nisidabay/Documents/Zettlr Tutorial took 154.43836200237274ms to load.
[12:10:55] [Info] [FSAL] Loaded all files and workspaces in 0.16 seconds
[12:10:55] [Info] [Window Manager] Window Manager started.
[12:10:55] [Info] [Document Manager] Restored 1 open windows.
[12:10:55] [Info] [AppServiceContainer] Boot successful!
[12:10:55] [Info] [Update Provider] No new update available. Current version is v3.0.3.
[12:12:45] [Info] さようなら！ Shutting down at Fri Jan 05 2024 12:12:45 GMT+0100 (hora estándar de Europa central)
[12:12:45] [Info] Application uptime was: 1 minutes, and 50.74 seconds.
[12:12:45] [Info] [FSAL Cache] Cleaned up cache: Removed 0 remnants.
[12:13:26] [Info] こんにちは！ Booting Zettlr at Fri Jan 05 2024 12:13:26 GMT+0100 (hora estándar de Europa central).
[12:13:26] [Info] Installing VueJS3 DevTools extension ...
[12:13:26] [Info] Added DevTools extension: Vue.js devtools
[12:13:26] [Info] Registering custom protocol safe-file
[12:13:26] [Warning] [Assets Provider] Found outdated filter links.lua; copying ...
[12:13:26] [Warning] [Assets Provider] Found outdated filter tags.lua; copying ...
[12:13:26] [Info] [Citeproc Provider] Loading CSL locale file at /usr/lib/zettlr/app.asar/.webpack/main/assets/csl-locales/locales-es-ES.xml ...
[12:13:26] [Info] [Update Provider] Checking for application updates ...
[12:13:26] [Info] [Updater] Checking https://zettlr.com/api/releases/latest for updates ...
[12:13:26] [Info] [Dictionary Provider] Loaded dictionaries: en-US, es-ES
[12:13:26] [Info] [FSAL] Loaded all files and workspaces in 0.1 seconds
[12:13:26] [Info] [Window Manager] Window Manager started.
[12:13:26] [Info] [Document Manager] Restored 1 open windows.
[12:13:26] [Info] [AppServiceContainer] Boot successful!
[12:13:26] [Info] [Update Provider] No new update available. Current version is v3.0.3.
[12:13:38] [Info] さようなら！ Shutting down at Fri Jan 05 2024 12:13:38 GMT+0100 (hora estándar de Europa central)
[12:13:38] [Info] Application uptime was: 0 minutes, and 12.787 seconds.
[12:13:38] [Info] [FSAL Cache] Cleaned up cache: Removed 0 remnants.
