2024-05-17 20:28:52.259 [info] Log level: Info
2024-05-17 20:28:52.259 [info] Validating found git in: "git"
2024-05-17 20:28:52.259 [info] Using git "2.45.0" from "git"
2024-05-17 20:28:52.259 [info] > git rev-parse --show-toplevel [11ms]
2024-05-17 20:28:52.259 [info] fatal: not a git repository (or any of the parent directories): .git
2024-05-17 20:28:52.259 [info] > git rev-parse --show-toplevel [11ms]
2024-05-17 20:28:52.259 [info] fatal: not a git repository (or any of the parent directories): .git
2024-05-17 20:29:25.211 [info] > git rev-parse --show-toplevel [2ms]
2024-05-17 20:29:25.211 [info] fatal: not a git repository (or any of the parent directories): .git
2024-05-17 20:29:35.200 [info] > git rev-parse --show-toplevel [4ms]
2024-05-17 20:29:35.200 [info] fatal: not a git repository (or any of the parent directories): .git
2024-05-17 20:30:14.602 [info] > git rev-parse --show-toplevel [3ms]
2024-05-17 20:30:14.602 [info] fatal: not a git repository (or any of the parent directories): .git
2024-05-17 20:30:21.704 [info] > git rev-parse --show-toplevel [3ms]
2024-05-17 20:30:21.704 [info] fatal: not a git repository (or any of the parent directories): .git
2024-05-17 20:31:35.748 [info] > git rev-parse --show-toplevel [2ms]
2024-05-17 20:31:35.748 [info] fatal: not a git repository (or any of the parent directories): .git
2024-05-17 20:32:17.495 [info] > git rev-parse --show-toplevel [1ms]
2024-05-17 20:32:17.495 [info] fatal: not a git repository (or any of the parent directories): .git
2024-05-17 20:32:31.892 [info] > git rev-parse --show-toplevel [2ms]
2024-05-17 20:32:31.892 [info] fatal: not a git repository (or any of the parent directories): .git
2024-05-17 20:33:28.303 [info] > git rev-parse --show-toplevel [3ms]
2024-05-17 20:33:28.303 [info] fatal: not a git repository (or any of the parent directories): .git
2024-05-17 20:33:42.009 [info] > git rev-parse --show-toplevel [1ms]
2024-05-17 20:33:42.009 [info] fatal: not a git repository (or any of the parent directories): .git
2024-05-17 20:34:34.272 [info] > git rev-parse --show-toplevel [2ms]
2024-05-17 20:34:34.272 [info] fatal: not a git repository (or any of the parent directories): .git
2024-05-17 20:35:47.429 [info] > git rev-parse --show-toplevel [2ms]
2024-05-17 20:35:47.429 [info] fatal: not a git repository (or any of the parent directories): .git
2024-05-17 20:36:05.456 [info] > git rev-parse --show-toplevel [2ms]
2024-05-17 20:36:05.456 [info] fatal: not a git repository (or any of the parent directories): .git
2024-05-17 20:36:31.295 [info] > git rev-parse --show-toplevel [2ms]
2024-05-17 20:36:31.295 [info] fatal: not a git repository (or any of the parent directories): .git
2024-05-17 20:36:41.596 [info] > git rev-parse --show-toplevel [1ms]
2024-05-17 20:36:41.596 [info] fatal: not a git repository (or any of the parent directories): .git
2024-05-17 20:36:49.492 [info] > git rev-parse --show-toplevel [4ms]
2024-05-17 20:36:49.492 [info] fatal: not a git repository (or any of the parent directories): .git
2024-05-17 20:36:52.658 [info] > git rev-parse --show-toplevel [2ms]
2024-05-17 20:36:52.658 [info] fatal: not a git repository (or any of the parent directories): .git
2024-05-17 20:37:23.322 [info] > git rev-parse --show-toplevel [4ms]
2024-05-17 20:37:23.322 [info] fatal: not a git repository (or any of the parent directories): .git
2024-05-17 20:37:23.336 [info] > git rev-parse --show-toplevel [6ms]
2024-05-17 20:37:23.336 [info] fatal: not a git repository (or any of the parent directories): .git
2024-05-17 20:37:24.878 [info] > git rev-parse --show-toplevel [1ms]
2024-05-17 20:37:24.878 [info] fatal: not a git repository (or any of the parent directories): .git
2024-05-17 20:37:24.885 [info] > git rev-parse --show-toplevel [2ms]
2024-05-17 20:37:24.885 [info] fatal: not a git repository (or any of the parent directories): .git
2024-05-17 20:37:24.891 [info] > git rev-parse --show-toplevel [2ms]
2024-05-17 20:37:24.891 [info] fatal: not a git repository (or any of the parent directories): .git
2024-05-17 20:37:31.250 [info] > git rev-parse --show-toplevel [1ms]
2024-05-17 20:37:31.250 [info] fatal: not a git repository (or any of the parent directories): .git
2024-05-17 20:37:31.256 [info] > git rev-parse --show-toplevel [1ms]
2024-05-17 20:37:31.256 [info] fatal: not a git repository (or any of the parent directories): .git
2024-05-17 20:37:33.257 [info] > git rev-parse --show-toplevel [1ms]
2024-05-17 20:37:33.257 [info] fatal: not a git repository (or any of the parent directories): .git
2024-05-17 20:39:08.798 [info] > git rev-parse --show-toplevel [2ms]
2024-05-17 20:39:08.798 [info] fatal: not a git repository (or any of the parent directories): .git
2024-05-17 20:39:17.953 [info] > git rev-parse --show-toplevel [3ms]
2024-05-17 20:39:17.953 [info] fatal: not a git repository (or any of the parent directories): .git
