2024-05-10 23:18:03.756 [info] Reading sessions from keychain...
2024-05-10 23:18:03.756 [info] Getting sessions for all scopes...
2024-05-10 23:18:03.756 [info] Got 0 sessions for ...
2024-05-10 23:18:03.765 [info] Getting sessions for read:user,repo,user:email,workflow...
2024-05-10 23:18:03.765 [info] Got 0 sessions for read:user,repo,user:email,workflow...
2024-05-10 23:18:03.816 [info] Getting sessions for all scopes...
2024-05-10 23:18:03.816 [info] Got 0 sessions for ...
2024-05-10 23:18:03.895 [info] Getting sessions for read:user,repo,user:email,workflow...
2024-05-10 23:18:03.895 [info] Got 0 sessions for read:user,repo,user:email,workflow...
2024-05-10 23:18:04.166 [info] Getting sessions for read:user,repo,user:email,workflow...
2024-05-10 23:18:04.166 [info] Got 0 sessions for read:user,repo,user:email,workflow...
2024-05-10 23:18:04.561 [info] Getting sessions for read:user,repo,user:email,workflow...
2024-05-10 23:18:04.561 [info] Got 0 sessions for read:user,repo,user:email,workflow...
2024-05-10 23:18:04.625 [info] Getting sessions for read:user,repo,user:email,workflow...
2024-05-10 23:18:04.625 [info] Got 0 sessions for read:user,repo,user:email,workflow...
2024-05-10 23:18:04.779 [info] Getting sessions for read:user,repo,user:email,workflow...
2024-05-10 23:18:04.779 [info] Got 0 sessions for read:user,repo,user:email,workflow...
2024-05-10 23:18:04.972 [info] Getting sessions for read:user,repo,user:email,workflow...
2024-05-10 23:18:04.972 [info] Got 0 sessions for read:user,repo,user:email,workflow...
2024-05-10 23:18:05.210 [info] Getting sessions for read:user,repo,user:email,workflow...
2024-05-10 23:18:05.210 [info] Got 0 sessions for read:user,repo,user:email,workflow...
