2024-05-10 23:25:17.999 [info] Reading sessions from keychain...
2024-05-10 23:25:17.999 [info] Getting sessions for all scopes...
2024-05-10 23:25:17.999 [info] Got 0 sessions for ...
2024-05-10 23:25:17.999 [info] Getting sessions for all scopes...
2024-05-10 23:25:17.999 [info] Got 0 sessions for ...
2024-05-10 23:25:17.999 [info] Getting sessions for read:user,repo,user:email,workflow...
2024-05-10 23:25:17.999 [info] Got 0 sessions for read:user,repo,user:email,workflow...
2024-05-10 23:25:18.138 [info] Getting sessions for read:user,repo,user:email,workflow...
2024-05-10 23:25:18.138 [info] Got 0 sessions for read:user,repo,user:email,workflow...
2024-05-10 23:25:18.202 [info] Getting sessions for read:user,repo,user:email,workflow...
2024-05-10 23:25:18.202 [info] Got 0 sessions for read:user,repo,user:email,workflow...
2024-05-10 23:25:18.463 [info] Getting sessions for read:user,repo,user:email,workflow...
2024-05-10 23:25:18.463 [info] Got 0 sessions for read:user,repo,user:email,workflow...
2024-05-10 23:25:18.962 [info] Getting sessions for read:user,repo,user:email,workflow...
2024-05-10 23:25:18.962 [info] Got 0 sessions for read:user,repo,user:email,workflow...
2024-05-10 23:25:19.040 [info] Getting sessions for read:user,repo,user:email,workflow...
2024-05-10 23:25:19.040 [info] Got 0 sessions for read:user,repo,user:email,workflow...
2024-05-10 23:25:19.173 [info] Getting sessions for read:user,repo,user:email,workflow...
2024-05-10 23:25:19.173 [info] Got 0 sessions for read:user,repo,user:email,workflow...
2024-05-10 23:25:19.305 [info] Getting sessions for read:user,repo,user:email,workflow...
2024-05-10 23:25:19.305 [info] Got 0 sessions for read:user,repo,user:email,workflow...
2024-05-10 23:25:19.514 [info] Getting sessions for read:user,repo,user:email,workflow...
2024-05-10 23:25:19.514 [info] Got 0 sessions for read:user,repo,user:email,workflow...
2024-05-10 23:25:19.625 [info] Getting sessions for read:user,repo,user:email,workflow...
2024-05-10 23:25:19.625 [info] Got 0 sessions for read:user,repo,user:email,workflow...
2024-05-10 23:25:19.701 [info] Getting sessions for read:user,repo,user:email,workflow...
2024-05-10 23:25:19.701 [info] Got 0 sessions for read:user,repo,user:email,workflow...
