2024-05-17 20:28:51.627 [info] Extension host with pid 1703230 started
2024-05-17 20:28:51.627 [info] Skipping acquiring lock for /home/nisidabay/.config/Code - OSS/User/workspaceStorage/1f71dfe365244f7c99b0bd175f8e0dd6.
2024-05-17 20:28:51.948 [info] ExtensionService#_doActivateExtension vscode.emmet, startup: false, activationEvent: 'onLanguage'
2024-05-17 20:28:51.955 [info] ExtensionService#_doActivateExtension llvm-vs-code-extensions.vscode-clangd, startup: false, activationEvent: 'onLanguage:cpp'
2024-05-17 20:28:52.083 [info] ExtensionService#_doActivateExtension vscode.git-base, startup: true, activationEvent: '*', root cause: vscode.git
2024-05-17 20:28:52.120 [info] ExtensionService#_doActivateExtension vscode.git, startup: true, activationEvent: '*'
2024-05-17 20:28:52.146 [info] ExtensionService#_doActivateExtension vscode.github, startup: true, activationEvent: '*'
2024-05-17 20:28:52.211 [info] Eager extensions activated
2024-05-17 20:28:52.272 [info] ExtensionService#_doActivateExtension vscode.debug-auto-launch, startup: false, activationEvent: 'onStartupFinished'
2024-05-17 20:28:52.274 [info] ExtensionService#_doActivateExtension vscode.merge-conflict, startup: false, activationEvent: 'onStartupFinished'
2024-05-17 20:28:52.281 [info] ExtensionService#_doActivateExtension vscodevim.vim, startup: false, activationEvent: 'onStartupFinished'
2024-05-17 20:28:52.675 [error] [llvm-vs-code-extensions.vscode-clangd] provider FAILED
2024-05-17 20:28:52.675 [error] {"a":true,"b":null}
2024-05-17 20:28:52.676 [error] [llvm-vs-code-extensions.vscode-clangd] provider FAILED
2024-05-17 20:28:52.676 [error] {"a":true,"b":null}
2024-05-17 20:28:52.676 [error] [llvm-vs-code-extensions.vscode-clangd] provider FAILED
2024-05-17 20:28:52.676 [error] {"a":true,"b":null}
2024-05-17 20:28:52.676 [error] [llvm-vs-code-extensions.vscode-clangd] provider FAILED
2024-05-17 20:28:52.676 [error] {"a":true,"b":null}
2024-05-17 20:29:34.745 [info] ExtensionService#_doActivateExtension vscode.json-language-features, startup: false, activationEvent: 'onLanguage:jsonc'
2024-05-17 20:29:34.851 [info] ExtensionService#_doActivateExtension vscode.typescript-language-features, startup: false, activationEvent: 'onLanguage:jsonc'
2024-05-17 20:29:34.892 [info] ExtensionService#_doActivateExtension zardoy.fix-all-json, startup: false, activationEvent: 'onLanguage:jsonc'
2024-05-17 20:39:09.227 [error] [llvm-vs-code-extensions.vscode-clangd] provider FAILED
2024-05-17 20:39:09.228 [error] {"a":true,"b":null}
2024-05-17 20:39:37.601 [info] Extension host terminating: renderer closed the MessagePort
2024-05-17 20:39:37.623 [error] TypeError: r.some is not a function
	at d.saveToDisk (/home/nisidabay/.vscode-oss/extensions/vscodevim.vim-1.27.2-universal/out/extension.js:2:675367)
	at t.deactivate (/home/nisidabay/.vscode-oss/extensions/vscodevim.vim-1.27.2-universal/out/extension.js:2:213749)
	at f.eb (/usr/lib/code/out/vs/workbench/api/node/extensionHostProcess.js:159:9751)
	at /usr/lib/code/out/vs/workbench/api/node/extensionHostProcess.js:159:7822
	at Array.map (<anonymous>)
	at f.$ (/usr/lib/code/out/vs/workbench/api/node/extensionHostProcess.js:159:7809)
	at f.terminate (/usr/lib/code/out/vs/workbench/api/node/extensionHostProcess.js:159:8082)
	at a.terminate (/usr/lib/code/out/vs/workbench/api/node/extensionHostProcess.js:163:1513)
	at t (/usr/lib/code/out/vs/workbench/api/node/extensionHostProcess.js:176:9922)
	at MessagePortMain.<anonymous> (/usr/lib/code/out/vs/workbench/api/node/extensionHostProcess.js:176:6347)
	at MessagePortMain.emit (node:events:517:28)
	at MessagePortMain._internalPort.emit (node:electron/js2c/utility_init:2:2285)
2024-05-17 20:39:37.625 [info] Extension host with pid 1703230 exiting with code 0
