2024-05-10 23:03:19.151 [info] Reading sessions from keychain...
2024-05-10 23:03:19.152 [info] Getting sessions for all scopes...
2024-05-10 23:03:19.152 [info] Got 0 sessions for ...
2024-05-10 23:03:19.152 [info] Getting sessions for all scopes...
2024-05-10 23:03:19.152 [info] Got 0 sessions for ...
2024-05-10 23:03:19.152 [info] Getting sessions for read:user,repo,user:email,workflow...
2024-05-10 23:03:19.152 [info] Got 0 sessions for read:user,repo,user:email,workflow...
2024-05-10 23:03:19.290 [info] Getting sessions for read:user,repo,user:email,workflow...
2024-05-10 23:03:19.290 [info] Got 0 sessions for read:user,repo,user:email,workflow...
2024-05-10 23:03:19.698 [info] Getting sessions for read:user,repo,user:email,workflow...
2024-05-10 23:03:19.698 [info] Got 0 sessions for read:user,repo,user:email,workflow...
2024-05-10 23:03:19.877 [info] Getting sessions for read:user,repo,user:email,workflow...
2024-05-10 23:03:19.877 [info] Got 0 sessions for read:user,repo,user:email,workflow...
2024-05-10 23:03:19.987 [info] Getting sessions for read:user,repo,user:email,workflow...
2024-05-10 23:03:19.987 [info] Got 0 sessions for read:user,repo,user:email,workflow...
2024-05-10 23:03:21.321 [info] Getting sessions for read:user,repo,user:email,workflow...
2024-05-10 23:03:21.321 [info] Got 0 sessions for read:user,repo,user:email,workflow...
2024-05-10 23:03:21.582 [info] Getting sessions for read:user,repo,user:email,workflow...
2024-05-10 23:03:21.582 [info] Got 0 sessions for read:user,repo,user:email,workflow...
2024-05-10 23:03:21.756 [info] Getting sessions for read:user,repo,user:email,workflow...
2024-05-10 23:03:21.756 [info] Got 0 sessions for read:user,repo,user:email,workflow...
2024-05-10 23:03:21.944 [info] Getting sessions for read:user,repo,user:email,workflow...
2024-05-10 23:03:21.944 [info] Got 0 sessions for read:user,repo,user:email,workflow...
2024-05-10 23:03:22.143 [info] Getting sessions for read:user,repo,user:email,workflow...
2024-05-10 23:03:22.143 [info] Got 0 sessions for read:user,repo,user:email,workflow...
2024-05-10 23:03:22.386 [info] Getting sessions for read:user,repo,user:email,workflow...
2024-05-10 23:03:22.386 [info] Got 0 sessions for read:user,repo,user:email,workflow...
2024-05-10 23:03:22.566 [info] Getting sessions for read:user,repo,user:email,workflow...
2024-05-10 23:03:22.566 [info] Got 0 sessions for read:user,repo,user:email,workflow...
2024-05-10 23:03:22.819 [info] Getting sessions for read:user,repo,user:email,workflow...
2024-05-10 23:03:22.819 [info] Got 0 sessions for read:user,repo,user:email,workflow...
2024-05-10 23:03:22.968 [info] Getting sessions for read:user,repo,user:email,workflow...
2024-05-10 23:03:22.968 [info] Got 0 sessions for read:user,repo,user:email,workflow...
2024-05-10 23:03:23.181 [info] Getting sessions for read:user,repo,user:email,workflow...
2024-05-10 23:03:23.181 [info] Got 0 sessions for read:user,repo,user:email,workflow...
2024-05-10 23:03:23.344 [info] Getting sessions for read:user,repo,user:email,workflow...
2024-05-10 23:03:23.344 [info] Got 0 sessions for read:user,repo,user:email,workflow...
2024-05-10 23:03:23.682 [info] Getting sessions for read:user,repo,user:email,workflow...
2024-05-10 23:03:23.682 [info] Got 0 sessions for read:user,repo,user:email,workflow...
2024-05-10 23:03:23.947 [info] Getting sessions for read:user,repo,user:email,workflow...
2024-05-10 23:03:23.947 [info] Got 0 sessions for read:user,repo,user:email,workflow...
2024-05-10 23:03:24.114 [info] Getting sessions for read:user,repo,user:email,workflow...
2024-05-10 23:03:24.114 [info] Got 0 sessions for read:user,repo,user:email,workflow...
2024-05-10 23:03:24.381 [info] Getting sessions for read:user,repo,user:email,workflow...
2024-05-10 23:03:24.381 [info] Got 0 sessions for read:user,repo,user:email,workflow...
2024-05-10 23:03:51.636 [info] Reading sessions from keychain...
2024-05-10 23:03:51.637 [info] Getting sessions for all scopes...
2024-05-10 23:03:51.637 [info] Got 0 sessions for ...
2024-05-10 23:03:51.637 [info] Getting sessions for all scopes...
2024-05-10 23:03:51.637 [info] Got 0 sessions for ...
2024-05-10 23:03:51.637 [info] Getting sessions for read:user,repo,user:email,workflow...
2024-05-10 23:03:51.637 [info] Got 0 sessions for read:user,repo,user:email,workflow...
2024-05-10 23:03:51.760 [info] Getting sessions for read:user,repo,user:email,workflow...
2024-05-10 23:03:51.760 [info] Got 0 sessions for read:user,repo,user:email,workflow...
2024-05-10 23:03:51.819 [info] Getting sessions for read:user,repo,user:email,workflow...
2024-05-10 23:03:51.819 [info] Got 0 sessions for read:user,repo,user:email,workflow...
2024-05-10 23:03:52.065 [info] Getting sessions for read:user,repo,user:email,workflow...
2024-05-10 23:03:52.065 [info] Got 0 sessions for read:user,repo,user:email,workflow...
2024-05-10 23:03:52.606 [info] Getting sessions for read:user,repo,user:email,workflow...
2024-05-10 23:03:52.606 [info] Got 0 sessions for read:user,repo,user:email,workflow...
2024-05-10 23:03:52.686 [info] Getting sessions for read:user,repo,user:email,workflow...
2024-05-10 23:03:52.686 [info] Got 0 sessions for read:user,repo,user:email,workflow...
2024-05-10 23:03:52.778 [info] Getting sessions for read:user,repo,user:email,workflow...
2024-05-10 23:03:52.778 [info] Got 0 sessions for read:user,repo,user:email,workflow...
2024-05-10 23:03:52.842 [info] Getting sessions for read:user,repo,user:email,workflow...
2024-05-10 23:03:52.842 [info] Got 0 sessions for read:user,repo,user:email,workflow...
2024-05-10 23:03:53.109 [info] Getting sessions for read:user,repo,user:email,workflow...
2024-05-10 23:03:53.109 [info] Got 0 sessions for read:user,repo,user:email,workflow...
2024-05-10 23:03:53.230 [info] Getting sessions for read:user,repo,user:email,workflow...
2024-05-10 23:03:53.230 [info] Got 0 sessions for read:user,repo,user:email,workflow...
2024-05-10 23:03:53.275 [info] Getting sessions for read:user,repo,user:email,workflow...
2024-05-10 23:03:53.275 [info] Got 0 sessions for read:user,repo,user:email,workflow...
