2024-05-17 20:01:58.309 [info] Active editor: file:///home/nisidabay/Downloads/Refactor/curso_cpp/main.cpp
2024-05-17 20:04:14.539 [info] Active editor: vscode-userdata:/home/nisidabay/.config/Code%20-%20OSS/User/settings.json
2024-05-17 20:07:15.158 [info] /settings/user closed
2024-05-17 20:07:15.266 [info] /settings/resourceLanguage closed
2024-05-17 20:07:15.308 [info] /launch closed
2024-05-17 20:07:15.309 [info] /token-styling closed
2024-05-17 20:07:15.310 [info] /textmate-colors closed
2024-05-17 20:07:15.317 [info] /workbench-colors closed
2024-05-17 20:10:15.205 [info] /settings/user closed
2024-05-17 20:10:15.486 [info] /settings/resourceLanguage closed
2024-05-17 20:10:15.550 [info] /launch closed
2024-05-17 20:10:15.556 [info] /token-styling closed
2024-05-17 20:10:15.558 [info] /textmate-colors closed
2024-05-17 20:10:15.571 [info] /workbench-colors closed
2024-05-17 20:10:36.059 [info] Executing :w
2024-05-17 20:10:36.520 [info] Configuration changed
2024-05-17 20:10:47.585 [info] Executing :w
2024-05-17 20:11:03.143 [info] Executing :w
2024-05-17 20:11:16.383 [info] Active editor: vscode-userdata:/home/nisidabay/.config/Code%20-%20OSS/User/settings.json
2024-05-17 20:11:16.877 [info] Configuration changed
2024-05-17 20:11:40.496 [info] Executing :w
2024-05-17 20:11:47.435 [info] Active editor: file:///home/nisidabay/Downloads/Refactor/curso_cpp/main.cpp
2024-05-17 20:13:15.301 [info] /settings/user closed
2024-05-17 20:13:15.540 [info] /settings/resourceLanguage closed
2024-05-17 20:13:15.772 [info] /launch closed
2024-05-17 20:13:15.773 [info] /token-styling closed
2024-05-17 20:13:15.776 [info] /textmate-colors closed
2024-05-17 20:13:15.789 [info] /workbench-colors closed
2024-05-17 20:14:26.547 [info] Executing :w
2024-05-17 20:15:30.314 [info] Executing :w
2024-05-17 20:16:39.327 [info] Active editor: vscode-userdata:/home/nisidabay/.config/Code%20-%20OSS/User/settings.json
2024-05-17 20:16:39.922 [info] Configuration changed
2024-05-17 20:18:03.425 [info] Executing :w
2024-05-17 20:18:03.713 [info] Configuration changed
2024-05-17 20:19:01.229 [warning] invalid cursor position. [[91, 0] | [91, 0]].
2024-05-17 20:19:01.230 [warning] invalid cursor position. [[91, 0] | [91, 0]].
2024-05-17 20:19:24.575 [info] Executing :w
2024-05-17 20:19:24.957 [info] Configuration changed
2024-05-17 20:19:36.413 [info] Executing :w
2024-05-17 20:19:39.473 [info] /settings/user closed
2024-05-17 20:19:39.628 [info] /settings/resourceLanguage closed
2024-05-17 20:19:39.721 [info] /launch closed
2024-05-17 20:19:39.727 [info] /token-styling closed
2024-05-17 20:19:39.734 [info] /textmate-colors closed
2024-05-17 20:19:39.747 [info] /workbench-colors closed
2024-05-17 20:21:02.105 [info] Configuration changed
2024-05-17 20:21:08.274 [info] Active editor: file:///home/nisidabay/Downloads/Refactor/curso_cpp/main.cpp
2024-05-17 20:22:05.566 [info] Active editor: file:///home/nisidabay/Downloads/Refactor/curso_cpp/main.cpp
2024-05-17 20:22:07.804 [info] Active editor: vscode-userdata:/home/nisidabay/.config/Code%20-%20OSS/User/settings.json
2024-05-17 20:22:11.363 [info] Executing :w
2024-05-17 20:22:22.772 [info] Active editor: vscode-userdata:/home/nisidabay/.config/Code%20-%20OSS/User/settings.json
2024-05-17 20:22:39.579 [info] /settings/user closed
2024-05-17 20:22:39.815 [info] /settings/resourceLanguage closed
2024-05-17 20:22:39.874 [info] /launch closed
2024-05-17 20:22:39.876 [info] /token-styling closed
2024-05-17 20:22:39.877 [info] /textmate-colors closed
2024-05-17 20:22:39.910 [info] /workbench-colors closed
2024-05-17 20:22:59.698 [info] Active editor: vscode-userdata:/home/nisidabay/.config/Code%20-%20OSS/User/settings.json
2024-05-17 20:23:07.977 [info] Active editor: file:///home/nisidabay/Downloads/Refactor/curso_cpp/main.cpp
2024-05-17 20:25:39.639 [info] /settings/user closed
2024-05-17 20:25:39.984 [info] /settings/resourceLanguage closed
2024-05-17 20:25:40.049 [info] /launch closed
2024-05-17 20:25:40.051 [info] /token-styling closed
2024-05-17 20:25:40.061 [info] /textmate-colors closed
2024-05-17 20:25:40.357 [info] /workbench-colors closed
2024-05-17 20:25:49.360 [info] Active editor: vscode-userdata:/home/nisidabay/.config/Code%20-%20OSS/User/settings.json
2024-05-17 20:26:13.718 [info] Executing :w
2024-05-17 20:26:14.088 [info] Configuration changed
2024-05-17 20:26:46.071 [info] Executing :w
2024-05-17 20:26:55.543 [info] Executing :w
2024-05-17 20:27:23.077 [info] Active editor: vscode-userdata:/home/nisidabay/.config/Code%20-%20OSS/User/settings.json
2024-05-17 20:27:59.678 [info] Executing :w
2024-05-17 20:28:00.064 [info] Configuration changed
2024-05-17 20:28:00.068 [warning] <C-k>. Duplicate remapped key for <C-k>.
2024-05-17 20:28:00.068 [warning] <C-j>. Duplicate remapped key for <C-j>.
2024-05-17 20:28:00.068 [warning] <C-j>. Duplicate remapped key for <C-j>.
2024-05-17 20:28:00.068 [warning] <C-k>. Duplicate remapped key for <C-k>.
2024-05-17 20:28:00.068 [error] undefined missing 'after' key or 'commands'.
2024-05-17 20:28:00.068 [error] Remapping of 'undefined' should be a string array.
2024-05-17 20:28:05.277 [info] Executing :w
2024-05-17 20:28:10.524 [info] Executing :w
2024-05-17 20:28:22.485 [info] Executing :bd
2024-05-17 20:28:22.581 [warning] getLineLength() called with out-of-bounds line 80
2024-05-17 20:28:22.581 [warning] invalid cursor position. [[80, 3] | [80, 3]].
2024-05-17 20:28:29.143 [info] Active editor: file:///home/nisidabay/Downloads/Refactor/curso_cpp/main.cpp
2024-05-17 20:28:39.766 [info] /settings/user closed
2024-05-17 20:28:40.058 [info] /settings/resourceLanguage closed
2024-05-17 20:28:40.270 [info] /launch closed
2024-05-17 20:28:40.272 [info] /token-styling closed
2024-05-17 20:28:40.275 [info] /textmate-colors closed
2024-05-17 20:28:40.566 [info] /workbench-colors closed
