2024-05-17 20:21:01.070 [info] Getting Manifest... zardoy.fix-all-json
2024-05-17 20:21:01.220 [info] Installing extension: zardoy.fix-all-json
2024-05-17 20:21:01.890 [error] Could not load vsce-sign module Cannot find module '@vscode/vsce-sign'
Require stack:
- /usr/lib/code/out/bootstrap-amd.js
- /usr/lib/code/out/bootstrap-fork.js
2024-05-17 20:21:01.890 [info] Extension signature verification is not done: zardoy.fix-all-json
2024-05-17 20:21:01.940 [info] Extracted extension to file:///home/nisidabay/.vscode-oss/extensions/zardoy.fix-all-json-0.1.5-universal: zardoy.fix-all-json
2024-05-17 20:21:01.944 [info] Renamed to /home/nisidabay/.vscode-oss/extensions/zardoy.fix-all-json-0.1.5-universal
2024-05-17 20:21:01.947 [info] Extracting extension completed. zardoy.fix-all-json
2024-05-17 20:21:01.962 [info] Extension installed successfully: zardoy.fix-all-json
2024-05-17 20:21:02.044 [error] [uncaught exception in sharedProcess]: Error: ENOENT: no such file or directory, stat '/home/nisidabay/.vscode-oss/extensions/extensions.json.vsctmp': EntryNotFound (FileSystemError): Error: ENOENT: no such file or directory, stat '/home/nisidabay/.vscode-oss/extensions/extensions.json.vsctmp'
    at a.create (/usr/lib/code/out/vs/code/node/sharedProcess/sharedProcessMain.js:53:29989)
    at b (/usr/lib/code/out/vs/code/node/sharedProcess/sharedProcessMain.js:53:30100)
    at t.hb (/usr/lib/code/out/vs/code/node/sharedProcess/sharedProcessMain.js:58:36600)
    at t.stat (/usr/lib/code/out/vs/code/node/sharedProcess/sharedProcessMain.js:58:29040)
    at async $.stat (/usr/lib/code/out/vs/code/node/sharedProcess/sharedProcessMain.js:58:16186)
    at async K.sb (/usr/lib/code/out/vs/code/node/sharedProcess/sharedProcessMain.js:104:109493)
2024-05-17 20:21:59.818 [error] [uncaught exception in sharedProcess]: Error: ENOENT: no such file or directory, stat '/home/nisidabay/.vscode-oss/extensions/extensions.json.vsctmp': EntryNotFound (FileSystemError): Error: ENOENT: no such file or directory, stat '/home/nisidabay/.vscode-oss/extensions/extensions.json.vsctmp'
    at a.create (/usr/lib/code/out/vs/code/node/sharedProcess/sharedProcessMain.js:53:29989)
    at b (/usr/lib/code/out/vs/code/node/sharedProcess/sharedProcessMain.js:53:30100)
    at t.hb (/usr/lib/code/out/vs/code/node/sharedProcess/sharedProcessMain.js:58:36600)
    at t.stat (/usr/lib/code/out/vs/code/node/sharedProcess/sharedProcessMain.js:58:29040)
    at async $.stat (/usr/lib/code/out/vs/code/node/sharedProcess/sharedProcessMain.js:58:16186)
    at async K.sb (/usr/lib/code/out/vs/code/node/sharedProcess/sharedProcessMain.js:104:109493)
