00:00:00.000437 main     VirtualBox XPCOM Server 7.0.14 r161095 linux.amd64 (Jan 15 2024 14:16:39) release log
00:00:00.000441 main     Log opened 2024-06-04T07:08:25.331167000Z
00:00:00.000442 main     Build Type: release
00:00:00.000451 main     OS Product: Linux
00:00:00.000452 main     OS Release: 6.9.3-arch1-1
00:00:00.000453 main     OS Version: #1 SMP PREEMPT_DYNAMIC Fri, 31 May 2024 15:14:45 +0000
00:00:00.000481 main     DMI Product Name: iMac12,2
00:00:00.000492 main     DMI Product Version: 1.0
00:00:00.000499 main     Firmware type: UEFI
00:00:00.000510 main     Secure Boot: Disabled
00:00:00.000552 main     Host RAM: 24011MB (23.4GB) total, 17691MB (17.2GB) available
00:00:00.000556 main     Executable: /opt/VirtualBox/VBoxSVC
00:00:00.000557 main     Process ID: 509575
00:00:00.000557 main     Package type: LINUX_64BITS_GENERIC
00:00:00.001799 main     IPC socket path: /tmp/.vbox-nisidabay-ipc/ipcd
00:00:00.105272 nspr-2   VirtualBox: object creation starts
00:00:00.105332 nspr-2   Home directory: '/home/nisidabay/.config/VirtualBox'
00:00:00.105453 nspr-2   Loading settings file "/home/nisidabay/.config/VirtualBox/VirtualBox.xml" with version "1.12-linux"
00:00:00.112887 nspr-2   HostDnsMonitor: initializing
00:00:00.113435 nspr-2   NAT: resolv.conf: nameserver 212.230.135.1
00:00:00.113450 nspr-2   NAT: resolv.conf: nameserver 212.230.135.2
00:00:00.113470 nspr-2   HostDnsMonitor: updating information
00:00:00.113491 nspr-2   HostDnsMonitor: old information
00:00:00.113496 nspr-2     no server entries
00:00:00.113501 nspr-2     no domain set
00:00:00.113504 nspr-2     no search string entries
00:00:00.113507 nspr-2   HostDnsMonitor: new information
00:00:00.113510 nspr-2     server 1: 212.230.135.1
00:00:00.113514 nspr-2     server 2: 212.230.135.2
00:00:00.113518 nspr-2     domain: home
00:00:00.113521 nspr-2     search string 1: home
00:00:00.117154 nspr-2   Failed to open "/dev/vboxdrvu", errno=2, rc=VERR_VM_DRIVER_NOT_INSTALLED
00:00:00.117464 nspr-2   VD: VDInit finished with VINF_SUCCESS
00:00:00.118903 nspr-2   VirtualBox: object created
00:00:05.127679 main     VirtualBox: object deletion starts
00:00:05.128260 main     HostDnsMonitor: shutting down ...
00:00:05.148583 main     HostDnsMonitor: shut down
00:00:05.159603 Watcher  ERROR [COM]: aRC=E_ACCESSDENIED (0x80070005) aIID={7682d5eb-f00e-44f1-8ca2-99d08b1cd607} aComponent={VirtualBoxWrap} aText={The object is not ready}, preserve=false aResultDetail=0
00:00:05.159776 main     VirtualBox: object deleted
