[11:42:39.433][info] [#0:/home/nisidabay/.config/coc/extensions/coc-lua-data/lua-language-server/main.lua:66]: Lua Lsp startup, root: 	/home/nisidabay/.config/coc/extensions/coc-lua-data/lua-language-server
[11:42:39.433][info] [#0:/home/nisidabay/.config/coc/extensions/coc-lua-data/lua-language-server/main.lua:67]: ROOT:	/home/nisidabay/.config/coc/extensions/coc-lua-data/lua-language-server
[11:42:39.433][info] [#0:/home/nisidabay/.config/coc/extensions/coc-lua-data/lua-language-server/main.lua:68]: LOGPATH:	/home/nisidabay/.config/coc/extensions/coc-lua-data/lua-language-server/log
[11:42:39.433][info] [#0:/home/nisidabay/.config/coc/extensions/coc-lua-data/lua-language-server/main.lua:69]: METAPATH:	/home/nisidabay/.config/coc/extensions/coc-lua-data/lua-language-server/meta
[11:42:39.433][info] [#0:/home/nisidabay/.config/coc/extensions/coc-lua-data/lua-language-server/main.lua:70]: VERSION:	3.7.0
[11:42:39.460][info] [#0:script/service/service.lua:144]: 
========= Medical Examination Report =========
    --------------- Memory ---------------
        Total: 2.140 MB
        # 00 : 2.140 MB
        # 01 : 0.000 MB
        # 02 : 0.000 MB
        # 03 : 0.000 MB
        # 04 : 0.000 MB
    --------------- Coroutine ---------------
        Total:     0
        Running:   0
        Suspended: 0
        Normal:    0
        Dead:      0
    --------------- Cache ---------------
        Total: 1
        Dead:  0
    ---------------  RPC  ---------------
        Holdon:   0
        Waiting:  0
==============================================
[11:42:39.465][info] [#0:script/client.lua:657]: Client init	{
  capabilities = {
    general = {
      markdown = {
        parser = "marked",
        version = "4.0.10"
      },
      positionEncodings = { "utf-16" },
      regularExpressions = {
        engine = "ECMAScript",
        version = "ES2020"
      },
      staleRequestSupport = {
        cancel = true,
        retryOnContentModified = { "textDocument/inlayHint", "textDocument/semanticTokens/full", "textDocument/semanticTokens/range", "textDocument/semanticTokens/full/delta" }
      }
    },
    textDocument = {
      callHierarchy = {
        dynamicRegistration = true
      },
      codeAction = {
        codeActionLiteralSupport = {
          codeActionKind = {
            valueSet = { "", "quickfix", "refactor", "refactor.extract", "refactor.inline", "refactor.rewrite", "source", "source.organizeImports" }
          }
        },
        dataSupport = true,
        disabledSupport = true,
        dynamicRegistration = true,
        honorsChangeAnnotations = false,
        isPreferredSupport = true,
        resolveSupport = {
          properties = { "edit" }
        }
      },
      codeLens = {
        dynamicRegistration = true
      },
      colorProvider = {
        dynamicRegistration = true
      },
      completion = {
        completionItem = {
          commitCharactersSupport = true,
          deprecatedSupport = true,
          documentationFormat = { "markdown", "plaintext" },
          insertReplaceSupport = true,
          insertTextModeSupport = {
            valueSet = { 1, 2 }
          },
          labelDetailsSupport = true,
          preselectSupport = true,
          resolveSupport = {
            properties = { "documentation", "detail", "additionalTextEdits" }
          },
          snippetSupport = true,
          tagSupport = {
            valueSet = { 1 }
          }
        },
        completionItemKind = {
          valueSet = { 1, 2, 3, 4, 5, 6, 7, 8, 9, 10, 11, 12, 13, 14, 15, 16, 17, 18, 19, 20, 21, 22, 23, 24, 25 }
        },
        completionList = {
          itemDefaults = { "commitCharacters", "editRange", "insertTextFormat", "insertTextMode" }
        },
        contextSupport = true,
        dynamicRegistration = true,
        insertTextMode = 2
      },
      declaration = {
        dynamicRegistration = true,
        linkSupport = true
      },
      definition = {
        dynamicRegistration = true,
        linkSupport = true
      },
      diagnostic = {
        dynamicRegistration = true,
        relatedDocumentSupport = true
      },
      documentHighlight = {
        dynamicRegistration = true
      },
      documentLink = {
        dynamicRegistration = true,
        tooltipSupport = true
      },
      documentSymbol = {
        dynamicRegistration = true,
        hierarchicalDocumentSymbolSupport = true,
        labelSupport = true,
        symbolKind = {
          valueSet = { 1, 2, 3, 4, 5, 6, 7, 8, 9, 10, 11, 12, 13, 14, 15, 16, 17, 18, 19, 20, 21, 22, 23, 24, 25, 26 }
        },
        tagSupport = {
          valueSet = { 1 }
        }
      },
      foldingRange = {
        dynamicRegistration = true,
        foldingRange = {
          collapsedText = false
        },
        foldingRangeKind = {
          valueSet = { "comment", "imports", "region" }
        },
        lineFoldingOnly = true,
        rangeLimit = 5000
      },
      formatting = {
        dynamicRegistration = true
      },
      hover = {
        contentFormat = { "markdown", "plaintext" },
        dynamicRegistration = true
      },
      implementation = {
        dynamicRegistration = true,
        linkSupport = true
      },
      inlayHint = {
        dynamicRegistration = true,
        resolveSupport = {
          properties = { "tooltip", "textEdits", "label.tooltip", "label.location", "label.command" }
        }
      },
      inlineValue = {
        dynamicRegistration = true
      },
      linkedEditingRange = {
        dynamicRegistration = true
      },
      onTypeFormatting = {
        dynamicRegistration = true
      },
      publishDiagnostics = {
        codeDescriptionSupport = true,
        dataSupport = true,
        relatedInformation = true,
        tagSupport = {
          valueSet = { 1, 2 }
        },
        versionSupport = true
      },
      rangeFormatting = {
        dynamicRegistration = true
      },
      references = {
        dynamicRegistration = true
      },
      rename = {
        dynamicRegistration = true,
        honorsChangeAnnotations = true,
        prepareSupport = true,
        prepareSupportDefaultBehavior = 1
      },
      selectionRange = {
        dynamicRegistration = true
      },
      semanticTokens = {
        augmentsSyntaxTokens = true,
        dynamicRegistration = true,
        formats = { "relative" },
        multilineTokenSupport = false,
        overlappingTokenSupport = false,
        requests = {
          full = {
            delta = true
          },
          range = true
        },
        serverCancelSupport = true,
        tokenModifiers = { "declaration", "definition", "readonly", "static", "deprecated", "abstract", "async", "modification", "documentation", "defaultLibrary" },
        tokenTypes = { "namespace", "type", "class", "enum", "interface", "struct", "typeParameter", "parameter", "variable", "property", "enumMember", "event", "function", "method", "macro", "keyword", "modifier", "comment", "string", "number", "regexp", "decorator", "operator" }
      },
      signatureHelp = {
        contextSupport = true,
        dynamicRegistration = true,
        signatureInformation = {
          activeParameterSupport = true,
          documentationFormat = { "markdown", "plaintext" },
          parameterInformation = {
            labelOffsetSupport = true
          }
        }
      },
      synchronization = {
        didSave = true,
        dynamicRegistration = true,
        willSave = true,
        willSaveWaitUntil = true
      },
      typeDefinition = {
        dynamicRegistration = true,
        linkSupport = true
      },
      typeHierarchy = {
        dynamicRegistration = true
      }
    },
    window = {
      showDocument = {
        support = true
      },
      showMessage = {
        messageActionItem = {
          additionalPropertiesSupport = true
        }
      },
      workDoneProgress = true
    },
    workspace = {
      applyEdit = true,
      codeLens = {
        refreshSupport = true
      },
      configuration = true,
      diagnostics = {
        refreshSupport = true
      },
      didChangeConfiguration = {
        dynamicRegistration = true
      },
      didChangeWatchedFiles = {
        dynamicRegistration = true,
        relativePatternSupport = true
      },
      executeCommand = {
        dynamicRegistration = true
      },
      fileOperations = {
        didCreate = true,
        didDelete = true,
        didRename = true,
        dynamicRegistration = true,
        willCreate = true,
        willDelete = true,
        willRename = true
      },
      inlayHint = {
        refreshSupport = true
      },
      inlineValue = {
        refreshSupport = true
      },
      semanticTokens = {
        refreshSupport = true
      },
      symbol = {
        dynamicRegistration = true,
        resolveSupport = {
          properties = { "location.range" }
        },
        symbolKind = {
          valueSet = { 1, 2, 3, 4, 5, 6, 7, 8, 9, 10, 11, 12, 13, 14, 15, 16, 17, 18, 19, 20, 21, 22, 23, 24, 25, 26 }
        },
        tagSupport = {
          valueSet = { 1 }
        }
      },
      workspaceEdit = {
        changeAnnotationSupport = {
          groupsOnLabel = false
        },
        documentChanges = true,
        failureHandling = "undo",
        normalizesLineEndings = true,
        resourceOperations = { "create", "rename", "delete" }
      },
      workspaceFolders = true
    }
  },
  clientInfo = {
    name = "coc.nvim",
    version = "0.0.82"
  },
  initializationOptions = {
    changeConfiguration = true
  },
  locale = "es_ES",
  processId = 874374,
  rootPath = "/home/nisidabay/_dotfiles",
  rootUri = "file:///home/nisidabay/_dotfiles",
  trace = "off",
  workDoneToken = "fd04bad0-036b-4343-8a1e-2e04fb575a37",
  workspaceFolders = { {
      name = "_dotfiles",
      uri = "file:///home/nisidabay/_dotfiles"
    } }
}
[11:42:39.465][info] [#0:script/language.lua:137]: VSC language: es_ES
[11:42:39.465][info] [#0:script/language.lua:138]: LS  language: en-us
[11:42:39.465][info] [#0:script/workspace/workspace.lua:38]: Workspace init root: 	file:///home/nisidabay/_dotfiles
[11:42:39.465][info] [#0:script/workspace/workspace.lua:42]: Log path: 	/home/nisidabay/.config/coc/extensions/coc-lua-data/lua-language-server/log/file_home_nisidabay__dotfiles.log
[11:42:39.466][info] [#0:script/workspace/workspace.lua:48]: Workspace create: 	file:///home/nisidabay/_dotfiles
[11:42:39.668][info] [#0:script/provider/provider.lua:46]: Load config from client	file:///home/nisidabay/_dotfiles
[11:42:39.668][info] [#0:script/provider/provider.lua:47]: {
  Lua = {
    addonManager = {
      enable = true
    },
    codeLens = {
      enable = false
    },
    completion = {
      autoRequire = true,
      callSnippet = "Disable",
      displayContext = 0,
      enable = true,
      keywordSnippet = "Replace",
      postfix = "@",
      requireSeparator = ".",
      showParams = true,
      showWord = "Fallback",
      workspaceWord = true
    },
    diagnostics = {
      disable = {},
      disableScheme = { "git" },
      enable = true,
      globals = {},
      ignoredFiles = "Opened",
      libraryFiles = "Opened",
      unusedLocalExclude = {},
      workspaceDelay = 3000,
      workspaceEvent = "OnSave",
      workspaceRate = 100
    },
    doc = {
      packageName = {},
      privateName = {},
      protectedName = {}
    },
    format = {
      defaultConfig = {},
      enable = true
    },
    hint = {
      arrayIndex = "Auto",
      await = true,
      enable = false,
      paramName = "All",
      paramType = true,
      semicolon = "SameLine",
      setType = false
    },
    hover = {
      enable = true,
      enumsLimit = 5,
      expandAlias = true,
      previewFields = 50,
      viewNumber = true,
      viewString = true,
      viewStringMax = 1000
    },
    misc = {
      executablePath = "",
      parameters = {}
    },
    runtime = {
      fileEncoding = "utf8",
      meta = "${version} ${language} ${encoding}",
      nonstandardSymbol = {},
      path = { "?.lua", "?/init.lua" },
      pathStrict = false,
      plugin = "",
      pluginArgs = {},
      special = {},
      unicodeName = false,
      version = "Lua 5.4"
    },
    semantic = {
      annotation = true,
      enable = true,
      keyword = false,
      variable = true
    },
    signatureHelp = {
      enable = true
    },
    spell = {
      dict = {}
    },
    type = {
      castNumberToInteger = true,
      weakNilCheck = false,
      weakUnionCheck = false
    },
    window = {
      progressBar = true,
      statusBar = true
    },
    workspace = {
      checkThirdParty = true,
      ignoreDir = { ".vscode" },
      ignoreSubmodules = true,
      library = {},
      maxPreload = 5000,
      preloadFileSize = 500,
      useGitIgnore = true,
      userThirdParty = {}
    }
  }
}
[11:42:39.769][info] [#0:script/provider/completion.lua:43]: Enable completion.
[11:42:39.769][info] [#0:script/provider/provider.lua:61]: Load config from client	fallback
[11:42:39.769][info] [#0:script/provider/provider.lua:62]: {
  Lua = {
    addonManager = {
      enable = true
    },
    codeLens = {
      enable = false
    },
    completion = {
      autoRequire = true,
      callSnippet = "Disable",
      displayContext = 0,
      enable = true,
      keywordSnippet = "Replace",
      postfix = "@",
      requireSeparator = ".",
      showParams = true,
      showWord = "Fallback",
      workspaceWord = true
    },
    diagnostics = {
      disable = {},
      disableScheme = { "git" },
      enable = true,
      globals = {},
      ignoredFiles = "Opened",
      libraryFiles = "Opened",
      unusedLocalExclude = {},
      workspaceDelay = 3000,
      workspaceEvent = "OnSave",
      workspaceRate = 100
    },
    doc = {
      packageName = {},
      privateName = {},
      protectedName = {}
    },
    format = {
      defaultConfig = {},
      enable = true
    },
    hint = {
      arrayIndex = "Auto",
      await = true,
      enable = false,
      paramName = "All",
      paramType = true,
      semicolon = "SameLine",
      setType = false
    },
    hover = {
      enable = true,
      enumsLimit = 5,
      expandAlias = true,
      previewFields = 50,
      viewNumber = true,
      viewString = true,
      viewStringMax = 1000
    },
    misc = {
      executablePath = "",
      parameters = {}
    },
    runtime = {
      fileEncoding = "utf8",
      meta = "${version} ${language} ${encoding}",
      nonstandardSymbol = {},
      path = { "?.lua", "?/init.lua" },
      pathStrict = false,
      plugin = "",
      pluginArgs = {},
      special = {},
      unicodeName = false,
      version = "Lua 5.4"
    },
    semantic = {
      annotation = true,
      enable = true,
      keyword = false,
      variable = true
    },
    signatureHelp = {
      enable = true
    },
    spell = {
      dict = {}
    },
    type = {
      castNumberToInteger = true,
      weakNilCheck = false,
      weakUnionCheck = false
    },
    window = {
      progressBar = true,
      statusBar = true
    },
    workspace = {
      checkThirdParty = true,
      ignoreDir = { ".vscode" },
      ignoreSubmodules = true,
      library = {},
      maxPreload = 5000,
      preloadFileSize = 500,
      useGitIgnore = true,
      userThirdParty = {}
    }
  }
}
[11:42:39.970][info] [#0:script/library.lua:212]: Init builtin library at:	file:///home/nisidabay/_dotfiles
[11:42:40.039][info] [#0:script/plugin.lua:86]: plugin path:	/home/nisidabay/_dotfiles
[11:42:40.039][warn] [#0:script/plugin.lua:101]: plugin not found:	/home/nisidabay/_dotfiles
[11:42:40.039][info] [#0:script/library.lua:212]: Init builtin library at:	nil
[11:42:40.158][info] [#0:script/workspace/workspace.lua:324]: Preload start:	file:///home/nisidabay/_dotfiles
[11:42:40.162][info] [#0:script/workspace/workspace.lua:330]: Scan files at:	file:///home/nisidabay/_dotfiles
[11:42:40.193][info] [#0:script/workspace/workspace.lua:324]: Preload start:	<fallback>
[11:42:40.197][info] [#0:script/workspace/workspace.lua:353]: Scan library at:	file:///home/nisidabay/.config/coc/extensions/coc-lua-data/lua-language-server/meta/Lua%205.4%20en-us%20utf8/table.lua
[11:42:40.197][info] [#0:script/workspace/workspace.lua:353]: Scan library at:	file:///home/nisidabay/.config/coc/extensions/coc-lua-data/lua-language-server/meta/Lua%205.4%20en-us%20utf8/utf8.lua
[11:42:40.197][info] [#0:script/workspace/workspace.lua:353]: Scan library at:	file:///home/nisidabay/.config/coc/extensions/coc-lua-data/lua-language-server/meta/Lua%205.4%20en-us%20utf8/builtin.lua
[11:42:40.198][info] [#0:script/workspace/workspace.lua:353]: Scan library at:	file:///home/nisidabay/.config/coc/extensions/coc-lua-data/lua-language-server/meta/Lua%205.4%20en-us%20utf8/os.lua
[11:42:40.199][info] [#0:script/workspace/workspace.lua:353]: Scan library at:	file:///home/nisidabay/.config/coc/extensions/coc-lua-data/lua-language-server/meta/Lua%205.4%20en-us%20utf8/basic.lua
[11:42:40.199][info] [#0:script/workspace/workspace.lua:353]: Scan library at:	file:///home/nisidabay/.config/coc/extensions/coc-lua-data/lua-language-server/meta/Lua%205.4%20en-us%20utf8/package.lua
[11:42:40.199][info] [#0:script/workspace/workspace.lua:353]: Scan library at:	file:///home/nisidabay/.config/coc/extensions/coc-lua-data/lua-language-server/meta/Lua%205.4%20en-us%20utf8/coroutine.lua
[11:42:40.200][info] [#0:script/workspace/workspace.lua:353]: Scan library at:	file:///home/nisidabay/.config/coc/extensions/coc-lua-data/lua-language-server/meta/Lua%205.4%20en-us%20utf8/math.lua
[11:42:40.200][info] [#0:script/workspace/workspace.lua:353]: Scan library at:	file:///home/nisidabay/.config/coc/extensions/coc-lua-data/lua-language-server/meta/Lua%205.4%20en-us%20utf8/string.lua
[11:42:40.200][info] [#0:script/workspace/workspace.lua:353]: Scan library at:	file:///home/nisidabay/.config/coc/extensions/coc-lua-data/lua-language-server/meta/Lua%205.4%20en-us%20utf8/debug.lua
[11:42:40.200][info] [#0:script/workspace/workspace.lua:353]: Scan library at:	file:///home/nisidabay/.config/coc/extensions/coc-lua-data/lua-language-server/meta/Lua%205.4%20en-us%20utf8/io.lua
[11:42:40.300][info] [#0:script/workspace/workspace.lua:379]: Found 11 files at:	<fallback>
[11:42:40.300][info] [#0:script/workspace/loading.lua:161]: Load files from disk:	<fallback>
[11:42:40.301][info] [#0:script/workspace/loading.lua:101]: Preload file at: file:///home/nisidabay/.config/coc/extensions/coc-lua-data/lua-language-server/meta/Lua%205.4%20en-us%20utf8/io.lua , size = 6.364 KB
[11:42:40.306][info] [#0:script/workspace/loading.lua:113]: ++++As library of:	file:///home/nisidabay/.config/coc/extensions/coc-lua-data/lua-language-server/meta/Lua%205.4%20en-us%20utf8/io.lua
[11:42:40.306][info] [#0:script/workspace/loading.lua:101]: Preload file at: file:///home/nisidabay/.config/coc/extensions/coc-lua-data/lua-language-server/meta/Lua%205.4%20en-us%20utf8/debug.lua , size = 7.637 KB
[11:42:40.313][info] [#0:script/workspace/loading.lua:113]: ++++As library of:	file:///home/nisidabay/.config/coc/extensions/coc-lua-data/lua-language-server/meta/Lua%205.4%20en-us%20utf8/debug.lua
[11:42:40.313][info] [#0:script/workspace/loading.lua:101]: Preload file at: file:///home/nisidabay/.config/coc/extensions/coc-lua-data/lua-language-server/meta/Lua%205.4%20en-us%20utf8/string.lua , size = 6.341 KB
[11:42:40.318][info] [#0:script/workspace/loading.lua:113]: ++++As library of:	file:///home/nisidabay/.config/coc/extensions/coc-lua-data/lua-language-server/meta/Lua%205.4%20en-us%20utf8/string.lua
[11:42:40.318][info] [#0:script/workspace/loading.lua:101]: Preload file at: file:///home/nisidabay/.config/coc/extensions/coc-lua-data/lua-language-server/meta/Lua%205.4%20en-us%20utf8/math.lua , size = 8.509 KB
[11:42:40.324][info] [#0:script/workspace/loading.lua:113]: ++++As library of:	file:///home/nisidabay/.config/coc/extensions/coc-lua-data/lua-language-server/meta/Lua%205.4%20en-us%20utf8/math.lua
[11:42:40.324][info] [#0:script/workspace/loading.lua:101]: Preload file at: file:///home/nisidabay/.config/coc/extensions/coc-lua-data/lua-language-server/meta/Lua%205.4%20en-us%20utf8/coroutine.lua , size = 2.590 KB
[11:42:40.326][info] [#0:script/workspace/loading.lua:113]: ++++As library of:	file:///home/nisidabay/.config/coc/extensions/coc-lua-data/lua-language-server/meta/Lua%205.4%20en-us%20utf8/coroutine.lua
[11:42:40.327][info] [#0:script/workspace/loading.lua:101]: Preload file at: file:///home/nisidabay/.config/coc/extensions/coc-lua-data/lua-language-server/meta/Lua%205.4%20en-us%20utf8/package.lua , size = 2.944 KB
[11:42:40.328][info] [#0:script/workspace/loading.lua:113]: ++++As library of:	file:///home/nisidabay/.config/coc/extensions/coc-lua-data/lua-language-server/meta/Lua%205.4%20en-us%20utf8/package.lua
[11:42:40.328][info] [#0:script/workspace/loading.lua:101]: Preload file at: file:///home/nisidabay/.config/coc/extensions/coc-lua-data/lua-language-server/meta/Lua%205.4%20en-us%20utf8/basic.lua , size = 15.336 KB
[11:42:40.339][info] [#0:script/workspace/loading.lua:113]: ++++As library of:	file:///home/nisidabay/.config/coc/extensions/coc-lua-data/lua-language-server/meta/Lua%205.4%20en-us%20utf8/basic.lua
[11:42:40.340][info] [#0:script/workspace/loading.lua:101]: Preload file at: file:///home/nisidabay/.config/coc/extensions/coc-lua-data/lua-language-server/meta/Lua%205.4%20en-us%20utf8/os.lua , size = 5.600 KB
[11:42:40.344][info] [#0:script/workspace/loading.lua:113]: ++++As library of:	file:///home/nisidabay/.config/coc/extensions/coc-lua-data/lua-language-server/meta/Lua%205.4%20en-us%20utf8/os.lua
[11:42:40.344][info] [#0:script/workspace/loading.lua:101]: Preload file at: file:///home/nisidabay/.config/coc/extensions/coc-lua-data/lua-language-server/meta/Lua%205.4%20en-us%20utf8/builtin.lua , size = 0.302 KB
[11:42:40.344][info] [#0:script/workspace/loading.lua:113]: ++++As library of:	file:///home/nisidabay/.config/coc/extensions/coc-lua-data/lua-language-server/meta/Lua%205.4%20en-us%20utf8/builtin.lua
[11:42:40.344][info] [#0:script/workspace/loading.lua:101]: Preload file at: file:///home/nisidabay/.config/coc/extensions/coc-lua-data/lua-language-server/meta/Lua%205.4%20en-us%20utf8/utf8.lua , size = 2.386 KB
[11:42:40.346][info] [#0:script/workspace/loading.lua:113]: ++++As library of:	file:///home/nisidabay/.config/coc/extensions/coc-lua-data/lua-language-server/meta/Lua%205.4%20en-us%20utf8/utf8.lua
[11:42:40.346][info] [#0:script/workspace/loading.lua:101]: Preload file at: file:///home/nisidabay/.config/coc/extensions/coc-lua-data/lua-language-server/meta/Lua%205.4%20en-us%20utf8/table.lua , size = 4.230 KB
[11:42:40.350][info] [#0:script/workspace/loading.lua:113]: ++++As library of:	file:///home/nisidabay/.config/coc/extensions/coc-lua-data/lua-language-server/meta/Lua%205.4%20en-us%20utf8/table.lua
[11:42:40.350][info] [#0:script/workspace/loading.lua:173]: Loaded files takes [0.052] sec: <fallback>
[11:42:40.350][info] [#0:script/workspace/loading.lua:182]: Compile files takes [0.000] sec: <fallback>
[11:42:40.350][info] [#0:script/workspace/loading.lua:183]: Loaded finish:	<fallback>
[11:42:40.350][info] [#0:script/workspace/workspace.lua:381]: Preload finish at:	<fallback>
[11:42:40.356][warn] [#0:script/proto/proto.lua:138]: Response of [workspace/diagnostic/refresh] error [-32601]: Unhandled method workspace/diagnostic/refresh
[11:42:40.363][info] [#0:script/workspace/workspace.lua:353]: Scan library at:	file:///home/nisidabay/.config/coc/extensions/coc-lua-data/lua-language-server/meta/Lua%205.4%20en-us%20utf8/table.lua
[11:42:40.363][info] [#0:script/workspace/workspace.lua:353]: Scan library at:	file:///home/nisidabay/.config/coc/extensions/coc-lua-data/lua-language-server/meta/Lua%205.4%20en-us%20utf8/utf8.lua
[11:42:40.363][info] [#0:script/workspace/workspace.lua:353]: Scan library at:	file:///home/nisidabay/.config/coc/extensions/coc-lua-data/lua-language-server/meta/Lua%205.4%20en-us%20utf8/builtin.lua
[11:42:40.363][info] [#0:script/workspace/workspace.lua:353]: Scan library at:	file:///home/nisidabay/.config/coc/extensions/coc-lua-data/lua-language-server/meta/Lua%205.4%20en-us%20utf8/os.lua
[11:42:40.363][info] [#0:script/workspace/workspace.lua:353]: Scan library at:	file:///home/nisidabay/.config/coc/extensions/coc-lua-data/lua-language-server/meta/Lua%205.4%20en-us%20utf8/basic.lua
[11:42:40.363][info] [#0:script/workspace/workspace.lua:353]: Scan library at:	file:///home/nisidabay/.config/coc/extensions/coc-lua-data/lua-language-server/meta/Lua%205.4%20en-us%20utf8/package.lua
[11:42:40.363][info] [#0:script/workspace/workspace.lua:353]: Scan library at:	file:///home/nisidabay/.config/coc/extensions/coc-lua-data/lua-language-server/meta/Lua%205.4%20en-us%20utf8/coroutine.lua
[11:42:40.364][info] [#0:script/workspace/workspace.lua:353]: Scan library at:	file:///home/nisidabay/.config/coc/extensions/coc-lua-data/lua-language-server/meta/Lua%205.4%20en-us%20utf8/math.lua
[11:42:40.364][info] [#0:script/workspace/workspace.lua:353]: Scan library at:	file:///home/nisidabay/.config/coc/extensions/coc-lua-data/lua-language-server/meta/Lua%205.4%20en-us%20utf8/string.lua
[11:42:40.364][info] [#0:script/workspace/workspace.lua:353]: Scan library at:	file:///home/nisidabay/.config/coc/extensions/coc-lua-data/lua-language-server/meta/Lua%205.4%20en-us%20utf8/debug.lua
[11:42:40.364][info] [#0:script/workspace/workspace.lua:353]: Scan library at:	file:///home/nisidabay/.config/coc/extensions/coc-lua-data/lua-language-server/meta/Lua%205.4%20en-us%20utf8/io.lua
[11:42:40.464][info] [#0:script/workspace/workspace.lua:379]: Found 61 files at:	file:///home/nisidabay/_dotfiles
[11:42:40.464][info] [#0:script/workspace/loading.lua:161]: Load files from disk:	file:///home/nisidabay/_dotfiles
[11:42:40.464][info] [#0:script/workspace/loading.lua:89]: Skip loaded file: file:///home/nisidabay/.config/coc/extensions/coc-lua-data/lua-language-server/meta/Lua%205.4%20en-us%20utf8/io.lua
[11:42:40.464][info] [#0:script/workspace/loading.lua:113]: ++++As library of:	file:///home/nisidabay/.config/coc/extensions/coc-lua-data/lua-language-server/meta/Lua%205.4%20en-us%20utf8/io.lua
[11:42:40.466][info] [#0:script/workspace/loading.lua:89]: Skip loaded file: file:///home/nisidabay/.config/coc/extensions/coc-lua-data/lua-language-server/meta/Lua%205.4%20en-us%20utf8/debug.lua
[11:42:40.466][info] [#0:script/workspace/loading.lua:113]: ++++As library of:	file:///home/nisidabay/.config/coc/extensions/coc-lua-data/lua-language-server/meta/Lua%205.4%20en-us%20utf8/debug.lua
[11:42:40.467][info] [#0:script/workspace/loading.lua:89]: Skip loaded file: file:///home/nisidabay/.config/coc/extensions/coc-lua-data/lua-language-server/meta/Lua%205.4%20en-us%20utf8/string.lua
[11:42:40.467][info] [#0:script/workspace/loading.lua:113]: ++++As library of:	file:///home/nisidabay/.config/coc/extensions/coc-lua-data/lua-language-server/meta/Lua%205.4%20en-us%20utf8/string.lua
[11:42:40.468][info] [#0:script/workspace/loading.lua:89]: Skip loaded file: file:///home/nisidabay/.config/coc/extensions/coc-lua-data/lua-language-server/meta/Lua%205.4%20en-us%20utf8/math.lua
[11:42:40.468][info] [#0:script/workspace/loading.lua:113]: ++++As library of:	file:///home/nisidabay/.config/coc/extensions/coc-lua-data/lua-language-server/meta/Lua%205.4%20en-us%20utf8/math.lua
[11:42:40.473][info] [#0:script/workspace/loading.lua:89]: Skip loaded file: file:///home/nisidabay/.config/coc/extensions/coc-lua-data/lua-language-server/meta/Lua%205.4%20en-us%20utf8/coroutine.lua
[11:42:40.473][info] [#0:script/workspace/loading.lua:113]: ++++As library of:	file:///home/nisidabay/.config/coc/extensions/coc-lua-data/lua-language-server/meta/Lua%205.4%20en-us%20utf8/coroutine.lua
[11:42:40.474][info] [#0:script/workspace/loading.lua:89]: Skip loaded file: file:///home/nisidabay/.config/coc/extensions/coc-lua-data/lua-language-server/meta/Lua%205.4%20en-us%20utf8/package.lua
[11:42:40.474][info] [#0:script/workspace/loading.lua:113]: ++++As library of:	file:///home/nisidabay/.config/coc/extensions/coc-lua-data/lua-language-server/meta/Lua%205.4%20en-us%20utf8/package.lua
[11:42:40.475][info] [#0:script/workspace/loading.lua:89]: Skip loaded file: file:///home/nisidabay/.config/coc/extensions/coc-lua-data/lua-language-server/meta/Lua%205.4%20en-us%20utf8/basic.lua
[11:42:40.475][info] [#0:script/workspace/loading.lua:113]: ++++As library of:	file:///home/nisidabay/.config/coc/extensions/coc-lua-data/lua-language-server/meta/Lua%205.4%20en-us%20utf8/basic.lua
[11:42:40.477][info] [#0:script/workspace/loading.lua:89]: Skip loaded file: file:///home/nisidabay/.config/coc/extensions/coc-lua-data/lua-language-server/meta/Lua%205.4%20en-us%20utf8/os.lua
[11:42:40.477][info] [#0:script/workspace/loading.lua:113]: ++++As library of:	file:///home/nisidabay/.config/coc/extensions/coc-lua-data/lua-language-server/meta/Lua%205.4%20en-us%20utf8/os.lua
[11:42:40.478][info] [#0:script/workspace/loading.lua:89]: Skip loaded file: file:///home/nisidabay/.config/coc/extensions/coc-lua-data/lua-language-server/meta/Lua%205.4%20en-us%20utf8/builtin.lua
[11:42:40.478][info] [#0:script/workspace/loading.lua:113]: ++++As library of:	file:///home/nisidabay/.config/coc/extensions/coc-lua-data/lua-language-server/meta/Lua%205.4%20en-us%20utf8/builtin.lua
[11:42:40.479][info] [#0:script/workspace/loading.lua:89]: Skip loaded file: file:///home/nisidabay/.config/coc/extensions/coc-lua-data/lua-language-server/meta/Lua%205.4%20en-us%20utf8/utf8.lua
[11:42:40.479][info] [#0:script/workspace/loading.lua:113]: ++++As library of:	file:///home/nisidabay/.config/coc/extensions/coc-lua-data/lua-language-server/meta/Lua%205.4%20en-us%20utf8/utf8.lua
[11:42:40.480][info] [#0:script/workspace/loading.lua:89]: Skip loaded file: file:///home/nisidabay/.config/coc/extensions/coc-lua-data/lua-language-server/meta/Lua%205.4%20en-us%20utf8/table.lua
[11:42:40.480][info] [#0:script/workspace/loading.lua:113]: ++++As library of:	file:///home/nisidabay/.config/coc/extensions/coc-lua-data/lua-language-server/meta/Lua%205.4%20en-us%20utf8/table.lua
[11:42:40.481][info] [#0:script/workspace/loading.lua:89]: Skip loaded file: file:///home/nisidabay/_dotfiles/folders_to_config_dir/nvim/init.lua
[11:42:40.482][info] [#0:script/workspace/loading.lua:101]: Preload file at: file:///home/nisidabay/_dotfiles/folders_to_config_dir/nvim/lua/config/autocmds.lua , size = 0.208 KB
[11:42:40.483][info] [#0:script/workspace/loading.lua:101]: Preload file at: file:///home/nisidabay/_dotfiles/folders_to_config_dir/nvim/lua/config/keymaps.lua , size = 10.362 KB
[11:42:40.489][info] [#0:script/workspace/loading.lua:101]: Preload file at: file:///home/nisidabay/_dotfiles/folders_to_config_dir/nvim/lua/config/options.lua , size = 1.810 KB
[11:42:40.491][info] [#0:script/workspace/loading.lua:101]: Preload file at: file:///home/nisidabay/_dotfiles/folders_to_config_dir/nvim/lua/config/modules/snippets.lua , size = 7.135 KB
[11:42:40.496][info] [#0:script/workspace/loading.lua:101]: Preload file at: file:///home/nisidabay/_dotfiles/folders_to_config_dir/nvim/lua/config/lazy.lua , size = 1.715 KB
[11:42:40.497][info] [#0:script/workspace/loading.lua:101]: Preload file at: file:///home/nisidabay/_dotfiles/folders_to_config_dir/nvim/lua/lsp/none-ls.lua , size = 2.484 KB
[11:42:40.498][info] [#0:script/workspace/loading.lua:101]: Preload file at: file:///home/nisidabay/_dotfiles/folders_to_config_dir/nvim/lua/lsp/mason.lua , size = 1.284 KB
[11:42:40.499][info] [#0:script/workspace/loading.lua:101]: Preload file at: file:///home/nisidabay/_dotfiles/folders_to_config_dir/nvim/lua/lsp/lspconfig.lua , size = 4.538 KB
[11:42:40.502][info] [#0:script/workspace/loading.lua:101]: Preload file at: file:///home/nisidabay/_dotfiles/folders_to_config_dir/nvim/lua/plugins/tmux.lua , size = 0.535 KB
[11:42:40.503][info] [#0:script/workspace/loading.lua:101]: Preload file at: file:///home/nisidabay/_dotfiles/folders_to_config_dir/nvim/lua/plugins/harpoon.lua , size = 1.104 KB
[11:42:40.503][info] [#0:script/workspace/loading.lua:101]: Preload file at: file:///home/nisidabay/_dotfiles/folders_to_config_dir/nvim/lua/plugins/which-key.lua , size = 0.285 KB
[11:42:40.504][info] [#0:script/workspace/loading.lua:101]: Preload file at: file:///home/nisidabay/_dotfiles/folders_to_config_dir/nvim/lua/plugins/formatting.lua , size = 0.798 KB
[11:42:40.505][info] [#0:script/workspace/loading.lua:101]: Preload file at: file:///home/nisidabay/_dotfiles/folders_to_config_dir/nvim/lua/plugins/colorizer.lua , size = 0.099 KB
[11:42:40.505][info] [#0:script/workspace/loading.lua:101]: Preload file at: file:///home/nisidabay/_dotfiles/folders_to_config_dir/nvim/lua/plugins/notify.lua , size = 0.197 KB
[11:42:40.505][info] [#0:script/workspace/loading.lua:101]: Preload file at: file:///home/nisidabay/_dotfiles/folders_to_config_dir/nvim/lua/plugins/dasht-vim.lua , size = 0.546 KB
[11:42:40.506][info] [#0:script/workspace/loading.lua:101]: Preload file at: file:///home/nisidabay/_dotfiles/folders_to_config_dir/nvim/lua/plugins/lualine.lua , size = 2.066 KB
[11:42:40.508][info] [#0:script/workspace/loading.lua:101]: Preload file at: file:///home/nisidabay/_dotfiles/folders_to_config_dir/nvim/lua/plugins/dressing.lua , size = 0.060 KB
[11:42:40.508][info] [#0:script/workspace/loading.lua:101]: Preload file at: file:///home/nisidabay/_dotfiles/folders_to_config_dir/nvim/lua/plugins/completions.lua , size = 1.105 KB
[11:42:40.509][info] [#0:script/workspace/loading.lua:101]: Preload file at: file:///home/nisidabay/_dotfiles/folders_to_config_dir/nvim/lua/plugins/alpha-nvim.lua , size = 4.262 KB
[11:42:40.510][info] [#0:script/workspace/loading.lua:101]: Preload file at: file:///home/nisidabay/_dotfiles/folders_to_config_dir/nvim/lua/plugins/undotree.lua , size = 0.117 KB
[11:42:40.511][info] [#0:script/workspace/loading.lua:101]: Preload file at: file:///home/nisidabay/_dotfiles/folders_to_config_dir/nvim/lua/plugins/Fterm.lua , size = 0.537 KB
[11:42:40.511][info] [#0:script/workspace/loading.lua:101]: Preload file at: file:///home/nisidabay/_dotfiles/folders_to_config_dir/nvim/lua/plugins/fugitive.lua , size = 0.726 KB
[11:42:40.512][info] [#0:script/workspace/loading.lua:101]: Preload file at: file:///home/nisidabay/_dotfiles/folders_to_config_dir/nvim/lua/plugins/go.lua , size = 0.629 KB
[11:42:40.513][info] [#0:script/workspace/loading.lua:101]: Preload file at: file:///home/nisidabay/_dotfiles/folders_to_config_dir/nvim/lua/plugins/vimwiki.lua , size = 0.992 KB
[11:42:40.513][info] [#0:script/workspace/loading.lua:101]: Preload file at: file:///home/nisidabay/_dotfiles/folders_to_config_dir/nvim/lua/plugins/vim-tagbar.lua , size = 0.112 KB
[11:42:40.514][info] [#0:script/workspace/loading.lua:101]: Preload file at: file:///home/nisidabay/_dotfiles/folders_to_config_dir/nvim/lua/plugins/trouble.lua , size = 0.202 KB
[11:42:40.520][info] [#0:script/workspace/loading.lua:101]: Preload file at: file:///home/nisidabay/_dotfiles/folders_to_config_dir/nvim/lua/plugins/nvim-tree.lua , size = 1.845 KB
[11:42:40.521][info] [#0:script/workspace/loading.lua:101]: Preload file at: file:///home/nisidabay/_dotfiles/folders_to_config_dir/nvim/lua/plugins/telescope.lua , size = 4.063 KB
[11:42:40.523][info] [#0:script/workspace/loading.lua:101]: Preload file at: file:///home/nisidabay/_dotfiles/folders_to_config_dir/nvim/lua/plugins/colorsheme.lua , size = 0.075 KB
[11:42:40.523][info] [#0:script/workspace/loading.lua:101]: Preload file at: file:///home/nisidabay/_dotfiles/folders_to_config_dir/nvim/lua/plugins/comment.lua , size = 0.500 KB
[11:42:40.524][info] [#0:script/workspace/loading.lua:101]: Preload file at: file:///home/nisidabay/_dotfiles/folders_to_config_dir/nvim/lua/plugins/nvim-surround.lua , size = 0.183 KB
[11:42:40.524][info] [#0:script/workspace/loading.lua:101]: Preload file at: file:///home/nisidabay/_dotfiles/folders_to_config_dir/nvim/lua/plugins/nvim-autopairs.lua , size = 0.896 KB
[11:42:40.525][info] [#0:script/workspace/loading.lua:101]: Preload file at: file:///home/nisidabay/_dotfiles/folders_to_config_dir/nvim/lua/plugins/auto-session.lua , size = 0.645 KB
[11:42:40.525][info] [#0:script/workspace/loading.lua:101]: Preload file at: file:///home/nisidabay/_dotfiles/folders_to_config_dir/nvim/lua/plugins/replace_register.lua , size = 0.107 KB
[11:42:40.525][info] [#0:script/workspace/loading.lua:101]: Preload file at: file:///home/nisidabay/_dotfiles/folders_to_config_dir/nvim/lua/plugins/linting.lua , size = 0.816 KB
[11:42:40.526][info] [#0:script/workspace/loading.lua:101]: Preload file at: file:///home/nisidabay/_dotfiles/folders_to_config_dir/nvim/lua/plugins/bufferline.lua , size = 0.197 KB
[11:42:40.526][info] [#0:script/workspace/loading.lua:101]: Preload file at: file:///home/nisidabay/_dotfiles/folders_to_config_dir/nvim/lua/plugins/vim-signature.lua , size = 0.037 KB
[11:42:40.527][info] [#0:script/workspace/loading.lua:101]: Preload file at: file:///home/nisidabay/_dotfiles/folders_to_config_dir/nvim/lua/plugins/rose-pine.lua , size = 2.070 KB
[11:42:40.528][info] [#0:script/workspace/loading.lua:101]: Preload file at: file:///home/nisidabay/_dotfiles/folders_to_config_dir/nvim/lua/plugins/vim-maximizer.lua , size = 0.133 KB
[11:42:40.528][info] [#0:script/workspace/loading.lua:101]: Preload file at: file:///home/nisidabay/_dotfiles/folders_to_config_dir/nvim/lua/plugins/calendar-vim.lua , size = 0.197 KB
[11:42:40.528][info] [#0:script/workspace/loading.lua:101]: Preload file at: file:///home/nisidabay/_dotfiles/folders_to_config_dir/nvim/lua/plugins/nvim-treesitter-text-objects.lua , size = 6.041 KB
[11:42:40.531][info] [#0:script/workspace/loading.lua:101]: Preload file at: file:///home/nisidabay/_dotfiles/folders_to_config_dir/nvim/lua/plugins/gitsigns.lua , size = 0.405 KB
[11:42:40.531][info] [#0:script/workspace/loading.lua:101]: Preload file at: file:///home/nisidabay/_dotfiles/folders_to_config_dir/nvim/lua/plugins/tokyo.lua , size = 0.084 KB
[11:42:40.532][info] [#0:script/workspace/loading.lua:101]: Preload file at: file:///home/nisidabay/_dotfiles/folders_to_config_dir/nvim/lua/plugins/todo.lua , size = 0.714 KB
[11:42:40.532][info] [#0:script/workspace/loading.lua:101]: Preload file at: file:///home/nisidabay/_dotfiles/folders_to_config_dir/nvim/lua/plugins/nvim-cmp.lua , size = 1.904 KB
[11:42:40.533][info] [#0:script/workspace/loading.lua:101]: Preload file at: file:///home/nisidabay/_dotfiles/folders_to_config_dir/nvim/lua/plugins/nvim-web-devicons.lua , size = 0.274 KB
[11:42:40.634][info] [#0:script/workspace/loading.lua:101]: Preload file at: file:///home/nisidabay/_dotfiles/folders_to_config_dir/nvim/lua/plugins/gruvbox.lua , size = 0.078 KB
[11:42:40.634][info] [#0:script/workspace/loading.lua:101]: Preload file at: file:///home/nisidabay/_dotfiles/folders_to_config_dir/nvim/lua/plugins/catppuccin.lua , size = 0.170 KB
[11:42:40.635][info] [#0:script/workspace/loading.lua:101]: Preload file at: file:///home/nisidabay/_dotfiles/folders_to_config_dir/nvim/lua/plugins/nvim-treesitter.lua , size = 1.784 KB
[11:42:40.736][info] [#0:script/workspace/loading.lua:173]: Loaded files takes [0.073] sec: file:///home/nisidabay/_dotfiles
[11:42:40.736][info] [#0:script/workspace/loading.lua:182]: Compile files takes [0.000] sec: file:///home/nisidabay/_dotfiles
[11:42:40.736][info] [#0:script/workspace/loading.lua:183]: Loaded finish:	file:///home/nisidabay/_dotfiles
[11:42:40.736][info] [#0:script/workspace/workspace.lua:381]: Preload finish at:	file:///home/nisidabay/_dotfiles
[11:42:40.748][info] [#0:script/provider/diagnostic.lua:557]: Diagnostics scope [file:///home/nisidabay/_dotfiles], files count:[61]
[11:42:40.748][warn] [#0:script/proto/proto.lua:138]: Response of [workspace/diagnostic/refresh] error [-32601]: Unhandled method workspace/diagnostic/refresh
[11:42:41.001][info] [#0:script/provider/diagnostic.lua:574]: Diagnostics scope [file:///home/nisidabay/_dotfiles] finished, takes [0.253] sec.
