[04:05:05.211][info] [#0:/home/nisidabay/dotfiles/config/.config/coc/extensions/coc-lua-data/lua-language-server/main.lua:66]: Lua Lsp startup, root: 	/home/nisidabay/dotfiles/config/.config/coc/extensions/coc-lua-data/lua-language-server
[04:05:05.211][info] [#0:/home/nisidabay/dotfiles/config/.config/coc/extensions/coc-lua-data/lua-language-server/main.lua:67]: ROOT:	/home/nisidabay/dotfiles/config/.config/coc/extensions/coc-lua-data/lua-language-server
[04:05:05.211][info] [#0:/home/nisidabay/dotfiles/config/.config/coc/extensions/coc-lua-data/lua-language-server/main.lua:68]: LOGPATH:	/home/nisidabay/dotfiles/config/.config/coc/extensions/coc-lua-data/lua-language-server/log
[04:05:05.211][info] [#0:/home/nisidabay/dotfiles/config/.config/coc/extensions/coc-lua-data/lua-language-server/main.lua:69]: METAPATH:	/home/nisidabay/dotfiles/config/.config/coc/extensions/coc-lua-data/lua-language-server/meta
[04:05:05.211][info] [#0:/home/nisidabay/dotfiles/config/.config/coc/extensions/coc-lua-data/lua-language-server/main.lua:70]: VERSION:	3.7.0
[04:05:05.242][info] [#0:script/service/service.lua:144]: 
========= Medical Examination Report =========
    --------------- Memory ---------------
        Total: 2.142 MB
        # 00 : 2.142 MB
        # 01 : 0.000 MB
        # 02 : 0.000 MB
        # 03 : 0.000 MB
        # 04 : 0.000 MB
    --------------- Coroutine ---------------
        Total:     0
        Running:   0
        Suspended: 0
        Normal:    0
        Dead:      0
    --------------- Cache ---------------
        Total: 1
        Dead:  0
    ---------------  RPC  ---------------
        Holdon:   0
        Waiting:  0
==============================================
[04:05:05.248][info] [#0:script/client.lua:657]: Client init	{
  capabilities = {
    general = {
      markdown = {
        parser = "marked",
        version = "4.0.10"
      },
      positionEncodings = { "utf-16" },
      regularExpressions = {
        engine = "ECMAScript",
        version = "ES2020"
      },
      staleRequestSupport = {
        cancel = true,
        retryOnContentModified = { "textDocument/inlayHint", "textDocument/semanticTokens/full", "textDocument/semanticTokens/range", "textDocument/semanticTokens/full/delta" }
      }
    },
    textDocument = {
      callHierarchy = {
        dynamicRegistration = true
      },
      codeAction = {
        codeActionLiteralSupport = {
          codeActionKind = {
            valueSet = { "", "quickfix", "refactor", "refactor.extract", "refactor.inline", "refactor.rewrite", "source", "source.organizeImports" }
          }
        },
        dataSupport = true,
        disabledSupport = true,
        dynamicRegistration = true,
        honorsChangeAnnotations = false,
        isPreferredSupport = true,
        resolveSupport = {
          properties = { "edit" }
        }
      },
      codeLens = {
        dynamicRegistration = true
      },
      colorProvider = {
        dynamicRegistration = true
      },
      completion = {
        completionItem = {
          commitCharactersSupport = true,
          deprecatedSupport = true,
          documentationFormat = { "markdown", "plaintext" },
          insertReplaceSupport = true,
          insertTextModeSupport = {
            valueSet = { 1, 2 }
          },
          labelDetailsSupport = true,
          preselectSupport = true,
          resolveSupport = {
            properties = { "documentation", "detail", "additionalTextEdits" }
          },
          snippetSupport = true,
          tagSupport = {
            valueSet = { 1 }
          }
        },
        completionItemKind = {
          valueSet = { 1, 2, 3, 4, 5, 6, 7, 8, 9, 10, 11, 12, 13, 14, 15, 16, 17, 18, 19, 20, 21, 22, 23, 24, 25 }
        },
        completionList = {
          itemDefaults = { "commitCharacters", "editRange", "insertTextFormat", "insertTextMode" }
        },
        contextSupport = true,
        dynamicRegistration = true,
        insertTextMode = 2
      },
      declaration = {
        dynamicRegistration = true,
        linkSupport = true
      },
      definition = {
        dynamicRegistration = true,
        linkSupport = true
      },
      diagnostic = {
        dynamicRegistration = true,
        relatedDocumentSupport = true
      },
      documentHighlight = {
        dynamicRegistration = true
      },
      documentLink = {
        dynamicRegistration = true,
        tooltipSupport = true
      },
      documentSymbol = {
        dynamicRegistration = true,
        hierarchicalDocumentSymbolSupport = true,
        labelSupport = true,
        symbolKind = {
          valueSet = { 1, 2, 3, 4, 5, 6, 7, 8, 9, 10, 11, 12, 13, 14, 15, 16, 17, 18, 19, 20, 21, 22, 23, 24, 25, 26 }
        },
        tagSupport = {
          valueSet = { 1 }
        }
      },
      foldingRange = {
        dynamicRegistration = true,
        foldingRange = {
          collapsedText = false
        },
        foldingRangeKind = {
          valueSet = { "comment", "imports", "region" }
        },
        lineFoldingOnly = true,
        rangeLimit = 5000
      },
      formatting = {
        dynamicRegistration = true
      },
      hover = {
        contentFormat = { "markdown", "plaintext" },
        dynamicRegistration = true
      },
      implementation = {
        dynamicRegistration = true,
        linkSupport = true
      },
      inlayHint = {
        dynamicRegistration = true,
        resolveSupport = {
          properties = { "tooltip", "textEdits", "label.tooltip", "label.location", "label.command" }
        }
      },
      inlineValue = {
        dynamicRegistration = true
      },
      linkedEditingRange = {
        dynamicRegistration = true
      },
      onTypeFormatting = {
        dynamicRegistration = true
      },
      publishDiagnostics = {
        codeDescriptionSupport = true,
        dataSupport = true,
        relatedInformation = true,
        tagSupport = {
          valueSet = { 1, 2 }
        },
        versionSupport = true
      },
      rangeFormatting = {
        dynamicRegistration = true
      },
      references = {
        dynamicRegistration = true
      },
      rename = {
        dynamicRegistration = true,
        honorsChangeAnnotations = true,
        prepareSupport = true,
        prepareSupportDefaultBehavior = 1
      },
      selectionRange = {
        dynamicRegistration = true
      },
      semanticTokens = {
        augmentsSyntaxTokens = true,
        dynamicRegistration = true,
        formats = { "relative" },
        multilineTokenSupport = false,
        overlappingTokenSupport = false,
        requests = {
          full = {
            delta = true
          },
          range = true
        },
        serverCancelSupport = true,
        tokenModifiers = { "declaration", "definition", "readonly", "static", "deprecated", "abstract", "async", "modification", "documentation", "defaultLibrary" },
        tokenTypes = { "namespace", "type", "class", "enum", "interface", "struct", "typeParameter", "parameter", "variable", "property", "enumMember", "event", "function", "method", "macro", "keyword", "modifier", "comment", "string", "number", "regexp", "decorator", "operator" }
      },
      signatureHelp = {
        contextSupport = true,
        dynamicRegistration = true,
        signatureInformation = {
          activeParameterSupport = true,
          documentationFormat = { "markdown", "plaintext" },
          parameterInformation = {
            labelOffsetSupport = true
          }
        }
      },
      synchronization = {
        didSave = true,
        dynamicRegistration = true,
        willSave = true,
        willSaveWaitUntil = true
      },
      typeDefinition = {
        dynamicRegistration = true,
        linkSupport = true
      },
      typeHierarchy = {
        dynamicRegistration = true
      }
    },
    window = {
      showDocument = {
        support = true
      },
      showMessage = {
        messageActionItem = {
          additionalPropertiesSupport = true
        }
      },
      workDoneProgress = true
    },
    workspace = {
      applyEdit = true,
      codeLens = {
        refreshSupport = true
      },
      configuration = true,
      diagnostics = {
        refreshSupport = true
      },
      didChangeConfiguration = {
        dynamicRegistration = true
      },
      didChangeWatchedFiles = {
        dynamicRegistration = true,
        relativePatternSupport = true
      },
      executeCommand = {
        dynamicRegistration = true
      },
      fileOperations = {
        didCreate = true,
        didDelete = true,
        didRename = true,
        dynamicRegistration = true,
        willCreate = true,
        willDelete = true,
        willRename = true
      },
      inlayHint = {
        refreshSupport = true
      },
      inlineValue = {
        refreshSupport = true
      },
      semanticTokens = {
        refreshSupport = true
      },
      symbol = {
        dynamicRegistration = true,
        resolveSupport = {
          properties = { "location.range" }
        },
        symbolKind = {
          valueSet = { 1, 2, 3, 4, 5, 6, 7, 8, 9, 10, 11, 12, 13, 14, 15, 16, 17, 18, 19, 20, 21, 22, 23, 24, 25, 26 }
        },
        tagSupport = {
          valueSet = { 1 }
        }
      },
      workspaceEdit = {
        changeAnnotationSupport = {
          groupsOnLabel = false
        },
        documentChanges = true,
        failureHandling = "undo",
        normalizesLineEndings = true,
        resourceOperations = { "create", "rename", "delete" }
      },
      workspaceFolders = true
    }
  },
  clientInfo = {
    name = "coc.nvim",
    version = "0.0.82"
  },
  initializationOptions = {
    changeConfiguration = true
  },
  locale = "es_ES",
  processId = 32910,
  rootPath = "/home/nisidabay/dotfiles/config/.config/nvim",
  rootUri = "file:///home/nisidabay/dotfiles/config/.config/nvim",
  trace = "off",
  workDoneToken = "339cb3c6-470f-48e7-aecc-26e1fcdba5fb",
  workspaceFolders = { {
      name = "nvim",
      uri = "file:///home/nisidabay/dotfiles/config/.config/nvim"
    } }
}
[04:05:05.249][info] [#0:script/language.lua:137]: VSC language: es_ES
[04:05:05.249][info] [#0:script/language.lua:138]: LS  language: en-us
[04:05:05.249][info] [#0:script/workspace/workspace.lua:38]: Workspace init root: 	file:///home/nisidabay/dotfiles/config/.config/nvim
[04:05:05.249][info] [#0:script/workspace/workspace.lua:42]: Log path: 	/home/nisidabay/dotfiles/config/.config/coc/extensions/coc-lua-data/lua-language-server/log/file_home_nisidabay_dotfiles_config_.config_nvim.log
[04:05:05.249][info] [#0:script/workspace/workspace.lua:48]: Workspace create: 	file:///home/nisidabay/dotfiles/config/.config/nvim
[04:05:05.451][info] [#0:script/provider/provider.lua:46]: Load config from client	file:///home/nisidabay/dotfiles/config/.config/nvim
[04:05:05.452][info] [#0:script/provider/provider.lua:47]: {
  Lua = {
    addonManager = {
      enable = true
    },
    codeLens = {
      enable = false
    },
    completion = {
      autoRequire = true,
      callSnippet = "Disable",
      displayContext = 0,
      enable = true,
      keywordSnippet = "Replace",
      postfix = "@",
      requireSeparator = ".",
      showParams = true,
      showWord = "Fallback",
      workspaceWord = true
    },
    diagnostics = {
      disable = {},
      disableScheme = { "git" },
      enable = true,
      globals = {},
      ignoredFiles = "Opened",
      libraryFiles = "Opened",
      unusedLocalExclude = {},
      workspaceDelay = 3000,
      workspaceEvent = "OnSave",
      workspaceRate = 100
    },
    doc = {
      packageName = {},
      privateName = {},
      protectedName = {}
    },
    format = {
      defaultConfig = {},
      enable = true
    },
    hint = {
      arrayIndex = "Auto",
      await = true,
      enable = false,
      paramName = "All",
      paramType = true,
      semicolon = "SameLine",
      setType = false
    },
    hover = {
      enable = true,
      enumsLimit = 5,
      expandAlias = true,
      previewFields = 50,
      viewNumber = true,
      viewString = true,
      viewStringMax = 1000
    },
    misc = {
      executablePath = "",
      parameters = {}
    },
    runtime = {
      fileEncoding = "utf8",
      meta = "${version} ${language} ${encoding}",
      nonstandardSymbol = {},
      path = { "?.lua", "?/init.lua" },
      pathStrict = false,
      plugin = "",
      pluginArgs = {},
      special = {},
      unicodeName = false,
      version = "Lua 5.4"
    },
    semantic = {
      annotation = true,
      enable = true,
      keyword = false,
      variable = true
    },
    signatureHelp = {
      enable = true
    },
    spell = {
      dict = {}
    },
    type = {
      castNumberToInteger = true,
      weakNilCheck = false,
      weakUnionCheck = false
    },
    window = {
      progressBar = true,
      statusBar = true
    },
    workspace = {
      checkThirdParty = true,
      ignoreDir = { ".vscode" },
      ignoreSubmodules = true,
      library = {},
      maxPreload = 5000,
      preloadFileSize = 500,
      useGitIgnore = true,
      userThirdParty = {}
    }
  }
}
[04:05:05.552][info] [#0:script/provider/completion.lua:43]: Enable completion.
[04:05:05.553][info] [#0:script/provider/provider.lua:61]: Load config from client	fallback
[04:05:05.553][info] [#0:script/provider/provider.lua:62]: {
  Lua = {
    addonManager = {
      enable = true
    },
    codeLens = {
      enable = false
    },
    completion = {
      autoRequire = true,
      callSnippet = "Disable",
      displayContext = 0,
      enable = true,
      keywordSnippet = "Replace",
      postfix = "@",
      requireSeparator = ".",
      showParams = true,
      showWord = "Fallback",
      workspaceWord = true
    },
    diagnostics = {
      disable = {},
      disableScheme = { "git" },
      enable = true,
      globals = {},
      ignoredFiles = "Opened",
      libraryFiles = "Opened",
      unusedLocalExclude = {},
      workspaceDelay = 3000,
      workspaceEvent = "OnSave",
      workspaceRate = 100
    },
    doc = {
      packageName = {},
      privateName = {},
      protectedName = {}
    },
    format = {
      defaultConfig = {},
      enable = true
    },
    hint = {
      arrayIndex = "Auto",
      await = true,
      enable = false,
      paramName = "All",
      paramType = true,
      semicolon = "SameLine",
      setType = false
    },
    hover = {
      enable = true,
      enumsLimit = 5,
      expandAlias = true,
      previewFields = 50,
      viewNumber = true,
      viewString = true,
      viewStringMax = 1000
    },
    misc = {
      executablePath = "",
      parameters = {}
    },
    runtime = {
      fileEncoding = "utf8",
      meta = "${version} ${language} ${encoding}",
      nonstandardSymbol = {},
      path = { "?.lua", "?/init.lua" },
      pathStrict = false,
      plugin = "",
      pluginArgs = {},
      special = {},
      unicodeName = false,
      version = "Lua 5.4"
    },
    semantic = {
      annotation = true,
      enable = true,
      keyword = false,
      variable = true
    },
    signatureHelp = {
      enable = true
    },
    spell = {
      dict = {}
    },
    type = {
      castNumberToInteger = true,
      weakNilCheck = false,
      weakUnionCheck = false
    },
    window = {
      progressBar = true,
      statusBar = true
    },
    workspace = {
      checkThirdParty = true,
      ignoreDir = { ".vscode" },
      ignoreSubmodules = true,
      library = {},
      maxPreload = 5000,
      preloadFileSize = 500,
      useGitIgnore = true,
      userThirdParty = {}
    }
  }
}
[04:05:05.754][info] [#0:script/library.lua:212]: Init builtin library at:	file:///home/nisidabay/dotfiles/config/.config/nvim
[04:05:05.786][info] [#0:script/plugin.lua:86]: plugin path:	/home/nisidabay/dotfiles/config/.config/nvim
[04:05:05.786][warn] [#0:script/plugin.lua:101]: plugin not found:	/home/nisidabay/dotfiles/config/.config/nvim
[04:05:05.786][info] [#0:script/library.lua:212]: Init builtin library at:	nil
[04:05:05.902][info] [#0:script/workspace/workspace.lua:324]: Preload start:	file:///home/nisidabay/dotfiles/config/.config/nvim
[04:05:05.905][info] [#0:script/workspace/workspace.lua:330]: Scan files at:	file:///home/nisidabay/dotfiles/config/.config/nvim
[04:05:05.911][info] [#0:script/workspace/workspace.lua:324]: Preload start:	<fallback>
[04:05:05.914][info] [#0:script/workspace/workspace.lua:353]: Scan library at:	file:///home/nisidabay/dotfiles/config/.config/coc/extensions/coc-lua-data/lua-language-server/meta/Lua%205.4%20en-us%20utf8/utf8.lua
[04:05:05.914][info] [#0:script/workspace/workspace.lua:353]: Scan library at:	file:///home/nisidabay/dotfiles/config/.config/coc/extensions/coc-lua-data/lua-language-server/meta/Lua%205.4%20en-us%20utf8/builtin.lua
[04:05:05.915][info] [#0:script/workspace/workspace.lua:353]: Scan library at:	file:///home/nisidabay/dotfiles/config/.config/coc/extensions/coc-lua-data/lua-language-server/meta/Lua%205.4%20en-us%20utf8/io.lua
[04:05:05.915][info] [#0:script/workspace/workspace.lua:353]: Scan library at:	file:///home/nisidabay/dotfiles/config/.config/coc/extensions/coc-lua-data/lua-language-server/meta/Lua%205.4%20en-us%20utf8/basic.lua
[04:05:05.915][info] [#0:script/workspace/workspace.lua:353]: Scan library at:	file:///home/nisidabay/dotfiles/config/.config/coc/extensions/coc-lua-data/lua-language-server/meta/Lua%205.4%20en-us%20utf8/string.lua
[04:05:05.916][info] [#0:script/workspace/workspace.lua:353]: Scan library at:	file:///home/nisidabay/dotfiles/config/.config/coc/extensions/coc-lua-data/lua-language-server/meta/Lua%205.4%20en-us%20utf8/math.lua
[04:05:05.916][info] [#0:script/workspace/workspace.lua:353]: Scan library at:	file:///home/nisidabay/dotfiles/config/.config/coc/extensions/coc-lua-data/lua-language-server/meta/Lua%205.4%20en-us%20utf8/package.lua
[04:05:05.916][info] [#0:script/workspace/workspace.lua:353]: Scan library at:	file:///home/nisidabay/dotfiles/config/.config/coc/extensions/coc-lua-data/lua-language-server/meta/Lua%205.4%20en-us%20utf8/os.lua
[04:05:05.916][info] [#0:script/workspace/workspace.lua:353]: Scan library at:	file:///home/nisidabay/dotfiles/config/.config/coc/extensions/coc-lua-data/lua-language-server/meta/Lua%205.4%20en-us%20utf8/debug.lua
[04:05:05.917][info] [#0:script/workspace/workspace.lua:353]: Scan library at:	file:///home/nisidabay/dotfiles/config/.config/coc/extensions/coc-lua-data/lua-language-server/meta/Lua%205.4%20en-us%20utf8/coroutine.lua
[04:05:05.917][info] [#0:script/workspace/workspace.lua:353]: Scan library at:	file:///home/nisidabay/dotfiles/config/.config/coc/extensions/coc-lua-data/lua-language-server/meta/Lua%205.4%20en-us%20utf8/table.lua
[04:05:05.932][info] [#0:script/workspace/workspace.lua:353]: Scan library at:	file:///home/nisidabay/dotfiles/config/.config/coc/extensions/coc-lua-data/lua-language-server/meta/Lua%205.4%20en-us%20utf8/utf8.lua
[04:05:05.932][info] [#0:script/workspace/workspace.lua:353]: Scan library at:	file:///home/nisidabay/dotfiles/config/.config/coc/extensions/coc-lua-data/lua-language-server/meta/Lua%205.4%20en-us%20utf8/builtin.lua
[04:05:05.933][info] [#0:script/workspace/workspace.lua:353]: Scan library at:	file:///home/nisidabay/dotfiles/config/.config/coc/extensions/coc-lua-data/lua-language-server/meta/Lua%205.4%20en-us%20utf8/io.lua
[04:05:05.933][info] [#0:script/workspace/workspace.lua:353]: Scan library at:	file:///home/nisidabay/dotfiles/config/.config/coc/extensions/coc-lua-data/lua-language-server/meta/Lua%205.4%20en-us%20utf8/basic.lua
[04:05:05.933][info] [#0:script/workspace/workspace.lua:353]: Scan library at:	file:///home/nisidabay/dotfiles/config/.config/coc/extensions/coc-lua-data/lua-language-server/meta/Lua%205.4%20en-us%20utf8/string.lua
[04:05:05.933][info] [#0:script/workspace/workspace.lua:353]: Scan library at:	file:///home/nisidabay/dotfiles/config/.config/coc/extensions/coc-lua-data/lua-language-server/meta/Lua%205.4%20en-us%20utf8/math.lua
[04:05:05.933][info] [#0:script/workspace/workspace.lua:353]: Scan library at:	file:///home/nisidabay/dotfiles/config/.config/coc/extensions/coc-lua-data/lua-language-server/meta/Lua%205.4%20en-us%20utf8/package.lua
[04:05:05.933][info] [#0:script/workspace/workspace.lua:353]: Scan library at:	file:///home/nisidabay/dotfiles/config/.config/coc/extensions/coc-lua-data/lua-language-server/meta/Lua%205.4%20en-us%20utf8/os.lua
[04:05:05.934][info] [#0:script/workspace/workspace.lua:353]: Scan library at:	file:///home/nisidabay/dotfiles/config/.config/coc/extensions/coc-lua-data/lua-language-server/meta/Lua%205.4%20en-us%20utf8/debug.lua
[04:05:05.934][info] [#0:script/workspace/workspace.lua:353]: Scan library at:	file:///home/nisidabay/dotfiles/config/.config/coc/extensions/coc-lua-data/lua-language-server/meta/Lua%205.4%20en-us%20utf8/coroutine.lua
[04:05:05.934][info] [#0:script/workspace/workspace.lua:353]: Scan library at:	file:///home/nisidabay/dotfiles/config/.config/coc/extensions/coc-lua-data/lua-language-server/meta/Lua%205.4%20en-us%20utf8/table.lua
[04:05:06.034][info] [#0:script/workspace/workspace.lua:379]: Found 11 files at:	<fallback>
[04:05:06.034][info] [#0:script/workspace/loading.lua:161]: Load files from disk:	<fallback>
[04:05:06.034][info] [#0:script/workspace/workspace.lua:379]: Found 87 files at:	file:///home/nisidabay/dotfiles/config/.config/nvim
[04:05:06.034][info] [#0:script/workspace/loading.lua:161]: Load files from disk:	file:///home/nisidabay/dotfiles/config/.config/nvim
[04:05:06.035][info] [#0:script/workspace/loading.lua:89]: Skip loaded file: file:///home/nisidabay/dotfiles/config/.config/nvim/init.lua
[04:05:06.036][info] [#0:script/workspace/loading.lua:101]: Preload file at: file:///home/nisidabay/dotfiles/config/.config/coc/extensions/coc-lua-data/lua-language-server/meta/Lua%205.4%20en-us%20utf8/table.lua , size = 4.230 KB
[04:05:06.042][info] [#0:script/workspace/loading.lua:113]: ++++As library of:	file:///home/nisidabay/dotfiles/config/.config/coc/extensions/coc-lua-data/lua-language-server/meta/Lua%205.4%20en-us%20utf8/table.lua
[04:05:06.042][info] [#0:script/workspace/loading.lua:98]: Skip loaded file: file:///home/nisidabay/dotfiles/config/.config/coc/extensions/coc-lua-data/lua-language-server/meta/Lua%205.4%20en-us%20utf8/table.lua
[04:05:06.042][info] [#0:script/workspace/loading.lua:101]: Preload file at: file:///home/nisidabay/dotfiles/config/.config/coc/extensions/coc-lua-data/lua-language-server/meta/Lua%205.4%20en-us%20utf8/coroutine.lua , size = 2.590 KB
[04:05:06.047][info] [#0:script/workspace/loading.lua:113]: ++++As library of:	file:///home/nisidabay/dotfiles/config/.config/coc/extensions/coc-lua-data/lua-language-server/meta/Lua%205.4%20en-us%20utf8/coroutine.lua
[04:05:06.047][info] [#0:script/workspace/loading.lua:98]: Skip loaded file: file:///home/nisidabay/dotfiles/config/.config/coc/extensions/coc-lua-data/lua-language-server/meta/Lua%205.4%20en-us%20utf8/coroutine.lua
[04:05:06.047][info] [#0:script/workspace/loading.lua:101]: Preload file at: file:///home/nisidabay/dotfiles/config/.config/coc/extensions/coc-lua-data/lua-language-server/meta/Lua%205.4%20en-us%20utf8/debug.lua , size = 7.637 KB
[04:05:06.056][info] [#0:script/workspace/loading.lua:113]: ++++As library of:	file:///home/nisidabay/dotfiles/config/.config/coc/extensions/coc-lua-data/lua-language-server/meta/Lua%205.4%20en-us%20utf8/debug.lua
[04:05:06.056][info] [#0:script/workspace/loading.lua:98]: Skip loaded file: file:///home/nisidabay/dotfiles/config/.config/coc/extensions/coc-lua-data/lua-language-server/meta/Lua%205.4%20en-us%20utf8/debug.lua
[04:05:06.056][info] [#0:script/workspace/loading.lua:101]: Preload file at: file:///home/nisidabay/dotfiles/config/.config/coc/extensions/coc-lua-data/lua-language-server/meta/Lua%205.4%20en-us%20utf8/os.lua , size = 5.600 KB
[04:05:06.064][info] [#0:script/workspace/loading.lua:113]: ++++As library of:	file:///home/nisidabay/dotfiles/config/.config/coc/extensions/coc-lua-data/lua-language-server/meta/Lua%205.4%20en-us%20utf8/os.lua
[04:05:06.064][info] [#0:script/workspace/loading.lua:98]: Skip loaded file: file:///home/nisidabay/dotfiles/config/.config/coc/extensions/coc-lua-data/lua-language-server/meta/Lua%205.4%20en-us%20utf8/os.lua
[04:05:06.064][info] [#0:script/workspace/loading.lua:101]: Preload file at: file:///home/nisidabay/dotfiles/config/.config/coc/extensions/coc-lua-data/lua-language-server/meta/Lua%205.4%20en-us%20utf8/package.lua , size = 2.944 KB
[04:05:06.067][info] [#0:script/workspace/loading.lua:113]: ++++As library of:	file:///home/nisidabay/dotfiles/config/.config/coc/extensions/coc-lua-data/lua-language-server/meta/Lua%205.4%20en-us%20utf8/package.lua
[04:05:06.067][info] [#0:script/workspace/loading.lua:98]: Skip loaded file: file:///home/nisidabay/dotfiles/config/.config/coc/extensions/coc-lua-data/lua-language-server/meta/Lua%205.4%20en-us%20utf8/package.lua
[04:05:06.067][info] [#0:script/workspace/loading.lua:101]: Preload file at: file:///home/nisidabay/dotfiles/config/.config/coc/extensions/coc-lua-data/lua-language-server/meta/Lua%205.4%20en-us%20utf8/math.lua , size = 8.509 KB
[04:05:06.077][info] [#0:script/workspace/loading.lua:113]: ++++As library of:	file:///home/nisidabay/dotfiles/config/.config/coc/extensions/coc-lua-data/lua-language-server/meta/Lua%205.4%20en-us%20utf8/math.lua
[04:05:06.077][info] [#0:script/workspace/loading.lua:98]: Skip loaded file: file:///home/nisidabay/dotfiles/config/.config/coc/extensions/coc-lua-data/lua-language-server/meta/Lua%205.4%20en-us%20utf8/math.lua
[04:05:06.077][info] [#0:script/workspace/loading.lua:101]: Preload file at: file:///home/nisidabay/dotfiles/config/.config/coc/extensions/coc-lua-data/lua-language-server/meta/Lua%205.4%20en-us%20utf8/string.lua , size = 6.341 KB
[04:05:06.084][info] [#0:script/workspace/loading.lua:113]: ++++As library of:	file:///home/nisidabay/dotfiles/config/.config/coc/extensions/coc-lua-data/lua-language-server/meta/Lua%205.4%20en-us%20utf8/string.lua
[04:05:06.084][info] [#0:script/workspace/loading.lua:98]: Skip loaded file: file:///home/nisidabay/dotfiles/config/.config/coc/extensions/coc-lua-data/lua-language-server/meta/Lua%205.4%20en-us%20utf8/string.lua
[04:05:06.084][info] [#0:script/workspace/loading.lua:101]: Preload file at: file:///home/nisidabay/dotfiles/config/.config/coc/extensions/coc-lua-data/lua-language-server/meta/Lua%205.4%20en-us%20utf8/basic.lua , size = 15.336 KB
[04:05:06.099][info] [#0:script/workspace/loading.lua:113]: ++++As library of:	file:///home/nisidabay/dotfiles/config/.config/coc/extensions/coc-lua-data/lua-language-server/meta/Lua%205.4%20en-us%20utf8/basic.lua
[04:05:06.099][info] [#0:script/workspace/loading.lua:98]: Skip loaded file: file:///home/nisidabay/dotfiles/config/.config/coc/extensions/coc-lua-data/lua-language-server/meta/Lua%205.4%20en-us%20utf8/basic.lua
[04:05:06.099][info] [#0:script/workspace/loading.lua:101]: Preload file at: file:///home/nisidabay/dotfiles/config/.config/coc/extensions/coc-lua-data/lua-language-server/meta/Lua%205.4%20en-us%20utf8/io.lua , size = 6.364 KB
[04:05:06.104][info] [#0:script/workspace/loading.lua:113]: ++++As library of:	file:///home/nisidabay/dotfiles/config/.config/coc/extensions/coc-lua-data/lua-language-server/meta/Lua%205.4%20en-us%20utf8/io.lua
[04:05:06.104][info] [#0:script/workspace/loading.lua:98]: Skip loaded file: file:///home/nisidabay/dotfiles/config/.config/coc/extensions/coc-lua-data/lua-language-server/meta/Lua%205.4%20en-us%20utf8/io.lua
[04:05:06.104][info] [#0:script/workspace/loading.lua:101]: Preload file at: file:///home/nisidabay/dotfiles/config/.config/coc/extensions/coc-lua-data/lua-language-server/meta/Lua%205.4%20en-us%20utf8/builtin.lua , size = 0.302 KB
[04:05:06.105][info] [#0:script/workspace/loading.lua:113]: ++++As library of:	file:///home/nisidabay/dotfiles/config/.config/coc/extensions/coc-lua-data/lua-language-server/meta/Lua%205.4%20en-us%20utf8/builtin.lua
[04:05:06.105][info] [#0:script/workspace/loading.lua:98]: Skip loaded file: file:///home/nisidabay/dotfiles/config/.config/coc/extensions/coc-lua-data/lua-language-server/meta/Lua%205.4%20en-us%20utf8/builtin.lua
[04:05:06.105][info] [#0:script/workspace/loading.lua:101]: Preload file at: file:///home/nisidabay/dotfiles/config/.config/coc/extensions/coc-lua-data/lua-language-server/meta/Lua%205.4%20en-us%20utf8/utf8.lua , size = 2.386 KB
[04:05:06.107][info] [#0:script/workspace/loading.lua:113]: ++++As library of:	file:///home/nisidabay/dotfiles/config/.config/coc/extensions/coc-lua-data/lua-language-server/meta/Lua%205.4%20en-us%20utf8/utf8.lua
[04:05:06.107][info] [#0:script/workspace/loading.lua:98]: Skip loaded file: file:///home/nisidabay/dotfiles/config/.config/coc/extensions/coc-lua-data/lua-language-server/meta/Lua%205.4%20en-us%20utf8/utf8.lua
[04:05:06.107][info] [#0:script/workspace/loading.lua:101]: Preload file at: file:///home/nisidabay/dotfiles/config/.config/nvim/lua/josean/plugins/tmux.lua , size = 0.535 KB
[04:05:06.108][info] [#0:script/workspace/loading.lua:101]: Preload file at: file:///home/nisidabay/dotfiles/config/.config/nvim/lua/josean/plugins/harpoon.lua , size = 1.104 KB
[04:05:06.109][info] [#0:script/workspace/loading.lua:101]: Preload file at: file:///home/nisidabay/dotfiles/config/.config/nvim/lua/josean/plugins/which-key.lua , size = 0.285 KB
[04:05:06.109][info] [#0:script/workspace/loading.lua:101]: Preload file at: file:///home/nisidabay/dotfiles/config/.config/nvim/lua/josean/plugins/formatting.lua , size = 1.028 KB
[04:05:06.110][info] [#0:script/workspace/loading.lua:101]: Preload file at: file:///home/nisidabay/dotfiles/config/.config/nvim/lua/josean/plugins/notify.lua , size = 0.197 KB
[04:05:06.110][info] [#0:script/workspace/loading.lua:101]: Preload file at: file:///home/nisidabay/dotfiles/config/.config/nvim/lua/josean/plugins/colorizer.lua , size = 0.099 KB
[04:05:06.111][info] [#0:script/workspace/loading.lua:101]: Preload file at: file:///home/nisidabay/dotfiles/config/.config/nvim/lua/josean/plugins/init.lua , size = 0.075 KB
[04:05:06.111][info] [#0:script/workspace/loading.lua:101]: Preload file at: file:///home/nisidabay/dotfiles/config/.config/nvim/lua/josean/plugins/dressing.lua , size = 0.060 KB
[04:05:06.111][info] [#0:script/workspace/loading.lua:101]: Preload file at: file:///home/nisidabay/dotfiles/config/.config/nvim/lua/josean/plugins/lualine.lua , size = 2.066 KB
[04:05:06.113][info] [#0:script/workspace/loading.lua:101]: Preload file at: file:///home/nisidabay/dotfiles/config/.config/nvim/lua/josean/plugins/Fterm.lua , size = 0.537 KB
[04:05:06.114][info] [#0:script/workspace/loading.lua:101]: Preload file at: file:///home/nisidabay/dotfiles/config/.config/nvim/lua/josean/plugins/lsp/none-ls.lua , size = 2.484 KB
[04:05:06.115][info] [#0:script/workspace/loading.lua:101]: Preload file at: file:///home/nisidabay/dotfiles/config/.config/nvim/lua/josean/plugins/lsp/lspconfig.lua , size = 4.321 KB
[04:05:06.118][info] [#0:script/workspace/loading.lua:101]: Preload file at: file:///home/nisidabay/dotfiles/config/.config/nvim/lua/josean/plugins/alpha-nvim.lua , size = 2.053 KB
[04:05:06.119][info] [#0:script/workspace/loading.lua:101]: Preload file at: file:///home/nisidabay/dotfiles/config/.config/nvim/lua/josean/plugins/undotree.lua , size = 0.112 KB
[04:05:06.119][info] [#0:script/workspace/loading.lua:101]: Preload file at: file:///home/nisidabay/dotfiles/config/.config/nvim/lua/josean/plugins/lsp/mason.lua , size = 1.361 KB
[04:05:06.124][info] [#0:script/workspace/loading.lua:101]: Preload file at: file:///home/nisidabay/dotfiles/config/.config/nvim/lua/josean/plugins/fugitive.lua , size = 0.708 KB
[04:05:06.125][info] [#0:script/workspace/loading.lua:101]: Preload file at: file:///home/nisidabay/dotfiles/config/.config/nvim/lua/josean/plugins/go.lua , size = 0.629 KB
[04:05:06.125][info] [#0:script/workspace/loading.lua:101]: Preload file at: file:///home/nisidabay/dotfiles/config/.config/nvim/lua/josean/plugins/vim-tagbar.lua , size = 0.112 KB
[04:05:06.125][info] [#0:script/workspace/loading.lua:101]: Preload file at: file:///home/nisidabay/dotfiles/config/.config/nvim/lua/josean/plugins/vimwiki.lua , size = 0.992 KB
[04:05:06.126][info] [#0:script/workspace/loading.lua:101]: Preload file at: file:///home/nisidabay/dotfiles/config/.config/nvim/lua/josean/plugins/trouble.lua , size = 0.202 KB
[04:05:06.127][info] [#0:script/workspace/loading.lua:101]: Preload file at: file:///home/nisidabay/dotfiles/config/.config/nvim/lua/josean/plugins/nvim-tree.lua , size = 1.845 KB
[04:05:06.128][info] [#0:script/workspace/loading.lua:101]: Preload file at: file:///home/nisidabay/dotfiles/config/.config/nvim/lua/josean/plugins/comment.lua , size = 0.500 KB
[04:05:06.128][info] [#0:script/workspace/loading.lua:101]: Preload file at: file:///home/nisidabay/dotfiles/config/.config/nvim/lua/josean/plugins/telescope.lua , size = 2.354 KB
[04:05:06.129][info] [#0:script/workspace/loading.lua:101]: Preload file at: file:///home/nisidabay/dotfiles/config/.config/nvim/lua/josean/plugins/nvim-surround.lua , size = 0.183 KB
[04:05:06.130][info] [#0:script/workspace/loading.lua:101]: Preload file at: file:///home/nisidabay/dotfiles/config/.config/nvim/lua/josean/plugins/nvim-autopairs.lua , size = 0.896 KB
[04:05:06.130][info] [#0:script/workspace/loading.lua:101]: Preload file at: file:///home/nisidabay/dotfiles/config/.config/nvim/lua/josean/plugins/auto-session.lua , size = 0.645 KB
[04:05:06.131][info] [#0:script/workspace/loading.lua:101]: Preload file at: file:///home/nisidabay/dotfiles/config/.config/nvim/lua/josean/plugins/colorscheme.lua , size = 1.694 KB
[04:05:06.132][info] [#0:script/workspace/loading.lua:101]: Preload file at: file:///home/nisidabay/dotfiles/config/.config/nvim/lua/josean/plugins/replace_register.lua , size = 0.107 KB
[04:05:06.132][info] [#0:script/workspace/loading.lua:101]: Preload file at: file:///home/nisidabay/dotfiles/config/.config/nvim/lua/josean/plugins/bufferline.lua , size = 0.197 KB
[04:05:06.132][info] [#0:script/workspace/loading.lua:101]: Preload file at: file:///home/nisidabay/dotfiles/config/.config/nvim/lua/josean/plugins/linting.lua , size = 0.816 KB
[04:05:06.133][info] [#0:script/workspace/loading.lua:101]: Preload file at: file:///home/nisidabay/dotfiles/config/.config/nvim/lua/josean/plugins/vim-signature.lua , size = 0.037 KB
[04:05:06.133][info] [#0:script/workspace/loading.lua:101]: Preload file at: file:///home/nisidabay/dotfiles/config/.config/nvim/lua/josean/plugins/vim-maximizer.lua , size = 0.133 KB
[04:05:06.133][info] [#0:script/workspace/loading.lua:101]: Preload file at: file:///home/nisidabay/dotfiles/config/.config/nvim/lua/josean/plugins/nvim-treesitter-text-objects.lua , size = 6.041 KB
[04:05:06.136][info] [#0:script/workspace/loading.lua:101]: Preload file at: file:///home/nisidabay/dotfiles/config/.config/nvim/lua/josean/plugins/calendar-vim.lua , size = 0.197 KB
[04:05:06.136][info] [#0:script/workspace/loading.lua:101]: Preload file at: file:///home/nisidabay/dotfiles/config/.config/nvim/lua/josean/plugins/gitsigns.lua , size = 0.405 KB
[04:05:06.137][info] [#0:script/workspace/loading.lua:173]: Loaded files takes [0.107] sec: <fallback>
[04:05:06.137][info] [#0:script/workspace/loading.lua:182]: Compile files takes [0.000] sec: <fallback>
[04:05:06.137][info] [#0:script/workspace/loading.lua:183]: Loaded finish:	<fallback>
[04:05:06.137][info] [#0:script/workspace/workspace.lua:381]: Preload finish at:	<fallback>
[04:05:06.145][info] [#0:script/workspace/loading.lua:101]: Preload file at: file:///home/nisidabay/dotfiles/config/.config/nvim/lua/josean/plugins/todo.lua , size = 0.714 KB
[04:05:06.145][info] [#0:script/workspace/loading.lua:101]: Preload file at: file:///home/nisidabay/dotfiles/config/.config/nvim/lua/josean/plugins/nvim-cmp.lua , size = 1.904 KB
[04:05:06.147][info] [#0:script/workspace/loading.lua:101]: Preload file at: file:///home/nisidabay/dotfiles/config/.config/nvim/lua/josean/plugins/nvim-treesitter.lua , size = 1.784 KB
[04:05:06.148][info] [#0:script/workspace/loading.lua:101]: Preload file at: file:///home/nisidabay/dotfiles/config/.config/nvim/lua/josean/plugins/nvim-web-devicons.lua , size = 0.274 KB
[04:05:06.148][info] [#0:script/workspace/loading.lua:101]: Preload file at: file:///home/nisidabay/dotfiles/config/.config/nvim/lua/josean/plugins/noice.lua , size = 1.124 KB
[04:05:06.149][info] [#0:script/workspace/loading.lua:101]: Preload file at: file:///home/nisidabay/dotfiles/config/.config/nvim/lua/josean/lazy.lua , size = 0.562 KB
[04:05:06.149][warn] [#0:script/proto/proto.lua:138]: Response of [workspace/diagnostic/refresh] error [-32601]: Unhandled method workspace/diagnostic/refresh
[04:05:06.149][info] [#0:script/workspace/loading.lua:101]: Preload file at: file:///home/nisidabay/dotfiles/config/.config/nvim/lua/josean/core/init.lua , size = 0.061 KB
[04:05:06.150][info] [#0:script/workspace/loading.lua:101]: Preload file at: file:///home/nisidabay/dotfiles/config/.config/nvim/lua/josean/core/options.lua , size = 4.509 KB
[04:05:06.153][info] [#0:script/workspace/loading.lua:101]: Preload file at: file:///home/nisidabay/dotfiles/config/.config/nvim/lua/josean/core/keymaps.lua , size = 10.350 KB
[04:05:06.160][info] [#0:script/workspace/loading.lua:101]: Preload file at: file:///home/nisidabay/dotfiles/config/.config/nvim/undodir/%25home%25nisidabay%25Downloads%25Refactor%25practice_lua%25coroutine-3.lua , size = 4.162 KB
[04:05:06.161][info] [#0:script/workspace/loading.lua:101]: Preload file at: file:///home/nisidabay/dotfiles/config/.config/nvim/undodir/%25home%25nisidabay%25assert_function.lua , size = 68.392 KB
[04:05:06.182][info] [#0:script/workspace/loading.lua:101]: Preload file at: file:///home/nisidabay/dotfiles/config/.config/nvim/undodir/%25home%25nisidabay%25dotfiles%25config%25.config%25nvim%25lua%25josean%25plugins%25lsp%25mason.lua , size = 7.126 KB
[04:05:06.184][info] [#0:script/workspace/loading.lua:101]: Preload file at: file:///home/nisidabay/dotfiles/config/.config/nvim/undodir/%25home%25nisidabay%25dotfiles%25config%25.config%25nvim%25lua%25josean%25plugins%25notify.lua , size = 16.268 KB
[04:05:06.188][info] [#0:script/workspace/loading.lua:101]: Preload file at: file:///home/nisidabay/dotfiles/config/.config/nvim/undodir/%25home%25nisidabay%25dotfiles%25config%25.config%25nvim%25lua%25josean%25plugins%25tmux.lua , size = 17.052 KB
[04:05:06.192][info] [#0:script/workspace/loading.lua:101]: Preload file at: file:///home/nisidabay/dotfiles/config/.config/nvim/undodir/%25home%25nisidabay%25dotfiles%25config%25.config%25nvim%25lua%25josean%25plugins%25todo.lua , size = 3.467 KB
[04:05:06.193][info] [#0:script/workspace/loading.lua:101]: Preload file at: file:///home/nisidabay/dotfiles/config/.config/nvim/undodir/%25home%25nisidabay%25Downloads%25Refactor%25practice_lua%25coroutine-2.lua , size = 16.566 KB
[04:05:06.195][info] [#0:script/workspace/loading.lua:101]: Preload file at: file:///home/nisidabay/dotfiles/config/.config/nvim/undodir/%25home%25nisidabay%25dotfiles%25config%25.config%25nvim%25lua%25josean%25plugins%25auto-session.lua , size = 2.564 KB
[04:05:06.196][info] [#0:script/workspace/loading.lua:101]: Preload file at: file:///home/nisidabay/dotfiles/config/.config/nvim/undodir/%25home%25nisidabay%25Downloads%25Refactor%25practice_lua%25test.lua , size = 122.860 KB
[04:05:06.226][info] [#0:script/workspace/loading.lua:101]: Preload file at: file:///home/nisidabay/dotfiles/config/.config/nvim/undodir/%25home%25nisidabay%25dotfiles%25config%25.config%25nvim%25lua%25josean%25plugins%25noice.lua , size = 51.909 KB
[04:05:06.247][info] [#0:script/workspace/loading.lua:101]: Preload file at: file:///home/nisidabay/dotfiles/config/.config/nvim/undodir/%25home%25nisidabay%25dotfiles%25config%25.config%25nvim%25lua%25josean%25plugins%25nui.lua , size = 6.778 KB
[04:05:06.249][info] [#0:script/workspace/loading.lua:101]: Preload file at: file:///home/nisidabay/dotfiles/config/.config/nvim/undodir/%25home%25nisidabay%25Downloads%25Refactor%25practice_lua%25temp-2.lua , size = 7.088 KB
[04:05:06.253][info] [#0:script/workspace/loading.lua:101]: Preload file at: file:///home/nisidabay/dotfiles/config/.config/nvim/undodir/%25home%25nisidabay%25dotfiles%25config%25.config%25nvim%25lua%25josean%25plugins%25comment.lua , size = 8.668 KB
[04:05:06.258][info] [#0:script/workspace/loading.lua:101]: Preload file at: file:///home/nisidabay/dotfiles/config/.config/nvim/undodir/%25home%25nisidabay%25dotfiles%25config%25.config%25nvim%25lua%25josean%25plugins%25fugitive.lua , size = 0.720 KB
[04:05:06.261][info] [#0:script/workspace/loading.lua:101]: Preload file at: file:///home/nisidabay/dotfiles/config/.config/nvim/undodir/%25home%25nisidabay%25dotfiles%25config%25.config%25nvim%25lua%25josean%25plugins%25neoterm.lua , size = 19.531 KB
[04:05:06.271][info] [#0:script/workspace/loading.lua:101]: Preload file at: file:///home/nisidabay/dotfiles/config/.config/nvim/undodir/%25home%25nisidabay%25dotfiles%25config%25.config%25nvim%25lua%25josean%25plugins%25nvim-tree.lua , size = 1.268 KB
[04:05:06.273][info] [#0:script/workspace/loading.lua:101]: Preload file at: file:///home/nisidabay/dotfiles/config/.config/nvim/undodir/%25home%25nisidabay%25dotfiles%25config%25.config%25nvim%25lua%25josean%25plugins%25go.lua , size = 4.727 KB
[04:05:06.277][info] [#0:script/workspace/loading.lua:101]: Preload file at: file:///home/nisidabay/dotfiles/config/.config/nvim/undodir/%25home%25nisidabay%25dotfiles%25config%25.config%25nvim%25lua%25josean%25plugins%25alpha-nvim.lua , size = 1.168 KB
[04:05:06.279][info] [#0:script/workspace/loading.lua:101]: Preload file at: file:///home/nisidabay/dotfiles/config/.config/nvim/undodir/%25home%25nisidabay%25dotfiles%25config%25.config%25nvim%25lua%25josean%25plugins%25nvim-cmp.lua , size = 1.118 KB
[04:05:06.282][info] [#0:script/workspace/loading.lua:101]: Preload file at: file:///home/nisidabay/dotfiles/config/.config/nvim/undodir/%25home%25nisidabay%25dotfiles%25config%25.config%25nvim%25lua%25josean%25plugins%25harpoon.lua , size = 2.576 KB
[04:05:06.285][info] [#0:script/workspace/loading.lua:101]: Preload file at: file:///home/nisidabay/dotfiles/config/.config/nvim/undodir/%25home%25nisidabay%25dotfiles%25config%25.config%25nvim%25lua%25josean%25plugins%25gitsigns.lua , size = 114.883 KB
[04:05:06.313][info] [#0:script/workspace/loading.lua:101]: Preload file at: file:///home/nisidabay/dotfiles/config/.config/nvim/undodir/%25home%25nisidabay%25dotfiles%25config%25.config%25nvim%25lua%25josean%25core%25options.lua , size = 5.061 KB
[04:05:06.316][info] [#0:script/workspace/loading.lua:101]: Preload file at: file:///home/nisidabay/dotfiles/config/.config/nvim/undodir/%25home%25nisidabay%25dotfiles%25config%25.config%25nvim%25lua%25josean%25plugins%25lsp%25lspconfig.lua , size = 6.626 KB
[04:05:06.320][info] [#0:script/workspace/loading.lua:101]: Preload file at: file:///home/nisidabay/dotfiles/config/.config/nvim/undodir/%25home%25nisidabay%25dotfiles%25config%25.config%25nvim%25lua%25josean%25plugins%25replace_register.lua , size = 4.549 KB
[04:05:06.323][info] [#0:script/workspace/loading.lua:101]: Preload file at: file:///home/nisidabay/dotfiles/config/.config/nvim/undodir/%25home%25nisidabay%25dotfiles%25config%25.config%25nvim%25lua%25josean%25plugins%25trouble.lua , size = 4.772 KB
[04:05:06.324][info] [#0:script/workspace/loading.lua:101]: Preload file at: file:///home/nisidabay/dotfiles/config/.config/nvim/undodir/%25home%25nisidabay%25dotfiles%25config%25.config%25nvim%25lua%25josean%25core%25keymaps.lua , size = 40.495 KB
[04:05:06.337][info] [#0:script/workspace/loading.lua:101]: Preload file at: file:///home/nisidabay/dotfiles/config/.config/nvim/undodir/%25home%25nisidabay%25dotfiles%25config%25.config%25nvim%25lua%25josean%25plugins%25dressing.lua , size = 16.340 KB
[04:05:06.340][info] [#0:script/workspace/loading.lua:101]: Preload file at: file:///home/nisidabay/dotfiles/config/.config/nvim/undodir/%25home%25nisidabay%25dotfiles%25config%25.config%25nvim%25lua%25josean%25plugins%25init.lua , size = 1.668 KB
[04:05:06.341][info] [#0:script/workspace/loading.lua:101]: Preload file at: file:///home/nisidabay/dotfiles/config/.config/nvim/undodir/%25home%25nisidabay%25customErrorHandler.lua , size = 57.393 KB
[04:05:06.353][info] [#0:script/workspace/loading.lua:101]: Preload file at: file:///home/nisidabay/dotfiles/config/.config/nvim/undodir/%25home%25nisidabay%25Downloads%25Refactor%25practice_lua%25classes-2.lua , size = 25.512 KB
[04:05:06.373][info] [#0:script/workspace/loading.lua:101]: Preload file at: file:///home/nisidabay/dotfiles/config/.config/nvim/undodir/%25home%25nisidabay%25classes-2.lua , size = 122.860 KB
[04:05:06.405][info] [#0:script/workspace/loading.lua:173]: Loaded files takes [0.377] sec: file:///home/nisidabay/dotfiles/config/.config/nvim
[04:05:06.405][info] [#0:script/workspace/loading.lua:182]: Compile files takes [0.000] sec: file:///home/nisidabay/dotfiles/config/.config/nvim
[04:05:06.405][info] [#0:script/workspace/loading.lua:183]: Loaded finish:	file:///home/nisidabay/dotfiles/config/.config/nvim
[04:05:06.405][info] [#0:script/workspace/workspace.lua:381]: Preload finish at:	file:///home/nisidabay/dotfiles/config/.config/nvim
[04:05:06.422][info] [#0:script/provider/diagnostic.lua:557]: Diagnostics scope [file:///home/nisidabay/dotfiles/config/.config/nvim], files count:[87]
[04:05:06.423][warn] [#0:script/proto/proto.lua:138]: Response of [workspace/diagnostic/refresh] error [-32601]: Unhandled method workspace/diagnostic/refresh
[04:05:06.784][error][#0]: script/encoder/utf16.lua:66: invalid UTF-8 code
stack traceback:
	[C]: in upvalue '_utf8byte'
	script/encoder/utf16.lua:66: in upvalue 'utf8byte'
	script/encoder/utf16.lua:86: in for iterator 'for iterator'
	script/encoder/utf16.lua:140: in field 'fromutf8'
	script/encoder/init.lua:21: in function 'encoder.len'
	script/proto/converter.lua:35: in function <script/proto/converter.lua:25>
	(...tail calls...)
	script/proto/converter.lua:141: in function 'proto.converter.packRange'
	script/provider/diagnostic.lua:113: in upvalue 'buildDiagnostic'
	script/provider/diagnostic.lua:335: in upvalue 'response'
	script/core/diagnostics/init.lua:132: in upvalue 'callback'
	script/core/diagnostics/undefined-global.lua:32: in local 'callback'
	script/parser/guide.lua:735: in function 'parser.guide.eachSourceType'
	script/core/diagnostics/undefined-global.lua:24: in function 'core.diagnostics.undefined-global'
	script/core/diagnostics/init.lua:118: in upvalue 'check'
	script/core/diagnostics/init.lua:179: in function 'core.diagnostics'
	[C]: in function 'xpcall'
	script/provider/diagnostic.lua:334: in function 'provider.diagnostic.doDiagnostic'
	[C]: in function 'xpcall'
	script/provider/diagnostic.lua:595: in local 'callback'
	script/provider/diagnostic.lua:566: in function 'provider.diagnostic.awaitDiagnosticsScope'
	script/provider/diagnostic.lua:594: in function <script/provider/diagnostic.lua:592>
[04:05:06.786][error][#0]: script/encoder/utf16.lua:66: invalid UTF-8 code
stack traceback:
	[C]: in upvalue '_utf8byte'
	script/encoder/utf16.lua:66: in upvalue 'utf8byte'
	script/encoder/utf16.lua:86: in for iterator 'for iterator'
	script/encoder/utf16.lua:140: in field 'fromutf8'
	script/encoder/init.lua:21: in function 'encoder.len'
	script/proto/converter.lua:35: in function <script/proto/converter.lua:25>
	(...tail calls...)
	script/proto/converter.lua:140: in function 'proto.converter.packRange'
	script/provider/diagnostic.lua:113: in upvalue 'buildDiagnostic'
	script/provider/diagnostic.lua:335: in upvalue 'response'
	script/core/diagnostics/init.lua:132: in upvalue 'callback'
	script/core/diagnostics/lowercase-global.lua:57: in local 'callback'
	script/parser/guide.lua:735: in function 'parser.guide.eachSourceType'
	script/core/diagnostics/lowercase-global.lua:29: in function 'core.diagnostics.lowercase-global'
	script/core/diagnostics/init.lua:118: in upvalue 'check'
	script/core/diagnostics/init.lua:179: in function 'core.diagnostics'
	[C]: in function 'xpcall'
	script/provider/diagnostic.lua:334: in function 'provider.diagnostic.doDiagnostic'
	[C]: in function 'xpcall'
	script/provider/diagnostic.lua:595: in local 'callback'
	script/provider/diagnostic.lua:566: in function 'provider.diagnostic.awaitDiagnosticsScope'
	script/provider/diagnostic.lua:594: in function <script/provider/diagnostic.lua:592>
[04:05:06.788][error][#0]: script/encoder/utf16.lua:66: invalid UTF-8 code
stack traceback:
	[C]: in upvalue '_utf8byte'
	script/encoder/utf16.lua:66: in upvalue 'utf8byte'
	script/encoder/utf16.lua:86: in for iterator 'for iterator'
	script/encoder/utf16.lua:140: in field 'fromutf8'
	script/encoder/init.lua:21: in function 'encoder.len'
	script/proto/converter.lua:35: in function <script/proto/converter.lua:25>
	(...tail calls...)
	script/proto/converter.lua:141: in function 'proto.converter.packRange'
	script/provider/diagnostic.lua:113: in upvalue 'buildDiagnostic'
	script/provider/diagnostic.lua:335: in upvalue 'response'
	script/core/diagnostics/init.lua:132: in upvalue 'callback'
	script/core/diagnostics/undefined-global.lua:32: in local 'callback'
	script/parser/guide.lua:735: in function 'parser.guide.eachSourceType'
	script/core/diagnostics/undefined-global.lua:24: in function 'core.diagnostics.undefined-global'
	script/core/diagnostics/init.lua:118: in upvalue 'check'
	script/core/diagnostics/init.lua:179: in function 'core.diagnostics'
	[C]: in function 'xpcall'
	script/provider/diagnostic.lua:334: in function 'provider.diagnostic.doDiagnostic'
	[C]: in function 'xpcall'
	script/provider/diagnostic.lua:595: in local 'callback'
	script/provider/diagnostic.lua:566: in function 'provider.diagnostic.awaitDiagnosticsScope'
	script/provider/diagnostic.lua:594: in function <script/provider/diagnostic.lua:592>
[04:05:06.791][error][#0]: script/encoder/utf16.lua:66: invalid UTF-8 code
stack traceback:
	[C]: in upvalue '_utf8byte'
	script/encoder/utf16.lua:66: in upvalue 'utf8byte'
	script/encoder/utf16.lua:86: in for iterator 'for iterator'
	script/encoder/utf16.lua:140: in field 'fromutf8'
	script/encoder/init.lua:21: in function 'encoder.len'
	script/proto/converter.lua:35: in function <script/proto/converter.lua:25>
	(...tail calls...)
	script/proto/converter.lua:141: in function 'proto.converter.packRange'
	script/provider/diagnostic.lua:113: in upvalue 'buildDiagnostic'
	script/provider/diagnostic.lua:335: in upvalue 'response'
	script/core/diagnostics/init.lua:132: in upvalue 'callback'
	script/core/diagnostics/undefined-global.lua:32: in local 'callback'
	script/parser/guide.lua:735: in function 'parser.guide.eachSourceType'
	script/core/diagnostics/undefined-global.lua:24: in function 'core.diagnostics.undefined-global'
	script/core/diagnostics/init.lua:118: in upvalue 'check'
	script/core/diagnostics/init.lua:179: in function 'core.diagnostics'
	[C]: in function 'xpcall'
	script/provider/diagnostic.lua:334: in function 'provider.diagnostic.doDiagnostic'
	[C]: in function 'xpcall'
	script/provider/diagnostic.lua:595: in local 'callback'
	script/provider/diagnostic.lua:566: in function 'provider.diagnostic.awaitDiagnosticsScope'
	script/provider/diagnostic.lua:594: in function <script/provider/diagnostic.lua:592>
[04:05:06.793][error][#0]: script/encoder/utf16.lua:66: invalid UTF-8 code
stack traceback:
	[C]: in upvalue '_utf8byte'
	script/encoder/utf16.lua:66: in upvalue 'utf8byte'
	script/encoder/utf16.lua:86: in for iterator 'for iterator'
	script/encoder/utf16.lua:140: in field 'fromutf8'
	script/encoder/init.lua:21: in function 'encoder.len'
	script/proto/converter.lua:35: in function <script/proto/converter.lua:25>
	(...tail calls...)
	script/proto/converter.lua:140: in function 'proto.converter.packRange'
	script/provider/diagnostic.lua:113: in upvalue 'buildDiagnostic'
	script/provider/diagnostic.lua:335: in upvalue 'response'
	script/core/diagnostics/init.lua:132: in upvalue 'callback'
	script/core/diagnostics/lowercase-global.lua:57: in local 'callback'
	script/parser/guide.lua:735: in function 'parser.guide.eachSourceType'
	script/core/diagnostics/lowercase-global.lua:29: in function 'core.diagnostics.lowercase-global'
	script/core/diagnostics/init.lua:118: in upvalue 'check'
	script/core/diagnostics/init.lua:179: in function 'core.diagnostics'
	[C]: in function 'xpcall'
	script/provider/diagnostic.lua:334: in function 'provider.diagnostic.doDiagnostic'
	[C]: in function 'xpcall'
	script/provider/diagnostic.lua:595: in local 'callback'
	script/provider/diagnostic.lua:566: in function 'provider.diagnostic.awaitDiagnosticsScope'
	script/provider/diagnostic.lua:594: in function <script/provider/diagnostic.lua:592>
[04:05:06.797][error][#0]: script/encoder/utf16.lua:66: invalid UTF-8 code
stack traceback:
	[C]: in upvalue '_utf8byte'
	script/encoder/utf16.lua:66: in upvalue 'utf8byte'
	script/encoder/utf16.lua:86: in for iterator 'for iterator'
	script/encoder/utf16.lua:140: in field 'fromutf8'
	script/encoder/init.lua:21: in function 'encoder.len'
	script/proto/converter.lua:35: in function <script/proto/converter.lua:25>
	(...tail calls...)
	script/proto/converter.lua:141: in function 'proto.converter.packRange'
	script/provider/diagnostic.lua:113: in upvalue 'buildDiagnostic'
	script/provider/diagnostic.lua:335: in upvalue 'response'
	script/core/diagnostics/init.lua:132: in upvalue 'callback'
	script/core/diagnostics/undefined-global.lua:32: in local 'callback'
	script/parser/guide.lua:735: in function 'parser.guide.eachSourceType'
	script/core/diagnostics/undefined-global.lua:24: in function 'core.diagnostics.undefined-global'
	script/core/diagnostics/init.lua:118: in upvalue 'check'
	script/core/diagnostics/init.lua:179: in function 'core.diagnostics'
	[C]: in function 'xpcall'
	script/provider/diagnostic.lua:334: in function 'provider.diagnostic.doDiagnostic'
	[C]: in function 'xpcall'
	script/provider/diagnostic.lua:595: in local 'callback'
	script/provider/diagnostic.lua:566: in function 'provider.diagnostic.awaitDiagnosticsScope'
	script/provider/diagnostic.lua:594: in function <script/provider/diagnostic.lua:592>
[04:05:06.799][error][#0]: script/encoder/utf16.lua:66: invalid UTF-8 code
stack traceback:
	[C]: in upvalue '_utf8byte'
	script/encoder/utf16.lua:66: in upvalue 'utf8byte'
	script/encoder/utf16.lua:86: in for iterator 'for iterator'
	script/encoder/utf16.lua:140: in field 'fromutf8'
	script/encoder/init.lua:21: in function 'encoder.len'
	script/proto/converter.lua:35: in function <script/proto/converter.lua:25>
	(...tail calls...)
	script/proto/converter.lua:140: in function 'proto.converter.packRange'
	script/provider/diagnostic.lua:113: in upvalue 'buildDiagnostic'
	script/provider/diagnostic.lua:335: in upvalue 'response'
	script/core/diagnostics/init.lua:132: in upvalue 'callback'
	script/core/diagnostics/lowercase-global.lua:57: in local 'callback'
	script/parser/guide.lua:735: in function 'parser.guide.eachSourceType'
	script/core/diagnostics/lowercase-global.lua:29: in function 'core.diagnostics.lowercase-global'
	script/core/diagnostics/init.lua:118: in upvalue 'check'
	script/core/diagnostics/init.lua:179: in function 'core.diagnostics'
	[C]: in function 'xpcall'
	script/provider/diagnostic.lua:334: in function 'provider.diagnostic.doDiagnostic'
	[C]: in function 'xpcall'
	script/provider/diagnostic.lua:595: in local 'callback'
	script/provider/diagnostic.lua:566: in function 'provider.diagnostic.awaitDiagnosticsScope'
	script/provider/diagnostic.lua:594: in function <script/provider/diagnostic.lua:592>
[04:05:06.802][error][#0]: script/encoder/utf16.lua:66: invalid UTF-8 code
stack traceback:
	[C]: in upvalue '_utf8byte'
	script/encoder/utf16.lua:66: in upvalue 'utf8byte'
	script/encoder/utf16.lua:86: in for iterator 'for iterator'
	script/encoder/utf16.lua:140: in field 'fromutf8'
	script/encoder/init.lua:21: in function 'encoder.len'
	script/proto/converter.lua:35: in function <script/proto/converter.lua:25>
	(...tail calls...)
	script/proto/converter.lua:141: in function 'proto.converter.packRange'
	script/provider/diagnostic.lua:113: in upvalue 'buildDiagnostic'
	script/provider/diagnostic.lua:335: in upvalue 'response'
	script/core/diagnostics/init.lua:132: in upvalue 'callback'
	script/core/diagnostics/undefined-global.lua:32: in local 'callback'
	script/parser/guide.lua:735: in function 'parser.guide.eachSourceType'
	script/core/diagnostics/undefined-global.lua:24: in function 'core.diagnostics.undefined-global'
	script/core/diagnostics/init.lua:118: in upvalue 'check'
	script/core/diagnostics/init.lua:179: in function 'core.diagnostics'
	[C]: in function 'xpcall'
	script/provider/diagnostic.lua:334: in function 'provider.diagnostic.doDiagnostic'
	[C]: in function 'xpcall'
	script/provider/diagnostic.lua:595: in local 'callback'
	script/provider/diagnostic.lua:566: in function 'provider.diagnostic.awaitDiagnosticsScope'
	script/provider/diagnostic.lua:594: in function <script/provider/diagnostic.lua:592>
[04:05:06.804][error][#0]: script/encoder/utf16.lua:66: invalid UTF-8 code
stack traceback:
	[C]: in upvalue '_utf8byte'
	script/encoder/utf16.lua:66: in upvalue 'utf8byte'
	script/encoder/utf16.lua:86: in for iterator 'for iterator'
	script/encoder/utf16.lua:140: in field 'fromutf8'
	script/encoder/init.lua:21: in function 'encoder.len'
	script/proto/converter.lua:35: in function <script/proto/converter.lua:25>
	(...tail calls...)
	script/proto/converter.lua:140: in function 'proto.converter.packRange'
	script/provider/diagnostic.lua:113: in upvalue 'buildDiagnostic'
	script/provider/diagnostic.lua:335: in upvalue 'response'
	script/core/diagnostics/init.lua:132: in upvalue 'callback'
	script/core/diagnostics/lowercase-global.lua:57: in local 'callback'
	script/parser/guide.lua:735: in function 'parser.guide.eachSourceType'
	script/core/diagnostics/lowercase-global.lua:29: in function 'core.diagnostics.lowercase-global'
	script/core/diagnostics/init.lua:118: in upvalue 'check'
	script/core/diagnostics/init.lua:179: in function 'core.diagnostics'
	[C]: in function 'xpcall'
	script/provider/diagnostic.lua:334: in function 'provider.diagnostic.doDiagnostic'
	[C]: in function 'xpcall'
	script/provider/diagnostic.lua:595: in local 'callback'
	script/provider/diagnostic.lua:566: in function 'provider.diagnostic.awaitDiagnosticsScope'
	script/provider/diagnostic.lua:594: in function <script/provider/diagnostic.lua:592>
[04:05:06.807][error][#0]: script/encoder/utf16.lua:66: invalid UTF-8 code
stack traceback:
	[C]: in upvalue '_utf8byte'
	script/encoder/utf16.lua:66: in upvalue 'utf8byte'
	script/encoder/utf16.lua:86: in for iterator 'for iterator'
	script/encoder/utf16.lua:140: in field 'fromutf8'
	script/encoder/init.lua:21: in function 'encoder.len'
	script/proto/converter.lua:35: in function <script/proto/converter.lua:25>
	(...tail calls...)
	script/proto/converter.lua:141: in function 'proto.converter.packRange'
	script/provider/diagnostic.lua:113: in upvalue 'buildDiagnostic'
	script/provider/diagnostic.lua:335: in upvalue 'response'
	script/core/diagnostics/init.lua:132: in upvalue 'callback'
	script/core/diagnostics/undefined-global.lua:32: in local 'callback'
	script/parser/guide.lua:735: in function 'parser.guide.eachSourceType'
	script/core/diagnostics/undefined-global.lua:24: in function 'core.diagnostics.undefined-global'
	script/core/diagnostics/init.lua:118: in upvalue 'check'
	script/core/diagnostics/init.lua:179: in function 'core.diagnostics'
	[C]: in function 'xpcall'
	script/provider/diagnostic.lua:334: in function 'provider.diagnostic.doDiagnostic'
	[C]: in function 'xpcall'
	script/provider/diagnostic.lua:595: in local 'callback'
	script/provider/diagnostic.lua:566: in function 'provider.diagnostic.awaitDiagnosticsScope'
	script/provider/diagnostic.lua:594: in function <script/provider/diagnostic.lua:592>
[04:05:06.810][error][#0]: script/encoder/utf16.lua:66: invalid UTF-8 code
stack traceback:
	[C]: in upvalue '_utf8byte'
	script/encoder/utf16.lua:66: in upvalue 'utf8byte'
	script/encoder/utf16.lua:86: in for iterator 'for iterator'
	script/encoder/utf16.lua:140: in field 'fromutf8'
	script/encoder/init.lua:21: in function 'encoder.len'
	script/proto/converter.lua:35: in function <script/proto/converter.lua:25>
	(...tail calls...)
	script/proto/converter.lua:141: in function 'proto.converter.packRange'
	script/provider/diagnostic.lua:113: in upvalue 'buildDiagnostic'
	script/provider/diagnostic.lua:335: in upvalue 'response'
	script/core/diagnostics/init.lua:132: in upvalue 'callback'
	script/core/diagnostics/undefined-global.lua:32: in local 'callback'
	script/parser/guide.lua:735: in function 'parser.guide.eachSourceType'
	script/core/diagnostics/undefined-global.lua:24: in function 'core.diagnostics.undefined-global'
	script/core/diagnostics/init.lua:118: in upvalue 'check'
	script/core/diagnostics/init.lua:179: in function 'core.diagnostics'
	[C]: in function 'xpcall'
	script/provider/diagnostic.lua:334: in function 'provider.diagnostic.doDiagnostic'
	[C]: in function 'xpcall'
	script/provider/diagnostic.lua:595: in local 'callback'
	script/provider/diagnostic.lua:566: in function 'provider.diagnostic.awaitDiagnosticsScope'
	script/provider/diagnostic.lua:594: in function <script/provider/diagnostic.lua:592>
[04:05:06.813][error][#0]: script/encoder/utf16.lua:66: invalid UTF-8 code
stack traceback:
	[C]: in upvalue '_utf8byte'
	script/encoder/utf16.lua:66: in upvalue 'utf8byte'
	script/encoder/utf16.lua:86: in for iterator 'for iterator'
	script/encoder/utf16.lua:140: in field 'fromutf8'
	script/encoder/init.lua:21: in function 'encoder.len'
	script/proto/converter.lua:35: in function <script/proto/converter.lua:25>
	(...tail calls...)
	script/proto/converter.lua:140: in function 'proto.converter.packRange'
	script/provider/diagnostic.lua:113: in upvalue 'buildDiagnostic'
	script/provider/diagnostic.lua:335: in upvalue 'response'
	script/core/diagnostics/init.lua:132: in upvalue 'callback'
	script/core/diagnostics/lowercase-global.lua:57: in local 'callback'
	script/parser/guide.lua:735: in function 'parser.guide.eachSourceType'
	script/core/diagnostics/lowercase-global.lua:29: in function 'core.diagnostics.lowercase-global'
	script/core/diagnostics/init.lua:118: in upvalue 'check'
	script/core/diagnostics/init.lua:179: in function 'core.diagnostics'
	[C]: in function 'xpcall'
	script/provider/diagnostic.lua:334: in function 'provider.diagnostic.doDiagnostic'
	[C]: in function 'xpcall'
	script/provider/diagnostic.lua:595: in local 'callback'
	script/provider/diagnostic.lua:566: in function 'provider.diagnostic.awaitDiagnosticsScope'
	script/provider/diagnostic.lua:594: in function <script/provider/diagnostic.lua:592>
[04:05:06.816][error][#0]: script/encoder/utf16.lua:66: invalid UTF-8 code
stack traceback:
	[C]: in upvalue '_utf8byte'
	script/encoder/utf16.lua:66: in upvalue 'utf8byte'
	script/encoder/utf16.lua:86: in for iterator 'for iterator'
	script/encoder/utf16.lua:140: in field 'fromutf8'
	script/encoder/init.lua:21: in function 'encoder.len'
	script/proto/converter.lua:35: in function <script/proto/converter.lua:25>
	(...tail calls...)
	script/proto/converter.lua:141: in function 'proto.converter.packRange'
	script/provider/diagnostic.lua:113: in upvalue 'buildDiagnostic'
	script/provider/diagnostic.lua:335: in upvalue 'response'
	script/core/diagnostics/init.lua:132: in upvalue 'callback'
	script/core/diagnostics/undefined-global.lua:32: in local 'callback'
	script/parser/guide.lua:735: in function 'parser.guide.eachSourceType'
	script/core/diagnostics/undefined-global.lua:24: in function 'core.diagnostics.undefined-global'
	script/core/diagnostics/init.lua:118: in upvalue 'check'
	script/core/diagnostics/init.lua:179: in function 'core.diagnostics'
	[C]: in function 'xpcall'
	script/provider/diagnostic.lua:334: in function 'provider.diagnostic.doDiagnostic'
	[C]: in function 'xpcall'
	script/provider/diagnostic.lua:595: in local 'callback'
	script/provider/diagnostic.lua:566: in function 'provider.diagnostic.awaitDiagnosticsScope'
	script/provider/diagnostic.lua:594: in function <script/provider/diagnostic.lua:592>
[04:05:06.818][error][#0]: script/encoder/utf16.lua:66: invalid UTF-8 code
stack traceback:
	[C]: in upvalue '_utf8byte'
	script/encoder/utf16.lua:66: in upvalue 'utf8byte'
	script/encoder/utf16.lua:86: in for iterator 'for iterator'
	script/encoder/utf16.lua:140: in field 'fromutf8'
	script/encoder/init.lua:21: in function 'encoder.len'
	script/proto/converter.lua:35: in function <script/proto/converter.lua:25>
	(...tail calls...)
	script/proto/converter.lua:140: in function 'proto.converter.packRange'
	script/provider/diagnostic.lua:113: in upvalue 'buildDiagnostic'
	script/provider/diagnostic.lua:335: in upvalue 'response'
	script/core/diagnostics/init.lua:132: in upvalue 'callback'
	script/core/diagnostics/lowercase-global.lua:57: in local 'callback'
	script/parser/guide.lua:735: in function 'parser.guide.eachSourceType'
	script/core/diagnostics/lowercase-global.lua:29: in function 'core.diagnostics.lowercase-global'
	script/core/diagnostics/init.lua:118: in upvalue 'check'
	script/core/diagnostics/init.lua:179: in function 'core.diagnostics'
	[C]: in function 'xpcall'
	script/provider/diagnostic.lua:334: in function 'provider.diagnostic.doDiagnostic'
	[C]: in function 'xpcall'
	script/provider/diagnostic.lua:595: in local 'callback'
	script/provider/diagnostic.lua:566: in function 'provider.diagnostic.awaitDiagnosticsScope'
	script/provider/diagnostic.lua:594: in function <script/provider/diagnostic.lua:592>
[04:05:06.820][error][#0]: script/encoder/utf16.lua:66: invalid UTF-8 code
stack traceback:
	[C]: in upvalue '_utf8byte'
	script/encoder/utf16.lua:66: in upvalue 'utf8byte'
	script/encoder/utf16.lua:86: in for iterator 'for iterator'
	script/encoder/utf16.lua:140: in field 'fromutf8'
	script/encoder/init.lua:21: in function 'encoder.len'
	script/proto/converter.lua:35: in function <script/proto/converter.lua:25>
	(...tail calls...)
	script/proto/converter.lua:141: in function 'proto.converter.packRange'
	script/provider/diagnostic.lua:113: in upvalue 'buildDiagnostic'
	script/provider/diagnostic.lua:335: in upvalue 'response'
	script/core/diagnostics/init.lua:132: in upvalue 'callback'
	script/core/diagnostics/undefined-global.lua:32: in local 'callback'
	script/parser/guide.lua:735: in function 'parser.guide.eachSourceType'
	script/core/diagnostics/undefined-global.lua:24: in function 'core.diagnostics.undefined-global'
	script/core/diagnostics/init.lua:118: in upvalue 'check'
	script/core/diagnostics/init.lua:179: in function 'core.diagnostics'
	[C]: in function 'xpcall'
	script/provider/diagnostic.lua:334: in function 'provider.diagnostic.doDiagnostic'
	[C]: in function 'xpcall'
	script/provider/diagnostic.lua:595: in local 'callback'
	script/provider/diagnostic.lua:566: in function 'provider.diagnostic.awaitDiagnosticsScope'
	script/provider/diagnostic.lua:594: in function <script/provider/diagnostic.lua:592>
