[16:57:45.774][info] [#0:/home/nisidabay/dotfiles/config/.config/coc/extensions/coc-lua-data/lua-language-server/main.lua:66]: Lua Lsp startup, root: 	/home/nisidabay/dotfiles/config/.config/coc/extensions/coc-lua-data/lua-language-server
[16:57:45.775][info] [#0:/home/nisidabay/dotfiles/config/.config/coc/extensions/coc-lua-data/lua-language-server/main.lua:67]: ROOT:	/home/nisidabay/dotfiles/config/.config/coc/extensions/coc-lua-data/lua-language-server
[16:57:45.775][info] [#0:/home/nisidabay/dotfiles/config/.config/coc/extensions/coc-lua-data/lua-language-server/main.lua:68]: LOGPATH:	/home/nisidabay/dotfiles/config/.config/coc/extensions/coc-lua-data/lua-language-server/log
[16:57:45.775][info] [#0:/home/nisidabay/dotfiles/config/.config/coc/extensions/coc-lua-data/lua-language-server/main.lua:69]: METAPATH:	/home/nisidabay/dotfiles/config/.config/coc/extensions/coc-lua-data/lua-language-server/meta
[16:57:45.775][info] [#0:/home/nisidabay/dotfiles/config/.config/coc/extensions/coc-lua-data/lua-language-server/main.lua:70]: VERSION:	3.7.0
[16:57:45.801][info] [#0:script/service/service.lua:144]: 
========= Medical Examination Report =========
    --------------- Memory ---------------
        Total: 2.142 MB
        # 00 : 2.142 MB
        # 01 : 0.000 MB
        # 02 : 0.000 MB
        # 03 : 0.000 MB
        # 04 : 0.000 MB
    --------------- Coroutine ---------------
        Total:     0
        Running:   0
        Suspended: 0
        Normal:    0
        Dead:      0
    --------------- Cache ---------------
        Total: 1
        Dead:  0
    ---------------  RPC  ---------------
        Holdon:   0
        Waiting:  0
==============================================
[16:57:45.806][info] [#0:script/client.lua:657]: Client init	{
  capabilities = {
    general = {
      markdown = {
        parser = "marked",
        version = "4.0.10"
      },
      positionEncodings = { "utf-16" },
      regularExpressions = {
        engine = "ECMAScript",
        version = "ES2020"
      },
      staleRequestSupport = {
        cancel = true,
        retryOnContentModified = { "textDocument/inlayHint", "textDocument/semanticTokens/full", "textDocument/semanticTokens/range", "textDocument/semanticTokens/full/delta" }
      }
    },
    textDocument = {
      callHierarchy = {
        dynamicRegistration = true
      },
      codeAction = {
        codeActionLiteralSupport = {
          codeActionKind = {
            valueSet = { "", "quickfix", "refactor", "refactor.extract", "refactor.inline", "refactor.rewrite", "source", "source.organizeImports" }
          }
        },
        dataSupport = true,
        disabledSupport = true,
        dynamicRegistration = true,
        honorsChangeAnnotations = false,
        isPreferredSupport = true,
        resolveSupport = {
          properties = { "edit" }
        }
      },
      codeLens = {
        dynamicRegistration = true
      },
      colorProvider = {
        dynamicRegistration = true
      },
      completion = {
        completionItem = {
          commitCharactersSupport = true,
          deprecatedSupport = true,
          documentationFormat = { "markdown", "plaintext" },
          insertReplaceSupport = true,
          insertTextModeSupport = {
            valueSet = { 1, 2 }
          },
          labelDetailsSupport = true,
          preselectSupport = true,
          resolveSupport = {
            properties = { "documentation", "detail", "additionalTextEdits" }
          },
          snippetSupport = true,
          tagSupport = {
            valueSet = { 1 }
          }
        },
        completionItemKind = {
          valueSet = { 1, 2, 3, 4, 5, 6, 7, 8, 9, 10, 11, 12, 13, 14, 15, 16, 17, 18, 19, 20, 21, 22, 23, 24, 25 }
        },
        completionList = {
          itemDefaults = { "commitCharacters", "editRange", "insertTextFormat", "insertTextMode" }
        },
        contextSupport = true,
        dynamicRegistration = true,
        insertTextMode = 2
      },
      declaration = {
        dynamicRegistration = true,
        linkSupport = true
      },
      definition = {
        dynamicRegistration = true,
        linkSupport = true
      },
      diagnostic = {
        dynamicRegistration = true,
        relatedDocumentSupport = true
      },
      documentHighlight = {
        dynamicRegistration = true
      },
      documentLink = {
        dynamicRegistration = true,
        tooltipSupport = true
      },
      documentSymbol = {
        dynamicRegistration = true,
        hierarchicalDocumentSymbolSupport = true,
        labelSupport = true,
        symbolKind = {
          valueSet = { 1, 2, 3, 4, 5, 6, 7, 8, 9, 10, 11, 12, 13, 14, 15, 16, 17, 18, 19, 20, 21, 22, 23, 24, 25, 26 }
        },
        tagSupport = {
          valueSet = { 1 }
        }
      },
      foldingRange = {
        dynamicRegistration = true,
        foldingRange = {
          collapsedText = false
        },
        foldingRangeKind = {
          valueSet = { "comment", "imports", "region" }
        },
        lineFoldingOnly = true,
        rangeLimit = 5000
      },
      formatting = {
        dynamicRegistration = true
      },
      hover = {
        contentFormat = { "markdown", "plaintext" },
        dynamicRegistration = true
      },
      implementation = {
        dynamicRegistration = true,
        linkSupport = true
      },
      inlayHint = {
        dynamicRegistration = true,
        resolveSupport = {
          properties = { "tooltip", "textEdits", "label.tooltip", "label.location", "label.command" }
        }
      },
      inlineValue = {
        dynamicRegistration = true
      },
      linkedEditingRange = {
        dynamicRegistration = true
      },
      onTypeFormatting = {
        dynamicRegistration = true
      },
      publishDiagnostics = {
        codeDescriptionSupport = true,
        dataSupport = true,
        relatedInformation = true,
        tagSupport = {
          valueSet = { 1, 2 }
        },
        versionSupport = true
      },
      rangeFormatting = {
        dynamicRegistration = true
      },
      references = {
        dynamicRegistration = true
      },
      rename = {
        dynamicRegistration = true,
        honorsChangeAnnotations = true,
        prepareSupport = true,
        prepareSupportDefaultBehavior = 1
      },
      selectionRange = {
        dynamicRegistration = true
      },
      semanticTokens = {
        augmentsSyntaxTokens = true,
        dynamicRegistration = true,
        formats = { "relative" },
        multilineTokenSupport = false,
        overlappingTokenSupport = false,
        requests = {
          full = {
            delta = true
          },
          range = true
        },
        serverCancelSupport = true,
        tokenModifiers = { "declaration", "definition", "readonly", "static", "deprecated", "abstract", "async", "modification", "documentation", "defaultLibrary" },
        tokenTypes = { "namespace", "type", "class", "enum", "interface", "struct", "typeParameter", "parameter", "variable", "property", "enumMember", "event", "function", "method", "macro", "keyword", "modifier", "comment", "string", "number", "regexp", "decorator", "operator" }
      },
      signatureHelp = {
        contextSupport = true,
        dynamicRegistration = true,
        signatureInformation = {
          activeParameterSupport = true,
          documentationFormat = { "markdown", "plaintext" },
          parameterInformation = {
            labelOffsetSupport = true
          }
        }
      },
      synchronization = {
        didSave = true,
        dynamicRegistration = true,
        willSave = true,
        willSaveWaitUntil = true
      },
      typeDefinition = {
        dynamicRegistration = true,
        linkSupport = true
      },
      typeHierarchy = {
        dynamicRegistration = true
      }
    },
    window = {
      showDocument = {
        support = true
      },
      showMessage = {
        messageActionItem = {
          additionalPropertiesSupport = true
        }
      },
      workDoneProgress = true
    },
    workspace = {
      applyEdit = true,
      codeLens = {
        refreshSupport = true
      },
      configuration = true,
      diagnostics = {
        refreshSupport = true
      },
      didChangeConfiguration = {
        dynamicRegistration = true
      },
      didChangeWatchedFiles = {
        dynamicRegistration = true,
        relativePatternSupport = true
      },
      executeCommand = {
        dynamicRegistration = true
      },
      fileOperations = {
        didCreate = true,
        didDelete = true,
        didRename = true,
        dynamicRegistration = true,
        willCreate = true,
        willDelete = true,
        willRename = true
      },
      inlayHint = {
        refreshSupport = true
      },
      inlineValue = {
        refreshSupport = true
      },
      semanticTokens = {
        refreshSupport = true
      },
      symbol = {
        dynamicRegistration = true,
        resolveSupport = {
          properties = { "location.range" }
        },
        symbolKind = {
          valueSet = { 1, 2, 3, 4, 5, 6, 7, 8, 9, 10, 11, 12, 13, 14, 15, 16, 17, 18, 19, 20, 21, 22, 23, 24, 25, 26 }
        },
        tagSupport = {
          valueSet = { 1 }
        }
      },
      workspaceEdit = {
        changeAnnotationSupport = {
          groupsOnLabel = false
        },
        documentChanges = true,
        failureHandling = "undo",
        normalizesLineEndings = true,
        resourceOperations = { "create", "rename", "delete" }
      },
      workspaceFolders = true
    }
  },
  clientInfo = {
    name = "coc.nvim",
    version = "0.0.82"
  },
  initializationOptions = {
    changeConfiguration = true
  },
  locale = "es_ES",
  processId = 77955,
  rootPath = "/media/HP_AZUL/dotfiles/config/.config/nvim/lua/josean/plugins",
  rootUri = "file:///media/HP_AZUL/dotfiles/config/.config/nvim/lua/josean/plugins",
  trace = "off",
  workDoneToken = "b7ef7208-7fb6-43d6-8094-0a52ed5ff933",
  workspaceFolders = { {
      name = "plugins",
      uri = "file:///media/HP_AZUL/dotfiles/config/.config/nvim/lua/josean/plugins"
    } }
}
[16:57:45.807][info] [#0:script/language.lua:137]: VSC language: es_ES
[16:57:45.807][info] [#0:script/language.lua:138]: LS  language: en-us
[16:57:45.807][info] [#0:script/workspace/workspace.lua:38]: Workspace init root: 	file:///media/HP_AZUL/dotfiles/config/.config/nvim/lua/josean/plugins
[16:57:45.807][info] [#0:script/workspace/workspace.lua:42]: Log path: 	/home/nisidabay/dotfiles/config/.config/coc/extensions/coc-lua-data/lua-language-server/log/file_media_HP_AZUL_dotfiles_config_.config_nvim_lua_josean_plugins.log
[16:57:45.807][info] [#0:script/workspace/workspace.lua:48]: Workspace create: 	file:///media/HP_AZUL/dotfiles/config/.config/nvim/lua/josean/plugins
[16:57:46.009][info] [#0:script/provider/provider.lua:46]: Load config from client	file:///media/HP_AZUL/dotfiles/config/.config/nvim/lua/josean/plugins
[16:57:46.010][info] [#0:script/provider/provider.lua:47]: {
  Lua = {
    addonManager = {
      enable = true
    },
    codeLens = {
      enable = false
    },
    completion = {
      autoRequire = true,
      callSnippet = "Disable",
      displayContext = 0,
      enable = true,
      keywordSnippet = "Replace",
      postfix = "@",
      requireSeparator = ".",
      showParams = true,
      showWord = "Fallback",
      workspaceWord = true
    },
    diagnostics = {
      disable = {},
      disableScheme = { "git" },
      enable = true,
      globals = {},
      ignoredFiles = "Opened",
      libraryFiles = "Opened",
      unusedLocalExclude = {},
      workspaceDelay = 3000,
      workspaceEvent = "OnSave",
      workspaceRate = 100
    },
    doc = {
      packageName = {},
      privateName = {},
      protectedName = {}
    },
    format = {
      defaultConfig = {},
      enable = true
    },
    hint = {
      arrayIndex = "Auto",
      await = true,
      enable = false,
      paramName = "All",
      paramType = true,
      semicolon = "SameLine",
      setType = false
    },
    hover = {
      enable = true,
      enumsLimit = 5,
      expandAlias = true,
      previewFields = 50,
      viewNumber = true,
      viewString = true,
      viewStringMax = 1000
    },
    misc = {
      executablePath = "",
      parameters = {}
    },
    runtime = {
      fileEncoding = "utf8",
      meta = "${version} ${language} ${encoding}",
      nonstandardSymbol = {},
      path = { "?.lua", "?/init.lua" },
      pathStrict = false,
      plugin = "",
      pluginArgs = {},
      special = {},
      unicodeName = false,
      version = "Lua 5.4"
    },
    semantic = {
      annotation = true,
      enable = true,
      keyword = false,
      variable = true
    },
    signatureHelp = {
      enable = true
    },
    spell = {
      dict = {}
    },
    type = {
      castNumberToInteger = true,
      weakNilCheck = false,
      weakUnionCheck = false
    },
    window = {
      progressBar = true,
      statusBar = true
    },
    workspace = {
      checkThirdParty = true,
      ignoreDir = { ".vscode" },
      ignoreSubmodules = true,
      library = {},
      maxPreload = 5000,
      preloadFileSize = 500,
      useGitIgnore = true,
      userThirdParty = {}
    }
  }
}
[16:57:46.110][info] [#0:script/provider/completion.lua:43]: Enable completion.
[16:57:46.111][info] [#0:script/provider/provider.lua:61]: Load config from client	fallback
[16:57:46.111][info] [#0:script/provider/provider.lua:62]: {
  Lua = {
    addonManager = {
      enable = true
    },
    codeLens = {
      enable = false
    },
    completion = {
      autoRequire = true,
      callSnippet = "Disable",
      displayContext = 0,
      enable = true,
      keywordSnippet = "Replace",
      postfix = "@",
      requireSeparator = ".",
      showParams = true,
      showWord = "Fallback",
      workspaceWord = true
    },
    diagnostics = {
      disable = {},
      disableScheme = { "git" },
      enable = true,
      globals = {},
      ignoredFiles = "Opened",
      libraryFiles = "Opened",
      unusedLocalExclude = {},
      workspaceDelay = 3000,
      workspaceEvent = "OnSave",
      workspaceRate = 100
    },
    doc = {
      packageName = {},
      privateName = {},
      protectedName = {}
    },
    format = {
      defaultConfig = {},
      enable = true
    },
    hint = {
      arrayIndex = "Auto",
      await = true,
      enable = false,
      paramName = "All",
      paramType = true,
      semicolon = "SameLine",
      setType = false
    },
    hover = {
      enable = true,
      enumsLimit = 5,
      expandAlias = true,
      previewFields = 50,
      viewNumber = true,
      viewString = true,
      viewStringMax = 1000
    },
    misc = {
      executablePath = "",
      parameters = {}
    },
    runtime = {
      fileEncoding = "utf8",
      meta = "${version} ${language} ${encoding}",
      nonstandardSymbol = {},
      path = { "?.lua", "?/init.lua" },
      pathStrict = false,
      plugin = "",
      pluginArgs = {},
      special = {},
      unicodeName = false,
      version = "Lua 5.4"
    },
    semantic = {
      annotation = true,
      enable = true,
      keyword = false,
      variable = true
    },
    signatureHelp = {
      enable = true
    },
    spell = {
      dict = {}
    },
    type = {
      castNumberToInteger = true,
      weakNilCheck = false,
      weakUnionCheck = false
    },
    window = {
      progressBar = true,
      statusBar = true
    },
    workspace = {
      checkThirdParty = true,
      ignoreDir = { ".vscode" },
      ignoreSubmodules = true,
      library = {},
      maxPreload = 5000,
      preloadFileSize = 500,
      useGitIgnore = true,
      userThirdParty = {}
    }
  }
}
[16:57:46.312][info] [#0:script/library.lua:212]: Init builtin library at:	file:///media/HP_AZUL/dotfiles/config/.config/nvim/lua/josean/plugins
[16:57:46.361][info] [#0:script/plugin.lua:86]: plugin path:	/media/HP_AZUL/dotfiles/config/.config/nvim/lua/josean/plugins
[16:57:46.361][warn] [#0:script/plugin.lua:101]: plugin not found:	/media/HP_AZUL/dotfiles/config/.config/nvim/lua/josean/plugins
[16:57:46.361][info] [#0:script/library.lua:212]: Init builtin library at:	nil
[16:57:46.480][info] [#0:script/workspace/workspace.lua:324]: Preload start:	file:///media/HP_AZUL/dotfiles/config/.config/nvim/lua/josean/plugins
[16:57:46.484][info] [#0:script/workspace/workspace.lua:330]: Scan files at:	file:///media/HP_AZUL/dotfiles/config/.config/nvim/lua/josean/plugins
[16:57:46.487][info] [#0:script/workspace/workspace.lua:324]: Preload start:	<fallback>
[16:57:46.490][info] [#0:script/workspace/workspace.lua:353]: Scan library at:	file:///home/nisidabay/dotfiles/config/.config/coc/extensions/coc-lua-data/lua-language-server/meta/Lua%205.4%20en-us%20utf8/utf8.lua
[16:57:46.490][info] [#0:script/workspace/workspace.lua:353]: Scan library at:	file:///home/nisidabay/dotfiles/config/.config/coc/extensions/coc-lua-data/lua-language-server/meta/Lua%205.4%20en-us%20utf8/builtin.lua
[16:57:46.490][info] [#0:script/workspace/workspace.lua:353]: Scan library at:	file:///home/nisidabay/dotfiles/config/.config/coc/extensions/coc-lua-data/lua-language-server/meta/Lua%205.4%20en-us%20utf8/io.lua
[16:57:46.491][info] [#0:script/workspace/workspace.lua:353]: Scan library at:	file:///home/nisidabay/dotfiles/config/.config/coc/extensions/coc-lua-data/lua-language-server/meta/Lua%205.4%20en-us%20utf8/basic.lua
[16:57:46.491][info] [#0:script/workspace/workspace.lua:353]: Scan library at:	file:///home/nisidabay/dotfiles/config/.config/coc/extensions/coc-lua-data/lua-language-server/meta/Lua%205.4%20en-us%20utf8/string.lua
[16:57:46.491][info] [#0:script/workspace/workspace.lua:353]: Scan library at:	file:///home/nisidabay/dotfiles/config/.config/coc/extensions/coc-lua-data/lua-language-server/meta/Lua%205.4%20en-us%20utf8/math.lua
[16:57:46.491][info] [#0:script/workspace/workspace.lua:353]: Scan library at:	file:///home/nisidabay/dotfiles/config/.config/coc/extensions/coc-lua-data/lua-language-server/meta/Lua%205.4%20en-us%20utf8/package.lua
[16:57:46.492][info] [#0:script/workspace/workspace.lua:353]: Scan library at:	file:///home/nisidabay/dotfiles/config/.config/coc/extensions/coc-lua-data/lua-language-server/meta/Lua%205.4%20en-us%20utf8/os.lua
[16:57:46.492][info] [#0:script/workspace/workspace.lua:353]: Scan library at:	file:///home/nisidabay/dotfiles/config/.config/coc/extensions/coc-lua-data/lua-language-server/meta/Lua%205.4%20en-us%20utf8/debug.lua
[16:57:46.492][info] [#0:script/workspace/workspace.lua:353]: Scan library at:	file:///home/nisidabay/dotfiles/config/.config/coc/extensions/coc-lua-data/lua-language-server/meta/Lua%205.4%20en-us%20utf8/coroutine.lua
[16:57:46.492][info] [#0:script/workspace/workspace.lua:353]: Scan library at:	file:///home/nisidabay/dotfiles/config/.config/coc/extensions/coc-lua-data/lua-language-server/meta/Lua%205.4%20en-us%20utf8/table.lua
[16:57:46.494][info] [#0:script/workspace/workspace.lua:353]: Scan library at:	file:///home/nisidabay/dotfiles/config/.config/coc/extensions/coc-lua-data/lua-language-server/meta/Lua%205.4%20en-us%20utf8/utf8.lua
[16:57:46.494][info] [#0:script/workspace/workspace.lua:353]: Scan library at:	file:///home/nisidabay/dotfiles/config/.config/coc/extensions/coc-lua-data/lua-language-server/meta/Lua%205.4%20en-us%20utf8/builtin.lua
[16:57:46.494][info] [#0:script/workspace/workspace.lua:353]: Scan library at:	file:///home/nisidabay/dotfiles/config/.config/coc/extensions/coc-lua-data/lua-language-server/meta/Lua%205.4%20en-us%20utf8/io.lua
[16:57:46.494][info] [#0:script/workspace/workspace.lua:353]: Scan library at:	file:///home/nisidabay/dotfiles/config/.config/coc/extensions/coc-lua-data/lua-language-server/meta/Lua%205.4%20en-us%20utf8/basic.lua
[16:57:46.494][info] [#0:script/workspace/workspace.lua:353]: Scan library at:	file:///home/nisidabay/dotfiles/config/.config/coc/extensions/coc-lua-data/lua-language-server/meta/Lua%205.4%20en-us%20utf8/string.lua
[16:57:46.495][info] [#0:script/workspace/workspace.lua:353]: Scan library at:	file:///home/nisidabay/dotfiles/config/.config/coc/extensions/coc-lua-data/lua-language-server/meta/Lua%205.4%20en-us%20utf8/math.lua
[16:57:46.495][info] [#0:script/workspace/workspace.lua:353]: Scan library at:	file:///home/nisidabay/dotfiles/config/.config/coc/extensions/coc-lua-data/lua-language-server/meta/Lua%205.4%20en-us%20utf8/package.lua
[16:57:46.495][info] [#0:script/workspace/workspace.lua:353]: Scan library at:	file:///home/nisidabay/dotfiles/config/.config/coc/extensions/coc-lua-data/lua-language-server/meta/Lua%205.4%20en-us%20utf8/os.lua
[16:57:46.495][info] [#0:script/workspace/workspace.lua:353]: Scan library at:	file:///home/nisidabay/dotfiles/config/.config/coc/extensions/coc-lua-data/lua-language-server/meta/Lua%205.4%20en-us%20utf8/debug.lua
[16:57:46.495][info] [#0:script/workspace/workspace.lua:353]: Scan library at:	file:///home/nisidabay/dotfiles/config/.config/coc/extensions/coc-lua-data/lua-language-server/meta/Lua%205.4%20en-us%20utf8/coroutine.lua
[16:57:46.495][info] [#0:script/workspace/workspace.lua:353]: Scan library at:	file:///home/nisidabay/dotfiles/config/.config/coc/extensions/coc-lua-data/lua-language-server/meta/Lua%205.4%20en-us%20utf8/table.lua
[16:57:46.596][info] [#0:script/workspace/workspace.lua:379]: Found 11 files at:	<fallback>
[16:57:46.596][info] [#0:script/workspace/loading.lua:161]: Load files from disk:	<fallback>
[16:57:46.596][info] [#0:script/workspace/workspace.lua:379]: Found 43 files at:	file:///media/HP_AZUL/dotfiles/config/.config/nvim/lua/josean/plugins
[16:57:46.596][info] [#0:script/workspace/loading.lua:161]: Load files from disk:	file:///media/HP_AZUL/dotfiles/config/.config/nvim/lua/josean/plugins
[16:57:46.597][info] [#0:script/workspace/loading.lua:89]: Skip loaded file: file:///media/HP_AZUL/dotfiles/config/.config/nvim/lua/josean/plugins/todo.lua
[16:57:46.597][info] [#0:script/workspace/loading.lua:101]: Preload file at: file:///home/nisidabay/dotfiles/config/.config/coc/extensions/coc-lua-data/lua-language-server/meta/Lua%205.4%20en-us%20utf8/table.lua , size = 4.230 KB
[16:57:46.604][info] [#0:script/workspace/loading.lua:113]: ++++As library of:	file:///home/nisidabay/dotfiles/config/.config/coc/extensions/coc-lua-data/lua-language-server/meta/Lua%205.4%20en-us%20utf8/table.lua
[16:57:46.604][info] [#0:script/workspace/loading.lua:101]: Preload file at: file:///home/nisidabay/dotfiles/config/.config/coc/extensions/coc-lua-data/lua-language-server/meta/Lua%205.4%20en-us%20utf8/coroutine.lua , size = 2.590 KB
[16:57:46.607][info] [#0:script/workspace/loading.lua:113]: ++++As library of:	file:///home/nisidabay/dotfiles/config/.config/coc/extensions/coc-lua-data/lua-language-server/meta/Lua%205.4%20en-us%20utf8/coroutine.lua
[16:57:46.607][info] [#0:script/workspace/loading.lua:98]: Skip loaded file: file:///home/nisidabay/dotfiles/config/.config/coc/extensions/coc-lua-data/lua-language-server/meta/Lua%205.4%20en-us%20utf8/table.lua
[16:57:46.607][info] [#0:script/workspace/loading.lua:98]: Skip loaded file: file:///home/nisidabay/dotfiles/config/.config/coc/extensions/coc-lua-data/lua-language-server/meta/Lua%205.4%20en-us%20utf8/coroutine.lua
[16:57:46.608][info] [#0:script/workspace/loading.lua:101]: Preload file at: file:///home/nisidabay/dotfiles/config/.config/coc/extensions/coc-lua-data/lua-language-server/meta/Lua%205.4%20en-us%20utf8/debug.lua , size = 7.637 KB
[16:57:46.620][info] [#0:script/workspace/loading.lua:113]: ++++As library of:	file:///home/nisidabay/dotfiles/config/.config/coc/extensions/coc-lua-data/lua-language-server/meta/Lua%205.4%20en-us%20utf8/debug.lua
[16:57:46.620][info] [#0:script/workspace/loading.lua:101]: Preload file at: file:///home/nisidabay/dotfiles/config/.config/coc/extensions/coc-lua-data/lua-language-server/meta/Lua%205.4%20en-us%20utf8/os.lua , size = 5.600 KB
[16:57:46.628][info] [#0:script/workspace/loading.lua:113]: ++++As library of:	file:///home/nisidabay/dotfiles/config/.config/coc/extensions/coc-lua-data/lua-language-server/meta/Lua%205.4%20en-us%20utf8/os.lua
[16:57:46.628][info] [#0:script/workspace/loading.lua:98]: Skip loaded file: file:///home/nisidabay/dotfiles/config/.config/coc/extensions/coc-lua-data/lua-language-server/meta/Lua%205.4%20en-us%20utf8/debug.lua
[16:57:46.628][info] [#0:script/workspace/loading.lua:101]: Preload file at: file:///home/nisidabay/dotfiles/config/.config/coc/extensions/coc-lua-data/lua-language-server/meta/Lua%205.4%20en-us%20utf8/package.lua , size = 2.944 KB
[16:57:46.631][info] [#0:script/workspace/loading.lua:113]: ++++As library of:	file:///home/nisidabay/dotfiles/config/.config/coc/extensions/coc-lua-data/lua-language-server/meta/Lua%205.4%20en-us%20utf8/package.lua
[16:57:46.631][info] [#0:script/workspace/loading.lua:98]: Skip loaded file: file:///home/nisidabay/dotfiles/config/.config/coc/extensions/coc-lua-data/lua-language-server/meta/Lua%205.4%20en-us%20utf8/os.lua
[16:57:46.631][info] [#0:script/workspace/loading.lua:98]: Skip loaded file: file:///home/nisidabay/dotfiles/config/.config/coc/extensions/coc-lua-data/lua-language-server/meta/Lua%205.4%20en-us%20utf8/package.lua
[16:57:46.631][info] [#0:script/workspace/loading.lua:101]: Preload file at: file:///home/nisidabay/dotfiles/config/.config/coc/extensions/coc-lua-data/lua-language-server/meta/Lua%205.4%20en-us%20utf8/math.lua , size = 8.509 KB
[16:57:46.644][info] [#0:script/workspace/loading.lua:113]: ++++As library of:	file:///home/nisidabay/dotfiles/config/.config/coc/extensions/coc-lua-data/lua-language-server/meta/Lua%205.4%20en-us%20utf8/math.lua
[16:57:46.644][info] [#0:script/workspace/loading.lua:98]: Skip loaded file: file:///home/nisidabay/dotfiles/config/.config/coc/extensions/coc-lua-data/lua-language-server/meta/Lua%205.4%20en-us%20utf8/math.lua
[16:57:46.644][info] [#0:script/workspace/loading.lua:101]: Preload file at: file:///home/nisidabay/dotfiles/config/.config/coc/extensions/coc-lua-data/lua-language-server/meta/Lua%205.4%20en-us%20utf8/string.lua , size = 6.341 KB
[16:57:46.651][info] [#0:script/workspace/loading.lua:113]: ++++As library of:	file:///home/nisidabay/dotfiles/config/.config/coc/extensions/coc-lua-data/lua-language-server/meta/Lua%205.4%20en-us%20utf8/string.lua
[16:57:46.651][info] [#0:script/workspace/loading.lua:98]: Skip loaded file: file:///home/nisidabay/dotfiles/config/.config/coc/extensions/coc-lua-data/lua-language-server/meta/Lua%205.4%20en-us%20utf8/string.lua
[16:57:46.652][info] [#0:script/workspace/loading.lua:101]: Preload file at: file:///home/nisidabay/dotfiles/config/.config/coc/extensions/coc-lua-data/lua-language-server/meta/Lua%205.4%20en-us%20utf8/basic.lua , size = 15.336 KB
[16:57:46.667][info] [#0:script/workspace/loading.lua:113]: ++++As library of:	file:///home/nisidabay/dotfiles/config/.config/coc/extensions/coc-lua-data/lua-language-server/meta/Lua%205.4%20en-us%20utf8/basic.lua
[16:57:46.667][info] [#0:script/workspace/loading.lua:98]: Skip loaded file: file:///home/nisidabay/dotfiles/config/.config/coc/extensions/coc-lua-data/lua-language-server/meta/Lua%205.4%20en-us%20utf8/basic.lua
[16:57:46.667][info] [#0:script/workspace/loading.lua:101]: Preload file at: file:///home/nisidabay/dotfiles/config/.config/coc/extensions/coc-lua-data/lua-language-server/meta/Lua%205.4%20en-us%20utf8/io.lua , size = 6.364 KB
[16:57:46.673][info] [#0:script/workspace/loading.lua:113]: ++++As library of:	file:///home/nisidabay/dotfiles/config/.config/coc/extensions/coc-lua-data/lua-language-server/meta/Lua%205.4%20en-us%20utf8/io.lua
[16:57:46.673][info] [#0:script/workspace/loading.lua:98]: Skip loaded file: file:///home/nisidabay/dotfiles/config/.config/coc/extensions/coc-lua-data/lua-language-server/meta/Lua%205.4%20en-us%20utf8/io.lua
[16:57:46.673][info] [#0:script/workspace/loading.lua:101]: Preload file at: file:///home/nisidabay/dotfiles/config/.config/coc/extensions/coc-lua-data/lua-language-server/meta/Lua%205.4%20en-us%20utf8/builtin.lua , size = 0.302 KB
[16:57:46.674][info] [#0:script/workspace/loading.lua:113]: ++++As library of:	file:///home/nisidabay/dotfiles/config/.config/coc/extensions/coc-lua-data/lua-language-server/meta/Lua%205.4%20en-us%20utf8/builtin.lua
[16:57:46.674][info] [#0:script/workspace/loading.lua:98]: Skip loaded file: file:///home/nisidabay/dotfiles/config/.config/coc/extensions/coc-lua-data/lua-language-server/meta/Lua%205.4%20en-us%20utf8/builtin.lua
[16:57:46.674][info] [#0:script/workspace/loading.lua:101]: Preload file at: file:///home/nisidabay/dotfiles/config/.config/coc/extensions/coc-lua-data/lua-language-server/meta/Lua%205.4%20en-us%20utf8/utf8.lua , size = 2.386 KB
[16:57:46.676][info] [#0:script/workspace/loading.lua:113]: ++++As library of:	file:///home/nisidabay/dotfiles/config/.config/coc/extensions/coc-lua-data/lua-language-server/meta/Lua%205.4%20en-us%20utf8/utf8.lua
[16:57:46.676][info] [#0:script/workspace/loading.lua:98]: Skip loaded file: file:///home/nisidabay/dotfiles/config/.config/coc/extensions/coc-lua-data/lua-language-server/meta/Lua%205.4%20en-us%20utf8/utf8.lua
[16:57:46.676][info] [#0:script/workspace/loading.lua:101]: Preload file at: file:///media/HP_AZUL/dotfiles/config/.config/nvim/lua/josean/plugins/lsp/mason.lua , size = 1.345 KB
[16:57:46.677][info] [#0:script/workspace/loading.lua:101]: Preload file at: file:///media/HP_AZUL/dotfiles/config/.config/nvim/lua/josean/plugins/lsp/lspconfig.lua , size = 4.325 KB
[16:57:46.680][info] [#0:script/workspace/loading.lua:101]: Preload file at: file:///media/HP_AZUL/dotfiles/config/.config/nvim/lua/josean/plugins/lsp/none-ls.lua , size = 2.484 KB
[16:57:46.682][info] [#0:script/workspace/loading.lua:101]: Preload file at: file:///media/HP_AZUL/dotfiles/config/.config/nvim/lua/josean/plugins/alpha-nvim.lua , size = 1.974 KB
[16:57:46.682][info] [#0:script/workspace/loading.lua:101]: Preload file at: file:///media/HP_AZUL/dotfiles/config/.config/nvim/lua/josean/plugins/auto-session.lua , size = 0.623 KB
[16:57:46.683][info] [#0:script/workspace/loading.lua:101]: Preload file at: file:///media/HP_AZUL/dotfiles/config/.config/nvim/lua/josean/plugins/bufferline.lua , size = 0.197 KB
[16:57:46.683][info] [#0:script/workspace/loading.lua:101]: Preload file at: file:///media/HP_AZUL/dotfiles/config/.config/nvim/lua/josean/plugins/calendar-vim.lua , size = 0.197 KB
[16:57:46.684][info] [#0:script/workspace/loading.lua:101]: Preload file at: file:///media/HP_AZUL/dotfiles/config/.config/nvim/lua/josean/plugins/colorizer.lua , size = 0.099 KB
[16:57:46.684][info] [#0:script/workspace/loading.lua:101]: Preload file at: file:///media/HP_AZUL/dotfiles/config/.config/nvim/lua/josean/plugins/colorscheme.lua , size = 1.694 KB
[16:57:46.685][info] [#0:script/workspace/loading.lua:101]: Preload file at: file:///media/HP_AZUL/dotfiles/config/.config/nvim/lua/josean/plugins/comment.lua , size = 0.500 KB
[16:57:46.685][info] [#0:script/workspace/loading.lua:101]: Preload file at: file:///media/HP_AZUL/dotfiles/config/.config/nvim/lua/josean/plugins/dressing.lua , size = 0.060 KB
[16:57:46.686][info] [#0:script/workspace/loading.lua:101]: Preload file at: file:///media/HP_AZUL/dotfiles/config/.config/nvim/lua/josean/plugins/formatting.lua , size = 1.028 KB
[16:57:46.687][info] [#0:script/workspace/loading.lua:101]: Preload file at: file:///media/HP_AZUL/dotfiles/config/.config/nvim/lua/josean/plugins/gitsigns.lua , size = 0.097 KB
[16:57:46.687][info] [#0:script/workspace/loading.lua:101]: Preload file at: file:///media/HP_AZUL/dotfiles/config/.config/nvim/lua/josean/plugins/harpoon.lua , size = 1.080 KB
[16:57:46.688][info] [#0:script/workspace/loading.lua:101]: Preload file at: file:///media/HP_AZUL/dotfiles/config/.config/nvim/lua/josean/plugins/init.lua , size = 0.242 KB
[16:57:46.688][info] [#0:script/workspace/loading.lua:101]: Preload file at: file:///media/HP_AZUL/dotfiles/config/.config/nvim/lua/josean/plugins/linting.lua , size = 0.816 KB
[16:57:46.689][info] [#0:script/workspace/loading.lua:101]: Preload file at: file:///media/HP_AZUL/dotfiles/config/.config/nvim/lua/josean/plugins/nvim-autopairs.lua , size = 0.896 KB
[16:57:46.690][info] [#0:script/workspace/loading.lua:101]: Preload file at: file:///media/HP_AZUL/dotfiles/config/.config/nvim/lua/josean/plugins/nvim-cmp.lua , size = 1.889 KB
[16:57:46.691][info] [#0:script/workspace/loading.lua:101]: Preload file at: file:///media/HP_AZUL/dotfiles/config/.config/nvim/lua/josean/plugins/lualine.lua , size = 2.066 KB
[16:57:46.692][info] [#0:script/workspace/loading.lua:101]: Preload file at: file:///media/HP_AZUL/dotfiles/config/.config/nvim/lua/josean/plugins/nvim-surround.lua , size = 0.183 KB
[16:57:46.697][info] [#0:script/workspace/loading.lua:101]: Preload file at: file:///media/HP_AZUL/dotfiles/config/.config/nvim/lua/josean/plugins/nvim-tree.lua , size = 1.845 KB
[16:57:46.698][info] [#0:script/workspace/loading.lua:101]: Preload file at: file:///media/HP_AZUL/dotfiles/config/.config/nvim/lua/josean/plugins/nvim-treesitter.lua , size = 1.584 KB
[16:57:46.699][info] [#0:script/workspace/loading.lua:101]: Preload file at: file:///media/HP_AZUL/dotfiles/config/.config/nvim/lua/josean/plugins/nvim-treesitter-text-objects.lua , size = 6.041 KB
[16:57:46.701][info] [#0:script/workspace/loading.lua:101]: Preload file at: file:///media/HP_AZUL/dotfiles/config/.config/nvim/lua/josean/plugins/nvim-web-devicons.lua , size = 0.274 KB
[16:57:46.701][info] [#0:script/workspace/loading.lua:101]: Preload file at: file:///media/HP_AZUL/dotfiles/config/.config/nvim/lua/josean/plugins/telescope.lua , size = 1.668 KB
[16:57:46.702][info] [#0:script/workspace/loading.lua:101]: Preload file at: file:///media/HP_AZUL/dotfiles/config/.config/nvim/lua/josean/plugins/undotree.lua , size = 0.112 KB
[16:57:46.703][info] [#0:script/workspace/loading.lua:101]: Preload file at: file:///media/HP_AZUL/dotfiles/config/.config/nvim/lua/josean/plugins/vim-signature.lua , size = 0.037 KB
[16:57:46.703][info] [#0:script/workspace/loading.lua:101]: Preload file at: file:///media/HP_AZUL/dotfiles/config/.config/nvim/lua/josean/plugins/vim-maximizer.lua , size = 0.133 KB
[16:57:46.703][info] [#0:script/workspace/loading.lua:101]: Preload file at: file:///media/HP_AZUL/dotfiles/config/.config/nvim/lua/josean/plugins/vim-tagbar.lua , size = 0.112 KB
[16:57:46.703][info] [#0:script/workspace/loading.lua:173]: Loaded files takes [0.112] sec: <fallback>
[16:57:46.704][info] [#0:script/workspace/loading.lua:182]: Compile files takes [0.000] sec: <fallback>
[16:57:46.704][info] [#0:script/workspace/loading.lua:183]: Loaded finish:	<fallback>
[16:57:46.704][info] [#0:script/workspace/workspace.lua:381]: Preload finish at:	<fallback>
[16:57:46.710][info] [#0:script/workspace/loading.lua:101]: Preload file at: file:///media/HP_AZUL/dotfiles/config/.config/nvim/lua/josean/plugins/vimwiki.lua , size = 0.971 KB
[16:57:46.811][info] [#0:script/workspace/loading.lua:101]: Preload file at: file:///media/HP_AZUL/dotfiles/config/.config/nvim/lua/josean/plugins/which-key.lua , size = 0.285 KB
[16:57:46.812][warn] [#0:script/proto/proto.lua:138]: Response of [workspace/diagnostic/refresh] error [-32601]: Unhandled method workspace/diagnostic/refresh
[16:57:46.937][info] [#0:script/workspace/loading.lua:173]: Loaded files takes [0.145] sec: file:///media/HP_AZUL/dotfiles/config/.config/nvim/lua/josean/plugins
[16:57:46.937][info] [#0:script/workspace/loading.lua:182]: Compile files takes [0.000] sec: file:///media/HP_AZUL/dotfiles/config/.config/nvim/lua/josean/plugins
[16:57:46.937][info] [#0:script/workspace/loading.lua:183]: Loaded finish:	file:///media/HP_AZUL/dotfiles/config/.config/nvim/lua/josean/plugins
[16:57:46.937][info] [#0:script/workspace/workspace.lua:381]: Preload finish at:	file:///media/HP_AZUL/dotfiles/config/.config/nvim/lua/josean/plugins
[16:57:46.944][info] [#0:script/provider/diagnostic.lua:557]: Diagnostics scope [file:///media/HP_AZUL/dotfiles/config/.config/nvim/lua/josean/plugins], files count:[43]
[16:57:46.944][warn] [#0:script/proto/proto.lua:138]: Response of [workspace/diagnostic/refresh] error [-32601]: Unhandled method workspace/diagnostic/refresh
[16:57:47.086][info] [#0:script/provider/diagnostic.lua:574]: Diagnostics scope [file:///media/HP_AZUL/dotfiles/config/.config/nvim/lua/josean/plugins] finished, takes [0.142] sec.
