[16:53:45.899][info] [#0:/home/nisidabay/.config/coc/extensions/coc-lua-data/lua-language-server/main.lua:66]: Lua Lsp startup, root: 	/home/nisidabay/.config/coc/extensions/coc-lua-data/lua-language-server
[16:53:45.899][info] [#0:/home/nisidabay/.config/coc/extensions/coc-lua-data/lua-language-server/main.lua:67]: ROOT:	/home/nisidabay/.config/coc/extensions/coc-lua-data/lua-language-server
[16:53:45.899][info] [#0:/home/nisidabay/.config/coc/extensions/coc-lua-data/lua-language-server/main.lua:68]: LOGPATH:	/home/nisidabay/.config/coc/extensions/coc-lua-data/lua-language-server/log
[16:53:45.899][info] [#0:/home/nisidabay/.config/coc/extensions/coc-lua-data/lua-language-server/main.lua:69]: METAPATH:	/home/nisidabay/.config/coc/extensions/coc-lua-data/lua-language-server/meta
[16:53:45.899][info] [#0:/home/nisidabay/.config/coc/extensions/coc-lua-data/lua-language-server/main.lua:70]: VERSION:	3.7.0
[16:53:45.926][info] [#0:script/service/service.lua:144]: 
========= Medical Examination Report =========
    --------------- Memory ---------------
        Total: 2.140 MB
        # 00 : 2.140 MB
        # 01 : 0.000 MB
        # 02 : 0.000 MB
        # 03 : 0.000 MB
        # 04 : 0.000 MB
    --------------- Coroutine ---------------
        Total:     0
        Running:   0
        Suspended: 0
        Normal:    0
        Dead:      0
    --------------- Cache ---------------
        Total: 1
        Dead:  0
    ---------------  RPC  ---------------
        Holdon:   0
        Waiting:  0
==============================================
[16:53:45.931][info] [#0:script/client.lua:657]: Client init	{
  capabilities = {
    general = {
      markdown = {
        parser = "marked",
        version = "7.0.5"
      },
      positionEncodings = { "utf-16" },
      regularExpressions = {
        engine = "ECMAScript",
        version = "ES2020"
      },
      staleRequestSupport = {
        cancel = true,
        retryOnContentModified = { "textDocument/inlayHint", "textDocument/semanticTokens/full", "textDocument/semanticTokens/range", "textDocument/semanticTokens/full/delta" }
      }
    },
    textDocument = {
      callHierarchy = {
        dynamicRegistration = true
      },
      codeAction = {
        codeActionLiteralSupport = {
          codeActionKind = {
            valueSet = { "", "quickfix", "refactor", "refactor.extract", "refactor.inline", "refactor.rewrite", "source", "source.organizeImports" }
          }
        },
        dataSupport = true,
        disabledSupport = true,
        dynamicRegistration = true,
        honorsChangeAnnotations = false,
        isPreferredSupport = true,
        resolveSupport = {
          properties = { "edit" }
        }
      },
      codeLens = {
        dynamicRegistration = true
      },
      colorProvider = {
        dynamicRegistration = true
      },
      completion = {
        completionItem = {
          commitCharactersSupport = true,
          deprecatedSupport = true,
          documentationFormat = { "markdown", "plaintext" },
          insertReplaceSupport = true,
          insertTextModeSupport = {
            valueSet = { 1, 2 }
          },
          labelDetailsSupport = true,
          preselectSupport = true,
          resolveSupport = {
            properties = { "documentation", "detail", "additionalTextEdits" }
          },
          snippetSupport = true,
          tagSupport = {
            valueSet = { 1 }
          }
        },
        completionItemKind = {
          valueSet = { 1, 2, 3, 4, 5, 6, 7, 8, 9, 10, 11, 12, 13, 14, 15, 16, 17, 18, 19, 20, 21, 22, 23, 24, 25 }
        },
        completionList = {
          itemDefaults = { "commitCharacters", "editRange", "insertTextFormat", "insertTextMode" }
        },
        contextSupport = true,
        dynamicRegistration = true,
        insertTextMode = 2
      },
      declaration = {
        dynamicRegistration = true,
        linkSupport = true
      },
      definition = {
        dynamicRegistration = true,
        linkSupport = true
      },
      diagnostic = {
        dynamicRegistration = true,
        relatedDocumentSupport = true
      },
      documentHighlight = {
        dynamicRegistration = true
      },
      documentLink = {
        dynamicRegistration = true,
        tooltipSupport = true
      },
      documentSymbol = {
        dynamicRegistration = true,
        hierarchicalDocumentSymbolSupport = true,
        labelSupport = true,
        symbolKind = {
          valueSet = { 1, 2, 3, 4, 5, 6, 7, 8, 9, 10, 11, 12, 13, 14, 15, 16, 17, 18, 19, 20, 21, 22, 23, 24, 25, 26 }
        },
        tagSupport = {
          valueSet = { 1 }
        }
      },
      foldingRange = {
        dynamicRegistration = true,
        foldingRange = {
          collapsedText = false
        },
        foldingRangeKind = {
          valueSet = { "comment", "imports", "region" }
        },
        lineFoldingOnly = true,
        rangeLimit = 5000
      },
      formatting = {
        dynamicRegistration = true
      },
      hover = {
        contentFormat = { "markdown", "plaintext" },
        dynamicRegistration = true
      },
      implementation = {
        dynamicRegistration = true,
        linkSupport = true
      },
      inlayHint = {
        dynamicRegistration = true,
        resolveSupport = {
          properties = { "tooltip", "textEdits", "label.tooltip", "label.location", "label.command" }
        }
      },
      inlineValue = {
        dynamicRegistration = true
      },
      linkedEditingRange = {
        dynamicRegistration = true
      },
      onTypeFormatting = {
        dynamicRegistration = true
      },
      publishDiagnostics = {
        codeDescriptionSupport = true,
        dataSupport = true,
        relatedInformation = true,
        tagSupport = {
          valueSet = { 1, 2 }
        },
        versionSupport = true
      },
      rangeFormatting = {
        dynamicRegistration = true
      },
      references = {
        dynamicRegistration = true
      },
      rename = {
        dynamicRegistration = true,
        honorsChangeAnnotations = true,
        prepareSupport = true,
        prepareSupportDefaultBehavior = 1
      },
      selectionRange = {
        dynamicRegistration = true
      },
      semanticTokens = {
        augmentsSyntaxTokens = true,
        dynamicRegistration = true,
        formats = { "relative" },
        multilineTokenSupport = false,
        overlappingTokenSupport = false,
        requests = {
          full = {
            delta = true
          },
          range = true
        },
        serverCancelSupport = true,
        tokenModifiers = { "declaration", "definition", "readonly", "static", "deprecated", "abstract", "async", "modification", "documentation", "defaultLibrary" },
        tokenTypes = { "namespace", "type", "class", "enum", "interface", "struct", "typeParameter", "parameter", "variable", "property", "enumMember", "event", "function", "method", "macro", "keyword", "modifier", "comment", "string", "number", "regexp", "decorator", "operator" }
      },
      signatureHelp = {
        contextSupport = true,
        dynamicRegistration = true,
        signatureInformation = {
          activeParameterSupport = true,
          documentationFormat = { "markdown", "plaintext" },
          parameterInformation = {
            labelOffsetSupport = true
          }
        }
      },
      synchronization = {
        didSave = true,
        dynamicRegistration = true,
        willSave = true,
        willSaveWaitUntil = true
      },
      typeDefinition = {
        dynamicRegistration = true,
        linkSupport = true
      },
      typeHierarchy = {
        dynamicRegistration = true
      }
    },
    window = {
      showDocument = {
        support = true
      },
      showMessage = {
        messageActionItem = {
          additionalPropertiesSupport = true
        }
      },
      workDoneProgress = true
    },
    workspace = {
      applyEdit = true,
      codeLens = {
        refreshSupport = true
      },
      configuration = true,
      diagnostics = {
        refreshSupport = true
      },
      didChangeConfiguration = {
        dynamicRegistration = true
      },
      didChangeWatchedFiles = {
        dynamicRegistration = true,
        relativePatternSupport = true
      },
      executeCommand = {
        dynamicRegistration = true
      },
      fileOperations = {
        didCreate = true,
        didDelete = true,
        didRename = true,
        dynamicRegistration = true,
        willCreate = true,
        willDelete = true,
        willRename = true
      },
      inlayHint = {
        refreshSupport = true
      },
      inlineValue = {
        refreshSupport = true
      },
      semanticTokens = {
        refreshSupport = true
      },
      symbol = {
        dynamicRegistration = true,
        resolveSupport = {
          properties = { "location.range" }
        },
        symbolKind = {
          valueSet = { 1, 2, 3, 4, 5, 6, 7, 8, 9, 10, 11, 12, 13, 14, 15, 16, 17, 18, 19, 20, 21, 22, 23, 24, 25, 26 }
        },
        tagSupport = {
          valueSet = { 1 }
        }
      },
      workspaceEdit = {
        changeAnnotationSupport = {
          groupsOnLabel = false
        },
        documentChanges = true,
        failureHandling = "undo",
        normalizesLineEndings = true,
        resourceOperations = { "create", "rename", "delete" }
      },
      workspaceFolders = true
    }
  },
  clientInfo = {
    name = "coc.nvim",
    version = "0.0.82"
  },
  initializationOptions = {
    changeConfiguration = true
  },
  locale = "es_ES",
  processId = 50362,
  rootPath = "/home/nisidabay/dotfiles/nvim/lua/josean",
  rootUri = "file:///home/nisidabay/dotfiles/nvim/lua/josean",
  trace = "off",
  workDoneToken = "8f32580e-c317-41f5-9e03-cbecf43026f0",
  workspaceFolders = { {
      name = "josean",
      uri = "file:///home/nisidabay/dotfiles/nvim/lua/josean"
    } }
}
[16:53:45.931][info] [#0:script/language.lua:137]: VSC language: es_ES
[16:53:45.931][info] [#0:script/language.lua:138]: LS  language: en-us
[16:53:45.932][info] [#0:script/workspace/workspace.lua:38]: Workspace init root: 	file:///home/nisidabay/dotfiles/nvim/lua/josean
[16:53:45.932][info] [#0:script/workspace/workspace.lua:42]: Log path: 	/home/nisidabay/.config/coc/extensions/coc-lua-data/lua-language-server/log/file_home_nisidabay_dotfiles_nvim_lua_josean.log
[16:53:45.932][info] [#0:script/workspace/workspace.lua:48]: Workspace create: 	file:///home/nisidabay/dotfiles/nvim/lua/josean
[16:53:46.134][info] [#0:script/provider/provider.lua:46]: Load config from client	file:///home/nisidabay/dotfiles/nvim/lua/josean
[16:53:46.134][info] [#0:script/provider/provider.lua:47]: {
  Lua = {
    addonManager = {
      enable = true
    },
    codeLens = {
      enable = false
    },
    completion = {
      autoRequire = true,
      callSnippet = "Disable",
      displayContext = 0,
      enable = true,
      keywordSnippet = "Replace",
      postfix = "@",
      requireSeparator = ".",
      showParams = true,
      showWord = "Fallback",
      workspaceWord = true
    },
    diagnostics = {
      disable = {},
      disableScheme = { "git" },
      enable = true,
      globals = {},
      ignoredFiles = "Opened",
      libraryFiles = "Opened",
      unusedLocalExclude = {},
      workspaceDelay = 3000,
      workspaceEvent = "OnSave",
      workspaceRate = 100
    },
    doc = {
      packageName = {},
      privateName = {},
      protectedName = {}
    },
    format = {
      defaultConfig = {},
      enable = true
    },
    hint = {
      arrayIndex = "Auto",
      await = true,
      enable = false,
      paramName = "All",
      paramType = true,
      semicolon = "SameLine",
      setType = false
    },
    hover = {
      enable = true,
      enumsLimit = 5,
      expandAlias = true,
      previewFields = 50,
      viewNumber = true,
      viewString = true,
      viewStringMax = 1000
    },
    misc = {
      executablePath = "",
      parameters = {}
    },
    runtime = {
      fileEncoding = "utf8",
      meta = "${version} ${language} ${encoding}",
      nonstandardSymbol = {},
      path = { "?.lua", "?/init.lua" },
      pathStrict = false,
      plugin = "",
      pluginArgs = {},
      special = {},
      unicodeName = false,
      version = "Lua 5.4"
    },
    semantic = {
      annotation = true,
      enable = true,
      keyword = false,
      variable = true
    },
    signatureHelp = {
      enable = true
    },
    spell = {
      dict = {}
    },
    type = {
      castNumberToInteger = true,
      weakNilCheck = false,
      weakUnionCheck = false
    },
    window = {
      progressBar = true,
      statusBar = true
    },
    workspace = {
      checkThirdParty = true,
      ignoreDir = { ".vscode" },
      ignoreSubmodules = true,
      library = {},
      maxPreload = 5000,
      preloadFileSize = 500,
      useGitIgnore = true,
      userThirdParty = {}
    }
  }
}
[16:53:46.235][info] [#0:script/provider/completion.lua:43]: Enable completion.
[16:53:46.235][info] [#0:script/provider/provider.lua:61]: Load config from client	fallback
[16:53:46.236][info] [#0:script/provider/provider.lua:62]: {
  Lua = {
    addonManager = {
      enable = true
    },
    codeLens = {
      enable = false
    },
    completion = {
      autoRequire = true,
      callSnippet = "Disable",
      displayContext = 0,
      enable = true,
      keywordSnippet = "Replace",
      postfix = "@",
      requireSeparator = ".",
      showParams = true,
      showWord = "Fallback",
      workspaceWord = true
    },
    diagnostics = {
      disable = {},
      disableScheme = { "git" },
      enable = true,
      globals = {},
      ignoredFiles = "Opened",
      libraryFiles = "Opened",
      unusedLocalExclude = {},
      workspaceDelay = 3000,
      workspaceEvent = "OnSave",
      workspaceRate = 100
    },
    doc = {
      packageName = {},
      privateName = {},
      protectedName = {}
    },
    format = {
      defaultConfig = {},
      enable = true
    },
    hint = {
      arrayIndex = "Auto",
      await = true,
      enable = false,
      paramName = "All",
      paramType = true,
      semicolon = "SameLine",
      setType = false
    },
    hover = {
      enable = true,
      enumsLimit = 5,
      expandAlias = true,
      previewFields = 50,
      viewNumber = true,
      viewString = true,
      viewStringMax = 1000
    },
    misc = {
      executablePath = "",
      parameters = {}
    },
    runtime = {
      fileEncoding = "utf8",
      meta = "${version} ${language} ${encoding}",
      nonstandardSymbol = {},
      path = { "?.lua", "?/init.lua" },
      pathStrict = false,
      plugin = "",
      pluginArgs = {},
      special = {},
      unicodeName = false,
      version = "Lua 5.4"
    },
    semantic = {
      annotation = true,
      enable = true,
      keyword = false,
      variable = true
    },
    signatureHelp = {
      enable = true
    },
    spell = {
      dict = {}
    },
    type = {
      castNumberToInteger = true,
      weakNilCheck = false,
      weakUnionCheck = false
    },
    window = {
      progressBar = true,
      statusBar = true
    },
    workspace = {
      checkThirdParty = true,
      ignoreDir = { ".vscode" },
      ignoreSubmodules = true,
      library = {},
      maxPreload = 5000,
      preloadFileSize = 500,
      useGitIgnore = true,
      userThirdParty = {}
    }
  }
}
[16:53:46.437][info] [#0:script/library.lua:212]: Init builtin library at:	file:///home/nisidabay/dotfiles/nvim/lua/josean
[16:53:46.461][info] [#0:script/plugin.lua:86]: plugin path:	/home/nisidabay/dotfiles/nvim/lua/josean
[16:53:46.461][warn] [#0:script/plugin.lua:101]: plugin not found:	/home/nisidabay/dotfiles/nvim/lua/josean
[16:53:46.461][info] [#0:script/library.lua:212]: Init builtin library at:	nil
[16:53:46.572][info] [#0:script/workspace/workspace.lua:324]: Preload start:	file:///home/nisidabay/dotfiles/nvim/lua/josean
[16:53:46.575][info] [#0:script/workspace/workspace.lua:330]: Scan files at:	file:///home/nisidabay/dotfiles/nvim/lua/josean
[16:53:46.575][info] [#0:script/workspace/workspace.lua:324]: Preload start:	<fallback>
[16:53:46.578][info] [#0:script/workspace/workspace.lua:353]: Scan library at:	file:///home/nisidabay/.config/coc/extensions/coc-lua-data/lua-language-server/meta/Lua%205.4%20en-us%20utf8/table.lua
[16:53:46.578][info] [#0:script/workspace/workspace.lua:353]: Scan library at:	file:///home/nisidabay/.config/coc/extensions/coc-lua-data/lua-language-server/meta/Lua%205.4%20en-us%20utf8/utf8.lua
[16:53:46.578][info] [#0:script/workspace/workspace.lua:353]: Scan library at:	file:///home/nisidabay/.config/coc/extensions/coc-lua-data/lua-language-server/meta/Lua%205.4%20en-us%20utf8/builtin.lua
[16:53:46.578][info] [#0:script/workspace/workspace.lua:353]: Scan library at:	file:///home/nisidabay/.config/coc/extensions/coc-lua-data/lua-language-server/meta/Lua%205.4%20en-us%20utf8/os.lua
[16:53:46.579][info] [#0:script/workspace/workspace.lua:353]: Scan library at:	file:///home/nisidabay/.config/coc/extensions/coc-lua-data/lua-language-server/meta/Lua%205.4%20en-us%20utf8/basic.lua
[16:53:46.579][info] [#0:script/workspace/workspace.lua:353]: Scan library at:	file:///home/nisidabay/.config/coc/extensions/coc-lua-data/lua-language-server/meta/Lua%205.4%20en-us%20utf8/package.lua
[16:53:46.579][info] [#0:script/workspace/workspace.lua:353]: Scan library at:	file:///home/nisidabay/.config/coc/extensions/coc-lua-data/lua-language-server/meta/Lua%205.4%20en-us%20utf8/coroutine.lua
[16:53:46.579][info] [#0:script/workspace/workspace.lua:353]: Scan library at:	file:///home/nisidabay/.config/coc/extensions/coc-lua-data/lua-language-server/meta/Lua%205.4%20en-us%20utf8/math.lua
[16:53:46.579][info] [#0:script/workspace/workspace.lua:353]: Scan library at:	file:///home/nisidabay/.config/coc/extensions/coc-lua-data/lua-language-server/meta/Lua%205.4%20en-us%20utf8/string.lua
[16:53:46.579][info] [#0:script/workspace/workspace.lua:353]: Scan library at:	file:///home/nisidabay/.config/coc/extensions/coc-lua-data/lua-language-server/meta/Lua%205.4%20en-us%20utf8/debug.lua
[16:53:46.580][info] [#0:script/workspace/workspace.lua:353]: Scan library at:	file:///home/nisidabay/.config/coc/extensions/coc-lua-data/lua-language-server/meta/Lua%205.4%20en-us%20utf8/io.lua
[16:53:46.581][info] [#0:script/workspace/workspace.lua:353]: Scan library at:	file:///home/nisidabay/.config/coc/extensions/coc-lua-data/lua-language-server/meta/Lua%205.4%20en-us%20utf8/table.lua
[16:53:46.581][info] [#0:script/workspace/workspace.lua:353]: Scan library at:	file:///home/nisidabay/.config/coc/extensions/coc-lua-data/lua-language-server/meta/Lua%205.4%20en-us%20utf8/utf8.lua
[16:53:46.581][info] [#0:script/workspace/workspace.lua:353]: Scan library at:	file:///home/nisidabay/.config/coc/extensions/coc-lua-data/lua-language-server/meta/Lua%205.4%20en-us%20utf8/builtin.lua
[16:53:46.581][info] [#0:script/workspace/workspace.lua:353]: Scan library at:	file:///home/nisidabay/.config/coc/extensions/coc-lua-data/lua-language-server/meta/Lua%205.4%20en-us%20utf8/os.lua
[16:53:46.581][info] [#0:script/workspace/workspace.lua:353]: Scan library at:	file:///home/nisidabay/.config/coc/extensions/coc-lua-data/lua-language-server/meta/Lua%205.4%20en-us%20utf8/basic.lua
[16:53:46.581][info] [#0:script/workspace/workspace.lua:353]: Scan library at:	file:///home/nisidabay/.config/coc/extensions/coc-lua-data/lua-language-server/meta/Lua%205.4%20en-us%20utf8/package.lua
[16:53:46.581][info] [#0:script/workspace/workspace.lua:353]: Scan library at:	file:///home/nisidabay/.config/coc/extensions/coc-lua-data/lua-language-server/meta/Lua%205.4%20en-us%20utf8/coroutine.lua
[16:53:46.581][info] [#0:script/workspace/workspace.lua:353]: Scan library at:	file:///home/nisidabay/.config/coc/extensions/coc-lua-data/lua-language-server/meta/Lua%205.4%20en-us%20utf8/math.lua
[16:53:46.582][info] [#0:script/workspace/workspace.lua:353]: Scan library at:	file:///home/nisidabay/.config/coc/extensions/coc-lua-data/lua-language-server/meta/Lua%205.4%20en-us%20utf8/string.lua
[16:53:46.582][info] [#0:script/workspace/workspace.lua:353]: Scan library at:	file:///home/nisidabay/.config/coc/extensions/coc-lua-data/lua-language-server/meta/Lua%205.4%20en-us%20utf8/debug.lua
[16:53:46.582][info] [#0:script/workspace/workspace.lua:353]: Scan library at:	file:///home/nisidabay/.config/coc/extensions/coc-lua-data/lua-language-server/meta/Lua%205.4%20en-us%20utf8/io.lua
[16:53:46.682][info] [#0:script/workspace/workspace.lua:379]: Found 11 files at:	<fallback>
[16:53:46.682][info] [#0:script/workspace/loading.lua:161]: Load files from disk:	<fallback>
[16:53:46.682][info] [#0:script/workspace/workspace.lua:379]: Found 58 files at:	file:///home/nisidabay/dotfiles/nvim/lua/josean
[16:53:46.682][info] [#0:script/workspace/loading.lua:161]: Load files from disk:	file:///home/nisidabay/dotfiles/nvim/lua/josean
[16:53:46.683][info] [#0:script/workspace/loading.lua:101]: Preload file at: file:///home/nisidabay/.config/coc/extensions/coc-lua-data/lua-language-server/meta/Lua%205.4%20en-us%20utf8/io.lua , size = 6.364 KB
[16:53:46.689][info] [#0:script/workspace/loading.lua:113]: ++++As library of:	file:///home/nisidabay/.config/coc/extensions/coc-lua-data/lua-language-server/meta/Lua%205.4%20en-us%20utf8/io.lua
[16:53:46.689][info] [#0:script/workspace/loading.lua:101]: Preload file at: file:///home/nisidabay/.config/coc/extensions/coc-lua-data/lua-language-server/meta/Lua%205.4%20en-us%20utf8/debug.lua , size = 7.637 KB
[16:53:46.697][info] [#0:script/workspace/loading.lua:113]: ++++As library of:	file:///home/nisidabay/.config/coc/extensions/coc-lua-data/lua-language-server/meta/Lua%205.4%20en-us%20utf8/debug.lua
[16:53:46.697][info] [#0:script/workspace/loading.lua:98]: Skip loaded file: file:///home/nisidabay/.config/coc/extensions/coc-lua-data/lua-language-server/meta/Lua%205.4%20en-us%20utf8/debug.lua
[16:53:46.697][info] [#0:script/workspace/loading.lua:101]: Preload file at: file:///home/nisidabay/.config/coc/extensions/coc-lua-data/lua-language-server/meta/Lua%205.4%20en-us%20utf8/string.lua , size = 6.341 KB
[16:53:46.702][info] [#0:script/workspace/loading.lua:113]: ++++As library of:	file:///home/nisidabay/.config/coc/extensions/coc-lua-data/lua-language-server/meta/Lua%205.4%20en-us%20utf8/string.lua
[16:53:46.702][info] [#0:script/workspace/loading.lua:98]: Skip loaded file: file:///home/nisidabay/.config/coc/extensions/coc-lua-data/lua-language-server/meta/Lua%205.4%20en-us%20utf8/string.lua
[16:53:46.702][info] [#0:script/workspace/loading.lua:101]: Preload file at: file:///home/nisidabay/.config/coc/extensions/coc-lua-data/lua-language-server/meta/Lua%205.4%20en-us%20utf8/math.lua , size = 8.509 KB
[16:53:46.710][info] [#0:script/workspace/loading.lua:113]: ++++As library of:	file:///home/nisidabay/.config/coc/extensions/coc-lua-data/lua-language-server/meta/Lua%205.4%20en-us%20utf8/math.lua
[16:53:46.710][info] [#0:script/workspace/loading.lua:98]: Skip loaded file: file:///home/nisidabay/.config/coc/extensions/coc-lua-data/lua-language-server/meta/Lua%205.4%20en-us%20utf8/math.lua
[16:53:46.710][info] [#0:script/workspace/loading.lua:101]: Preload file at: file:///home/nisidabay/.config/coc/extensions/coc-lua-data/lua-language-server/meta/Lua%205.4%20en-us%20utf8/coroutine.lua , size = 2.590 KB
[16:53:46.712][info] [#0:script/workspace/loading.lua:113]: ++++As library of:	file:///home/nisidabay/.config/coc/extensions/coc-lua-data/lua-language-server/meta/Lua%205.4%20en-us%20utf8/coroutine.lua
[16:53:46.712][info] [#0:script/workspace/loading.lua:98]: Skip loaded file: file:///home/nisidabay/.config/coc/extensions/coc-lua-data/lua-language-server/meta/Lua%205.4%20en-us%20utf8/coroutine.lua
[16:53:46.712][info] [#0:script/workspace/loading.lua:101]: Preload file at: file:///home/nisidabay/.config/coc/extensions/coc-lua-data/lua-language-server/meta/Lua%205.4%20en-us%20utf8/package.lua , size = 2.944 KB
[16:53:46.714][info] [#0:script/workspace/loading.lua:113]: ++++As library of:	file:///home/nisidabay/.config/coc/extensions/coc-lua-data/lua-language-server/meta/Lua%205.4%20en-us%20utf8/package.lua
[16:53:46.714][info] [#0:script/workspace/loading.lua:98]: Skip loaded file: file:///home/nisidabay/.config/coc/extensions/coc-lua-data/lua-language-server/meta/Lua%205.4%20en-us%20utf8/package.lua
[16:53:46.714][info] [#0:script/workspace/loading.lua:101]: Preload file at: file:///home/nisidabay/.config/coc/extensions/coc-lua-data/lua-language-server/meta/Lua%205.4%20en-us%20utf8/basic.lua , size = 15.336 KB
[16:53:46.724][info] [#0:script/workspace/loading.lua:113]: ++++As library of:	file:///home/nisidabay/.config/coc/extensions/coc-lua-data/lua-language-server/meta/Lua%205.4%20en-us%20utf8/basic.lua
[16:53:46.724][info] [#0:script/workspace/loading.lua:98]: Skip loaded file: file:///home/nisidabay/.config/coc/extensions/coc-lua-data/lua-language-server/meta/Lua%205.4%20en-us%20utf8/basic.lua
[16:53:46.724][info] [#0:script/workspace/loading.lua:98]: Skip loaded file: file:///home/nisidabay/.config/coc/extensions/coc-lua-data/lua-language-server/meta/Lua%205.4%20en-us%20utf8/io.lua
[16:53:46.724][info] [#0:script/workspace/loading.lua:101]: Preload file at: file:///home/nisidabay/.config/coc/extensions/coc-lua-data/lua-language-server/meta/Lua%205.4%20en-us%20utf8/os.lua , size = 5.600 KB
[16:53:46.731][info] [#0:script/workspace/loading.lua:113]: ++++As library of:	file:///home/nisidabay/.config/coc/extensions/coc-lua-data/lua-language-server/meta/Lua%205.4%20en-us%20utf8/os.lua
[16:53:46.731][info] [#0:script/workspace/loading.lua:101]: Preload file at: file:///home/nisidabay/.config/coc/extensions/coc-lua-data/lua-language-server/meta/Lua%205.4%20en-us%20utf8/builtin.lua , size = 0.302 KB
[16:53:46.732][info] [#0:script/workspace/loading.lua:113]: ++++As library of:	file:///home/nisidabay/.config/coc/extensions/coc-lua-data/lua-language-server/meta/Lua%205.4%20en-us%20utf8/builtin.lua
[16:53:46.732][info] [#0:script/workspace/loading.lua:98]: Skip loaded file: file:///home/nisidabay/.config/coc/extensions/coc-lua-data/lua-language-server/meta/Lua%205.4%20en-us%20utf8/builtin.lua
[16:53:46.732][info] [#0:script/workspace/loading.lua:101]: Preload file at: file:///home/nisidabay/.config/coc/extensions/coc-lua-data/lua-language-server/meta/Lua%205.4%20en-us%20utf8/utf8.lua , size = 2.386 KB
[16:53:46.734][info] [#0:script/workspace/loading.lua:113]: ++++As library of:	file:///home/nisidabay/.config/coc/extensions/coc-lua-data/lua-language-server/meta/Lua%205.4%20en-us%20utf8/utf8.lua
[16:53:46.734][info] [#0:script/workspace/loading.lua:98]: Skip loaded file: file:///home/nisidabay/.config/coc/extensions/coc-lua-data/lua-language-server/meta/Lua%205.4%20en-us%20utf8/os.lua
[16:53:46.734][info] [#0:script/workspace/loading.lua:98]: Skip loaded file: file:///home/nisidabay/.config/coc/extensions/coc-lua-data/lua-language-server/meta/Lua%205.4%20en-us%20utf8/utf8.lua
[16:53:46.734][info] [#0:script/workspace/loading.lua:101]: Preload file at: file:///home/nisidabay/.config/coc/extensions/coc-lua-data/lua-language-server/meta/Lua%205.4%20en-us%20utf8/table.lua , size = 4.230 KB
[16:53:46.737][info] [#0:script/workspace/loading.lua:113]: ++++As library of:	file:///home/nisidabay/.config/coc/extensions/coc-lua-data/lua-language-server/meta/Lua%205.4%20en-us%20utf8/table.lua
[16:53:46.737][info] [#0:script/workspace/loading.lua:101]: Preload file at: file:///home/nisidabay/dotfiles/nvim/lua/josean/plugins/tmux.lua , size = 0.535 KB
[16:53:46.738][info] [#0:script/workspace/loading.lua:98]: Skip loaded file: file:///home/nisidabay/.config/coc/extensions/coc-lua-data/lua-language-server/meta/Lua%205.4%20en-us%20utf8/table.lua
[16:53:46.738][info] [#0:script/workspace/loading.lua:101]: Preload file at: file:///home/nisidabay/dotfiles/nvim/lua/josean/plugins/harpoon.lua , size = 1.104 KB
[16:53:46.738][info] [#0:script/workspace/loading.lua:101]: Preload file at: file:///home/nisidabay/dotfiles/nvim/lua/josean/plugins/which-key.lua , size = 0.285 KB
[16:53:46.739][info] [#0:script/workspace/loading.lua:101]: Preload file at: file:///home/nisidabay/dotfiles/nvim/lua/josean/plugins/formatting.lua , size = 1.028 KB
[16:53:46.740][info] [#0:script/workspace/loading.lua:101]: Preload file at: file:///home/nisidabay/dotfiles/nvim/lua/josean/plugins/notify.lua , size = 0.197 KB
[16:53:46.740][info] [#0:script/workspace/loading.lua:101]: Preload file at: file:///home/nisidabay/dotfiles/nvim/lua/josean/plugins/colorizer.lua , size = 0.099 KB
[16:53:46.740][info] [#0:script/workspace/loading.lua:101]: Preload file at: file:///home/nisidabay/dotfiles/nvim/lua/josean/plugins/init.lua , size = 0.075 KB
[16:53:46.741][info] [#0:script/workspace/loading.lua:101]: Preload file at: file:///home/nisidabay/dotfiles/nvim/lua/josean/plugins/dasht-vim.lua , size = 0.557 KB
[16:53:46.741][info] [#0:script/workspace/loading.lua:101]: Preload file at: file:///home/nisidabay/dotfiles/nvim/lua/josean/plugins/coc.lua , size = 8.190 KB
[16:53:46.746][info] [#0:script/workspace/loading.lua:101]: Preload file at: file:///home/nisidabay/dotfiles/nvim/lua/josean/plugins/lualine.lua , size = 2.066 KB
[16:53:46.748][info] [#0:script/workspace/loading.lua:101]: Preload file at: file:///home/nisidabay/dotfiles/nvim/lua/josean/plugins/dressing.lua , size = 0.060 KB
[16:53:46.748][info] [#0:script/workspace/loading.lua:101]: Preload file at: file:///home/nisidabay/dotfiles/nvim/lua/josean/plugins/Fterm.lua , size = 0.537 KB
[16:53:46.748][info] [#0:script/workspace/loading.lua:101]: Preload file at: file:///home/nisidabay/dotfiles/nvim/lua/josean/plugins/lsp/none-ls.lua , size = 2.484 KB
[16:53:46.750][info] [#0:script/workspace/loading.lua:101]: Preload file at: file:///home/nisidabay/dotfiles/nvim/lua/josean/plugins/lsp/mason.lua , size = 1.361 KB
[16:53:46.751][info] [#0:script/workspace/loading.lua:101]: Preload file at: file:///home/nisidabay/dotfiles/nvim/lua/josean/plugins/lsp/lspconfig.lua , size = 4.321 KB
[16:53:46.754][info] [#0:script/workspace/loading.lua:101]: Preload file at: file:///home/nisidabay/dotfiles/nvim/lua/josean/plugins/alpha-nvim.lua , size = 1.993 KB
[16:53:46.755][info] [#0:script/workspace/loading.lua:101]: Preload file at: file:///home/nisidabay/dotfiles/nvim/lua/josean/plugins/fugitive.lua , size = 0.708 KB
[16:53:46.755][info] [#0:script/workspace/loading.lua:101]: Preload file at: file:///home/nisidabay/dotfiles/nvim/lua/josean/plugins/undotree.lua , size = 0.112 KB
[16:53:46.756][info] [#0:script/workspace/loading.lua:101]: Preload file at: file:///home/nisidabay/dotfiles/nvim/lua/josean/plugins/go.lua , size = 0.629 KB
[16:53:46.756][info] [#0:script/workspace/loading.lua:101]: Preload file at: file:///home/nisidabay/dotfiles/nvim/lua/josean/plugins/vim-tagbar.lua , size = 0.112 KB
[16:53:46.757][info] [#0:script/workspace/loading.lua:101]: Preload file at: file:///home/nisidabay/dotfiles/nvim/lua/josean/plugins/vimwiki.lua , size = 0.992 KB
[16:53:46.762][info] [#0:script/workspace/loading.lua:101]: Preload file at: file:///home/nisidabay/dotfiles/nvim/lua/josean/plugins/nvim-tree.lua , size = 1.845 KB
[16:53:46.764][info] [#0:script/workspace/loading.lua:101]: Preload file at: file:///home/nisidabay/dotfiles/nvim/lua/josean/plugins/trouble.lua , size = 0.202 KB
[16:53:46.764][info] [#0:script/workspace/loading.lua:101]: Preload file at: file:///home/nisidabay/dotfiles/nvim/lua/josean/plugins/telescope.lua , size = 2.354 KB
[16:53:46.766][info] [#0:script/workspace/loading.lua:101]: Preload file at: file:///home/nisidabay/dotfiles/nvim/lua/josean/plugins/comment.lua , size = 0.500 KB
[16:53:46.767][info] [#0:script/workspace/loading.lua:101]: Preload file at: file:///home/nisidabay/dotfiles/nvim/lua/josean/plugins/nvim-autopairs.lua , size = 0.896 KB
[16:53:46.767][info] [#0:script/workspace/loading.lua:101]: Preload file at: file:///home/nisidabay/dotfiles/nvim/lua/josean/plugins/nvim-surround.lua , size = 0.183 KB
[16:53:46.768][info] [#0:script/workspace/loading.lua:101]: Preload file at: file:///home/nisidabay/dotfiles/nvim/lua/josean/plugins/auto-session.lua , size = 0.645 KB
[16:53:46.768][info] [#0:script/workspace/loading.lua:101]: Preload file at: file:///home/nisidabay/dotfiles/nvim/lua/josean/plugins/replace_register.lua , size = 0.107 KB
[16:53:46.768][info] [#0:script/workspace/loading.lua:101]: Preload file at: file:///home/nisidabay/dotfiles/nvim/lua/josean/plugins/linting.lua , size = 0.816 KB
[16:53:46.769][info] [#0:script/workspace/loading.lua:101]: Preload file at: file:///home/nisidabay/dotfiles/nvim/lua/josean/plugins/bufferline.lua , size = 0.197 KB
[16:53:46.769][info] [#0:script/workspace/loading.lua:101]: Preload file at: file:///home/nisidabay/dotfiles/nvim/lua/josean/plugins/vim-signature.lua , size = 0.037 KB
[16:53:46.770][info] [#0:script/workspace/loading.lua:101]: Preload file at: file:///home/nisidabay/dotfiles/nvim/lua/josean/plugins/nvim-treesitter-text-objects.lua , size = 6.041 KB
[16:53:46.772][info] [#0:script/workspace/loading.lua:101]: Preload file at: file:///home/nisidabay/dotfiles/nvim/lua/josean/plugins/rose-pine.lua , size = 2.070 KB
[16:53:46.773][info] [#0:script/workspace/loading.lua:101]: Preload file at: file:///home/nisidabay/dotfiles/nvim/lua/josean/plugins/vim-maximizer.lua , size = 0.133 KB
[16:53:46.774][info] [#0:script/workspace/loading.lua:101]: Preload file at: file:///home/nisidabay/dotfiles/nvim/lua/josean/plugins/calendar-vim.lua , size = 0.197 KB
[16:53:46.774][info] [#0:script/workspace/loading.lua:101]: Preload file at: file:///home/nisidabay/dotfiles/nvim/lua/josean/plugins/gitsigns.lua , size = 0.405 KB
[16:53:46.774][info] [#0:script/workspace/loading.lua:101]: Preload file at: file:///home/nisidabay/dotfiles/nvim/lua/josean/plugins/todo.lua , size = 0.714 KB
[16:53:46.775][info] [#0:script/workspace/loading.lua:101]: Preload file at: file:///home/nisidabay/dotfiles/nvim/lua/josean/plugins/nvim-web-devicons.lua , size = 0.274 KB
[16:53:46.775][info] [#0:script/workspace/loading.lua:101]: Preload file at: file:///home/nisidabay/dotfiles/nvim/lua/josean/plugins/nvim-cmp.lua , size = 1.904 KB
[16:53:46.776][info] [#0:script/workspace/loading.lua:89]: Skip loaded file: file:///home/nisidabay/dotfiles/nvim/lua/josean/lazy.lua
[16:53:46.777][info] [#0:script/workspace/loading.lua:101]: Preload file at: file:///home/nisidabay/dotfiles/nvim/lua/josean/plugins/noice.lua , size = 1.124 KB
[16:53:46.777][info] [#0:script/workspace/loading.lua:101]: Preload file at: file:///home/nisidabay/dotfiles/nvim/lua/josean/plugins/nvim-treesitter.lua , size = 1.784 KB
[16:53:46.778][info] [#0:script/workspace/loading.lua:101]: Preload file at: file:///home/nisidabay/dotfiles/nvim/lua/josean/plugins/catppuccin.lua , size = 0.170 KB
[16:53:46.778][info] [#0:script/workspace/loading.lua:101]: Preload file at: file:///home/nisidabay/dotfiles/nvim/lua/josean/core/init.lua , size = 0.061 KB
[16:53:46.879][info] [#0:script/workspace/loading.lua:173]: Loaded files takes [0.100] sec: <fallback>
[16:53:46.879][info] [#0:script/workspace/loading.lua:182]: Compile files takes [0.000] sec: <fallback>
[16:53:46.879][info] [#0:script/workspace/loading.lua:183]: Loaded finish:	<fallback>
[16:53:46.879][info] [#0:script/workspace/workspace.lua:381]: Preload finish at:	<fallback>
[16:53:46.886][info] [#0:script/workspace/loading.lua:101]: Preload file at: file:///home/nisidabay/dotfiles/nvim/lua/josean/core/keymaps.lua , size = 9.214 KB
[16:53:46.892][info] [#0:script/workspace/loading.lua:101]: Preload file at: file:///home/nisidabay/dotfiles/nvim/lua/josean/core/options.lua , size = 1.600 KB
[16:53:46.994][info] [#0:script/workspace/loading.lua:173]: Loaded files takes [0.116] sec: file:///home/nisidabay/dotfiles/nvim/lua/josean
[16:53:46.994][info] [#0:script/workspace/loading.lua:182]: Compile files takes [0.000] sec: file:///home/nisidabay/dotfiles/nvim/lua/josean
[16:53:46.994][info] [#0:script/workspace/loading.lua:183]: Loaded finish:	file:///home/nisidabay/dotfiles/nvim/lua/josean
[16:53:46.994][info] [#0:script/workspace/workspace.lua:381]: Preload finish at:	file:///home/nisidabay/dotfiles/nvim/lua/josean
[16:53:47.002][info] [#0:script/provider/diagnostic.lua:557]: Diagnostics scope [file:///home/nisidabay/dotfiles/nvim/lua/josean], files count:[58]
[16:53:47.252][info] [#0:script/provider/diagnostic.lua:574]: Diagnostics scope [file:///home/nisidabay/dotfiles/nvim/lua/josean] finished, takes [0.249] sec.
