[18:21:18.053][info] [#0:/home/nisidabay/dotfiles/config/.config/coc/extensions/coc-lua-data/lua-language-server/main.lua:66]: Lua Lsp startup, root: 	/home/nisidabay/dotfiles/config/.config/coc/extensions/coc-lua-data/lua-language-server
[18:21:18.053][info] [#0:/home/nisidabay/dotfiles/config/.config/coc/extensions/coc-lua-data/lua-language-server/main.lua:67]: ROOT:	/home/nisidabay/dotfiles/config/.config/coc/extensions/coc-lua-data/lua-language-server
[18:21:18.053][info] [#0:/home/nisidabay/dotfiles/config/.config/coc/extensions/coc-lua-data/lua-language-server/main.lua:68]: LOGPATH:	/home/nisidabay/dotfiles/config/.config/coc/extensions/coc-lua-data/lua-language-server/log
[18:21:18.053][info] [#0:/home/nisidabay/dotfiles/config/.config/coc/extensions/coc-lua-data/lua-language-server/main.lua:69]: METAPATH:	/home/nisidabay/dotfiles/config/.config/coc/extensions/coc-lua-data/lua-language-server/meta
[18:21:18.053][info] [#0:/home/nisidabay/dotfiles/config/.config/coc/extensions/coc-lua-data/lua-language-server/main.lua:70]: VERSION:	3.7.0
[18:21:18.080][info] [#0:script/service/service.lua:144]: 
========= Medical Examination Report =========
    --------------- Memory ---------------
        Total: 2.142 MB
        # 00 : 2.142 MB
        # 01 : 0.000 MB
        # 02 : 0.000 MB
        # 03 : 0.000 MB
        # 04 : 0.000 MB
    --------------- Coroutine ---------------
        Total:     0
        Running:   0
        Suspended: 0
        Normal:    0
        Dead:      0
    --------------- Cache ---------------
        Total: 1
        Dead:  0
    ---------------  RPC  ---------------
        Holdon:   0
        Waiting:  0
==============================================
[18:21:18.085][info] [#0:script/client.lua:657]: Client init	{
  capabilities = {
    general = {
      markdown = {
        parser = "marked",
        version = "4.0.10"
      },
      positionEncodings = { "utf-16" },
      regularExpressions = {
        engine = "ECMAScript",
        version = "ES2020"
      },
      staleRequestSupport = {
        cancel = true,
        retryOnContentModified = { "textDocument/inlayHint", "textDocument/semanticTokens/full", "textDocument/semanticTokens/range", "textDocument/semanticTokens/full/delta" }
      }
    },
    textDocument = {
      callHierarchy = {
        dynamicRegistration = true
      },
      codeAction = {
        codeActionLiteralSupport = {
          codeActionKind = {
            valueSet = { "", "quickfix", "refactor", "refactor.extract", "refactor.inline", "refactor.rewrite", "source", "source.organizeImports" }
          }
        },
        dataSupport = true,
        disabledSupport = true,
        dynamicRegistration = true,
        honorsChangeAnnotations = false,
        isPreferredSupport = true,
        resolveSupport = {
          properties = { "edit" }
        }
      },
      codeLens = {
        dynamicRegistration = true
      },
      colorProvider = {
        dynamicRegistration = true
      },
      completion = {
        completionItem = {
          commitCharactersSupport = true,
          deprecatedSupport = true,
          documentationFormat = { "markdown", "plaintext" },
          insertReplaceSupport = true,
          insertTextModeSupport = {
            valueSet = { 1, 2 }
          },
          labelDetailsSupport = true,
          preselectSupport = true,
          resolveSupport = {
            properties = { "documentation", "detail", "additionalTextEdits" }
          },
          snippetSupport = true,
          tagSupport = {
            valueSet = { 1 }
          }
        },
        completionItemKind = {
          valueSet = { 1, 2, 3, 4, 5, 6, 7, 8, 9, 10, 11, 12, 13, 14, 15, 16, 17, 18, 19, 20, 21, 22, 23, 24, 25 }
        },
        completionList = {
          itemDefaults = { "commitCharacters", "editRange", "insertTextFormat", "insertTextMode" }
        },
        contextSupport = true,
        dynamicRegistration = true,
        insertTextMode = 2
      },
      declaration = {
        dynamicRegistration = true,
        linkSupport = true
      },
      definition = {
        dynamicRegistration = true,
        linkSupport = true
      },
      diagnostic = {
        dynamicRegistration = true,
        relatedDocumentSupport = true
      },
      documentHighlight = {
        dynamicRegistration = true
      },
      documentLink = {
        dynamicRegistration = true,
        tooltipSupport = true
      },
      documentSymbol = {
        dynamicRegistration = true,
        hierarchicalDocumentSymbolSupport = true,
        labelSupport = true,
        symbolKind = {
          valueSet = { 1, 2, 3, 4, 5, 6, 7, 8, 9, 10, 11, 12, 13, 14, 15, 16, 17, 18, 19, 20, 21, 22, 23, 24, 25, 26 }
        },
        tagSupport = {
          valueSet = { 1 }
        }
      },
      foldingRange = {
        dynamicRegistration = true,
        foldingRange = {
          collapsedText = false
        },
        foldingRangeKind = {
          valueSet = { "comment", "imports", "region" }
        },
        lineFoldingOnly = true,
        rangeLimit = 5000
      },
      formatting = {
        dynamicRegistration = true
      },
      hover = {
        contentFormat = { "markdown", "plaintext" },
        dynamicRegistration = true
      },
      implementation = {
        dynamicRegistration = true,
        linkSupport = true
      },
      inlayHint = {
        dynamicRegistration = true,
        resolveSupport = {
          properties = { "tooltip", "textEdits", "label.tooltip", "label.location", "label.command" }
        }
      },
      inlineValue = {
        dynamicRegistration = true
      },
      linkedEditingRange = {
        dynamicRegistration = true
      },
      onTypeFormatting = {
        dynamicRegistration = true
      },
      publishDiagnostics = {
        codeDescriptionSupport = true,
        dataSupport = true,
        relatedInformation = true,
        tagSupport = {
          valueSet = { 1, 2 }
        },
        versionSupport = true
      },
      rangeFormatting = {
        dynamicRegistration = true
      },
      references = {
        dynamicRegistration = true
      },
      rename = {
        dynamicRegistration = true,
        honorsChangeAnnotations = true,
        prepareSupport = true,
        prepareSupportDefaultBehavior = 1
      },
      selectionRange = {
        dynamicRegistration = true
      },
      semanticTokens = {
        augmentsSyntaxTokens = true,
        dynamicRegistration = true,
        formats = { "relative" },
        multilineTokenSupport = false,
        overlappingTokenSupport = false,
        requests = {
          full = {
            delta = true
          },
          range = true
        },
        serverCancelSupport = true,
        tokenModifiers = { "declaration", "definition", "readonly", "static", "deprecated", "abstract", "async", "modification", "documentation", "defaultLibrary" },
        tokenTypes = { "namespace", "type", "class", "enum", "interface", "struct", "typeParameter", "parameter", "variable", "property", "enumMember", "event", "function", "method", "macro", "keyword", "modifier", "comment", "string", "number", "regexp", "decorator", "operator" }
      },
      signatureHelp = {
        contextSupport = true,
        dynamicRegistration = true,
        signatureInformation = {
          activeParameterSupport = true,
          documentationFormat = { "markdown", "plaintext" },
          parameterInformation = {
            labelOffsetSupport = true
          }
        }
      },
      synchronization = {
        didSave = true,
        dynamicRegistration = true,
        willSave = true,
        willSaveWaitUntil = true
      },
      typeDefinition = {
        dynamicRegistration = true,
        linkSupport = true
      },
      typeHierarchy = {
        dynamicRegistration = true
      }
    },
    window = {
      showDocument = {
        support = true
      },
      showMessage = {
        messageActionItem = {
          additionalPropertiesSupport = true
        }
      },
      workDoneProgress = true
    },
    workspace = {
      applyEdit = true,
      codeLens = {
        refreshSupport = true
      },
      configuration = true,
      diagnostics = {
        refreshSupport = true
      },
      didChangeConfiguration = {
        dynamicRegistration = true
      },
      didChangeWatchedFiles = {
        dynamicRegistration = true,
        relativePatternSupport = true
      },
      executeCommand = {
        dynamicRegistration = true
      },
      fileOperations = {
        didCreate = true,
        didDelete = true,
        didRename = true,
        dynamicRegistration = true,
        willCreate = true,
        willDelete = true,
        willRename = true
      },
      inlayHint = {
        refreshSupport = true
      },
      inlineValue = {
        refreshSupport = true
      },
      semanticTokens = {
        refreshSupport = true
      },
      symbol = {
        dynamicRegistration = true,
        resolveSupport = {
          properties = { "location.range" }
        },
        symbolKind = {
          valueSet = { 1, 2, 3, 4, 5, 6, 7, 8, 9, 10, 11, 12, 13, 14, 15, 16, 17, 18, 19, 20, 21, 22, 23, 24, 25, 26 }
        },
        tagSupport = {
          valueSet = { 1 }
        }
      },
      workspaceEdit = {
        changeAnnotationSupport = {
          groupsOnLabel = false
        },
        documentChanges = true,
        failureHandling = "undo",
        normalizesLineEndings = true,
        resourceOperations = { "create", "rename", "delete" }
      },
      workspaceFolders = true
    }
  },
  clientInfo = {
    name = "coc.nvim",
    version = "0.0.82"
  },
  initializationOptions = {
    changeConfiguration = true
  },
  locale = "es_ES",
  processId = 1671091,
  rootPath = "/media/HP_AZUL/nvim-mac-backup",
  rootUri = "file:///media/HP_AZUL/nvim-mac-backup",
  trace = "off",
  workDoneToken = "e4cd00b8-e99d-4da3-bce8-bb4ef84fbc09",
  workspaceFolders = { {
      name = "nvim-mac-backup",
      uri = "file:///media/HP_AZUL/nvim-mac-backup"
    } }
}
[18:21:18.085][info] [#0:script/language.lua:137]: VSC language: es_ES
[18:21:18.085][info] [#0:script/language.lua:138]: LS  language: en-us
[18:21:18.085][info] [#0:script/workspace/workspace.lua:38]: Workspace init root: 	file:///media/HP_AZUL/nvim-mac-backup
[18:21:18.085][info] [#0:script/workspace/workspace.lua:42]: Log path: 	/home/nisidabay/dotfiles/config/.config/coc/extensions/coc-lua-data/lua-language-server/log/file_media_HP_AZUL_nvim-mac-backup.log
[18:21:18.086][info] [#0:script/workspace/workspace.lua:48]: Workspace create: 	file:///media/HP_AZUL/nvim-mac-backup
[18:21:18.288][info] [#0:script/provider/provider.lua:46]: Load config from client	file:///media/HP_AZUL/nvim-mac-backup
[18:21:18.288][info] [#0:script/provider/provider.lua:47]: {
  Lua = {
    addonManager = {
      enable = true
    },
    codeLens = {
      enable = false
    },
    completion = {
      autoRequire = true,
      callSnippet = "Disable",
      displayContext = 0,
      enable = true,
      keywordSnippet = "Replace",
      postfix = "@",
      requireSeparator = ".",
      showParams = true,
      showWord = "Fallback",
      workspaceWord = true
    },
    diagnostics = {
      disable = {},
      disableScheme = { "git" },
      enable = true,
      globals = {},
      ignoredFiles = "Opened",
      libraryFiles = "Opened",
      unusedLocalExclude = {},
      workspaceDelay = 3000,
      workspaceEvent = "OnSave",
      workspaceRate = 100
    },
    doc = {
      packageName = {},
      privateName = {},
      protectedName = {}
    },
    format = {
      defaultConfig = {},
      enable = true
    },
    hint = {
      arrayIndex = "Auto",
      await = true,
      enable = false,
      paramName = "All",
      paramType = true,
      semicolon = "SameLine",
      setType = false
    },
    hover = {
      enable = true,
      enumsLimit = 5,
      expandAlias = true,
      previewFields = 50,
      viewNumber = true,
      viewString = true,
      viewStringMax = 1000
    },
    misc = {
      executablePath = "",
      parameters = {}
    },
    runtime = {
      fileEncoding = "utf8",
      meta = "${version} ${language} ${encoding}",
      nonstandardSymbol = {},
      path = { "?.lua", "?/init.lua" },
      pathStrict = false,
      plugin = "",
      pluginArgs = {},
      special = {},
      unicodeName = false,
      version = "Lua 5.4"
    },
    semantic = {
      annotation = true,
      enable = true,
      keyword = false,
      variable = true
    },
    signatureHelp = {
      enable = true
    },
    spell = {
      dict = {}
    },
    type = {
      castNumberToInteger = true,
      weakNilCheck = false,
      weakUnionCheck = false
    },
    window = {
      progressBar = true,
      statusBar = true
    },
    workspace = {
      checkThirdParty = true,
      ignoreDir = { ".vscode" },
      ignoreSubmodules = true,
      library = {},
      maxPreload = 5000,
      preloadFileSize = 500,
      useGitIgnore = true,
      userThirdParty = {}
    }
  }
}
[18:21:18.389][info] [#0:script/provider/completion.lua:43]: Enable completion.
[18:21:18.390][info] [#0:script/provider/provider.lua:61]: Load config from client	fallback
[18:21:18.390][info] [#0:script/provider/provider.lua:62]: {
  Lua = {
    addonManager = {
      enable = true
    },
    codeLens = {
      enable = false
    },
    completion = {
      autoRequire = true,
      callSnippet = "Disable",
      displayContext = 0,
      enable = true,
      keywordSnippet = "Replace",
      postfix = "@",
      requireSeparator = ".",
      showParams = true,
      showWord = "Fallback",
      workspaceWord = true
    },
    diagnostics = {
      disable = {},
      disableScheme = { "git" },
      enable = true,
      globals = {},
      ignoredFiles = "Opened",
      libraryFiles = "Opened",
      unusedLocalExclude = {},
      workspaceDelay = 3000,
      workspaceEvent = "OnSave",
      workspaceRate = 100
    },
    doc = {
      packageName = {},
      privateName = {},
      protectedName = {}
    },
    format = {
      defaultConfig = {},
      enable = true
    },
    hint = {
      arrayIndex = "Auto",
      await = true,
      enable = false,
      paramName = "All",
      paramType = true,
      semicolon = "SameLine",
      setType = false
    },
    hover = {
      enable = true,
      enumsLimit = 5,
      expandAlias = true,
      previewFields = 50,
      viewNumber = true,
      viewString = true,
      viewStringMax = 1000
    },
    misc = {
      executablePath = "",
      parameters = {}
    },
    runtime = {
      fileEncoding = "utf8",
      meta = "${version} ${language} ${encoding}",
      nonstandardSymbol = {},
      path = { "?.lua", "?/init.lua" },
      pathStrict = false,
      plugin = "",
      pluginArgs = {},
      special = {},
      unicodeName = false,
      version = "Lua 5.4"
    },
    semantic = {
      annotation = true,
      enable = true,
      keyword = false,
      variable = true
    },
    signatureHelp = {
      enable = true
    },
    spell = {
      dict = {}
    },
    type = {
      castNumberToInteger = true,
      weakNilCheck = false,
      weakUnionCheck = false
    },
    window = {
      progressBar = true,
      statusBar = true
    },
    workspace = {
      checkThirdParty = true,
      ignoreDir = { ".vscode" },
      ignoreSubmodules = true,
      library = {},
      maxPreload = 5000,
      preloadFileSize = 500,
      useGitIgnore = true,
      userThirdParty = {}
    }
  }
}
[18:21:18.591][info] [#0:script/library.lua:212]: Init builtin library at:	file:///media/HP_AZUL/nvim-mac-backup
[18:21:18.640][info] [#0:script/plugin.lua:86]: plugin path:	/media/HP_AZUL/nvim-mac-backup
[18:21:18.640][warn] [#0:script/plugin.lua:101]: plugin not found:	/media/HP_AZUL/nvim-mac-backup
[18:21:18.640][info] [#0:script/library.lua:212]: Init builtin library at:	nil
[18:21:18.758][info] [#0:script/workspace/workspace.lua:324]: Preload start:	file:///media/HP_AZUL/nvim-mac-backup
[18:21:18.762][info] [#0:script/workspace/workspace.lua:330]: Scan files at:	file:///media/HP_AZUL/nvim-mac-backup
[18:21:18.763][info] [#0:script/workspace/workspace.lua:324]: Preload start:	<fallback>
[18:21:18.766][info] [#0:script/workspace/workspace.lua:353]: Scan library at:	file:///home/nisidabay/dotfiles/config/.config/coc/extensions/coc-lua-data/lua-language-server/meta/Lua%205.4%20en-us%20utf8/utf8.lua
[18:21:18.767][info] [#0:script/workspace/workspace.lua:353]: Scan library at:	file:///home/nisidabay/dotfiles/config/.config/coc/extensions/coc-lua-data/lua-language-server/meta/Lua%205.4%20en-us%20utf8/builtin.lua
[18:21:18.767][info] [#0:script/workspace/workspace.lua:353]: Scan library at:	file:///home/nisidabay/dotfiles/config/.config/coc/extensions/coc-lua-data/lua-language-server/meta/Lua%205.4%20en-us%20utf8/io.lua
[18:21:18.767][info] [#0:script/workspace/workspace.lua:353]: Scan library at:	file:///home/nisidabay/dotfiles/config/.config/coc/extensions/coc-lua-data/lua-language-server/meta/Lua%205.4%20en-us%20utf8/basic.lua
[18:21:18.767][info] [#0:script/workspace/workspace.lua:353]: Scan library at:	file:///home/nisidabay/dotfiles/config/.config/coc/extensions/coc-lua-data/lua-language-server/meta/Lua%205.4%20en-us%20utf8/string.lua
[18:21:18.767][info] [#0:script/workspace/workspace.lua:353]: Scan library at:	file:///home/nisidabay/dotfiles/config/.config/coc/extensions/coc-lua-data/lua-language-server/meta/Lua%205.4%20en-us%20utf8/math.lua
[18:21:18.768][info] [#0:script/workspace/workspace.lua:353]: Scan library at:	file:///home/nisidabay/dotfiles/config/.config/coc/extensions/coc-lua-data/lua-language-server/meta/Lua%205.4%20en-us%20utf8/package.lua
[18:21:18.768][info] [#0:script/workspace/workspace.lua:353]: Scan library at:	file:///home/nisidabay/dotfiles/config/.config/coc/extensions/coc-lua-data/lua-language-server/meta/Lua%205.4%20en-us%20utf8/os.lua
[18:21:18.768][info] [#0:script/workspace/workspace.lua:353]: Scan library at:	file:///home/nisidabay/dotfiles/config/.config/coc/extensions/coc-lua-data/lua-language-server/meta/Lua%205.4%20en-us%20utf8/debug.lua
[18:21:18.768][info] [#0:script/workspace/workspace.lua:353]: Scan library at:	file:///home/nisidabay/dotfiles/config/.config/coc/extensions/coc-lua-data/lua-language-server/meta/Lua%205.4%20en-us%20utf8/coroutine.lua
[18:21:18.769][info] [#0:script/workspace/workspace.lua:353]: Scan library at:	file:///home/nisidabay/dotfiles/config/.config/coc/extensions/coc-lua-data/lua-language-server/meta/Lua%205.4%20en-us%20utf8/table.lua
[18:21:18.772][info] [#0:script/workspace/workspace.lua:353]: Scan library at:	file:///home/nisidabay/dotfiles/config/.config/coc/extensions/coc-lua-data/lua-language-server/meta/Lua%205.4%20en-us%20utf8/utf8.lua
[18:21:18.772][info] [#0:script/workspace/workspace.lua:353]: Scan library at:	file:///home/nisidabay/dotfiles/config/.config/coc/extensions/coc-lua-data/lua-language-server/meta/Lua%205.4%20en-us%20utf8/builtin.lua
[18:21:18.772][info] [#0:script/workspace/workspace.lua:353]: Scan library at:	file:///home/nisidabay/dotfiles/config/.config/coc/extensions/coc-lua-data/lua-language-server/meta/Lua%205.4%20en-us%20utf8/io.lua
[18:21:18.772][info] [#0:script/workspace/workspace.lua:353]: Scan library at:	file:///home/nisidabay/dotfiles/config/.config/coc/extensions/coc-lua-data/lua-language-server/meta/Lua%205.4%20en-us%20utf8/basic.lua
[18:21:18.772][info] [#0:script/workspace/workspace.lua:353]: Scan library at:	file:///home/nisidabay/dotfiles/config/.config/coc/extensions/coc-lua-data/lua-language-server/meta/Lua%205.4%20en-us%20utf8/string.lua
[18:21:18.772][info] [#0:script/workspace/workspace.lua:353]: Scan library at:	file:///home/nisidabay/dotfiles/config/.config/coc/extensions/coc-lua-data/lua-language-server/meta/Lua%205.4%20en-us%20utf8/math.lua
[18:21:18.773][info] [#0:script/workspace/workspace.lua:353]: Scan library at:	file:///home/nisidabay/dotfiles/config/.config/coc/extensions/coc-lua-data/lua-language-server/meta/Lua%205.4%20en-us%20utf8/package.lua
[18:21:18.773][info] [#0:script/workspace/workspace.lua:353]: Scan library at:	file:///home/nisidabay/dotfiles/config/.config/coc/extensions/coc-lua-data/lua-language-server/meta/Lua%205.4%20en-us%20utf8/os.lua
[18:21:18.773][info] [#0:script/workspace/workspace.lua:353]: Scan library at:	file:///home/nisidabay/dotfiles/config/.config/coc/extensions/coc-lua-data/lua-language-server/meta/Lua%205.4%20en-us%20utf8/debug.lua
[18:21:18.773][info] [#0:script/workspace/workspace.lua:353]: Scan library at:	file:///home/nisidabay/dotfiles/config/.config/coc/extensions/coc-lua-data/lua-language-server/meta/Lua%205.4%20en-us%20utf8/coroutine.lua
[18:21:18.773][info] [#0:script/workspace/workspace.lua:353]: Scan library at:	file:///home/nisidabay/dotfiles/config/.config/coc/extensions/coc-lua-data/lua-language-server/meta/Lua%205.4%20en-us%20utf8/table.lua
[18:21:18.873][info] [#0:script/workspace/workspace.lua:379]: Found 11 files at:	<fallback>
[18:21:18.874][info] [#0:script/workspace/loading.lua:161]: Load files from disk:	<fallback>
[18:21:18.874][info] [#0:script/workspace/workspace.lua:379]: Found 38 files at:	file:///media/HP_AZUL/nvim-mac-backup
[18:21:18.874][info] [#0:script/workspace/loading.lua:161]: Load files from disk:	file:///media/HP_AZUL/nvim-mac-backup
[18:21:18.874][info] [#0:script/workspace/loading.lua:89]: Skip loaded file: file:///media/HP_AZUL/nvim-mac-backup/init.lua
[18:21:18.875][info] [#0:script/workspace/loading.lua:101]: Preload file at: file:///home/nisidabay/dotfiles/config/.config/coc/extensions/coc-lua-data/lua-language-server/meta/Lua%205.4%20en-us%20utf8/table.lua , size = 4.230 KB
[18:21:18.881][info] [#0:script/workspace/loading.lua:113]: ++++As library of:	file:///home/nisidabay/dotfiles/config/.config/coc/extensions/coc-lua-data/lua-language-server/meta/Lua%205.4%20en-us%20utf8/table.lua
[18:21:18.881][info] [#0:script/workspace/loading.lua:101]: Preload file at: file:///home/nisidabay/dotfiles/config/.config/coc/extensions/coc-lua-data/lua-language-server/meta/Lua%205.4%20en-us%20utf8/coroutine.lua , size = 2.590 KB
[18:21:18.885][info] [#0:script/workspace/loading.lua:113]: ++++As library of:	file:///home/nisidabay/dotfiles/config/.config/coc/extensions/coc-lua-data/lua-language-server/meta/Lua%205.4%20en-us%20utf8/coroutine.lua
[18:21:18.885][info] [#0:script/workspace/loading.lua:98]: Skip loaded file: file:///home/nisidabay/dotfiles/config/.config/coc/extensions/coc-lua-data/lua-language-server/meta/Lua%205.4%20en-us%20utf8/table.lua
[18:21:18.885][info] [#0:script/workspace/loading.lua:98]: Skip loaded file: file:///home/nisidabay/dotfiles/config/.config/coc/extensions/coc-lua-data/lua-language-server/meta/Lua%205.4%20en-us%20utf8/coroutine.lua
[18:21:18.885][info] [#0:script/workspace/loading.lua:101]: Preload file at: file:///home/nisidabay/dotfiles/config/.config/coc/extensions/coc-lua-data/lua-language-server/meta/Lua%205.4%20en-us%20utf8/debug.lua , size = 7.637 KB
[18:21:18.898][info] [#0:script/workspace/loading.lua:113]: ++++As library of:	file:///home/nisidabay/dotfiles/config/.config/coc/extensions/coc-lua-data/lua-language-server/meta/Lua%205.4%20en-us%20utf8/debug.lua
[18:21:18.898][info] [#0:script/workspace/loading.lua:98]: Skip loaded file: file:///home/nisidabay/dotfiles/config/.config/coc/extensions/coc-lua-data/lua-language-server/meta/Lua%205.4%20en-us%20utf8/debug.lua
[18:21:18.898][info] [#0:script/workspace/loading.lua:101]: Preload file at: file:///home/nisidabay/dotfiles/config/.config/coc/extensions/coc-lua-data/lua-language-server/meta/Lua%205.4%20en-us%20utf8/os.lua , size = 5.600 KB
[18:21:18.906][info] [#0:script/workspace/loading.lua:113]: ++++As library of:	file:///home/nisidabay/dotfiles/config/.config/coc/extensions/coc-lua-data/lua-language-server/meta/Lua%205.4%20en-us%20utf8/os.lua
[18:21:18.906][info] [#0:script/workspace/loading.lua:101]: Preload file at: file:///home/nisidabay/dotfiles/config/.config/coc/extensions/coc-lua-data/lua-language-server/meta/Lua%205.4%20en-us%20utf8/package.lua , size = 2.944 KB
[18:21:18.911][info] [#0:script/workspace/loading.lua:113]: ++++As library of:	file:///home/nisidabay/dotfiles/config/.config/coc/extensions/coc-lua-data/lua-language-server/meta/Lua%205.4%20en-us%20utf8/package.lua
[18:21:18.911][info] [#0:script/workspace/loading.lua:98]: Skip loaded file: file:///home/nisidabay/dotfiles/config/.config/coc/extensions/coc-lua-data/lua-language-server/meta/Lua%205.4%20en-us%20utf8/os.lua
[18:21:18.911][info] [#0:script/workspace/loading.lua:98]: Skip loaded file: file:///home/nisidabay/dotfiles/config/.config/coc/extensions/coc-lua-data/lua-language-server/meta/Lua%205.4%20en-us%20utf8/package.lua
[18:21:18.911][info] [#0:script/workspace/loading.lua:101]: Preload file at: file:///home/nisidabay/dotfiles/config/.config/coc/extensions/coc-lua-data/lua-language-server/meta/Lua%205.4%20en-us%20utf8/math.lua , size = 8.509 KB
[18:21:18.921][info] [#0:script/workspace/loading.lua:113]: ++++As library of:	file:///home/nisidabay/dotfiles/config/.config/coc/extensions/coc-lua-data/lua-language-server/meta/Lua%205.4%20en-us%20utf8/math.lua
[18:21:18.921][info] [#0:script/workspace/loading.lua:98]: Skip loaded file: file:///home/nisidabay/dotfiles/config/.config/coc/extensions/coc-lua-data/lua-language-server/meta/Lua%205.4%20en-us%20utf8/math.lua
[18:21:18.922][info] [#0:script/workspace/loading.lua:101]: Preload file at: file:///home/nisidabay/dotfiles/config/.config/coc/extensions/coc-lua-data/lua-language-server/meta/Lua%205.4%20en-us%20utf8/string.lua , size = 6.341 KB
[18:21:18.929][info] [#0:script/workspace/loading.lua:113]: ++++As library of:	file:///home/nisidabay/dotfiles/config/.config/coc/extensions/coc-lua-data/lua-language-server/meta/Lua%205.4%20en-us%20utf8/string.lua
[18:21:18.929][info] [#0:script/workspace/loading.lua:98]: Skip loaded file: file:///home/nisidabay/dotfiles/config/.config/coc/extensions/coc-lua-data/lua-language-server/meta/Lua%205.4%20en-us%20utf8/string.lua
[18:21:18.929][info] [#0:script/workspace/loading.lua:101]: Preload file at: file:///home/nisidabay/dotfiles/config/.config/coc/extensions/coc-lua-data/lua-language-server/meta/Lua%205.4%20en-us%20utf8/basic.lua , size = 15.336 KB
[18:21:18.945][info] [#0:script/workspace/loading.lua:113]: ++++As library of:	file:///home/nisidabay/dotfiles/config/.config/coc/extensions/coc-lua-data/lua-language-server/meta/Lua%205.4%20en-us%20utf8/basic.lua
[18:21:18.945][info] [#0:script/workspace/loading.lua:98]: Skip loaded file: file:///home/nisidabay/dotfiles/config/.config/coc/extensions/coc-lua-data/lua-language-server/meta/Lua%205.4%20en-us%20utf8/basic.lua
[18:21:18.945][info] [#0:script/workspace/loading.lua:101]: Preload file at: file:///home/nisidabay/dotfiles/config/.config/coc/extensions/coc-lua-data/lua-language-server/meta/Lua%205.4%20en-us%20utf8/io.lua , size = 6.364 KB
[18:21:18.950][info] [#0:script/workspace/loading.lua:113]: ++++As library of:	file:///home/nisidabay/dotfiles/config/.config/coc/extensions/coc-lua-data/lua-language-server/meta/Lua%205.4%20en-us%20utf8/io.lua
[18:21:18.950][info] [#0:script/workspace/loading.lua:101]: Preload file at: file:///home/nisidabay/dotfiles/config/.config/coc/extensions/coc-lua-data/lua-language-server/meta/Lua%205.4%20en-us%20utf8/builtin.lua , size = 0.302 KB
[18:21:18.951][info] [#0:script/workspace/loading.lua:113]: ++++As library of:	file:///home/nisidabay/dotfiles/config/.config/coc/extensions/coc-lua-data/lua-language-server/meta/Lua%205.4%20en-us%20utf8/builtin.lua
[18:21:18.951][info] [#0:script/workspace/loading.lua:98]: Skip loaded file: file:///home/nisidabay/dotfiles/config/.config/coc/extensions/coc-lua-data/lua-language-server/meta/Lua%205.4%20en-us%20utf8/io.lua
[18:21:18.951][info] [#0:script/workspace/loading.lua:98]: Skip loaded file: file:///home/nisidabay/dotfiles/config/.config/coc/extensions/coc-lua-data/lua-language-server/meta/Lua%205.4%20en-us%20utf8/builtin.lua
[18:21:18.951][info] [#0:script/workspace/loading.lua:101]: Preload file at: file:///home/nisidabay/dotfiles/config/.config/coc/extensions/coc-lua-data/lua-language-server/meta/Lua%205.4%20en-us%20utf8/utf8.lua , size = 2.386 KB
[18:21:18.953][info] [#0:script/workspace/loading.lua:113]: ++++As library of:	file:///home/nisidabay/dotfiles/config/.config/coc/extensions/coc-lua-data/lua-language-server/meta/Lua%205.4%20en-us%20utf8/utf8.lua
[18:21:18.953][info] [#0:script/workspace/loading.lua:98]: Skip loaded file: file:///home/nisidabay/dotfiles/config/.config/coc/extensions/coc-lua-data/lua-language-server/meta/Lua%205.4%20en-us%20utf8/utf8.lua
[18:21:18.953][info] [#0:script/workspace/loading.lua:101]: Preload file at: file:///media/HP_AZUL/nvim-mac-backup/plugin/packer_compiled.lua , size = 8.344 KB
[18:21:18.958][info] [#0:script/workspace/loading.lua:101]: Preload file at: file:///media/HP_AZUL/nvim-mac-backup/undodir/%25home%25nisidabay%25dotfiles%25config%25.config%25nvim%25after%25plugin%25sourcery.lua , size = 12.438 KB
[18:21:18.961][info] [#0:script/workspace/loading.lua:101]: Preload file at: file:///media/HP_AZUL/nvim-mac-backup/undodir/%25home%25nisidabay%25dotfiles%25config%25.config%25nvim%25lua%25nisidabay%25options.lua , size = 9.401 KB
[18:21:18.965][info] [#0:script/workspace/loading.lua:101]: Preload file at: file:///media/HP_AZUL/nvim-mac-backup/undodir/%25home%25nisidabay%25dotfiles%25config%25.config%25nvim%25lua%25nisidabay%25remap.lua , size = 4.826 KB
[18:21:18.967][info] [#0:script/workspace/loading.lua:101]: Preload file at: file:///media/HP_AZUL/nvim-mac-backup/undodir/%25home%25nisidabay%25dotfiles%25config%25.config%25nvim%25after%25plugin%25colors.lua , size = 0.819 KB
[18:21:18.968][info] [#0:script/workspace/loading.lua:101]: Preload file at: file:///media/HP_AZUL/nvim-mac-backup/undodir/%25home%25nisidabay%25dotfiles%25config%25.config%25nvim%25after%25plugin%25lsp.lua , size = 36.037 KB
[18:21:18.982][info] [#0:script/workspace/loading.lua:101]: Preload file at: file:///media/HP_AZUL/nvim-mac-backup/undodir/%25home%25nisidabay%25dotfiles%25config%25.config%25nvim%25after%25plugin%25sumneko.lua , size = 2.041 KB
[18:21:18.983][info] [#0:script/workspace/loading.lua:101]: Preload file at: file:///media/HP_AZUL/nvim-mac-backup/undodir/%25home%25nisidabay%25dotfiles%25config%25.config%25nvim%25lua%25nisidabay%25init.lua , size = 0.840 KB
[18:21:18.984][info] [#0:script/workspace/loading.lua:101]: Preload file at: file:///media/HP_AZUL/nvim-mac-backup/undodir/%25home%25nisidabay%25dotfiles%25config%25.config%25nvim%25init.lua , size = 1.633 KB
[18:21:18.984][info] [#0:script/workspace/loading.lua:101]: Preload file at: file:///media/HP_AZUL/nvim-mac-backup/undodir/%25home%25nisidabay%25dotfiles%25config%25.config%25nvim%25after%25plugin%25lualine.lua , size = 0.583 KB
[18:21:18.985][info] [#0:script/workspace/loading.lua:101]: Preload file at: file:///media/HP_AZUL/nvim-mac-backup/undodir/%25home%25nisidabay%25dotfiles%25config%25.config%25nvim%25after%25sourcery.lua , size = 0.583 KB
[18:21:18.985][info] [#0:script/workspace/loading.lua:101]: Preload file at: file:///media/HP_AZUL/nvim-mac-backup/undodir/%25home%25nisidabay%25dotfiles%25config%25.config%25nvim%25lua%25nisidabay%25set.lua , size = 1.093 KB
[18:21:18.986][info] [#0:script/workspace/loading.lua:101]: Preload file at: file:///media/HP_AZUL/nvim-mac-backup/undodir/%25home%25nisidabay%25dotfiles%25config%25.config%25nvim%25lua%25nisidabay%25packer.lua , size = 88.142 KB
[18:21:19.008][info] [#0:script/workspace/loading.lua:101]: Preload file at: file:///media/HP_AZUL/nvim-mac-backup/lua/nisidabay/init.lua , size = 0.296 KB
[18:21:19.008][info] [#0:script/workspace/loading.lua:101]: Preload file at: file:///media/HP_AZUL/nvim-mac-backup/lua/nisidabay/packer.lua , size = 2.630 KB
[18:21:19.010][info] [#0:script/workspace/loading.lua:101]: Preload file at: file:///media/HP_AZUL/nvim-mac-backup/lua/nisidabay/set.lua , size = 1.798 KB
[18:21:19.011][info] [#0:script/workspace/loading.lua:101]: Preload file at: file:///media/HP_AZUL/nvim-mac-backup/after/plugin/colors.lua , size = 0.255 KB
[18:21:19.011][info] [#0:script/workspace/loading.lua:101]: Preload file at: file:///media/HP_AZUL/nvim-mac-backup/lua/nisidabay/remap.lua , size = 4.629 KB
[18:21:19.014][info] [#0:script/workspace/loading.lua:101]: Preload file at: file:///media/HP_AZUL/nvim-mac-backup/after/plugin/telescope.lua , size = 0.316 KB
[18:21:19.015][info] [#0:script/workspace/loading.lua:101]: Preload file at: file:///media/HP_AZUL/nvim-mac-backup/after/plugin/nvim-tree.lua , size = 1.448 KB
[18:21:19.016][info] [#0:script/workspace/loading.lua:101]: Preload file at: file:///media/HP_AZUL/nvim-mac-backup/after/plugin/lualine.lua , size = 0.919 KB
[18:21:19.016][info] [#0:script/workspace/loading.lua:101]: Preload file at: file:///media/HP_AZUL/nvim-mac-backup/after/plugin/lsp.lua , size = 0.525 KB
[18:21:19.017][info] [#0:script/workspace/loading.lua:101]: Preload file at: file:///media/HP_AZUL/nvim-mac-backup/after/plugin/fugitive.lua , size = 0.047 KB
[18:21:19.017][info] [#0:script/workspace/loading.lua:101]: Preload file at: file:///media/HP_AZUL/nvim-mac-backup/after/plugin/treesitter.lua , size = 1.867 KB
[18:21:19.018][info] [#0:script/workspace/loading.lua:101]: Preload file at: file:///media/HP_AZUL/nvim-mac-backup/after/plugin/harpoon.lua , size = 0.401 KB
[18:21:19.019][info] [#0:script/workspace/loading.lua:101]: Preload file at: file:///media/HP_AZUL/nvim-mac-backup/after/plugin/undotree.lua , size = 0.055 KB
[18:21:19.019][info] [#0:script/workspace/loading.lua:173]: Loaded files takes [0.149] sec: file:///media/HP_AZUL/nvim-mac-backup
[18:21:19.019][info] [#0:script/workspace/loading.lua:182]: Compile files takes [0.000] sec: file:///media/HP_AZUL/nvim-mac-backup
[18:21:19.019][info] [#0:script/workspace/loading.lua:183]: Loaded finish:	file:///media/HP_AZUL/nvim-mac-backup
[18:21:19.019][info] [#0:script/workspace/workspace.lua:381]: Preload finish at:	file:///media/HP_AZUL/nvim-mac-backup
[18:21:19.028][info] [#0:script/workspace/loading.lua:173]: Loaded files takes [0.158] sec: <fallback>
[18:21:19.028][info] [#0:script/workspace/loading.lua:182]: Compile files takes [0.000] sec: <fallback>
[18:21:19.028][info] [#0:script/workspace/loading.lua:183]: Loaded finish:	<fallback>
[18:21:19.028][info] [#0:script/workspace/workspace.lua:381]: Preload finish at:	<fallback>
[18:21:19.043][warn] [#0:script/proto/proto.lua:138]: Response of [workspace/diagnostic/refresh] error [-32601]: Unhandled method workspace/diagnostic/refresh
[18:21:19.143][warn] [#0:script/proto/proto.lua:138]: Response of [workspace/diagnostic/refresh] error [-32601]: Unhandled method workspace/diagnostic/refresh
[18:21:20.044][info] [#0:script/provider/diagnostic.lua:557]: Diagnostics scope [file:///media/HP_AZUL/nvim-mac-backup], files count:[38]
[18:21:20.237][error][#0]: script/encoder/utf16.lua:66: invalid UTF-8 code
stack traceback:
	[C]: in upvalue '_utf8byte'
	script/encoder/utf16.lua:66: in upvalue 'utf8byte'
	script/encoder/utf16.lua:86: in for iterator 'for iterator'
	script/encoder/utf16.lua:140: in field 'fromutf8'
	script/encoder/init.lua:21: in function 'encoder.len'
	script/proto/converter.lua:35: in function <script/proto/converter.lua:25>
	(...tail calls...)
	script/proto/converter.lua:141: in function 'proto.converter.packRange'
	script/provider/diagnostic.lua:113: in upvalue 'buildDiagnostic'
	script/provider/diagnostic.lua:335: in upvalue 'response'
	script/core/diagnostics/init.lua:132: in upvalue 'callback'
	script/core/diagnostics/undefined-global.lua:32: in local 'callback'
	script/parser/guide.lua:735: in function 'parser.guide.eachSourceType'
	script/core/diagnostics/undefined-global.lua:24: in function 'core.diagnostics.undefined-global'
	script/core/diagnostics/init.lua:118: in upvalue 'check'
	script/core/diagnostics/init.lua:179: in function 'core.diagnostics'
	[C]: in function 'xpcall'
	script/provider/diagnostic.lua:334: in function 'provider.diagnostic.doDiagnostic'
	[C]: in function 'xpcall'
	script/provider/diagnostic.lua:595: in local 'callback'
	script/provider/diagnostic.lua:566: in function 'provider.diagnostic.awaitDiagnosticsScope'
	script/provider/diagnostic.lua:594: in function <script/provider/diagnostic.lua:592>
[18:21:20.239][error][#0]: script/encoder/utf16.lua:66: invalid UTF-8 code
stack traceback:
	[C]: in upvalue '_utf8byte'
	script/encoder/utf16.lua:66: in upvalue 'utf8byte'
	script/encoder/utf16.lua:86: in for iterator 'for iterator'
	script/encoder/utf16.lua:140: in field 'fromutf8'
	script/encoder/init.lua:21: in function 'encoder.len'
	script/proto/converter.lua:35: in function <script/proto/converter.lua:25>
	(...tail calls...)
	script/proto/converter.lua:140: in function 'proto.converter.packRange'
	script/provider/diagnostic.lua:113: in upvalue 'buildDiagnostic'
	script/provider/diagnostic.lua:335: in upvalue 'response'
	script/core/diagnostics/init.lua:132: in upvalue 'callback'
	script/core/diagnostics/lowercase-global.lua:57: in local 'callback'
	script/parser/guide.lua:735: in function 'parser.guide.eachSourceType'
	script/core/diagnostics/lowercase-global.lua:29: in function 'core.diagnostics.lowercase-global'
	script/core/diagnostics/init.lua:118: in upvalue 'check'
	script/core/diagnostics/init.lua:179: in function 'core.diagnostics'
	[C]: in function 'xpcall'
	script/provider/diagnostic.lua:334: in function 'provider.diagnostic.doDiagnostic'
	[C]: in function 'xpcall'
	script/provider/diagnostic.lua:595: in local 'callback'
	script/provider/diagnostic.lua:566: in function 'provider.diagnostic.awaitDiagnosticsScope'
	script/provider/diagnostic.lua:594: in function <script/provider/diagnostic.lua:592>
[18:21:20.242][error][#0]: script/encoder/utf16.lua:66: invalid UTF-8 code
stack traceback:
	[C]: in upvalue '_utf8byte'
	script/encoder/utf16.lua:66: in upvalue 'utf8byte'
	script/encoder/utf16.lua:86: in for iterator 'for iterator'
	script/encoder/utf16.lua:140: in field 'fromutf8'
	script/encoder/init.lua:21: in function 'encoder.len'
	script/proto/converter.lua:35: in function <script/proto/converter.lua:25>
	(...tail calls...)
	script/proto/converter.lua:141: in function 'proto.converter.packRange'
	script/provider/diagnostic.lua:113: in upvalue 'buildDiagnostic'
	script/provider/diagnostic.lua:335: in upvalue 'response'
	script/core/diagnostics/init.lua:132: in upvalue 'callback'
	script/core/diagnostics/undefined-global.lua:32: in local 'callback'
	script/parser/guide.lua:735: in function 'parser.guide.eachSourceType'
	script/core/diagnostics/undefined-global.lua:24: in function 'core.diagnostics.undefined-global'
	script/core/diagnostics/init.lua:118: in upvalue 'check'
	script/core/diagnostics/init.lua:179: in function 'core.diagnostics'
	[C]: in function 'xpcall'
	script/provider/diagnostic.lua:334: in function 'provider.diagnostic.doDiagnostic'
	[C]: in function 'xpcall'
	script/provider/diagnostic.lua:595: in local 'callback'
	script/provider/diagnostic.lua:566: in function 'provider.diagnostic.awaitDiagnosticsScope'
	script/provider/diagnostic.lua:594: in function <script/provider/diagnostic.lua:592>
[18:21:20.243][error][#0]: script/encoder/utf16.lua:66: invalid UTF-8 code
stack traceback:
	[C]: in upvalue '_utf8byte'
	script/encoder/utf16.lua:66: in upvalue 'utf8byte'
	script/encoder/utf16.lua:86: in for iterator 'for iterator'
	script/encoder/utf16.lua:140: in field 'fromutf8'
	script/encoder/init.lua:21: in function 'encoder.len'
	script/proto/converter.lua:35: in function <script/proto/converter.lua:25>
	(...tail calls...)
	script/proto/converter.lua:140: in function 'proto.converter.packRange'
	script/provider/diagnostic.lua:113: in upvalue 'buildDiagnostic'
	script/provider/diagnostic.lua:335: in upvalue 'response'
	script/core/diagnostics/init.lua:132: in upvalue 'callback'
	script/core/diagnostics/lowercase-global.lua:57: in local 'callback'
	script/parser/guide.lua:735: in function 'parser.guide.eachSourceType'
	script/core/diagnostics/lowercase-global.lua:29: in function 'core.diagnostics.lowercase-global'
	script/core/diagnostics/init.lua:118: in upvalue 'check'
	script/core/diagnostics/init.lua:179: in function 'core.diagnostics'
	[C]: in function 'xpcall'
	script/provider/diagnostic.lua:334: in function 'provider.diagnostic.doDiagnostic'
	[C]: in function 'xpcall'
	script/provider/diagnostic.lua:595: in local 'callback'
	script/provider/diagnostic.lua:566: in function 'provider.diagnostic.awaitDiagnosticsScope'
	script/provider/diagnostic.lua:594: in function <script/provider/diagnostic.lua:592>
[18:21:20.245][error][#0]: script/encoder/utf16.lua:66: invalid UTF-8 code
stack traceback:
	[C]: in upvalue '_utf8byte'
	script/encoder/utf16.lua:66: in upvalue 'utf8byte'
	script/encoder/utf16.lua:86: in for iterator 'for iterator'
	script/encoder/utf16.lua:140: in field 'fromutf8'
	script/encoder/init.lua:21: in function 'encoder.len'
	script/proto/converter.lua:35: in function <script/proto/converter.lua:25>
	(...tail calls...)
	script/proto/converter.lua:140: in function 'proto.converter.packRange'
	script/provider/diagnostic.lua:113: in upvalue 'buildDiagnostic'
	script/provider/diagnostic.lua:335: in upvalue 'response'
	script/core/diagnostics/init.lua:132: in upvalue 'callback'
	script/core/diagnostics/lowercase-global.lua:57: in local 'callback'
	script/parser/guide.lua:735: in function 'parser.guide.eachSourceType'
	script/core/diagnostics/lowercase-global.lua:29: in function 'core.diagnostics.lowercase-global'
	script/core/diagnostics/init.lua:118: in upvalue 'check'
	script/core/diagnostics/init.lua:179: in function 'core.diagnostics'
	[C]: in function 'xpcall'
	script/provider/diagnostic.lua:334: in function 'provider.diagnostic.doDiagnostic'
	[C]: in function 'xpcall'
	script/provider/diagnostic.lua:595: in local 'callback'
	script/provider/diagnostic.lua:566: in function 'provider.diagnostic.awaitDiagnosticsScope'
	script/provider/diagnostic.lua:594: in function <script/provider/diagnostic.lua:592>
[18:21:20.248][error][#0]: script/encoder/utf16.lua:66: invalid UTF-8 code
stack traceback:
	[C]: in upvalue '_utf8byte'
	script/encoder/utf16.lua:66: in upvalue 'utf8byte'
	script/encoder/utf16.lua:86: in for iterator 'for iterator'
	script/encoder/utf16.lua:140: in field 'fromutf8'
	script/encoder/init.lua:21: in function 'encoder.len'
	script/proto/converter.lua:35: in function <script/proto/converter.lua:25>
	(...tail calls...)
	script/proto/converter.lua:141: in function 'proto.converter.packRange'
	script/provider/diagnostic.lua:113: in upvalue 'buildDiagnostic'
	script/provider/diagnostic.lua:335: in upvalue 'response'
	script/core/diagnostics/init.lua:132: in upvalue 'callback'
	script/core/diagnostics/undefined-global.lua:32: in local 'callback'
	script/parser/guide.lua:735: in function 'parser.guide.eachSourceType'
	script/core/diagnostics/undefined-global.lua:24: in function 'core.diagnostics.undefined-global'
	script/core/diagnostics/init.lua:118: in upvalue 'check'
	script/core/diagnostics/init.lua:179: in function 'core.diagnostics'
	[C]: in function 'xpcall'
	script/provider/diagnostic.lua:334: in function 'provider.diagnostic.doDiagnostic'
	[C]: in function 'xpcall'
	script/provider/diagnostic.lua:595: in local 'callback'
	script/provider/diagnostic.lua:566: in function 'provider.diagnostic.awaitDiagnosticsScope'
	script/provider/diagnostic.lua:594: in function <script/provider/diagnostic.lua:592>
[18:21:20.250][error][#0]: script/encoder/utf16.lua:66: invalid UTF-8 code
stack traceback:
	[C]: in upvalue '_utf8byte'
	script/encoder/utf16.lua:66: in upvalue 'utf8byte'
	script/encoder/utf16.lua:86: in for iterator 'for iterator'
	script/encoder/utf16.lua:140: in field 'fromutf8'
	script/encoder/init.lua:21: in function 'encoder.len'
	script/proto/converter.lua:35: in function <script/proto/converter.lua:25>
	(...tail calls...)
	script/proto/converter.lua:141: in function 'proto.converter.packRange'
	script/provider/diagnostic.lua:113: in upvalue 'buildDiagnostic'
	script/provider/diagnostic.lua:335: in upvalue 'response'
	script/core/diagnostics/init.lua:132: in upvalue 'callback'
	script/core/diagnostics/undefined-global.lua:32: in local 'callback'
	script/parser/guide.lua:735: in function 'parser.guide.eachSourceType'
	script/core/diagnostics/undefined-global.lua:24: in function 'core.diagnostics.undefined-global'
	script/core/diagnostics/init.lua:118: in upvalue 'check'
	script/core/diagnostics/init.lua:179: in function 'core.diagnostics'
	[C]: in function 'xpcall'
	script/provider/diagnostic.lua:334: in function 'provider.diagnostic.doDiagnostic'
	[C]: in function 'xpcall'
	script/provider/diagnostic.lua:595: in local 'callback'
	script/provider/diagnostic.lua:566: in function 'provider.diagnostic.awaitDiagnosticsScope'
	script/provider/diagnostic.lua:594: in function <script/provider/diagnostic.lua:592>
[18:21:20.252][error][#0]: script/encoder/utf16.lua:66: invalid UTF-8 code
stack traceback:
	[C]: in upvalue '_utf8byte'
	script/encoder/utf16.lua:66: in upvalue 'utf8byte'
	script/encoder/utf16.lua:86: in for iterator 'for iterator'
	script/encoder/utf16.lua:140: in field 'fromutf8'
	script/encoder/init.lua:21: in function 'encoder.len'
	script/proto/converter.lua:35: in function <script/proto/converter.lua:25>
	(...tail calls...)
	script/proto/converter.lua:140: in function 'proto.converter.packRange'
	script/provider/diagnostic.lua:113: in upvalue 'buildDiagnostic'
	script/provider/diagnostic.lua:335: in upvalue 'response'
	script/core/diagnostics/init.lua:132: in upvalue 'callback'
	script/core/diagnostics/lowercase-global.lua:57: in local 'callback'
	script/parser/guide.lua:735: in function 'parser.guide.eachSourceType'
	script/core/diagnostics/lowercase-global.lua:29: in function 'core.diagnostics.lowercase-global'
	script/core/diagnostics/init.lua:118: in upvalue 'check'
	script/core/diagnostics/init.lua:179: in function 'core.diagnostics'
	[C]: in function 'xpcall'
	script/provider/diagnostic.lua:334: in function 'provider.diagnostic.doDiagnostic'
	[C]: in function 'xpcall'
	script/provider/diagnostic.lua:595: in local 'callback'
	script/provider/diagnostic.lua:566: in function 'provider.diagnostic.awaitDiagnosticsScope'
	script/provider/diagnostic.lua:594: in function <script/provider/diagnostic.lua:592>
[18:21:20.255][error][#0]: script/encoder/utf16.lua:66: invalid UTF-8 code
stack traceback:
	[C]: in upvalue '_utf8byte'
	script/encoder/utf16.lua:66: in upvalue 'utf8byte'
	script/encoder/utf16.lua:86: in for iterator 'for iterator'
	script/encoder/utf16.lua:140: in field 'fromutf8'
	script/encoder/init.lua:21: in function 'encoder.len'
	script/proto/converter.lua:35: in function <script/proto/converter.lua:25>
	(...tail calls...)
	script/proto/converter.lua:141: in function 'proto.converter.packRange'
	script/provider/diagnostic.lua:113: in upvalue 'buildDiagnostic'
	script/provider/diagnostic.lua:335: in upvalue 'response'
	script/core/diagnostics/init.lua:132: in upvalue 'callback'
	script/core/diagnostics/undefined-global.lua:32: in local 'callback'
	script/parser/guide.lua:735: in function 'parser.guide.eachSourceType'
	script/core/diagnostics/undefined-global.lua:24: in function 'core.diagnostics.undefined-global'
	script/core/diagnostics/init.lua:118: in upvalue 'check'
	script/core/diagnostics/init.lua:179: in function 'core.diagnostics'
	[C]: in function 'xpcall'
	script/provider/diagnostic.lua:334: in function 'provider.diagnostic.doDiagnostic'
	[C]: in function 'xpcall'
	script/provider/diagnostic.lua:595: in local 'callback'
	script/provider/diagnostic.lua:566: in function 'provider.diagnostic.awaitDiagnosticsScope'
	script/provider/diagnostic.lua:594: in function <script/provider/diagnostic.lua:592>
[18:21:20.257][error][#0]: script/encoder/utf16.lua:66: invalid UTF-8 code
stack traceback:
	[C]: in upvalue '_utf8byte'
	script/encoder/utf16.lua:66: in upvalue 'utf8byte'
	script/encoder/utf16.lua:86: in for iterator 'for iterator'
	script/encoder/utf16.lua:140: in field 'fromutf8'
	script/encoder/init.lua:21: in function 'encoder.len'
	script/proto/converter.lua:35: in function <script/proto/converter.lua:25>
	(...tail calls...)
	script/proto/converter.lua:140: in function 'proto.converter.packRange'
	script/provider/diagnostic.lua:113: in upvalue 'buildDiagnostic'
	script/provider/diagnostic.lua:335: in upvalue 'response'
	script/core/diagnostics/init.lua:132: in upvalue 'callback'
	script/core/diagnostics/lowercase-global.lua:57: in local 'callback'
	script/parser/guide.lua:735: in function 'parser.guide.eachSourceType'
	script/core/diagnostics/lowercase-global.lua:29: in function 'core.diagnostics.lowercase-global'
	script/core/diagnostics/init.lua:118: in upvalue 'check'
	script/core/diagnostics/init.lua:179: in function 'core.diagnostics'
	[C]: in function 'xpcall'
	script/provider/diagnostic.lua:334: in function 'provider.diagnostic.doDiagnostic'
	[C]: in function 'xpcall'
	script/provider/diagnostic.lua:595: in local 'callback'
	script/provider/diagnostic.lua:566: in function 'provider.diagnostic.awaitDiagnosticsScope'
	script/provider/diagnostic.lua:594: in function <script/provider/diagnostic.lua:592>
[18:21:20.259][error][#0]: script/encoder/utf16.lua:66: invalid UTF-8 code
stack traceback:
	[C]: in upvalue '_utf8byte'
	script/encoder/utf16.lua:66: in upvalue 'utf8byte'
	script/encoder/utf16.lua:86: in for iterator 'for iterator'
	script/encoder/utf16.lua:140: in field 'fromutf8'
	script/encoder/init.lua:21: in function 'encoder.len'
	script/proto/converter.lua:35: in function <script/proto/converter.lua:25>
	(...tail calls...)
	script/proto/converter.lua:140: in function 'proto.converter.packRange'
	script/provider/diagnostic.lua:113: in upvalue 'buildDiagnostic'
	script/provider/diagnostic.lua:335: in upvalue 'response'
	script/core/diagnostics/init.lua:132: in upvalue 'callback'
	script/core/diagnostics/lowercase-global.lua:57: in local 'callback'
	script/parser/guide.lua:735: in function 'parser.guide.eachSourceType'
	script/core/diagnostics/lowercase-global.lua:29: in function 'core.diagnostics.lowercase-global'
	script/core/diagnostics/init.lua:118: in upvalue 'check'
	script/core/diagnostics/init.lua:179: in function 'core.diagnostics'
	[C]: in function 'xpcall'
	script/provider/diagnostic.lua:334: in function 'provider.diagnostic.doDiagnostic'
	[C]: in function 'xpcall'
	script/provider/diagnostic.lua:595: in local 'callback'
	script/provider/diagnostic.lua:566: in function 'provider.diagnostic.awaitDiagnosticsScope'
	script/provider/diagnostic.lua:594: in function <script/provider/diagnostic.lua:592>
[18:21:20.261][error][#0]: script/encoder/utf16.lua:66: invalid UTF-8 code
stack traceback:
	[C]: in upvalue '_utf8byte'
	script/encoder/utf16.lua:66: in upvalue 'utf8byte'
	script/encoder/utf16.lua:86: in for iterator 'for iterator'
	script/encoder/utf16.lua:140: in field 'fromutf8'
	script/encoder/init.lua:21: in function 'encoder.len'
	script/proto/converter.lua:35: in function <script/proto/converter.lua:25>
	(...tail calls...)
	script/proto/converter.lua:140: in function 'proto.converter.packRange'
	script/provider/diagnostic.lua:113: in upvalue 'buildDiagnostic'
	script/provider/diagnostic.lua:335: in upvalue 'response'
	script/core/diagnostics/init.lua:132: in upvalue 'callback'
	script/core/diagnostics/lowercase-global.lua:57: in local 'callback'
	script/parser/guide.lua:735: in function 'parser.guide.eachSourceType'
	script/core/diagnostics/lowercase-global.lua:29: in function 'core.diagnostics.lowercase-global'
	script/core/diagnostics/init.lua:118: in upvalue 'check'
	script/core/diagnostics/init.lua:179: in function 'core.diagnostics'
	[C]: in function 'xpcall'
	script/provider/diagnostic.lua:334: in function 'provider.diagnostic.doDiagnostic'
	[C]: in function 'xpcall'
	script/provider/diagnostic.lua:595: in local 'callback'
	script/provider/diagnostic.lua:566: in function 'provider.diagnostic.awaitDiagnosticsScope'
	script/provider/diagnostic.lua:594: in function <script/provider/diagnostic.lua:592>
[18:21:20.261][info] [#0:script/provider/diagnostic.lua:574]: Diagnostics scope [file:///media/HP_AZUL/nvim-mac-backup] finished, takes [0.216] sec.
