[08:27:16.180][info] [#0:/home/nisidabay/dotfiles/config/.config/coc/extensions/coc-lua-data/lua-language-server/main.lua:66]: Lua Lsp startup, root: 	/home/nisidabay/dotfiles/config/.config/coc/extensions/coc-lua-data/lua-language-server
[08:27:16.180][info] [#0:/home/nisidabay/dotfiles/config/.config/coc/extensions/coc-lua-data/lua-language-server/main.lua:67]: ROOT:	/home/nisidabay/dotfiles/config/.config/coc/extensions/coc-lua-data/lua-language-server
[08:27:16.180][info] [#0:/home/nisidabay/dotfiles/config/.config/coc/extensions/coc-lua-data/lua-language-server/main.lua:68]: LOGPATH:	/home/nisidabay/dotfiles/config/.config/coc/extensions/coc-lua-data/lua-language-server/log
[08:27:16.180][info] [#0:/home/nisidabay/dotfiles/config/.config/coc/extensions/coc-lua-data/lua-language-server/main.lua:69]: METAPATH:	/home/nisidabay/dotfiles/config/.config/coc/extensions/coc-lua-data/lua-language-server/meta
[08:27:16.180][info] [#0:/home/nisidabay/dotfiles/config/.config/coc/extensions/coc-lua-data/lua-language-server/main.lua:70]: VERSION:	3.7.0
[08:27:16.207][info] [#0:script/service/service.lua:144]: 
========= Medical Examination Report =========
    --------------- Memory ---------------
        Total: 2.142 MB
        # 00 : 2.142 MB
        # 01 : 0.000 MB
        # 02 : 0.000 MB
        # 03 : 0.000 MB
        # 04 : 0.000 MB
    --------------- Coroutine ---------------
        Total:     0
        Running:   0
        Suspended: 0
        Normal:    0
        Dead:      0
    --------------- Cache ---------------
        Total: 1
        Dead:  0
    ---------------  RPC  ---------------
        Holdon:   0
        Waiting:  0
==============================================
[08:27:16.212][info] [#0:script/client.lua:657]: Client init	{
  capabilities = {
    general = {
      markdown = {
        parser = "marked",
        version = "4.0.10"
      },
      positionEncodings = { "utf-16" },
      regularExpressions = {
        engine = "ECMAScript",
        version = "ES2020"
      },
      staleRequestSupport = {
        cancel = true,
        retryOnContentModified = { "textDocument/inlayHint", "textDocument/semanticTokens/full", "textDocument/semanticTokens/range", "textDocument/semanticTokens/full/delta" }
      }
    },
    textDocument = {
      callHierarchy = {
        dynamicRegistration = true
      },
      codeAction = {
        codeActionLiteralSupport = {
          codeActionKind = {
            valueSet = { "", "quickfix", "refactor", "refactor.extract", "refactor.inline", "refactor.rewrite", "source", "source.organizeImports" }
          }
        },
        dataSupport = true,
        disabledSupport = true,
        dynamicRegistration = true,
        honorsChangeAnnotations = false,
        isPreferredSupport = true,
        resolveSupport = {
          properties = { "edit" }
        }
      },
      codeLens = {
        dynamicRegistration = true
      },
      colorProvider = {
        dynamicRegistration = true
      },
      completion = {
        completionItem = {
          commitCharactersSupport = true,
          deprecatedSupport = true,
          documentationFormat = { "markdown", "plaintext" },
          insertReplaceSupport = true,
          insertTextModeSupport = {
            valueSet = { 1, 2 }
          },
          labelDetailsSupport = true,
          preselectSupport = true,
          resolveSupport = {
            properties = { "documentation", "detail", "additionalTextEdits" }
          },
          snippetSupport = true,
          tagSupport = {
            valueSet = { 1 }
          }
        },
        completionItemKind = {
          valueSet = { 1, 2, 3, 4, 5, 6, 7, 8, 9, 10, 11, 12, 13, 14, 15, 16, 17, 18, 19, 20, 21, 22, 23, 24, 25 }
        },
        completionList = {
          itemDefaults = { "commitCharacters", "editRange", "insertTextFormat", "insertTextMode" }
        },
        contextSupport = true,
        dynamicRegistration = true,
        insertTextMode = 2
      },
      declaration = {
        dynamicRegistration = true,
        linkSupport = true
      },
      definition = {
        dynamicRegistration = true,
        linkSupport = true
      },
      diagnostic = {
        dynamicRegistration = true,
        relatedDocumentSupport = true
      },
      documentHighlight = {
        dynamicRegistration = true
      },
      documentLink = {
        dynamicRegistration = true,
        tooltipSupport = true
      },
      documentSymbol = {
        dynamicRegistration = true,
        hierarchicalDocumentSymbolSupport = true,
        labelSupport = true,
        symbolKind = {
          valueSet = { 1, 2, 3, 4, 5, 6, 7, 8, 9, 10, 11, 12, 13, 14, 15, 16, 17, 18, 19, 20, 21, 22, 23, 24, 25, 26 }
        },
        tagSupport = {
          valueSet = { 1 }
        }
      },
      foldingRange = {
        dynamicRegistration = true,
        foldingRange = {
          collapsedText = false
        },
        foldingRangeKind = {
          valueSet = { "comment", "imports", "region" }
        },
        lineFoldingOnly = true,
        rangeLimit = 5000
      },
      formatting = {
        dynamicRegistration = true
      },
      hover = {
        contentFormat = { "markdown", "plaintext" },
        dynamicRegistration = true
      },
      implementation = {
        dynamicRegistration = true,
        linkSupport = true
      },
      inlayHint = {
        dynamicRegistration = true,
        resolveSupport = {
          properties = { "tooltip", "textEdits", "label.tooltip", "label.location", "label.command" }
        }
      },
      inlineValue = {
        dynamicRegistration = true
      },
      linkedEditingRange = {
        dynamicRegistration = true
      },
      onTypeFormatting = {
        dynamicRegistration = true
      },
      publishDiagnostics = {
        codeDescriptionSupport = true,
        dataSupport = true,
        relatedInformation = true,
        tagSupport = {
          valueSet = { 1, 2 }
        },
        versionSupport = true
      },
      rangeFormatting = {
        dynamicRegistration = true
      },
      references = {
        dynamicRegistration = true
      },
      rename = {
        dynamicRegistration = true,
        honorsChangeAnnotations = true,
        prepareSupport = true,
        prepareSupportDefaultBehavior = 1
      },
      selectionRange = {
        dynamicRegistration = true
      },
      semanticTokens = {
        augmentsSyntaxTokens = true,
        dynamicRegistration = true,
        formats = { "relative" },
        multilineTokenSupport = false,
        overlappingTokenSupport = false,
        requests = {
          full = {
            delta = true
          },
          range = true
        },
        serverCancelSupport = true,
        tokenModifiers = { "declaration", "definition", "readonly", "static", "deprecated", "abstract", "async", "modification", "documentation", "defaultLibrary" },
        tokenTypes = { "namespace", "type", "class", "enum", "interface", "struct", "typeParameter", "parameter", "variable", "property", "enumMember", "event", "function", "method", "macro", "keyword", "modifier", "comment", "string", "number", "regexp", "decorator", "operator" }
      },
      signatureHelp = {
        contextSupport = true,
        dynamicRegistration = true,
        signatureInformation = {
          activeParameterSupport = true,
          documentationFormat = { "markdown", "plaintext" },
          parameterInformation = {
            labelOffsetSupport = true
          }
        }
      },
      synchronization = {
        didSave = true,
        dynamicRegistration = true,
        willSave = true,
        willSaveWaitUntil = true
      },
      typeDefinition = {
        dynamicRegistration = true,
        linkSupport = true
      },
      typeHierarchy = {
        dynamicRegistration = true
      }
    },
    window = {
      showDocument = {
        support = true
      },
      showMessage = {
        messageActionItem = {
          additionalPropertiesSupport = true
        }
      },
      workDoneProgress = true
    },
    workspace = {
      applyEdit = true,
      codeLens = {
        refreshSupport = true
      },
      configuration = true,
      diagnostics = {
        refreshSupport = true
      },
      didChangeConfiguration = {
        dynamicRegistration = true
      },
      didChangeWatchedFiles = {
        dynamicRegistration = true,
        relativePatternSupport = true
      },
      executeCommand = {
        dynamicRegistration = true
      },
      fileOperations = {
        didCreate = true,
        didDelete = true,
        didRename = true,
        dynamicRegistration = true,
        willCreate = true,
        willDelete = true,
        willRename = true
      },
      inlayHint = {
        refreshSupport = true
      },
      inlineValue = {
        refreshSupport = true
      },
      semanticTokens = {
        refreshSupport = true
      },
      symbol = {
        dynamicRegistration = true,
        resolveSupport = {
          properties = { "location.range" }
        },
        symbolKind = {
          valueSet = { 1, 2, 3, 4, 5, 6, 7, 8, 9, 10, 11, 12, 13, 14, 15, 16, 17, 18, 19, 20, 21, 22, 23, 24, 25, 26 }
        },
        tagSupport = {
          valueSet = { 1 }
        }
      },
      workspaceEdit = {
        changeAnnotationSupport = {
          groupsOnLabel = false
        },
        documentChanges = true,
        failureHandling = "undo",
        normalizesLineEndings = true,
        resourceOperations = { "create", "rename", "delete" }
      },
      workspaceFolders = true
    }
  },
  clientInfo = {
    name = "coc.nvim",
    version = "0.0.82"
  },
  initializationOptions = {
    changeConfiguration = true
  },
  locale = "es_ES",
  processId = 1320515,
  rootPath = "/media/HP_AZUL/dotfiles/config/.config/nvim",
  rootUri = "file:///media/HP_AZUL/dotfiles/config/.config/nvim",
  trace = "off",
  workDoneToken = "a9a1f6f9-32be-42d2-ab47-e8268dfb04b6",
  workspaceFolders = { {
      name = "nvim",
      uri = "file:///media/HP_AZUL/dotfiles/config/.config/nvim"
    } }
}
[08:27:16.212][info] [#0:script/language.lua:137]: VSC language: es_ES
[08:27:16.212][info] [#0:script/language.lua:138]: LS  language: en-us
[08:27:16.212][info] [#0:script/workspace/workspace.lua:38]: Workspace init root: 	file:///media/HP_AZUL/dotfiles/config/.config/nvim
[08:27:16.212][info] [#0:script/workspace/workspace.lua:42]: Log path: 	/home/nisidabay/dotfiles/config/.config/coc/extensions/coc-lua-data/lua-language-server/log/file_media_HP_AZUL_dotfiles_config_.config_nvim.log
[08:27:16.213][info] [#0:script/workspace/workspace.lua:48]: Workspace create: 	file:///media/HP_AZUL/dotfiles/config/.config/nvim
[08:27:16.415][info] [#0:script/provider/provider.lua:46]: Load config from client	file:///media/HP_AZUL/dotfiles/config/.config/nvim
[08:27:16.415][info] [#0:script/provider/provider.lua:47]: {
  Lua = {
    addonManager = {
      enable = true
    },
    codeLens = {
      enable = false
    },
    completion = {
      autoRequire = true,
      callSnippet = "Disable",
      displayContext = 0,
      enable = true,
      keywordSnippet = "Replace",
      postfix = "@",
      requireSeparator = ".",
      showParams = true,
      showWord = "Fallback",
      workspaceWord = true
    },
    diagnostics = {
      disable = {},
      disableScheme = { "git" },
      enable = true,
      globals = {},
      ignoredFiles = "Opened",
      libraryFiles = "Opened",
      unusedLocalExclude = {},
      workspaceDelay = 3000,
      workspaceEvent = "OnSave",
      workspaceRate = 100
    },
    doc = {
      packageName = {},
      privateName = {},
      protectedName = {}
    },
    format = {
      defaultConfig = {},
      enable = true
    },
    hint = {
      arrayIndex = "Auto",
      await = true,
      enable = false,
      paramName = "All",
      paramType = true,
      semicolon = "SameLine",
      setType = false
    },
    hover = {
      enable = true,
      enumsLimit = 5,
      expandAlias = true,
      previewFields = 50,
      viewNumber = true,
      viewString = true,
      viewStringMax = 1000
    },
    misc = {
      executablePath = "",
      parameters = {}
    },
    runtime = {
      fileEncoding = "utf8",
      meta = "${version} ${language} ${encoding}",
      nonstandardSymbol = {},
      path = { "?.lua", "?/init.lua" },
      pathStrict = false,
      plugin = "",
      pluginArgs = {},
      special = {},
      unicodeName = false,
      version = "Lua 5.4"
    },
    semantic = {
      annotation = true,
      enable = true,
      keyword = false,
      variable = true
    },
    signatureHelp = {
      enable = true
    },
    spell = {
      dict = {}
    },
    type = {
      castNumberToInteger = true,
      weakNilCheck = false,
      weakUnionCheck = false
    },
    window = {
      progressBar = true,
      statusBar = true
    },
    workspace = {
      checkThirdParty = true,
      ignoreDir = { ".vscode" },
      ignoreSubmodules = true,
      library = {},
      maxPreload = 5000,
      preloadFileSize = 500,
      useGitIgnore = true,
      userThirdParty = {}
    }
  }
}
[08:27:16.516][info] [#0:script/provider/completion.lua:43]: Enable completion.
[08:27:16.516][info] [#0:script/provider/provider.lua:61]: Load config from client	fallback
[08:27:16.517][info] [#0:script/provider/provider.lua:62]: {
  Lua = {
    addonManager = {
      enable = true
    },
    codeLens = {
      enable = false
    },
    completion = {
      autoRequire = true,
      callSnippet = "Disable",
      displayContext = 0,
      enable = true,
      keywordSnippet = "Replace",
      postfix = "@",
      requireSeparator = ".",
      showParams = true,
      showWord = "Fallback",
      workspaceWord = true
    },
    diagnostics = {
      disable = {},
      disableScheme = { "git" },
      enable = true,
      globals = {},
      ignoredFiles = "Opened",
      libraryFiles = "Opened",
      unusedLocalExclude = {},
      workspaceDelay = 3000,
      workspaceEvent = "OnSave",
      workspaceRate = 100
    },
    doc = {
      packageName = {},
      privateName = {},
      protectedName = {}
    },
    format = {
      defaultConfig = {},
      enable = true
    },
    hint = {
      arrayIndex = "Auto",
      await = true,
      enable = false,
      paramName = "All",
      paramType = true,
      semicolon = "SameLine",
      setType = false
    },
    hover = {
      enable = true,
      enumsLimit = 5,
      expandAlias = true,
      previewFields = 50,
      viewNumber = true,
      viewString = true,
      viewStringMax = 1000
    },
    misc = {
      executablePath = "",
      parameters = {}
    },
    runtime = {
      fileEncoding = "utf8",
      meta = "${version} ${language} ${encoding}",
      nonstandardSymbol = {},
      path = { "?.lua", "?/init.lua" },
      pathStrict = false,
      plugin = "",
      pluginArgs = {},
      special = {},
      unicodeName = false,
      version = "Lua 5.4"
    },
    semantic = {
      annotation = true,
      enable = true,
      keyword = false,
      variable = true
    },
    signatureHelp = {
      enable = true
    },
    spell = {
      dict = {}
    },
    type = {
      castNumberToInteger = true,
      weakNilCheck = false,
      weakUnionCheck = false
    },
    window = {
      progressBar = true,
      statusBar = true
    },
    workspace = {
      checkThirdParty = true,
      ignoreDir = { ".vscode" },
      ignoreSubmodules = true,
      library = {},
      maxPreload = 5000,
      preloadFileSize = 500,
      useGitIgnore = true,
      userThirdParty = {}
    }
  }
}
[08:27:16.718][info] [#0:script/library.lua:212]: Init builtin library at:	file:///media/HP_AZUL/dotfiles/config/.config/nvim
[08:27:16.767][info] [#0:script/plugin.lua:86]: plugin path:	/media/HP_AZUL/dotfiles/config/.config/nvim
[08:27:16.767][warn] [#0:script/plugin.lua:101]: plugin not found:	/media/HP_AZUL/dotfiles/config/.config/nvim
[08:27:16.767][info] [#0:script/library.lua:212]: Init builtin library at:	nil
[08:27:16.886][info] [#0:script/workspace/workspace.lua:324]: Preload start:	file:///media/HP_AZUL/dotfiles/config/.config/nvim
[08:27:16.890][info] [#0:script/workspace/workspace.lua:330]: Scan files at:	file:///media/HP_AZUL/dotfiles/config/.config/nvim
[08:27:16.894][info] [#0:script/workspace/workspace.lua:324]: Preload start:	<fallback>
[08:27:16.897][info] [#0:script/workspace/workspace.lua:353]: Scan library at:	file:///home/nisidabay/dotfiles/config/.config/coc/extensions/coc-lua-data/lua-language-server/meta/Lua%205.4%20en-us%20utf8/utf8.lua
[08:27:16.897][info] [#0:script/workspace/workspace.lua:353]: Scan library at:	file:///home/nisidabay/dotfiles/config/.config/coc/extensions/coc-lua-data/lua-language-server/meta/Lua%205.4%20en-us%20utf8/builtin.lua
[08:27:16.898][info] [#0:script/workspace/workspace.lua:353]: Scan library at:	file:///home/nisidabay/dotfiles/config/.config/coc/extensions/coc-lua-data/lua-language-server/meta/Lua%205.4%20en-us%20utf8/io.lua
[08:27:16.898][info] [#0:script/workspace/workspace.lua:353]: Scan library at:	file:///home/nisidabay/dotfiles/config/.config/coc/extensions/coc-lua-data/lua-language-server/meta/Lua%205.4%20en-us%20utf8/basic.lua
[08:27:16.900][info] [#0:script/workspace/workspace.lua:353]: Scan library at:	file:///home/nisidabay/dotfiles/config/.config/coc/extensions/coc-lua-data/lua-language-server/meta/Lua%205.4%20en-us%20utf8/string.lua
[08:27:16.900][info] [#0:script/workspace/workspace.lua:353]: Scan library at:	file:///home/nisidabay/dotfiles/config/.config/coc/extensions/coc-lua-data/lua-language-server/meta/Lua%205.4%20en-us%20utf8/math.lua
[08:27:16.901][info] [#0:script/workspace/workspace.lua:353]: Scan library at:	file:///home/nisidabay/dotfiles/config/.config/coc/extensions/coc-lua-data/lua-language-server/meta/Lua%205.4%20en-us%20utf8/package.lua
[08:27:16.901][info] [#0:script/workspace/workspace.lua:353]: Scan library at:	file:///home/nisidabay/dotfiles/config/.config/coc/extensions/coc-lua-data/lua-language-server/meta/Lua%205.4%20en-us%20utf8/os.lua
[08:27:16.901][info] [#0:script/workspace/workspace.lua:353]: Scan library at:	file:///home/nisidabay/dotfiles/config/.config/coc/extensions/coc-lua-data/lua-language-server/meta/Lua%205.4%20en-us%20utf8/debug.lua
[08:27:16.901][info] [#0:script/workspace/workspace.lua:353]: Scan library at:	file:///home/nisidabay/dotfiles/config/.config/coc/extensions/coc-lua-data/lua-language-server/meta/Lua%205.4%20en-us%20utf8/coroutine.lua
[08:27:16.901][info] [#0:script/workspace/workspace.lua:353]: Scan library at:	file:///home/nisidabay/dotfiles/config/.config/coc/extensions/coc-lua-data/lua-language-server/meta/Lua%205.4%20en-us%20utf8/table.lua
[08:27:16.904][info] [#0:script/workspace/workspace.lua:353]: Scan library at:	file:///home/nisidabay/dotfiles/config/.config/coc/extensions/coc-lua-data/lua-language-server/meta/Lua%205.4%20en-us%20utf8/utf8.lua
[08:27:16.904][info] [#0:script/workspace/workspace.lua:353]: Scan library at:	file:///home/nisidabay/dotfiles/config/.config/coc/extensions/coc-lua-data/lua-language-server/meta/Lua%205.4%20en-us%20utf8/builtin.lua
[08:27:16.905][info] [#0:script/workspace/workspace.lua:353]: Scan library at:	file:///home/nisidabay/dotfiles/config/.config/coc/extensions/coc-lua-data/lua-language-server/meta/Lua%205.4%20en-us%20utf8/io.lua
[08:27:16.905][info] [#0:script/workspace/workspace.lua:353]: Scan library at:	file:///home/nisidabay/dotfiles/config/.config/coc/extensions/coc-lua-data/lua-language-server/meta/Lua%205.4%20en-us%20utf8/basic.lua
[08:27:16.905][info] [#0:script/workspace/workspace.lua:353]: Scan library at:	file:///home/nisidabay/dotfiles/config/.config/coc/extensions/coc-lua-data/lua-language-server/meta/Lua%205.4%20en-us%20utf8/string.lua
[08:27:16.905][info] [#0:script/workspace/workspace.lua:353]: Scan library at:	file:///home/nisidabay/dotfiles/config/.config/coc/extensions/coc-lua-data/lua-language-server/meta/Lua%205.4%20en-us%20utf8/math.lua
[08:27:16.905][info] [#0:script/workspace/workspace.lua:353]: Scan library at:	file:///home/nisidabay/dotfiles/config/.config/coc/extensions/coc-lua-data/lua-language-server/meta/Lua%205.4%20en-us%20utf8/package.lua
[08:27:16.905][info] [#0:script/workspace/workspace.lua:353]: Scan library at:	file:///home/nisidabay/dotfiles/config/.config/coc/extensions/coc-lua-data/lua-language-server/meta/Lua%205.4%20en-us%20utf8/os.lua
[08:27:16.906][info] [#0:script/workspace/workspace.lua:353]: Scan library at:	file:///home/nisidabay/dotfiles/config/.config/coc/extensions/coc-lua-data/lua-language-server/meta/Lua%205.4%20en-us%20utf8/debug.lua
[08:27:16.906][info] [#0:script/workspace/workspace.lua:353]: Scan library at:	file:///home/nisidabay/dotfiles/config/.config/coc/extensions/coc-lua-data/lua-language-server/meta/Lua%205.4%20en-us%20utf8/coroutine.lua
[08:27:16.906][info] [#0:script/workspace/workspace.lua:353]: Scan library at:	file:///home/nisidabay/dotfiles/config/.config/coc/extensions/coc-lua-data/lua-language-server/meta/Lua%205.4%20en-us%20utf8/table.lua
[08:27:17.006][info] [#0:script/workspace/workspace.lua:379]: Found 11 files at:	<fallback>
[08:27:17.006][info] [#0:script/workspace/loading.lua:161]: Load files from disk:	<fallback>
[08:27:17.006][info] [#0:script/workspace/workspace.lua:379]: Found 48 files at:	file:///media/HP_AZUL/dotfiles/config/.config/nvim
[08:27:17.006][info] [#0:script/workspace/loading.lua:161]: Load files from disk:	file:///media/HP_AZUL/dotfiles/config/.config/nvim
[08:27:17.008][info] [#0:script/workspace/loading.lua:101]: Preload file at: file:///home/nisidabay/dotfiles/config/.config/coc/extensions/coc-lua-data/lua-language-server/meta/Lua%205.4%20en-us%20utf8/table.lua , size = 4.230 KB
[08:27:17.014][info] [#0:script/workspace/loading.lua:113]: ++++As library of:	file:///home/nisidabay/dotfiles/config/.config/coc/extensions/coc-lua-data/lua-language-server/meta/Lua%205.4%20en-us%20utf8/table.lua
[08:27:17.014][info] [#0:script/workspace/loading.lua:101]: Preload file at: file:///home/nisidabay/dotfiles/config/.config/coc/extensions/coc-lua-data/lua-language-server/meta/Lua%205.4%20en-us%20utf8/coroutine.lua , size = 2.590 KB
[08:27:17.018][info] [#0:script/workspace/loading.lua:113]: ++++As library of:	file:///home/nisidabay/dotfiles/config/.config/coc/extensions/coc-lua-data/lua-language-server/meta/Lua%205.4%20en-us%20utf8/coroutine.lua
[08:27:17.018][info] [#0:script/workspace/loading.lua:98]: Skip loaded file: file:///home/nisidabay/dotfiles/config/.config/coc/extensions/coc-lua-data/lua-language-server/meta/Lua%205.4%20en-us%20utf8/table.lua
[08:27:17.018][info] [#0:script/workspace/loading.lua:98]: Skip loaded file: file:///home/nisidabay/dotfiles/config/.config/coc/extensions/coc-lua-data/lua-language-server/meta/Lua%205.4%20en-us%20utf8/coroutine.lua
[08:27:17.018][info] [#0:script/workspace/loading.lua:101]: Preload file at: file:///home/nisidabay/dotfiles/config/.config/coc/extensions/coc-lua-data/lua-language-server/meta/Lua%205.4%20en-us%20utf8/debug.lua , size = 7.637 KB
[08:27:17.030][info] [#0:script/workspace/loading.lua:113]: ++++As library of:	file:///home/nisidabay/dotfiles/config/.config/coc/extensions/coc-lua-data/lua-language-server/meta/Lua%205.4%20en-us%20utf8/debug.lua
[08:27:17.030][info] [#0:script/workspace/loading.lua:98]: Skip loaded file: file:///home/nisidabay/dotfiles/config/.config/coc/extensions/coc-lua-data/lua-language-server/meta/Lua%205.4%20en-us%20utf8/debug.lua
[08:27:17.030][info] [#0:script/workspace/loading.lua:101]: Preload file at: file:///home/nisidabay/dotfiles/config/.config/coc/extensions/coc-lua-data/lua-language-server/meta/Lua%205.4%20en-us%20utf8/os.lua , size = 5.600 KB
[08:27:17.037][info] [#0:script/workspace/loading.lua:113]: ++++As library of:	file:///home/nisidabay/dotfiles/config/.config/coc/extensions/coc-lua-data/lua-language-server/meta/Lua%205.4%20en-us%20utf8/os.lua
[08:27:17.037][info] [#0:script/workspace/loading.lua:101]: Preload file at: file:///home/nisidabay/dotfiles/config/.config/coc/extensions/coc-lua-data/lua-language-server/meta/Lua%205.4%20en-us%20utf8/package.lua , size = 2.944 KB
[08:27:17.043][info] [#0:script/workspace/loading.lua:113]: ++++As library of:	file:///home/nisidabay/dotfiles/config/.config/coc/extensions/coc-lua-data/lua-language-server/meta/Lua%205.4%20en-us%20utf8/package.lua
[08:27:17.043][info] [#0:script/workspace/loading.lua:98]: Skip loaded file: file:///home/nisidabay/dotfiles/config/.config/coc/extensions/coc-lua-data/lua-language-server/meta/Lua%205.4%20en-us%20utf8/os.lua
[08:27:17.043][info] [#0:script/workspace/loading.lua:98]: Skip loaded file: file:///home/nisidabay/dotfiles/config/.config/coc/extensions/coc-lua-data/lua-language-server/meta/Lua%205.4%20en-us%20utf8/package.lua
[08:27:17.043][info] [#0:script/workspace/loading.lua:101]: Preload file at: file:///home/nisidabay/dotfiles/config/.config/coc/extensions/coc-lua-data/lua-language-server/meta/Lua%205.4%20en-us%20utf8/math.lua , size = 8.509 KB
[08:27:17.052][info] [#0:script/workspace/loading.lua:113]: ++++As library of:	file:///home/nisidabay/dotfiles/config/.config/coc/extensions/coc-lua-data/lua-language-server/meta/Lua%205.4%20en-us%20utf8/math.lua
[08:27:17.052][info] [#0:script/workspace/loading.lua:98]: Skip loaded file: file:///home/nisidabay/dotfiles/config/.config/coc/extensions/coc-lua-data/lua-language-server/meta/Lua%205.4%20en-us%20utf8/math.lua
[08:27:17.052][info] [#0:script/workspace/loading.lua:101]: Preload file at: file:///home/nisidabay/dotfiles/config/.config/coc/extensions/coc-lua-data/lua-language-server/meta/Lua%205.4%20en-us%20utf8/string.lua , size = 6.341 KB
[08:27:17.060][info] [#0:script/workspace/loading.lua:113]: ++++As library of:	file:///home/nisidabay/dotfiles/config/.config/coc/extensions/coc-lua-data/lua-language-server/meta/Lua%205.4%20en-us%20utf8/string.lua
[08:27:17.060][info] [#0:script/workspace/loading.lua:98]: Skip loaded file: file:///home/nisidabay/dotfiles/config/.config/coc/extensions/coc-lua-data/lua-language-server/meta/Lua%205.4%20en-us%20utf8/string.lua
[08:27:17.060][info] [#0:script/workspace/loading.lua:101]: Preload file at: file:///home/nisidabay/dotfiles/config/.config/coc/extensions/coc-lua-data/lua-language-server/meta/Lua%205.4%20en-us%20utf8/basic.lua , size = 15.336 KB
[08:27:17.076][info] [#0:script/workspace/loading.lua:113]: ++++As library of:	file:///home/nisidabay/dotfiles/config/.config/coc/extensions/coc-lua-data/lua-language-server/meta/Lua%205.4%20en-us%20utf8/basic.lua
[08:27:17.076][info] [#0:script/workspace/loading.lua:98]: Skip loaded file: file:///home/nisidabay/dotfiles/config/.config/coc/extensions/coc-lua-data/lua-language-server/meta/Lua%205.4%20en-us%20utf8/basic.lua
[08:27:17.076][info] [#0:script/workspace/loading.lua:101]: Preload file at: file:///home/nisidabay/dotfiles/config/.config/coc/extensions/coc-lua-data/lua-language-server/meta/Lua%205.4%20en-us%20utf8/io.lua , size = 6.364 KB
[08:27:17.081][info] [#0:script/workspace/loading.lua:113]: ++++As library of:	file:///home/nisidabay/dotfiles/config/.config/coc/extensions/coc-lua-data/lua-language-server/meta/Lua%205.4%20en-us%20utf8/io.lua
[08:27:17.081][info] [#0:script/workspace/loading.lua:101]: Preload file at: file:///home/nisidabay/dotfiles/config/.config/coc/extensions/coc-lua-data/lua-language-server/meta/Lua%205.4%20en-us%20utf8/builtin.lua , size = 0.302 KB
[08:27:17.082][info] [#0:script/workspace/loading.lua:113]: ++++As library of:	file:///home/nisidabay/dotfiles/config/.config/coc/extensions/coc-lua-data/lua-language-server/meta/Lua%205.4%20en-us%20utf8/builtin.lua
[08:27:17.082][info] [#0:script/workspace/loading.lua:98]: Skip loaded file: file:///home/nisidabay/dotfiles/config/.config/coc/extensions/coc-lua-data/lua-language-server/meta/Lua%205.4%20en-us%20utf8/io.lua
[08:27:17.082][info] [#0:script/workspace/loading.lua:98]: Skip loaded file: file:///home/nisidabay/dotfiles/config/.config/coc/extensions/coc-lua-data/lua-language-server/meta/Lua%205.4%20en-us%20utf8/builtin.lua
[08:27:17.082][info] [#0:script/workspace/loading.lua:101]: Preload file at: file:///home/nisidabay/dotfiles/config/.config/coc/extensions/coc-lua-data/lua-language-server/meta/Lua%205.4%20en-us%20utf8/utf8.lua , size = 2.386 KB
[08:27:17.085][info] [#0:script/workspace/loading.lua:113]: ++++As library of:	file:///home/nisidabay/dotfiles/config/.config/coc/extensions/coc-lua-data/lua-language-server/meta/Lua%205.4%20en-us%20utf8/utf8.lua
[08:27:17.085][info] [#0:script/workspace/loading.lua:98]: Skip loaded file: file:///home/nisidabay/dotfiles/config/.config/coc/extensions/coc-lua-data/lua-language-server/meta/Lua%205.4%20en-us%20utf8/utf8.lua
[08:27:17.085][info] [#0:script/workspace/loading.lua:101]: Preload file at: file:///media/HP_AZUL/dotfiles/config/.config/nvim/lua/josean/core/init.lua , size = 0.061 KB
[08:27:17.085][info] [#0:script/workspace/loading.lua:101]: Preload file at: file:///media/HP_AZUL/dotfiles/config/.config/nvim/undodir/%25home%25nisidabay%25Downloads%25Refactor%25practice_lua%25temp-2.lua , size = 7.088 KB
[08:27:17.088][info] [#0:script/workspace/loading.lua:101]: Preload file at: file:///media/HP_AZUL/dotfiles/config/.config/nvim/lua/josean/core/keymaps.lua , size = 8.581 KB
[08:27:17.093][info] [#0:script/workspace/loading.lua:101]: Preload file at: file:///media/HP_AZUL/dotfiles/config/.config/nvim/lua/josean/plugins/lsp/lspconfig.lua , size = 4.325 KB
[08:27:17.096][info] [#0:script/workspace/loading.lua:101]: Preload file at: file:///media/HP_AZUL/dotfiles/config/.config/nvim/lua/josean/core/options.lua , size = 4.192 KB
[08:27:17.099][info] [#0:script/workspace/loading.lua:101]: Preload file at: file:///media/HP_AZUL/dotfiles/config/.config/nvim/lua/josean/plugins/lsp/mason.lua , size = 1.345 KB
[08:27:17.100][info] [#0:script/workspace/loading.lua:101]: Preload file at: file:///media/HP_AZUL/dotfiles/config/.config/nvim/lua/josean/plugins/lsp/none-ls.lua , size = 2.484 KB
[08:27:17.101][info] [#0:script/workspace/loading.lua:101]: Preload file at: file:///media/HP_AZUL/dotfiles/config/.config/nvim/lua/josean/plugins/alpha-nvim.lua , size = 1.974 KB
[08:27:17.102][info] [#0:script/workspace/loading.lua:101]: Preload file at: file:///media/HP_AZUL/dotfiles/config/.config/nvim/lua/josean/plugins/auto-session.lua , size = 0.623 KB
[08:27:17.106][info] [#0:script/workspace/loading.lua:101]: Preload file at: file:///media/HP_AZUL/dotfiles/config/.config/nvim/lua/josean/plugins/bufferline.lua , size = 0.197 KB
[08:27:17.107][info] [#0:script/workspace/loading.lua:101]: Preload file at: file:///media/HP_AZUL/dotfiles/config/.config/nvim/lua/josean/plugins/calendar-vim.lua , size = 0.197 KB
[08:27:17.107][info] [#0:script/workspace/loading.lua:101]: Preload file at: file:///media/HP_AZUL/dotfiles/config/.config/nvim/lua/josean/plugins/colorizer.lua , size = 0.099 KB
[08:27:17.107][info] [#0:script/workspace/loading.lua:101]: Preload file at: file:///media/HP_AZUL/dotfiles/config/.config/nvim/lua/josean/plugins/colorscheme.lua , size = 1.694 KB
[08:27:17.108][info] [#0:script/workspace/loading.lua:101]: Preload file at: file:///media/HP_AZUL/dotfiles/config/.config/nvim/lua/josean/plugins/comment.lua , size = 0.500 KB
[08:27:17.108][info] [#0:script/workspace/loading.lua:101]: Preload file at: file:///media/HP_AZUL/dotfiles/config/.config/nvim/lua/josean/plugins/dressing.lua , size = 0.060 KB
[08:27:17.109][info] [#0:script/workspace/loading.lua:101]: Preload file at: file:///media/HP_AZUL/dotfiles/config/.config/nvim/lua/josean/plugins/formatting.lua , size = 1.028 KB
[08:27:17.109][info] [#0:script/workspace/loading.lua:101]: Preload file at: file:///media/HP_AZUL/dotfiles/config/.config/nvim/lua/josean/plugins/gitsigns.lua , size = 0.097 KB
[08:27:17.110][info] [#0:script/workspace/loading.lua:101]: Preload file at: file:///media/HP_AZUL/dotfiles/config/.config/nvim/lua/josean/plugins/harpoon.lua , size = 1.080 KB
[08:27:17.110][info] [#0:script/workspace/loading.lua:101]: Preload file at: file:///media/HP_AZUL/dotfiles/config/.config/nvim/lua/josean/plugins/init.lua , size = 0.242 KB
[08:27:17.111][info] [#0:script/workspace/loading.lua:101]: Preload file at: file:///media/HP_AZUL/dotfiles/config/.config/nvim/lua/josean/plugins/linting.lua , size = 0.816 KB
[08:27:17.111][info] [#0:script/workspace/loading.lua:101]: Preload file at: file:///media/HP_AZUL/dotfiles/config/.config/nvim/lua/josean/plugins/nvim-autopairs.lua , size = 0.896 KB
[08:27:17.112][info] [#0:script/workspace/loading.lua:101]: Preload file at: file:///media/HP_AZUL/dotfiles/config/.config/nvim/lua/josean/plugins/lualine.lua , size = 2.066 KB
[08:27:17.113][info] [#0:script/workspace/loading.lua:101]: Preload file at: file:///media/HP_AZUL/dotfiles/config/.config/nvim/lua/josean/plugins/nvim-cmp.lua , size = 1.889 KB
[08:27:17.114][info] [#0:script/workspace/loading.lua:101]: Preload file at: file:///media/HP_AZUL/dotfiles/config/.config/nvim/lua/josean/plugins/nvim-surround.lua , size = 0.183 KB
[08:27:17.115][info] [#0:script/workspace/loading.lua:101]: Preload file at: file:///media/HP_AZUL/dotfiles/config/.config/nvim/lua/josean/plugins/nvim-tree.lua , size = 1.845 KB
[08:27:17.116][info] [#0:script/workspace/loading.lua:101]: Preload file at: file:///media/HP_AZUL/dotfiles/config/.config/nvim/lua/josean/plugins/nvim-treesitter-text-objects.lua , size = 6.041 KB
[08:27:17.118][info] [#0:script/workspace/loading.lua:101]: Preload file at: file:///media/HP_AZUL/dotfiles/config/.config/nvim/lua/josean/plugins/nvim-web-devicons.lua , size = 0.245 KB
[08:27:17.119][info] [#0:script/workspace/loading.lua:101]: Preload file at: file:///media/HP_AZUL/dotfiles/config/.config/nvim/lua/josean/plugins/nvim-treesitter.lua , size = 1.584 KB
[08:27:17.119][info] [#0:script/workspace/loading.lua:101]: Preload file at: file:///media/HP_AZUL/dotfiles/config/.config/nvim/lua/josean/plugins/telescope.lua , size = 1.485 KB
[08:27:17.120][info] [#0:script/workspace/loading.lua:101]: Preload file at: file:///media/HP_AZUL/dotfiles/config/.config/nvim/lua/josean/plugins/undotree.lua , size = 0.112 KB
[08:27:17.121][info] [#0:script/workspace/loading.lua:101]: Preload file at: file:///media/HP_AZUL/dotfiles/config/.config/nvim/lua/josean/plugins/vim-maximizer.lua , size = 0.133 KB
[08:27:17.121][info] [#0:script/workspace/loading.lua:173]: Loaded files takes [0.119] sec: <fallback>
[08:27:17.121][info] [#0:script/workspace/loading.lua:182]: Compile files takes [0.000] sec: <fallback>
[08:27:17.121][info] [#0:script/workspace/loading.lua:183]: Loaded finish:	<fallback>
[08:27:17.121][info] [#0:script/workspace/workspace.lua:381]: Preload finish at:	<fallback>
[08:27:17.129][info] [#0:script/workspace/loading.lua:101]: Preload file at: file:///media/HP_AZUL/dotfiles/config/.config/nvim/lua/josean/plugins/vim-signature.lua , size = 0.037 KB
[08:27:17.129][info] [#0:script/workspace/loading.lua:89]: Skip loaded file: file:///media/HP_AZUL/dotfiles/config/.config/nvim/init.lua
[08:27:17.129][info] [#0:script/workspace/loading.lua:101]: Preload file at: file:///media/HP_AZUL/dotfiles/config/.config/nvim/lua/josean/plugins/vim-tagbar.lua , size = 0.112 KB
[08:27:17.130][info] [#0:script/workspace/loading.lua:101]: Preload file at: file:///media/HP_AZUL/dotfiles/config/.config/nvim/lua/josean/plugins/vimwiki.lua , size = 1.054 KB
[08:27:17.131][info] [#0:script/workspace/loading.lua:101]: Preload file at: file:///media/HP_AZUL/dotfiles/config/.config/nvim/lua/josean/plugins/which-key.lua , size = 0.285 KB
[08:27:17.131][info] [#0:script/workspace/loading.lua:101]: Preload file at: file:///media/HP_AZUL/dotfiles/config/.config/nvim/lua/josean/lazy.lua , size = 0.562 KB
[08:27:17.132][warn] [#0:script/proto/proto.lua:138]: Response of [workspace/diagnostic/refresh] error [-32601]: Unhandled method workspace/diagnostic/refresh
[08:27:17.132][info] [#0:script/workspace/loading.lua:173]: Loaded files takes [0.130] sec: file:///media/HP_AZUL/dotfiles/config/.config/nvim
[08:27:17.132][info] [#0:script/workspace/loading.lua:182]: Compile files takes [0.000] sec: file:///media/HP_AZUL/dotfiles/config/.config/nvim
[08:27:17.132][info] [#0:script/workspace/loading.lua:183]: Loaded finish:	file:///media/HP_AZUL/dotfiles/config/.config/nvim
[08:27:17.132][info] [#0:script/workspace/workspace.lua:381]: Preload finish at:	file:///media/HP_AZUL/dotfiles/config/.config/nvim
[08:27:17.140][info] [#0:script/provider/diagnostic.lua:557]: Diagnostics scope [file:///media/HP_AZUL/dotfiles/config/.config/nvim], files count:[48]
[08:27:17.140][warn] [#0:script/proto/proto.lua:138]: Response of [workspace/diagnostic/refresh] error [-32601]: Unhandled method workspace/diagnostic/refresh
[08:27:17.315][error][#0]: script/encoder/utf16.lua:66: invalid UTF-8 code
stack traceback:
	[C]: in upvalue '_utf8byte'
	script/encoder/utf16.lua:66: in upvalue 'utf8byte'
	script/encoder/utf16.lua:86: in for iterator 'for iterator'
	script/encoder/utf16.lua:140: in field 'fromutf8'
	script/encoder/init.lua:21: in function 'encoder.len'
	script/proto/converter.lua:35: in function <script/proto/converter.lua:25>
	(...tail calls...)
	script/proto/converter.lua:141: in function 'proto.converter.packRange'
	script/provider/diagnostic.lua:113: in upvalue 'buildDiagnostic'
	script/provider/diagnostic.lua:335: in upvalue 'response'
	script/core/diagnostics/init.lua:132: in upvalue 'callback'
	script/core/diagnostics/undefined-global.lua:32: in local 'callback'
	script/parser/guide.lua:735: in function 'parser.guide.eachSourceType'
	script/core/diagnostics/undefined-global.lua:24: in function 'core.diagnostics.undefined-global'
	script/core/diagnostics/init.lua:118: in upvalue 'check'
	script/core/diagnostics/init.lua:179: in function 'core.diagnostics'
	[C]: in function 'xpcall'
	script/provider/diagnostic.lua:334: in function 'provider.diagnostic.doDiagnostic'
	[C]: in function 'xpcall'
	script/provider/diagnostic.lua:595: in local 'callback'
	script/provider/diagnostic.lua:566: in function 'provider.diagnostic.awaitDiagnosticsScope'
	script/provider/diagnostic.lua:594: in function <script/provider/diagnostic.lua:592>
[08:27:17.315][info] [#0:script/provider/diagnostic.lua:574]: Diagnostics scope [file:///media/HP_AZUL/dotfiles/config/.config/nvim] finished, takes [0.175] sec.
