[05:09:08.914][info] [#0:/home/nisidabay/.config/coc/extensions/coc-lua-data/lua-language-server/main.lua:66]: Lua Lsp startup, root: 	/home/nisidabay/.config/coc/extensions/coc-lua-data/lua-language-server
[05:09:08.914][info] [#0:/home/nisidabay/.config/coc/extensions/coc-lua-data/lua-language-server/main.lua:67]: ROOT:	/home/nisidabay/.config/coc/extensions/coc-lua-data/lua-language-server
[05:09:08.914][info] [#0:/home/nisidabay/.config/coc/extensions/coc-lua-data/lua-language-server/main.lua:68]: LOGPATH:	/home/nisidabay/.config/coc/extensions/coc-lua-data/lua-language-server/log
[05:09:08.914][info] [#0:/home/nisidabay/.config/coc/extensions/coc-lua-data/lua-language-server/main.lua:69]: METAPATH:	/home/nisidabay/.config/coc/extensions/coc-lua-data/lua-language-server/meta
[05:09:08.914][info] [#0:/home/nisidabay/.config/coc/extensions/coc-lua-data/lua-language-server/main.lua:70]: VERSION:	3.7.0
[05:09:08.942][info] [#0:script/service/service.lua:144]: 
========= Medical Examination Report =========
    --------------- Memory ---------------
        Total: 2.140 MB
        # 00 : 2.140 MB
        # 01 : 0.000 MB
        # 02 : 0.000 MB
        # 03 : 0.000 MB
        # 04 : 0.000 MB
    --------------- Coroutine ---------------
        Total:     0
        Running:   0
        Suspended: 0
        Normal:    0
        Dead:      0
    --------------- Cache ---------------
        Total: 1
        Dead:  0
    ---------------  RPC  ---------------
        Holdon:   0
        Waiting:  0
==============================================
[05:09:08.947][info] [#0:script/client.lua:657]: Client init	{
  capabilities = {
    general = {
      markdown = {
        parser = "marked",
        version = "4.0.10"
      },
      positionEncodings = { "utf-16" },
      regularExpressions = {
        engine = "ECMAScript",
        version = "ES2020"
      },
      staleRequestSupport = {
        cancel = true,
        retryOnContentModified = { "textDocument/inlayHint", "textDocument/semanticTokens/full", "textDocument/semanticTokens/range", "textDocument/semanticTokens/full/delta" }
      }
    },
    textDocument = {
      callHierarchy = {
        dynamicRegistration = true
      },
      codeAction = {
        codeActionLiteralSupport = {
          codeActionKind = {
            valueSet = { "", "quickfix", "refactor", "refactor.extract", "refactor.inline", "refactor.rewrite", "source", "source.organizeImports" }
          }
        },
        dataSupport = true,
        disabledSupport = true,
        dynamicRegistration = true,
        honorsChangeAnnotations = false,
        isPreferredSupport = true,
        resolveSupport = {
          properties = { "edit" }
        }
      },
      codeLens = {
        dynamicRegistration = true
      },
      colorProvider = {
        dynamicRegistration = true
      },
      completion = {
        completionItem = {
          commitCharactersSupport = true,
          deprecatedSupport = true,
          documentationFormat = { "markdown", "plaintext" },
          insertReplaceSupport = true,
          insertTextModeSupport = {
            valueSet = { 1, 2 }
          },
          labelDetailsSupport = true,
          preselectSupport = true,
          resolveSupport = {
            properties = { "documentation", "detail", "additionalTextEdits" }
          },
          snippetSupport = true,
          tagSupport = {
            valueSet = { 1 }
          }
        },
        completionItemKind = {
          valueSet = { 1, 2, 3, 4, 5, 6, 7, 8, 9, 10, 11, 12, 13, 14, 15, 16, 17, 18, 19, 20, 21, 22, 23, 24, 25 }
        },
        completionList = {
          itemDefaults = { "commitCharacters", "editRange", "insertTextFormat", "insertTextMode" }
        },
        contextSupport = true,
        dynamicRegistration = true,
        insertTextMode = 2
      },
      declaration = {
        dynamicRegistration = true,
        linkSupport = true
      },
      definition = {
        dynamicRegistration = true,
        linkSupport = true
      },
      diagnostic = {
        dynamicRegistration = true,
        relatedDocumentSupport = true
      },
      documentHighlight = {
        dynamicRegistration = true
      },
      documentLink = {
        dynamicRegistration = true,
        tooltipSupport = true
      },
      documentSymbol = {
        dynamicRegistration = true,
        hierarchicalDocumentSymbolSupport = true,
        labelSupport = true,
        symbolKind = {
          valueSet = { 1, 2, 3, 4, 5, 6, 7, 8, 9, 10, 11, 12, 13, 14, 15, 16, 17, 18, 19, 20, 21, 22, 23, 24, 25, 26 }
        },
        tagSupport = {
          valueSet = { 1 }
        }
      },
      foldingRange = {
        dynamicRegistration = true,
        foldingRange = {
          collapsedText = false
        },
        foldingRangeKind = {
          valueSet = { "comment", "imports", "region" }
        },
        lineFoldingOnly = true,
        rangeLimit = 5000
      },
      formatting = {
        dynamicRegistration = true
      },
      hover = {
        contentFormat = { "markdown", "plaintext" },
        dynamicRegistration = true
      },
      implementation = {
        dynamicRegistration = true,
        linkSupport = true
      },
      inlayHint = {
        dynamicRegistration = true,
        resolveSupport = {
          properties = { "tooltip", "textEdits", "label.tooltip", "label.location", "label.command" }
        }
      },
      inlineValue = {
        dynamicRegistration = true
      },
      linkedEditingRange = {
        dynamicRegistration = true
      },
      onTypeFormatting = {
        dynamicRegistration = true
      },
      publishDiagnostics = {
        codeDescriptionSupport = true,
        dataSupport = true,
        relatedInformation = true,
        tagSupport = {
          valueSet = { 1, 2 }
        },
        versionSupport = true
      },
      rangeFormatting = {
        dynamicRegistration = true
      },
      references = {
        dynamicRegistration = true
      },
      rename = {
        dynamicRegistration = true,
        honorsChangeAnnotations = true,
        prepareSupport = true,
        prepareSupportDefaultBehavior = 1
      },
      selectionRange = {
        dynamicRegistration = true
      },
      semanticTokens = {
        augmentsSyntaxTokens = true,
        dynamicRegistration = true,
        formats = { "relative" },
        multilineTokenSupport = false,
        overlappingTokenSupport = false,
        requests = {
          full = {
            delta = true
          },
          range = true
        },
        serverCancelSupport = true,
        tokenModifiers = { "declaration", "definition", "readonly", "static", "deprecated", "abstract", "async", "modification", "documentation", "defaultLibrary" },
        tokenTypes = { "namespace", "type", "class", "enum", "interface", "struct", "typeParameter", "parameter", "variable", "property", "enumMember", "event", "function", "method", "macro", "keyword", "modifier", "comment", "string", "number", "regexp", "decorator", "operator" }
      },
      signatureHelp = {
        contextSupport = true,
        dynamicRegistration = true,
        signatureInformation = {
          activeParameterSupport = true,
          documentationFormat = { "markdown", "plaintext" },
          parameterInformation = {
            labelOffsetSupport = true
          }
        }
      },
      synchronization = {
        didSave = true,
        dynamicRegistration = true,
        willSave = true,
        willSaveWaitUntil = true
      },
      typeDefinition = {
        dynamicRegistration = true,
        linkSupport = true
      },
      typeHierarchy = {
        dynamicRegistration = true
      }
    },
    window = {
      showDocument = {
        support = true
      },
      showMessage = {
        messageActionItem = {
          additionalPropertiesSupport = true
        }
      },
      workDoneProgress = true
    },
    workspace = {
      applyEdit = true,
      codeLens = {
        refreshSupport = true
      },
      configuration = true,
      diagnostics = {
        refreshSupport = true
      },
      didChangeConfiguration = {
        dynamicRegistration = true
      },
      didChangeWatchedFiles = {
        dynamicRegistration = true,
        relativePatternSupport = true
      },
      executeCommand = {
        dynamicRegistration = true
      },
      fileOperations = {
        didCreate = true,
        didDelete = true,
        didRename = true,
        dynamicRegistration = true,
        willCreate = true,
        willDelete = true,
        willRename = true
      },
      inlayHint = {
        refreshSupport = true
      },
      inlineValue = {
        refreshSupport = true
      },
      semanticTokens = {
        refreshSupport = true
      },
      symbol = {
        dynamicRegistration = true,
        resolveSupport = {
          properties = { "location.range" }
        },
        symbolKind = {
          valueSet = { 1, 2, 3, 4, 5, 6, 7, 8, 9, 10, 11, 12, 13, 14, 15, 16, 17, 18, 19, 20, 21, 22, 23, 24, 25, 26 }
        },
        tagSupport = {
          valueSet = { 1 }
        }
      },
      workspaceEdit = {
        changeAnnotationSupport = {
          groupsOnLabel = false
        },
        documentChanges = true,
        failureHandling = "undo",
        normalizesLineEndings = true,
        resourceOperations = { "create", "rename", "delete" }
      },
      workspaceFolders = true
    }
  },
  clientInfo = {
    name = "coc.nvim",
    version = "0.0.82"
  },
  initializationOptions = {
    changeConfiguration = true
  },
  locale = "es_ES",
  processId = 155282,
  rootPath = "/media/KING_128/_dotfiles",
  rootUri = "file:///media/KING_128/_dotfiles",
  trace = "off",
  workDoneToken = "87f6b5d2-c624-4077-9fa7-d2bbc3a6229d",
  workspaceFolders = { {
      name = "_dotfiles",
      uri = "file:///media/KING_128/_dotfiles"
    } }
}
[05:09:08.947][info] [#0:script/language.lua:137]: VSC language: es_ES
[05:09:08.947][info] [#0:script/language.lua:138]: LS  language: en-us
[05:09:08.947][info] [#0:script/workspace/workspace.lua:38]: Workspace init root: 	file:///media/KING_128/_dotfiles
[05:09:08.947][info] [#0:script/workspace/workspace.lua:42]: Log path: 	/home/nisidabay/.config/coc/extensions/coc-lua-data/lua-language-server/log/file_media_KING_128__dotfiles.log
[05:09:08.948][info] [#0:script/workspace/workspace.lua:48]: Workspace create: 	file:///media/KING_128/_dotfiles
[05:09:09.150][info] [#0:script/provider/provider.lua:46]: Load config from client	file:///media/KING_128/_dotfiles
[05:09:09.150][info] [#0:script/provider/provider.lua:47]: {
  Lua = {
    addonManager = {
      enable = true
    },
    codeLens = {
      enable = false
    },
    completion = {
      autoRequire = true,
      callSnippet = "Disable",
      displayContext = 0,
      enable = true,
      keywordSnippet = "Replace",
      postfix = "@",
      requireSeparator = ".",
      showParams = true,
      showWord = "Fallback",
      workspaceWord = true
    },
    diagnostics = {
      disable = {},
      disableScheme = { "git" },
      enable = true,
      globals = {},
      ignoredFiles = "Opened",
      libraryFiles = "Opened",
      unusedLocalExclude = {},
      workspaceDelay = 3000,
      workspaceEvent = "OnSave",
      workspaceRate = 100
    },
    doc = {
      packageName = {},
      privateName = {},
      protectedName = {}
    },
    format = {
      defaultConfig = {},
      enable = true
    },
    hint = {
      arrayIndex = "Auto",
      await = true,
      enable = false,
      paramName = "All",
      paramType = true,
      semicolon = "SameLine",
      setType = false
    },
    hover = {
      enable = true,
      enumsLimit = 5,
      expandAlias = true,
      previewFields = 50,
      viewNumber = true,
      viewString = true,
      viewStringMax = 1000
    },
    misc = {
      executablePath = "",
      parameters = {}
    },
    runtime = {
      fileEncoding = "utf8",
      meta = "${version} ${language} ${encoding}",
      nonstandardSymbol = {},
      path = { "?.lua", "?/init.lua" },
      pathStrict = false,
      plugin = "",
      pluginArgs = {},
      special = {},
      unicodeName = false,
      version = "Lua 5.4"
    },
    semantic = {
      annotation = true,
      enable = true,
      keyword = false,
      variable = true
    },
    signatureHelp = {
      enable = true
    },
    spell = {
      dict = {}
    },
    type = {
      castNumberToInteger = true,
      weakNilCheck = false,
      weakUnionCheck = false
    },
    window = {
      progressBar = true,
      statusBar = true
    },
    workspace = {
      checkThirdParty = true,
      ignoreDir = { ".vscode" },
      ignoreSubmodules = true,
      library = {},
      maxPreload = 5000,
      preloadFileSize = 500,
      useGitIgnore = true,
      userThirdParty = {}
    }
  }
}
[05:09:09.251][info] [#0:script/provider/completion.lua:43]: Enable completion.
[05:09:09.251][info] [#0:script/provider/provider.lua:61]: Load config from client	fallback
[05:09:09.252][info] [#0:script/provider/provider.lua:62]: {
  Lua = {
    addonManager = {
      enable = true
    },
    codeLens = {
      enable = false
    },
    completion = {
      autoRequire = true,
      callSnippet = "Disable",
      displayContext = 0,
      enable = true,
      keywordSnippet = "Replace",
      postfix = "@",
      requireSeparator = ".",
      showParams = true,
      showWord = "Fallback",
      workspaceWord = true
    },
    diagnostics = {
      disable = {},
      disableScheme = { "git" },
      enable = true,
      globals = {},
      ignoredFiles = "Opened",
      libraryFiles = "Opened",
      unusedLocalExclude = {},
      workspaceDelay = 3000,
      workspaceEvent = "OnSave",
      workspaceRate = 100
    },
    doc = {
      packageName = {},
      privateName = {},
      protectedName = {}
    },
    format = {
      defaultConfig = {},
      enable = true
    },
    hint = {
      arrayIndex = "Auto",
      await = true,
      enable = false,
      paramName = "All",
      paramType = true,
      semicolon = "SameLine",
      setType = false
    },
    hover = {
      enable = true,
      enumsLimit = 5,
      expandAlias = true,
      previewFields = 50,
      viewNumber = true,
      viewString = true,
      viewStringMax = 1000
    },
    misc = {
      executablePath = "",
      parameters = {}
    },
    runtime = {
      fileEncoding = "utf8",
      meta = "${version} ${language} ${encoding}",
      nonstandardSymbol = {},
      path = { "?.lua", "?/init.lua" },
      pathStrict = false,
      plugin = "",
      pluginArgs = {},
      special = {},
      unicodeName = false,
      version = "Lua 5.4"
    },
    semantic = {
      annotation = true,
      enable = true,
      keyword = false,
      variable = true
    },
    signatureHelp = {
      enable = true
    },
    spell = {
      dict = {}
    },
    type = {
      castNumberToInteger = true,
      weakNilCheck = false,
      weakUnionCheck = false
    },
    window = {
      progressBar = true,
      statusBar = true
    },
    workspace = {
      checkThirdParty = true,
      ignoreDir = { ".vscode" },
      ignoreSubmodules = true,
      library = {},
      maxPreload = 5000,
      preloadFileSize = 500,
      useGitIgnore = true,
      userThirdParty = {}
    }
  }
}
[05:09:09.453][info] [#0:script/library.lua:212]: Init builtin library at:	file:///media/KING_128/_dotfiles
[05:09:09.520][info] [#0:script/plugin.lua:86]: plugin path:	/media/KING_128/_dotfiles
[05:09:09.521][warn] [#0:script/plugin.lua:101]: plugin not found:	/media/KING_128/_dotfiles
[05:09:09.521][info] [#0:script/library.lua:212]: Init builtin library at:	nil
[05:09:09.640][info] [#0:script/workspace/workspace.lua:324]: Preload start:	file:///media/KING_128/_dotfiles
[05:09:09.644][info] [#0:script/workspace/workspace.lua:330]: Scan files at:	file:///media/KING_128/_dotfiles
[05:09:09.681][info] [#0:script/workspace/workspace.lua:324]: Preload start:	<fallback>
[05:09:09.685][info] [#0:script/workspace/workspace.lua:353]: Scan library at:	file:///home/nisidabay/.config/coc/extensions/coc-lua-data/lua-language-server/meta/Lua%205.4%20en-us%20utf8/table.lua
[05:09:09.686][info] [#0:script/workspace/workspace.lua:353]: Scan library at:	file:///home/nisidabay/.config/coc/extensions/coc-lua-data/lua-language-server/meta/Lua%205.4%20en-us%20utf8/utf8.lua
[05:09:09.686][info] [#0:script/workspace/workspace.lua:353]: Scan library at:	file:///home/nisidabay/.config/coc/extensions/coc-lua-data/lua-language-server/meta/Lua%205.4%20en-us%20utf8/builtin.lua
[05:09:09.687][info] [#0:script/workspace/workspace.lua:353]: Scan library at:	file:///home/nisidabay/.config/coc/extensions/coc-lua-data/lua-language-server/meta/Lua%205.4%20en-us%20utf8/os.lua
[05:09:09.688][info] [#0:script/workspace/workspace.lua:353]: Scan library at:	file:///home/nisidabay/.config/coc/extensions/coc-lua-data/lua-language-server/meta/Lua%205.4%20en-us%20utf8/basic.lua
[05:09:09.688][info] [#0:script/workspace/workspace.lua:353]: Scan library at:	file:///home/nisidabay/.config/coc/extensions/coc-lua-data/lua-language-server/meta/Lua%205.4%20en-us%20utf8/package.lua
[05:09:09.688][info] [#0:script/workspace/workspace.lua:353]: Scan library at:	file:///home/nisidabay/.config/coc/extensions/coc-lua-data/lua-language-server/meta/Lua%205.4%20en-us%20utf8/coroutine.lua
[05:09:09.688][info] [#0:script/workspace/workspace.lua:353]: Scan library at:	file:///home/nisidabay/.config/coc/extensions/coc-lua-data/lua-language-server/meta/Lua%205.4%20en-us%20utf8/math.lua
[05:09:09.689][info] [#0:script/workspace/workspace.lua:353]: Scan library at:	file:///home/nisidabay/.config/coc/extensions/coc-lua-data/lua-language-server/meta/Lua%205.4%20en-us%20utf8/string.lua
[05:09:09.689][info] [#0:script/workspace/workspace.lua:353]: Scan library at:	file:///home/nisidabay/.config/coc/extensions/coc-lua-data/lua-language-server/meta/Lua%205.4%20en-us%20utf8/debug.lua
[05:09:09.689][info] [#0:script/workspace/workspace.lua:353]: Scan library at:	file:///home/nisidabay/.config/coc/extensions/coc-lua-data/lua-language-server/meta/Lua%205.4%20en-us%20utf8/io.lua
[05:09:09.760][info] [#0:script/workspace/workspace.lua:353]: Scan library at:	file:///home/nisidabay/.config/coc/extensions/coc-lua-data/lua-language-server/meta/Lua%205.4%20en-us%20utf8/table.lua
[05:09:09.760][info] [#0:script/workspace/workspace.lua:353]: Scan library at:	file:///home/nisidabay/.config/coc/extensions/coc-lua-data/lua-language-server/meta/Lua%205.4%20en-us%20utf8/utf8.lua
[05:09:09.760][info] [#0:script/workspace/workspace.lua:353]: Scan library at:	file:///home/nisidabay/.config/coc/extensions/coc-lua-data/lua-language-server/meta/Lua%205.4%20en-us%20utf8/builtin.lua
[05:09:09.760][info] [#0:script/workspace/workspace.lua:353]: Scan library at:	file:///home/nisidabay/.config/coc/extensions/coc-lua-data/lua-language-server/meta/Lua%205.4%20en-us%20utf8/os.lua
[05:09:09.761][info] [#0:script/workspace/workspace.lua:353]: Scan library at:	file:///home/nisidabay/.config/coc/extensions/coc-lua-data/lua-language-server/meta/Lua%205.4%20en-us%20utf8/basic.lua
[05:09:09.761][info] [#0:script/workspace/workspace.lua:353]: Scan library at:	file:///home/nisidabay/.config/coc/extensions/coc-lua-data/lua-language-server/meta/Lua%205.4%20en-us%20utf8/package.lua
[05:09:09.761][info] [#0:script/workspace/workspace.lua:353]: Scan library at:	file:///home/nisidabay/.config/coc/extensions/coc-lua-data/lua-language-server/meta/Lua%205.4%20en-us%20utf8/coroutine.lua
[05:09:09.761][info] [#0:script/workspace/workspace.lua:353]: Scan library at:	file:///home/nisidabay/.config/coc/extensions/coc-lua-data/lua-language-server/meta/Lua%205.4%20en-us%20utf8/math.lua
[05:09:09.761][info] [#0:script/workspace/workspace.lua:353]: Scan library at:	file:///home/nisidabay/.config/coc/extensions/coc-lua-data/lua-language-server/meta/Lua%205.4%20en-us%20utf8/string.lua
[05:09:09.761][info] [#0:script/workspace/workspace.lua:353]: Scan library at:	file:///home/nisidabay/.config/coc/extensions/coc-lua-data/lua-language-server/meta/Lua%205.4%20en-us%20utf8/debug.lua
[05:09:09.761][info] [#0:script/workspace/workspace.lua:353]: Scan library at:	file:///home/nisidabay/.config/coc/extensions/coc-lua-data/lua-language-server/meta/Lua%205.4%20en-us%20utf8/io.lua
[05:09:09.862][info] [#0:script/workspace/workspace.lua:379]: Found 11 files at:	<fallback>
[05:09:09.862][info] [#0:script/workspace/loading.lua:161]: Load files from disk:	<fallback>
[05:09:09.862][info] [#0:script/workspace/workspace.lua:379]: Found 59 files at:	file:///media/KING_128/_dotfiles
[05:09:09.862][info] [#0:script/workspace/loading.lua:161]: Load files from disk:	file:///media/KING_128/_dotfiles
[05:09:09.862][info] [#0:script/workspace/loading.lua:89]: Skip loaded file: file:///media/KING_128/_dotfiles/folders_to_config_dir/nvim/init.lua
[05:09:09.863][info] [#0:script/workspace/loading.lua:101]: Preload file at: file:///home/nisidabay/.config/coc/extensions/coc-lua-data/lua-language-server/meta/Lua%205.4%20en-us%20utf8/io.lua , size = 6.364 KB
[05:09:09.870][info] [#0:script/workspace/loading.lua:113]: ++++As library of:	file:///home/nisidabay/.config/coc/extensions/coc-lua-data/lua-language-server/meta/Lua%205.4%20en-us%20utf8/io.lua
[05:09:09.870][info] [#0:script/workspace/loading.lua:101]: Preload file at: file:///home/nisidabay/.config/coc/extensions/coc-lua-data/lua-language-server/meta/Lua%205.4%20en-us%20utf8/debug.lua , size = 7.637 KB
[05:09:09.876][info] [#0:script/workspace/loading.lua:113]: ++++As library of:	file:///home/nisidabay/.config/coc/extensions/coc-lua-data/lua-language-server/meta/Lua%205.4%20en-us%20utf8/debug.lua
[05:09:09.876][info] [#0:script/workspace/loading.lua:98]: Skip loaded file: file:///home/nisidabay/.config/coc/extensions/coc-lua-data/lua-language-server/meta/Lua%205.4%20en-us%20utf8/debug.lua
[05:09:09.876][info] [#0:script/workspace/loading.lua:101]: Preload file at: file:///home/nisidabay/.config/coc/extensions/coc-lua-data/lua-language-server/meta/Lua%205.4%20en-us%20utf8/string.lua , size = 6.341 KB
[05:09:09.882][info] [#0:script/workspace/loading.lua:113]: ++++As library of:	file:///home/nisidabay/.config/coc/extensions/coc-lua-data/lua-language-server/meta/Lua%205.4%20en-us%20utf8/string.lua
[05:09:09.882][info] [#0:script/workspace/loading.lua:98]: Skip loaded file: file:///home/nisidabay/.config/coc/extensions/coc-lua-data/lua-language-server/meta/Lua%205.4%20en-us%20utf8/string.lua
[05:09:09.882][info] [#0:script/workspace/loading.lua:101]: Preload file at: file:///home/nisidabay/.config/coc/extensions/coc-lua-data/lua-language-server/meta/Lua%205.4%20en-us%20utf8/math.lua , size = 8.509 KB
[05:09:09.889][info] [#0:script/workspace/loading.lua:113]: ++++As library of:	file:///home/nisidabay/.config/coc/extensions/coc-lua-data/lua-language-server/meta/Lua%205.4%20en-us%20utf8/math.lua
[05:09:09.889][info] [#0:script/workspace/loading.lua:98]: Skip loaded file: file:///home/nisidabay/.config/coc/extensions/coc-lua-data/lua-language-server/meta/Lua%205.4%20en-us%20utf8/math.lua
[05:09:09.889][info] [#0:script/workspace/loading.lua:101]: Preload file at: file:///home/nisidabay/.config/coc/extensions/coc-lua-data/lua-language-server/meta/Lua%205.4%20en-us%20utf8/coroutine.lua , size = 2.590 KB
[05:09:09.891][info] [#0:script/workspace/loading.lua:113]: ++++As library of:	file:///home/nisidabay/.config/coc/extensions/coc-lua-data/lua-language-server/meta/Lua%205.4%20en-us%20utf8/coroutine.lua
[05:09:09.891][info] [#0:script/workspace/loading.lua:98]: Skip loaded file: file:///home/nisidabay/.config/coc/extensions/coc-lua-data/lua-language-server/meta/Lua%205.4%20en-us%20utf8/coroutine.lua
[05:09:09.891][info] [#0:script/workspace/loading.lua:101]: Preload file at: file:///home/nisidabay/.config/coc/extensions/coc-lua-data/lua-language-server/meta/Lua%205.4%20en-us%20utf8/package.lua , size = 2.944 KB
[05:09:09.893][info] [#0:script/workspace/loading.lua:113]: ++++As library of:	file:///home/nisidabay/.config/coc/extensions/coc-lua-data/lua-language-server/meta/Lua%205.4%20en-us%20utf8/package.lua
[05:09:09.893][info] [#0:script/workspace/loading.lua:98]: Skip loaded file: file:///home/nisidabay/.config/coc/extensions/coc-lua-data/lua-language-server/meta/Lua%205.4%20en-us%20utf8/package.lua
[05:09:09.893][info] [#0:script/workspace/loading.lua:101]: Preload file at: file:///home/nisidabay/.config/coc/extensions/coc-lua-data/lua-language-server/meta/Lua%205.4%20en-us%20utf8/basic.lua , size = 15.336 KB
[05:09:09.906][info] [#0:script/workspace/loading.lua:113]: ++++As library of:	file:///home/nisidabay/.config/coc/extensions/coc-lua-data/lua-language-server/meta/Lua%205.4%20en-us%20utf8/basic.lua
[05:09:09.906][info] [#0:script/workspace/loading.lua:98]: Skip loaded file: file:///home/nisidabay/.config/coc/extensions/coc-lua-data/lua-language-server/meta/Lua%205.4%20en-us%20utf8/io.lua
[05:09:09.906][info] [#0:script/workspace/loading.lua:98]: Skip loaded file: file:///home/nisidabay/.config/coc/extensions/coc-lua-data/lua-language-server/meta/Lua%205.4%20en-us%20utf8/basic.lua
[05:09:09.906][info] [#0:script/workspace/loading.lua:101]: Preload file at: file:///home/nisidabay/.config/coc/extensions/coc-lua-data/lua-language-server/meta/Lua%205.4%20en-us%20utf8/os.lua , size = 5.600 KB
[05:09:09.910][info] [#0:script/workspace/loading.lua:113]: ++++As library of:	file:///home/nisidabay/.config/coc/extensions/coc-lua-data/lua-language-server/meta/Lua%205.4%20en-us%20utf8/os.lua
[05:09:09.910][info] [#0:script/workspace/loading.lua:98]: Skip loaded file: file:///home/nisidabay/.config/coc/extensions/coc-lua-data/lua-language-server/meta/Lua%205.4%20en-us%20utf8/os.lua
[05:09:09.910][info] [#0:script/workspace/loading.lua:101]: Preload file at: file:///home/nisidabay/.config/coc/extensions/coc-lua-data/lua-language-server/meta/Lua%205.4%20en-us%20utf8/builtin.lua , size = 0.302 KB
[05:09:09.910][info] [#0:script/workspace/loading.lua:113]: ++++As library of:	file:///home/nisidabay/.config/coc/extensions/coc-lua-data/lua-language-server/meta/Lua%205.4%20en-us%20utf8/builtin.lua
[05:09:09.910][info] [#0:script/workspace/loading.lua:98]: Skip loaded file: file:///home/nisidabay/.config/coc/extensions/coc-lua-data/lua-language-server/meta/Lua%205.4%20en-us%20utf8/builtin.lua
[05:09:09.910][info] [#0:script/workspace/loading.lua:101]: Preload file at: file:///home/nisidabay/.config/coc/extensions/coc-lua-data/lua-language-server/meta/Lua%205.4%20en-us%20utf8/utf8.lua , size = 2.386 KB
[05:09:09.912][info] [#0:script/workspace/loading.lua:113]: ++++As library of:	file:///home/nisidabay/.config/coc/extensions/coc-lua-data/lua-language-server/meta/Lua%205.4%20en-us%20utf8/utf8.lua
[05:09:09.912][info] [#0:script/workspace/loading.lua:98]: Skip loaded file: file:///home/nisidabay/.config/coc/extensions/coc-lua-data/lua-language-server/meta/Lua%205.4%20en-us%20utf8/utf8.lua
[05:09:09.912][info] [#0:script/workspace/loading.lua:101]: Preload file at: file:///home/nisidabay/.config/coc/extensions/coc-lua-data/lua-language-server/meta/Lua%205.4%20en-us%20utf8/table.lua , size = 4.230 KB
[05:09:09.916][info] [#0:script/workspace/loading.lua:113]: ++++As library of:	file:///home/nisidabay/.config/coc/extensions/coc-lua-data/lua-language-server/meta/Lua%205.4%20en-us%20utf8/table.lua
[05:09:09.916][info] [#0:script/workspace/loading.lua:98]: Skip loaded file: file:///home/nisidabay/.config/coc/extensions/coc-lua-data/lua-language-server/meta/Lua%205.4%20en-us%20utf8/table.lua
[05:09:09.916][info] [#0:script/workspace/loading.lua:101]: Preload file at: file:///media/KING_128/_dotfiles/folders_to_config_dir/nvim/lua/nisidabay/modules/snippets.lua , size = 7.155 KB
[05:09:09.922][info] [#0:script/workspace/loading.lua:101]: Preload file at: file:///media/KING_128/_dotfiles/folders_to_config_dir/nvim/lua/nisidabay/plugins/tmux.lua , size = 0.535 KB
[05:09:09.922][info] [#0:script/workspace/loading.lua:101]: Preload file at: file:///media/KING_128/_dotfiles/folders_to_config_dir/nvim/lua/nisidabay/plugins/which-key.lua , size = 0.285 KB
[05:09:09.923][info] [#0:script/workspace/loading.lua:101]: Preload file at: file:///media/KING_128/_dotfiles/folders_to_config_dir/nvim/lua/nisidabay/plugins/harpoon.lua , size = 1.104 KB
[05:09:09.924][info] [#0:script/workspace/loading.lua:101]: Preload file at: file:///media/KING_128/_dotfiles/folders_to_config_dir/nvim/lua/nisidabay/plugins/formatting.lua , size = 1.028 KB
[05:09:09.924][info] [#0:script/workspace/loading.lua:101]: Preload file at: file:///media/KING_128/_dotfiles/folders_to_config_dir/nvim/lua/nisidabay/plugins/notify.lua , size = 0.197 KB
[05:09:09.925][info] [#0:script/workspace/loading.lua:101]: Preload file at: file:///media/KING_128/_dotfiles/folders_to_config_dir/nvim/lua/nisidabay/plugins/colorizer.lua , size = 0.099 KB
[05:09:09.925][info] [#0:script/workspace/loading.lua:101]: Preload file at: file:///media/KING_128/_dotfiles/folders_to_config_dir/nvim/lua/nisidabay/plugins/init.lua , size = 0.075 KB
[05:09:09.925][info] [#0:script/workspace/loading.lua:101]: Preload file at: file:///media/KING_128/_dotfiles/folders_to_config_dir/nvim/lua/nisidabay/plugins/dasht-vim.lua , size = 0.557 KB
[05:09:09.926][info] [#0:script/workspace/loading.lua:101]: Preload file at: file:///media/KING_128/_dotfiles/folders_to_config_dir/nvim/lua/nisidabay/plugins/lualine.lua , size = 2.066 KB
[05:09:09.928][info] [#0:script/workspace/loading.lua:101]: Preload file at: file:///media/KING_128/_dotfiles/folders_to_config_dir/nvim/lua/nisidabay/plugins/dressing.lua , size = 0.060 KB
[05:09:09.928][info] [#0:script/workspace/loading.lua:101]: Preload file at: file:///media/KING_128/_dotfiles/folders_to_config_dir/nvim/lua/nisidabay/plugins/Fterm.lua , size = 0.537 KB
[05:09:09.933][info] [#0:script/workspace/loading.lua:101]: Preload file at: file:///media/KING_128/_dotfiles/folders_to_config_dir/nvim/lua/nisidabay/plugins/lsp/none-ls.lua , size = 2.484 KB
[05:09:09.934][info] [#0:script/workspace/loading.lua:101]: Preload file at: file:///media/KING_128/_dotfiles/folders_to_config_dir/nvim/lua/nisidabay/plugins/lsp/lspconfig.lua , size = 4.538 KB
[05:09:09.937][info] [#0:script/workspace/loading.lua:101]: Preload file at: file:///media/KING_128/_dotfiles/folders_to_config_dir/nvim/lua/nisidabay/plugins/lsp/mason.lua , size = 1.422 KB
[05:09:09.938][info] [#0:script/workspace/loading.lua:101]: Preload file at: file:///media/KING_128/_dotfiles/folders_to_config_dir/nvim/lua/nisidabay/plugins/undotree.lua , size = 0.117 KB
[05:09:09.938][info] [#0:script/workspace/loading.lua:101]: Preload file at: file:///media/KING_128/_dotfiles/folders_to_config_dir/nvim/lua/nisidabay/plugins/alpha-nvim.lua , size = 2.293 KB
[05:09:09.939][info] [#0:script/workspace/loading.lua:101]: Preload file at: file:///media/KING_128/_dotfiles/folders_to_config_dir/nvim/lua/nisidabay/plugins/go.lua , size = 0.629 KB
[05:09:09.940][info] [#0:script/workspace/loading.lua:101]: Preload file at: file:///media/KING_128/_dotfiles/folders_to_config_dir/nvim/lua/nisidabay/plugins/fugitive.lua , size = 0.708 KB
[05:09:09.940][info] [#0:script/workspace/loading.lua:101]: Preload file at: file:///media/KING_128/_dotfiles/folders_to_config_dir/nvim/lua/nisidabay/plugins/vim-tagbar.lua , size = 0.112 KB
[05:09:09.940][info] [#0:script/workspace/loading.lua:101]: Preload file at: file:///media/KING_128/_dotfiles/folders_to_config_dir/nvim/lua/nisidabay/plugins/trouble.lua , size = 0.202 KB
[05:09:09.941][info] [#0:script/workspace/loading.lua:101]: Preload file at: file:///media/KING_128/_dotfiles/folders_to_config_dir/nvim/lua/nisidabay/plugins/vimwiki.lua , size = 0.992 KB
[05:09:09.942][info] [#0:script/workspace/loading.lua:101]: Preload file at: file:///media/KING_128/_dotfiles/folders_to_config_dir/nvim/lua/nisidabay/plugins/nvim-tree.lua , size = 1.845 KB
[05:09:09.943][info] [#0:script/workspace/loading.lua:101]: Preload file at: file:///media/KING_128/_dotfiles/folders_to_config_dir/nvim/lua/nisidabay/plugins/telescope.lua , size = 4.058 KB
[05:09:09.945][info] [#0:script/workspace/loading.lua:101]: Preload file at: file:///media/KING_128/_dotfiles/folders_to_config_dir/nvim/lua/nisidabay/plugins/comment.lua , size = 0.500 KB
[05:09:09.945][info] [#0:script/workspace/loading.lua:101]: Preload file at: file:///media/KING_128/_dotfiles/folders_to_config_dir/nvim/lua/nisidabay/plugins/nvim-autopairs.lua , size = 0.896 KB
[05:09:09.946][info] [#0:script/workspace/loading.lua:101]: Preload file at: file:///media/KING_128/_dotfiles/folders_to_config_dir/nvim/lua/nisidabay/plugins/nvim-surround.lua , size = 0.183 KB
[05:09:09.946][info] [#0:script/workspace/loading.lua:101]: Preload file at: file:///media/KING_128/_dotfiles/folders_to_config_dir/nvim/lua/nisidabay/plugins/auto-session.lua , size = 0.645 KB
[05:09:09.947][info] [#0:script/workspace/loading.lua:101]: Preload file at: file:///media/KING_128/_dotfiles/folders_to_config_dir/nvim/lua/nisidabay/plugins/replace_register.lua , size = 0.107 KB
[05:09:09.947][info] [#0:script/workspace/loading.lua:101]: Preload file at: file:///media/KING_128/_dotfiles/folders_to_config_dir/nvim/lua/nisidabay/plugins/linting.lua , size = 0.816 KB
[05:09:09.948][info] [#0:script/workspace/loading.lua:101]: Preload file at: file:///media/KING_128/_dotfiles/folders_to_config_dir/nvim/lua/nisidabay/plugins/bufferline.lua , size = 0.197 KB
[05:09:09.948][info] [#0:script/workspace/loading.lua:101]: Preload file at: file:///media/KING_128/_dotfiles/folders_to_config_dir/nvim/lua/nisidabay/plugins/vim-signature.lua , size = 0.037 KB
[05:09:09.949][info] [#0:script/workspace/loading.lua:101]: Preload file at: file:///media/KING_128/_dotfiles/folders_to_config_dir/nvim/lua/nisidabay/plugins/rose-pine.lua , size = 2.070 KB
[05:09:09.950][info] [#0:script/workspace/loading.lua:101]: Preload file at: file:///media/KING_128/_dotfiles/folders_to_config_dir/nvim/lua/nisidabay/plugins/nvim-treesitter-text-objects.lua , size = 6.041 KB
[05:09:09.953][info] [#0:script/workspace/loading.lua:101]: Preload file at: file:///media/KING_128/_dotfiles/folders_to_config_dir/nvim/lua/nisidabay/plugins/vim-maximizer.lua , size = 0.133 KB
[05:09:09.953][info] [#0:script/workspace/loading.lua:101]: Preload file at: file:///media/KING_128/_dotfiles/folders_to_config_dir/nvim/lua/nisidabay/plugins/calendar-vim.lua , size = 0.197 KB
[05:09:09.953][info] [#0:script/workspace/loading.lua:101]: Preload file at: file:///media/KING_128/_dotfiles/folders_to_config_dir/nvim/lua/nisidabay/plugins/gitsigns.lua , size = 0.405 KB
[05:09:09.954][info] [#0:script/workspace/loading.lua:101]: Preload file at: file:///media/KING_128/_dotfiles/folders_to_config_dir/nvim/lua/nisidabay/plugins/todo.lua , size = 0.714 KB
[05:09:09.955][info] [#0:script/workspace/loading.lua:101]: Preload file at: file:///media/KING_128/_dotfiles/folders_to_config_dir/nvim/lua/nisidabay/plugins/tokyo.lua , size = 0.084 KB
[05:09:09.955][info] [#0:script/workspace/loading.lua:101]: Preload file at: file:///media/KING_128/_dotfiles/folders_to_config_dir/nvim/lua/nisidabay/plugins/nvim-cmp.lua , size = 1.904 KB
[05:09:09.956][info] [#0:script/workspace/loading.lua:101]: Preload file at: file:///media/KING_128/_dotfiles/folders_to_config_dir/nvim/lua/nisidabay/plugins/nvim-web-devicons.lua , size = 0.274 KB
[05:09:09.957][info] [#0:script/workspace/loading.lua:101]: Preload file at: file:///media/KING_128/_dotfiles/folders_to_config_dir/nvim/lua/nisidabay/plugins/nvim-treesitter.lua , size = 1.784 KB
[05:09:09.957][info] [#0:script/workspace/loading.lua:101]: Preload file at: file:///media/KING_128/_dotfiles/folders_to_config_dir/nvim/lua/nisidabay/plugins/catppuccin.lua , size = 0.170 KB
[05:09:09.958][info] [#0:script/workspace/loading.lua:101]: Preload file at: file:///media/KING_128/_dotfiles/folders_to_config_dir/nvim/lua/nisidabay/lazy.lua , size = 0.566 KB
[05:09:09.959][info] [#0:script/workspace/loading.lua:101]: Preload file at: file:///media/KING_128/_dotfiles/folders_to_config_dir/nvim/lua/nisidabay/core/init.lua , size = 0.066 KB
[05:09:09.959][info] [#0:script/workspace/loading.lua:101]: Preload file at: file:///media/KING_128/_dotfiles/folders_to_config_dir/nvim/lua/nisidabay/core/keymaps.lua , size = 10.077 KB
[05:09:09.965][info] [#0:script/workspace/loading.lua:173]: Loaded files takes [0.107] sec: <fallback>
[05:09:09.965][info] [#0:script/workspace/loading.lua:182]: Compile files takes [0.000] sec: <fallback>
[05:09:09.965][info] [#0:script/workspace/loading.lua:183]: Loaded finish:	<fallback>
[05:09:09.965][info] [#0:script/workspace/workspace.lua:381]: Preload finish at:	<fallback>
[05:09:09.983][info] [#0:script/workspace/loading.lua:101]: Preload file at: file:///media/KING_128/_dotfiles/folders_to_config_dir/nvim/lua/nisidabay/core/options.lua , size = 1.600 KB
[05:09:09.985][warn] [#0:script/proto/proto.lua:138]: Response of [workspace/diagnostic/refresh] error [-32601]: Unhandled method workspace/diagnostic/refresh
[05:09:09.985][info] [#0:script/workspace/loading.lua:173]: Loaded files takes [0.127] sec: file:///media/KING_128/_dotfiles
[05:09:09.985][info] [#0:script/workspace/loading.lua:182]: Compile files takes [0.000] sec: file:///media/KING_128/_dotfiles
[05:09:09.985][info] [#0:script/workspace/loading.lua:183]: Loaded finish:	file:///media/KING_128/_dotfiles
[05:09:09.985][info] [#0:script/workspace/workspace.lua:381]: Preload finish at:	file:///media/KING_128/_dotfiles
[05:09:09.997][info] [#0:script/provider/diagnostic.lua:557]: Diagnostics scope [file:///media/KING_128/_dotfiles], files count:[59]
[05:09:09.997][warn] [#0:script/proto/proto.lua:138]: Response of [workspace/diagnostic/refresh] error [-32601]: Unhandled method workspace/diagnostic/refresh
[05:09:10.239][info] [#0:script/provider/diagnostic.lua:574]: Diagnostics scope [file:///media/KING_128/_dotfiles] finished, takes [0.242] sec.
