[09:32:23.183][info] [#0:/home/nisidabay/.config/coc/extensions/coc-lua-data/lua-language-server/main.lua:66]: Lua Lsp startup, root: 	/home/nisidabay/.config/coc/extensions/coc-lua-data/lua-language-server
[09:32:23.183][info] [#0:/home/nisidabay/.config/coc/extensions/coc-lua-data/lua-language-server/main.lua:67]: ROOT:	/home/nisidabay/.config/coc/extensions/coc-lua-data/lua-language-server
[09:32:23.183][info] [#0:/home/nisidabay/.config/coc/extensions/coc-lua-data/lua-language-server/main.lua:68]: LOGPATH:	/home/nisidabay/.config/coc/extensions/coc-lua-data/lua-language-server/log
[09:32:23.183][info] [#0:/home/nisidabay/.config/coc/extensions/coc-lua-data/lua-language-server/main.lua:69]: METAPATH:	/home/nisidabay/.config/coc/extensions/coc-lua-data/lua-language-server/meta
[09:32:23.183][info] [#0:/home/nisidabay/.config/coc/extensions/coc-lua-data/lua-language-server/main.lua:70]: VERSION:	3.7.0
[09:32:23.239][info] [#0:script/service/service.lua:144]: 
========= Medical Examination Report =========
    --------------- Memory ---------------
        Total: 2.140 MB
        # 00 : 2.140 MB
        # 01 : 0.000 MB
        # 02 : 0.000 MB
        # 03 : 0.000 MB
        # 04 : 0.000 MB
    --------------- Coroutine ---------------
        Total:     0
        Running:   0
        Suspended: 0
        Normal:    0
        Dead:      0
    --------------- Cache ---------------
        Total: 1
        Dead:  0
    ---------------  RPC  ---------------
        Holdon:   0
        Waiting:  0
==============================================
[09:32:23.250][info] [#0:script/client.lua:657]: Client init	{
  capabilities = {
    general = {
      markdown = {
        parser = "marked",
        version = "4.0.10"
      },
      positionEncodings = { "utf-16" },
      regularExpressions = {
        engine = "ECMAScript",
        version = "ES2020"
      },
      staleRequestSupport = {
        cancel = true,
        retryOnContentModified = { "textDocument/inlayHint", "textDocument/semanticTokens/full", "textDocument/semanticTokens/range", "textDocument/semanticTokens/full/delta" }
      }
    },
    textDocument = {
      callHierarchy = {
        dynamicRegistration = true
      },
      codeAction = {
        codeActionLiteralSupport = {
          codeActionKind = {
            valueSet = { "", "quickfix", "refactor", "refactor.extract", "refactor.inline", "refactor.rewrite", "source", "source.organizeImports" }
          }
        },
        dataSupport = true,
        disabledSupport = true,
        dynamicRegistration = true,
        honorsChangeAnnotations = false,
        isPreferredSupport = true,
        resolveSupport = {
          properties = { "edit" }
        }
      },
      codeLens = {
        dynamicRegistration = true
      },
      colorProvider = {
        dynamicRegistration = true
      },
      completion = {
        completionItem = {
          commitCharactersSupport = true,
          deprecatedSupport = true,
          documentationFormat = { "markdown", "plaintext" },
          insertReplaceSupport = true,
          insertTextModeSupport = {
            valueSet = { 1, 2 }
          },
          labelDetailsSupport = true,
          preselectSupport = true,
          resolveSupport = {
            properties = { "documentation", "detail", "additionalTextEdits" }
          },
          snippetSupport = true,
          tagSupport = {
            valueSet = { 1 }
          }
        },
        completionItemKind = {
          valueSet = { 1, 2, 3, 4, 5, 6, 7, 8, 9, 10, 11, 12, 13, 14, 15, 16, 17, 18, 19, 20, 21, 22, 23, 24, 25 }
        },
        completionList = {
          itemDefaults = { "commitCharacters", "editRange", "insertTextFormat", "insertTextMode" }
        },
        contextSupport = true,
        dynamicRegistration = true,
        insertTextMode = 2
      },
      declaration = {
        dynamicRegistration = true,
        linkSupport = true
      },
      definition = {
        dynamicRegistration = true,
        linkSupport = true
      },
      diagnostic = {
        dynamicRegistration = true,
        relatedDocumentSupport = true
      },
      documentHighlight = {
        dynamicRegistration = true
      },
      documentLink = {
        dynamicRegistration = true,
        tooltipSupport = true
      },
      documentSymbol = {
        dynamicRegistration = true,
        hierarchicalDocumentSymbolSupport = true,
        labelSupport = true,
        symbolKind = {
          valueSet = { 1, 2, 3, 4, 5, 6, 7, 8, 9, 10, 11, 12, 13, 14, 15, 16, 17, 18, 19, 20, 21, 22, 23, 24, 25, 26 }
        },
        tagSupport = {
          valueSet = { 1 }
        }
      },
      foldingRange = {
        dynamicRegistration = true,
        foldingRange = {
          collapsedText = false
        },
        foldingRangeKind = {
          valueSet = { "comment", "imports", "region" }
        },
        lineFoldingOnly = true,
        rangeLimit = 5000
      },
      formatting = {
        dynamicRegistration = true
      },
      hover = {
        contentFormat = { "markdown", "plaintext" },
        dynamicRegistration = true
      },
      implementation = {
        dynamicRegistration = true,
        linkSupport = true
      },
      inlayHint = {
        dynamicRegistration = true,
        resolveSupport = {
          properties = { "tooltip", "textEdits", "label.tooltip", "label.location", "label.command" }
        }
      },
      inlineValue = {
        dynamicRegistration = true
      },
      linkedEditingRange = {
        dynamicRegistration = true
      },
      onTypeFormatting = {
        dynamicRegistration = true
      },
      publishDiagnostics = {
        codeDescriptionSupport = true,
        dataSupport = true,
        relatedInformation = true,
        tagSupport = {
          valueSet = { 1, 2 }
        },
        versionSupport = true
      },
      rangeFormatting = {
        dynamicRegistration = true
      },
      references = {
        dynamicRegistration = true
      },
      rename = {
        dynamicRegistration = true,
        honorsChangeAnnotations = true,
        prepareSupport = true,
        prepareSupportDefaultBehavior = 1
      },
      selectionRange = {
        dynamicRegistration = true
      },
      semanticTokens = {
        augmentsSyntaxTokens = true,
        dynamicRegistration = true,
        formats = { "relative" },
        multilineTokenSupport = false,
        overlappingTokenSupport = false,
        requests = {
          full = {
            delta = true
          },
          range = true
        },
        serverCancelSupport = true,
        tokenModifiers = { "declaration", "definition", "readonly", "static", "deprecated", "abstract", "async", "modification", "documentation", "defaultLibrary" },
        tokenTypes = { "namespace", "type", "class", "enum", "interface", "struct", "typeParameter", "parameter", "variable", "property", "enumMember", "event", "function", "method", "macro", "keyword", "modifier", "comment", "string", "number", "regexp", "decorator", "operator" }
      },
      signatureHelp = {
        contextSupport = true,
        dynamicRegistration = true,
        signatureInformation = {
          activeParameterSupport = true,
          documentationFormat = { "markdown", "plaintext" },
          parameterInformation = {
            labelOffsetSupport = true
          }
        }
      },
      synchronization = {
        didSave = true,
        dynamicRegistration = true,
        willSave = true,
        willSaveWaitUntil = true
      },
      typeDefinition = {
        dynamicRegistration = true,
        linkSupport = true
      },
      typeHierarchy = {
        dynamicRegistration = true
      }
    },
    window = {
      showDocument = {
        support = true
      },
      showMessage = {
        messageActionItem = {
          additionalPropertiesSupport = true
        }
      },
      workDoneProgress = true
    },
    workspace = {
      applyEdit = true,
      codeLens = {
        refreshSupport = true
      },
      configuration = true,
      diagnostics = {
        refreshSupport = true
      },
      didChangeConfiguration = {
        dynamicRegistration = true
      },
      didChangeWatchedFiles = {
        dynamicRegistration = true,
        relativePatternSupport = true
      },
      executeCommand = {
        dynamicRegistration = true
      },
      fileOperations = {
        didCreate = true,
        didDelete = true,
        didRename = true,
        dynamicRegistration = true,
        willCreate = true,
        willDelete = true,
        willRename = true
      },
      inlayHint = {
        refreshSupport = true
      },
      inlineValue = {
        refreshSupport = true
      },
      semanticTokens = {
        refreshSupport = true
      },
      symbol = {
        dynamicRegistration = true,
        resolveSupport = {
          properties = { "location.range" }
        },
        symbolKind = {
          valueSet = { 1, 2, 3, 4, 5, 6, 7, 8, 9, 10, 11, 12, 13, 14, 15, 16, 17, 18, 19, 20, 21, 22, 23, 24, 25, 26 }
        },
        tagSupport = {
          valueSet = { 1 }
        }
      },
      workspaceEdit = {
        changeAnnotationSupport = {
          groupsOnLabel = false
        },
        documentChanges = true,
        failureHandling = "undo",
        normalizesLineEndings = true,
        resourceOperations = { "create", "rename", "delete" }
      },
      workspaceFolders = true
    }
  },
  clientInfo = {
    name = "coc.nvim",
    version = "0.0.82"
  },
  initializationOptions = {
    changeConfiguration = true
  },
  locale = "es_ES",
  processId = 25306,
  rootPath = "/media/KING_128/.config/nvim",
  rootUri = "file:///media/KING_128/.config/nvim",
  trace = "off",
  workDoneToken = "e9acc0df-0cc9-46b2-b91a-6947671e1b46",
  workspaceFolders = { {
      name = "nvim",
      uri = "file:///media/KING_128/.config/nvim"
    } }
}
[09:32:23.250][info] [#0:script/language.lua:137]: VSC language: es_ES
[09:32:23.250][info] [#0:script/language.lua:138]: LS  language: en-us
[09:32:23.250][info] [#0:script/workspace/workspace.lua:38]: Workspace init root: 	file:///media/KING_128/.config/nvim
[09:32:23.250][info] [#0:script/workspace/workspace.lua:42]: Log path: 	/home/nisidabay/.config/coc/extensions/coc-lua-data/lua-language-server/log/file_media_KING_128_.config_nvim.log
[09:32:23.251][info] [#0:script/workspace/workspace.lua:48]: Workspace create: 	file:///media/KING_128/.config/nvim
[09:32:23.454][info] [#0:script/provider/provider.lua:46]: Load config from client	file:///media/KING_128/.config/nvim
[09:32:23.454][info] [#0:script/provider/provider.lua:47]: {
  Lua = {
    addonManager = {
      enable = true
    },
    codeLens = {
      enable = false
    },
    completion = {
      autoRequire = true,
      callSnippet = "Disable",
      displayContext = 0,
      enable = true,
      keywordSnippet = "Replace",
      postfix = "@",
      requireSeparator = ".",
      showParams = true,
      showWord = "Fallback",
      workspaceWord = true
    },
    diagnostics = {
      disable = {},
      disableScheme = { "git" },
      enable = true,
      globals = {},
      ignoredFiles = "Opened",
      libraryFiles = "Opened",
      unusedLocalExclude = {},
      workspaceDelay = 3000,
      workspaceEvent = "OnSave",
      workspaceRate = 100
    },
    doc = {
      packageName = {},
      privateName = {},
      protectedName = {}
    },
    format = {
      defaultConfig = {},
      enable = true
    },
    hint = {
      arrayIndex = "Auto",
      await = true,
      enable = false,
      paramName = "All",
      paramType = true,
      semicolon = "SameLine",
      setType = false
    },
    hover = {
      enable = true,
      enumsLimit = 5,
      expandAlias = true,
      previewFields = 50,
      viewNumber = true,
      viewString = true,
      viewStringMax = 1000
    },
    misc = {
      executablePath = "",
      parameters = {}
    },
    runtime = {
      fileEncoding = "utf8",
      meta = "${version} ${language} ${encoding}",
      nonstandardSymbol = {},
      path = { "?.lua", "?/init.lua" },
      pathStrict = false,
      plugin = "",
      pluginArgs = {},
      special = {},
      unicodeName = false,
      version = "Lua 5.4"
    },
    semantic = {
      annotation = true,
      enable = true,
      keyword = false,
      variable = true
    },
    signatureHelp = {
      enable = true
    },
    spell = {
      dict = {}
    },
    type = {
      castNumberToInteger = true,
      weakNilCheck = false,
      weakUnionCheck = false
    },
    window = {
      progressBar = true,
      statusBar = true
    },
    workspace = {
      checkThirdParty = true,
      ignoreDir = { ".vscode" },
      ignoreSubmodules = true,
      library = {},
      maxPreload = 5000,
      preloadFileSize = 500,
      useGitIgnore = true,
      userThirdParty = {}
    }
  }
}
[09:32:23.555][info] [#0:script/provider/completion.lua:43]: Enable completion.
[09:32:23.556][info] [#0:script/provider/provider.lua:61]: Load config from client	fallback
[09:32:23.556][info] [#0:script/provider/provider.lua:62]: {
  Lua = {
    addonManager = {
      enable = true
    },
    codeLens = {
      enable = false
    },
    completion = {
      autoRequire = true,
      callSnippet = "Disable",
      displayContext = 0,
      enable = true,
      keywordSnippet = "Replace",
      postfix = "@",
      requireSeparator = ".",
      showParams = true,
      showWord = "Fallback",
      workspaceWord = true
    },
    diagnostics = {
      disable = {},
      disableScheme = { "git" },
      enable = true,
      globals = {},
      ignoredFiles = "Opened",
      libraryFiles = "Opened",
      unusedLocalExclude = {},
      workspaceDelay = 3000,
      workspaceEvent = "OnSave",
      workspaceRate = 100
    },
    doc = {
      packageName = {},
      privateName = {},
      protectedName = {}
    },
    format = {
      defaultConfig = {},
      enable = true
    },
    hint = {
      arrayIndex = "Auto",
      await = true,
      enable = false,
      paramName = "All",
      paramType = true,
      semicolon = "SameLine",
      setType = false
    },
    hover = {
      enable = true,
      enumsLimit = 5,
      expandAlias = true,
      previewFields = 50,
      viewNumber = true,
      viewString = true,
      viewStringMax = 1000
    },
    misc = {
      executablePath = "",
      parameters = {}
    },
    runtime = {
      fileEncoding = "utf8",
      meta = "${version} ${language} ${encoding}",
      nonstandardSymbol = {},
      path = { "?.lua", "?/init.lua" },
      pathStrict = false,
      plugin = "",
      pluginArgs = {},
      special = {},
      unicodeName = false,
      version = "Lua 5.4"
    },
    semantic = {
      annotation = true,
      enable = true,
      keyword = false,
      variable = true
    },
    signatureHelp = {
      enable = true
    },
    spell = {
      dict = {}
    },
    type = {
      castNumberToInteger = true,
      weakNilCheck = false,
      weakUnionCheck = false
    },
    window = {
      progressBar = true,
      statusBar = true
    },
    workspace = {
      checkThirdParty = true,
      ignoreDir = { ".vscode" },
      ignoreSubmodules = true,
      library = {},
      maxPreload = 5000,
      preloadFileSize = 500,
      useGitIgnore = true,
      userThirdParty = {}
    }
  }
}
[09:32:23.758][info] [#0:script/library.lua:212]: Init builtin library at:	file:///media/KING_128/.config/nvim
[09:32:23.837][info] [#0:script/plugin.lua:86]: plugin path:	/media/KING_128/.config/nvim
[09:32:23.837][warn] [#0:script/plugin.lua:101]: plugin not found:	/media/KING_128/.config/nvim
[09:32:23.837][info] [#0:script/library.lua:212]: Init builtin library at:	nil
[09:32:23.948][info] [#0:script/workspace/workspace.lua:324]: Preload start:	file:///media/KING_128/.config/nvim
[09:32:23.952][info] [#0:script/workspace/workspace.lua:330]: Scan files at:	file:///media/KING_128/.config/nvim
[09:32:23.954][info] [#0:script/workspace/workspace.lua:324]: Preload start:	<fallback>
[09:32:23.958][info] [#0:script/workspace/workspace.lua:353]: Scan library at:	file:///home/nisidabay/.config/coc/extensions/coc-lua-data/lua-language-server/meta/Lua%205.4%20en-us%20utf8/table.lua
[09:32:23.959][info] [#0:script/workspace/workspace.lua:353]: Scan library at:	file:///home/nisidabay/.config/coc/extensions/coc-lua-data/lua-language-server/meta/Lua%205.4%20en-us%20utf8/utf8.lua
[09:32:23.959][info] [#0:script/workspace/workspace.lua:353]: Scan library at:	file:///home/nisidabay/.config/coc/extensions/coc-lua-data/lua-language-server/meta/Lua%205.4%20en-us%20utf8/builtin.lua
[09:32:23.959][info] [#0:script/workspace/workspace.lua:353]: Scan library at:	file:///home/nisidabay/.config/coc/extensions/coc-lua-data/lua-language-server/meta/Lua%205.4%20en-us%20utf8/os.lua
[09:32:23.960][info] [#0:script/workspace/workspace.lua:353]: Scan library at:	file:///home/nisidabay/.config/coc/extensions/coc-lua-data/lua-language-server/meta/Lua%205.4%20en-us%20utf8/basic.lua
[09:32:23.960][info] [#0:script/workspace/workspace.lua:353]: Scan library at:	file:///home/nisidabay/.config/coc/extensions/coc-lua-data/lua-language-server/meta/Lua%205.4%20en-us%20utf8/package.lua
[09:32:23.960][info] [#0:script/workspace/workspace.lua:353]: Scan library at:	file:///home/nisidabay/.config/coc/extensions/coc-lua-data/lua-language-server/meta/Lua%205.4%20en-us%20utf8/coroutine.lua
[09:32:23.960][info] [#0:script/workspace/workspace.lua:353]: Scan library at:	file:///home/nisidabay/.config/coc/extensions/coc-lua-data/lua-language-server/meta/Lua%205.4%20en-us%20utf8/math.lua
[09:32:23.961][info] [#0:script/workspace/workspace.lua:353]: Scan library at:	file:///home/nisidabay/.config/coc/extensions/coc-lua-data/lua-language-server/meta/Lua%205.4%20en-us%20utf8/string.lua
[09:32:23.961][info] [#0:script/workspace/workspace.lua:353]: Scan library at:	file:///home/nisidabay/.config/coc/extensions/coc-lua-data/lua-language-server/meta/Lua%205.4%20en-us%20utf8/debug.lua
[09:32:23.962][info] [#0:script/workspace/workspace.lua:353]: Scan library at:	file:///home/nisidabay/.config/coc/extensions/coc-lua-data/lua-language-server/meta/Lua%205.4%20en-us%20utf8/io.lua
[09:32:23.969][info] [#0:script/workspace/workspace.lua:353]: Scan library at:	file:///home/nisidabay/.config/coc/extensions/coc-lua-data/lua-language-server/meta/Lua%205.4%20en-us%20utf8/table.lua
[09:32:23.969][info] [#0:script/workspace/workspace.lua:353]: Scan library at:	file:///home/nisidabay/.config/coc/extensions/coc-lua-data/lua-language-server/meta/Lua%205.4%20en-us%20utf8/utf8.lua
[09:32:23.970][info] [#0:script/workspace/workspace.lua:353]: Scan library at:	file:///home/nisidabay/.config/coc/extensions/coc-lua-data/lua-language-server/meta/Lua%205.4%20en-us%20utf8/builtin.lua
[09:32:23.970][info] [#0:script/workspace/workspace.lua:353]: Scan library at:	file:///home/nisidabay/.config/coc/extensions/coc-lua-data/lua-language-server/meta/Lua%205.4%20en-us%20utf8/os.lua
[09:32:23.970][info] [#0:script/workspace/workspace.lua:353]: Scan library at:	file:///home/nisidabay/.config/coc/extensions/coc-lua-data/lua-language-server/meta/Lua%205.4%20en-us%20utf8/basic.lua
[09:32:23.970][info] [#0:script/workspace/workspace.lua:353]: Scan library at:	file:///home/nisidabay/.config/coc/extensions/coc-lua-data/lua-language-server/meta/Lua%205.4%20en-us%20utf8/package.lua
[09:32:23.970][info] [#0:script/workspace/workspace.lua:353]: Scan library at:	file:///home/nisidabay/.config/coc/extensions/coc-lua-data/lua-language-server/meta/Lua%205.4%20en-us%20utf8/coroutine.lua
[09:32:23.970][info] [#0:script/workspace/workspace.lua:353]: Scan library at:	file:///home/nisidabay/.config/coc/extensions/coc-lua-data/lua-language-server/meta/Lua%205.4%20en-us%20utf8/math.lua
[09:32:23.971][info] [#0:script/workspace/workspace.lua:353]: Scan library at:	file:///home/nisidabay/.config/coc/extensions/coc-lua-data/lua-language-server/meta/Lua%205.4%20en-us%20utf8/string.lua
[09:32:23.971][info] [#0:script/workspace/workspace.lua:353]: Scan library at:	file:///home/nisidabay/.config/coc/extensions/coc-lua-data/lua-language-server/meta/Lua%205.4%20en-us%20utf8/debug.lua
[09:32:23.971][info] [#0:script/workspace/workspace.lua:353]: Scan library at:	file:///home/nisidabay/.config/coc/extensions/coc-lua-data/lua-language-server/meta/Lua%205.4%20en-us%20utf8/io.lua
[09:32:24.071][info] [#0:script/workspace/workspace.lua:379]: Found 11 files at:	<fallback>
[09:32:24.071][info] [#0:script/workspace/loading.lua:161]: Load files from disk:	<fallback>
[09:32:24.071][info] [#0:script/workspace/workspace.lua:379]: Found 67 files at:	file:///media/KING_128/.config/nvim
[09:32:24.071][info] [#0:script/workspace/loading.lua:161]: Load files from disk:	file:///media/KING_128/.config/nvim
[09:32:24.073][info] [#0:script/workspace/loading.lua:101]: Preload file at: file:///home/nisidabay/.config/coc/extensions/coc-lua-data/lua-language-server/meta/Lua%205.4%20en-us%20utf8/io.lua , size = 6.364 KB
[09:32:24.083][info] [#0:script/workspace/loading.lua:113]: ++++As library of:	file:///home/nisidabay/.config/coc/extensions/coc-lua-data/lua-language-server/meta/Lua%205.4%20en-us%20utf8/io.lua
[09:32:24.083][info] [#0:script/workspace/loading.lua:101]: Preload file at: file:///home/nisidabay/.config/coc/extensions/coc-lua-data/lua-language-server/meta/Lua%205.4%20en-us%20utf8/debug.lua , size = 7.637 KB
[09:32:24.097][info] [#0:script/workspace/loading.lua:113]: ++++As library of:	file:///home/nisidabay/.config/coc/extensions/coc-lua-data/lua-language-server/meta/Lua%205.4%20en-us%20utf8/debug.lua
[09:32:24.097][info] [#0:script/workspace/loading.lua:98]: Skip loaded file: file:///home/nisidabay/.config/coc/extensions/coc-lua-data/lua-language-server/meta/Lua%205.4%20en-us%20utf8/debug.lua
[09:32:24.097][info] [#0:script/workspace/loading.lua:101]: Preload file at: file:///home/nisidabay/.config/coc/extensions/coc-lua-data/lua-language-server/meta/Lua%205.4%20en-us%20utf8/string.lua , size = 6.341 KB
[09:32:24.107][info] [#0:script/workspace/loading.lua:113]: ++++As library of:	file:///home/nisidabay/.config/coc/extensions/coc-lua-data/lua-language-server/meta/Lua%205.4%20en-us%20utf8/string.lua
[09:32:24.107][info] [#0:script/workspace/loading.lua:98]: Skip loaded file: file:///home/nisidabay/.config/coc/extensions/coc-lua-data/lua-language-server/meta/Lua%205.4%20en-us%20utf8/string.lua
[09:32:24.107][info] [#0:script/workspace/loading.lua:101]: Preload file at: file:///home/nisidabay/.config/coc/extensions/coc-lua-data/lua-language-server/meta/Lua%205.4%20en-us%20utf8/math.lua , size = 8.509 KB
[09:32:24.121][info] [#0:script/workspace/loading.lua:113]: ++++As library of:	file:///home/nisidabay/.config/coc/extensions/coc-lua-data/lua-language-server/meta/Lua%205.4%20en-us%20utf8/math.lua
[09:32:24.121][info] [#0:script/workspace/loading.lua:98]: Skip loaded file: file:///home/nisidabay/.config/coc/extensions/coc-lua-data/lua-language-server/meta/Lua%205.4%20en-us%20utf8/math.lua
[09:32:24.121][info] [#0:script/workspace/loading.lua:101]: Preload file at: file:///home/nisidabay/.config/coc/extensions/coc-lua-data/lua-language-server/meta/Lua%205.4%20en-us%20utf8/coroutine.lua , size = 2.590 KB
[09:32:24.125][info] [#0:script/workspace/loading.lua:113]: ++++As library of:	file:///home/nisidabay/.config/coc/extensions/coc-lua-data/lua-language-server/meta/Lua%205.4%20en-us%20utf8/coroutine.lua
[09:32:24.125][info] [#0:script/workspace/loading.lua:98]: Skip loaded file: file:///home/nisidabay/.config/coc/extensions/coc-lua-data/lua-language-server/meta/Lua%205.4%20en-us%20utf8/coroutine.lua
[09:32:24.125][info] [#0:script/workspace/loading.lua:101]: Preload file at: file:///home/nisidabay/.config/coc/extensions/coc-lua-data/lua-language-server/meta/Lua%205.4%20en-us%20utf8/package.lua , size = 2.944 KB
[09:32:24.128][info] [#0:script/workspace/loading.lua:113]: ++++As library of:	file:///home/nisidabay/.config/coc/extensions/coc-lua-data/lua-language-server/meta/Lua%205.4%20en-us%20utf8/package.lua
[09:32:24.128][info] [#0:script/workspace/loading.lua:98]: Skip loaded file: file:///home/nisidabay/.config/coc/extensions/coc-lua-data/lua-language-server/meta/Lua%205.4%20en-us%20utf8/package.lua
[09:32:24.128][info] [#0:script/workspace/loading.lua:101]: Preload file at: file:///home/nisidabay/.config/coc/extensions/coc-lua-data/lua-language-server/meta/Lua%205.4%20en-us%20utf8/basic.lua , size = 15.336 KB
[09:32:24.141][info] [#0:script/workspace/loading.lua:113]: ++++As library of:	file:///home/nisidabay/.config/coc/extensions/coc-lua-data/lua-language-server/meta/Lua%205.4%20en-us%20utf8/basic.lua
[09:32:24.142][info] [#0:script/workspace/loading.lua:98]: Skip loaded file: file:///home/nisidabay/.config/coc/extensions/coc-lua-data/lua-language-server/meta/Lua%205.4%20en-us%20utf8/io.lua
[09:32:24.142][info] [#0:script/workspace/loading.lua:98]: Skip loaded file: file:///home/nisidabay/.config/coc/extensions/coc-lua-data/lua-language-server/meta/Lua%205.4%20en-us%20utf8/basic.lua
[09:32:24.142][info] [#0:script/workspace/loading.lua:101]: Preload file at: file:///home/nisidabay/.config/coc/extensions/coc-lua-data/lua-language-server/meta/Lua%205.4%20en-us%20utf8/os.lua , size = 5.600 KB
[09:32:24.150][info] [#0:script/workspace/loading.lua:113]: ++++As library of:	file:///home/nisidabay/.config/coc/extensions/coc-lua-data/lua-language-server/meta/Lua%205.4%20en-us%20utf8/os.lua
[09:32:24.150][info] [#0:script/workspace/loading.lua:98]: Skip loaded file: file:///home/nisidabay/.config/coc/extensions/coc-lua-data/lua-language-server/meta/Lua%205.4%20en-us%20utf8/os.lua
[09:32:24.150][info] [#0:script/workspace/loading.lua:101]: Preload file at: file:///home/nisidabay/.config/coc/extensions/coc-lua-data/lua-language-server/meta/Lua%205.4%20en-us%20utf8/builtin.lua , size = 0.302 KB
[09:32:24.151][info] [#0:script/workspace/loading.lua:113]: ++++As library of:	file:///home/nisidabay/.config/coc/extensions/coc-lua-data/lua-language-server/meta/Lua%205.4%20en-us%20utf8/builtin.lua
[09:32:24.151][info] [#0:script/workspace/loading.lua:98]: Skip loaded file: file:///home/nisidabay/.config/coc/extensions/coc-lua-data/lua-language-server/meta/Lua%205.4%20en-us%20utf8/builtin.lua
[09:32:24.151][info] [#0:script/workspace/loading.lua:101]: Preload file at: file:///home/nisidabay/.config/coc/extensions/coc-lua-data/lua-language-server/meta/Lua%205.4%20en-us%20utf8/utf8.lua , size = 2.386 KB
[09:32:24.153][info] [#0:script/workspace/loading.lua:113]: ++++As library of:	file:///home/nisidabay/.config/coc/extensions/coc-lua-data/lua-language-server/meta/Lua%205.4%20en-us%20utf8/utf8.lua
[09:32:24.153][info] [#0:script/workspace/loading.lua:98]: Skip loaded file: file:///home/nisidabay/.config/coc/extensions/coc-lua-data/lua-language-server/meta/Lua%205.4%20en-us%20utf8/utf8.lua
[09:32:24.153][info] [#0:script/workspace/loading.lua:101]: Preload file at: file:///home/nisidabay/.config/coc/extensions/coc-lua-data/lua-language-server/meta/Lua%205.4%20en-us%20utf8/table.lua , size = 4.230 KB
[09:32:24.156][info] [#0:script/workspace/loading.lua:113]: ++++As library of:	file:///home/nisidabay/.config/coc/extensions/coc-lua-data/lua-language-server/meta/Lua%205.4%20en-us%20utf8/table.lua
[09:32:24.156][info] [#0:script/workspace/loading.lua:89]: Skip loaded file: file:///home/nisidabay/.config/coc/extensions/coc-lua-data/lua-language-server/meta/Lua%205.4%20en-us%20utf8/table.lua
[09:32:24.156][info] [#0:script/workspace/loading.lua:113]: ++++As library of:	file:///home/nisidabay/.config/coc/extensions/coc-lua-data/lua-language-server/meta/Lua%205.4%20en-us%20utf8/table.lua
[09:32:24.156][info] [#0:script/workspace/loading.lua:173]: Loaded files takes [0.089] sec: <fallback>
[09:32:24.156][info] [#0:script/workspace/loading.lua:182]: Compile files takes [0.000] sec: <fallback>
[09:32:24.156][info] [#0:script/workspace/loading.lua:183]: Loaded finish:	<fallback>
[09:32:24.156][info] [#0:script/workspace/workspace.lua:381]: Preload finish at:	<fallback>
[09:32:24.186][info] [#0:script/workspace/loading.lua:89]: Skip loaded file: file:///media/KING_128/.config/nvim/init.lua
[09:32:24.186][info] [#0:script/workspace/loading.lua:101]: Preload file at: file:///media/KING_128/.config/nvim/lua/config/autocmds.lua , size = 0.208 KB
[09:32:24.186][info] [#0:script/workspace/loading.lua:101]: Preload file at: file:///media/KING_128/.config/nvim/lua/config/modules/snippets.lua , size = 7.135 KB
[09:32:24.192][info] [#0:script/workspace/loading.lua:101]: Preload file at: file:///media/KING_128/.config/nvim/lua/config/keymaps.lua , size = 10.362 KB
[09:32:24.198][warn] [#0:script/proto/proto.lua:138]: Response of [workspace/diagnostic/refresh] error [-32601]: Unhandled method workspace/diagnostic/refresh
[09:32:24.198][info] [#0:script/workspace/loading.lua:101]: Preload file at: file:///media/KING_128/.config/nvim/lua/config/options.lua , size = 1.810 KB
[09:32:24.200][info] [#0:script/workspace/loading.lua:101]: Preload file at: file:///media/KING_128/.config/nvim/lua/config/lazy.lua , size = 1.715 KB
[09:32:24.201][info] [#0:script/workspace/loading.lua:101]: Preload file at: file:///media/KING_128/.config/nvim/lua/lsp/lspconfig.lua , size = 4.538 KB
[09:32:24.208][info] [#0:script/workspace/loading.lua:101]: Preload file at: file:///media/KING_128/.config/nvim/lua/lsp/mason.lua , size = 1.434 KB
[09:32:24.209][info] [#0:script/workspace/loading.lua:101]: Preload file at: file:///media/KING_128/.config/nvim/lua/lsp/none-ls.lua , size = 2.484 KB
[09:32:24.210][info] [#0:script/workspace/loading.lua:101]: Preload file at: file:///media/KING_128/.config/nvim/lua/plugins/tmux.lua , size = 0.535 KB
[09:32:24.211][info] [#0:script/workspace/loading.lua:101]: Preload file at: file:///media/KING_128/.config/nvim/lua/plugins/harpoon.lua , size = 1.104 KB
[09:32:24.212][info] [#0:script/workspace/loading.lua:101]: Preload file at: file:///media/KING_128/.config/nvim/lua/plugins/which-key.lua , size = 0.285 KB
[09:32:24.212][info] [#0:script/workspace/loading.lua:101]: Preload file at: file:///media/KING_128/.config/nvim/lua/plugins/formatting.lua , size = 0.798 KB
[09:32:24.213][info] [#0:script/workspace/loading.lua:101]: Preload file at: file:///media/KING_128/.config/nvim/lua/plugins/notify.lua , size = 0.197 KB
[09:32:24.213][info] [#0:script/workspace/loading.lua:101]: Preload file at: file:///media/KING_128/.config/nvim/lua/plugins/colorizer.lua , size = 0.099 KB
[09:32:24.213][info] [#0:script/workspace/loading.lua:101]: Preload file at: file:///media/KING_128/.config/nvim/lua/plugins/dasht-vim.lua , size = 0.557 KB
[09:32:24.214][info] [#0:script/workspace/loading.lua:101]: Preload file at: file:///media/KING_128/.config/nvim/lua/plugins/lualine.lua , size = 2.066 KB
[09:32:24.215][info] [#0:script/workspace/loading.lua:101]: Preload file at: file:///media/KING_128/.config/nvim/lua/plugins/completions.lua , size = 1.105 KB
[09:32:24.216][info] [#0:script/workspace/loading.lua:101]: Preload file at: file:///media/KING_128/.config/nvim/lua/plugins/dressing.lua , size = 0.060 KB
[09:32:24.216][info] [#0:script/workspace/loading.lua:101]: Preload file at: file:///media/KING_128/.config/nvim/lua/plugins/Fterm.lua , size = 0.537 KB
[09:32:24.217][info] [#0:script/workspace/loading.lua:101]: Preload file at: file:///media/KING_128/.config/nvim/lua/plugins/alpha-nvim.lua , size = 4.262 KB
[09:32:24.218][info] [#0:script/workspace/loading.lua:101]: Preload file at: file:///media/KING_128/.config/nvim/lua/plugins/undotree.lua , size = 0.117 KB
[09:32:24.218][info] [#0:script/workspace/loading.lua:101]: Preload file at: file:///media/KING_128/.config/nvim/lua/plugins/fugitive.lua , size = 0.708 KB
[09:32:24.218][info] [#0:script/workspace/loading.lua:101]: Preload file at: file:///media/KING_128/.config/nvim/lua/plugins/go.lua , size = 0.629 KB
[09:32:24.219][info] [#0:script/workspace/loading.lua:101]: Preload file at: file:///media/KING_128/.config/nvim/lua/plugins/vim-tagbar.lua , size = 0.112 KB
[09:32:24.220][info] [#0:script/workspace/loading.lua:101]: Preload file at: file:///media/KING_128/.config/nvim/lua/plugins/vimwiki.lua , size = 0.992 KB
[09:32:24.221][info] [#0:script/workspace/loading.lua:101]: Preload file at: file:///media/KING_128/.config/nvim/lua/plugins/trouble.lua , size = 0.202 KB
[09:32:24.221][info] [#0:script/workspace/loading.lua:101]: Preload file at: file:///media/KING_128/.config/nvim/lua/plugins/nvim-tree.lua , size = 1.845 KB
[09:32:24.222][info] [#0:script/workspace/loading.lua:101]: Preload file at: file:///media/KING_128/.config/nvim/lua/plugins/telescope.lua , size = 4.063 KB
[09:32:24.224][info] [#0:script/workspace/loading.lua:101]: Preload file at: file:///media/KING_128/.config/nvim/lua/plugins/colorsheme.lua , size = 0.075 KB
[09:32:24.224][info] [#0:script/workspace/loading.lua:101]: Preload file at: file:///media/KING_128/.config/nvim/lua/plugins/comment.lua , size = 0.500 KB
[09:32:24.225][info] [#0:script/workspace/loading.lua:101]: Preload file at: file:///media/KING_128/.config/nvim/lua/plugins/nvim-autopairs.lua , size = 0.896 KB
[09:32:24.226][info] [#0:script/workspace/loading.lua:101]: Preload file at: file:///media/KING_128/.config/nvim/lua/plugins/nvim-surround.lua , size = 0.183 KB
[09:32:24.226][info] [#0:script/workspace/loading.lua:101]: Preload file at: file:///media/KING_128/.config/nvim/lua/plugins/auto-session.lua , size = 0.645 KB
[09:32:24.226][info] [#0:script/workspace/loading.lua:101]: Preload file at: file:///media/KING_128/.config/nvim/lua/plugins/replace_register.lua , size = 0.107 KB
[09:32:24.227][info] [#0:script/workspace/loading.lua:101]: Preload file at: file:///media/KING_128/.config/nvim/lua/plugins/linting.lua , size = 0.816 KB
[09:32:24.228][info] [#0:script/workspace/loading.lua:101]: Preload file at: file:///media/KING_128/.config/nvim/lua/plugins/vim-signature.lua , size = 0.037 KB
[09:32:24.228][info] [#0:script/workspace/loading.lua:101]: Preload file at: file:///media/KING_128/.config/nvim/lua/plugins/bufferline.lua , size = 0.197 KB
[09:32:24.228][info] [#0:script/workspace/loading.lua:101]: Preload file at: file:///media/KING_128/.config/nvim/lua/plugins/rose-pine.lua , size = 2.070 KB
[09:32:24.230][info] [#0:script/workspace/loading.lua:101]: Preload file at: file:///media/KING_128/.config/nvim/lua/plugins/nvim-treesitter-text-objects.lua , size = 6.041 KB
[09:32:24.232][info] [#0:script/workspace/loading.lua:101]: Preload file at: file:///media/KING_128/.config/nvim/lua/plugins/vim-maximizer.lua , size = 0.133 KB
[09:32:24.233][info] [#0:script/workspace/loading.lua:101]: Preload file at: file:///media/KING_128/.config/nvim/lua/plugins/calendar-vim.lua , size = 0.197 KB
[09:32:24.233][info] [#0:script/workspace/loading.lua:101]: Preload file at: file:///media/KING_128/.config/nvim/lua/plugins/gitsigns.lua , size = 0.405 KB
[09:32:24.234][info] [#0:script/workspace/loading.lua:101]: Preload file at: file:///media/KING_128/.config/nvim/lua/plugins/todo.lua , size = 0.714 KB
[09:32:24.234][info] [#0:script/workspace/loading.lua:101]: Preload file at: file:///media/KING_128/.config/nvim/lua/plugins/tokyo.lua , size = 0.084 KB
[09:32:24.234][info] [#0:script/workspace/loading.lua:101]: Preload file at: file:///media/KING_128/.config/nvim/lua/plugins/nvim-web-devicons.lua , size = 0.274 KB
[09:32:24.235][info] [#0:script/workspace/loading.lua:101]: Preload file at: file:///media/KING_128/.config/nvim/lua/plugins/nvim-cmp.lua , size = 1.904 KB
[09:32:24.236][info] [#0:script/workspace/loading.lua:101]: Preload file at: file:///media/KING_128/.config/nvim/lua/plugins/gruvbox.lua , size = 0.078 KB
[09:32:24.236][info] [#0:script/workspace/loading.lua:101]: Preload file at: file:///media/KING_128/.config/nvim/lua/plugins/nvim-treesitter.lua , size = 1.784 KB
[09:32:24.237][info] [#0:script/workspace/loading.lua:101]: Preload file at: file:///media/KING_128/.config/nvim/lua/plugins/catppuccin.lua , size = 0.170 KB
[09:32:24.338][info] [#0:script/workspace/loading.lua:101]: Preload file at: file:///media/KING_128/.config/nvim/undodir/%25home%25nisidabay%25.config%25nvim%25lua%25config%25keymaps.lua , size = 15.603 KB
[09:32:24.351][info] [#0:script/workspace/loading.lua:101]: Preload file at: file:///media/KING_128/.config/nvim/undodir/%25home%25nisidabay%25.config%25nvim%25lua%25plugins%25formatting.lua , size = 18.261 KB
[09:32:24.355][info] [#0:script/workspace/loading.lua:101]: Preload file at: file:///media/KING_128/.config/nvim/undodir/%25home%25nisidabay%25.config%25nvim%25lua%25config%25modules%25snippets.lua , size = 1.548 KB
[09:32:24.356][info] [#0:script/workspace/loading.lua:101]: Preload file at: file:///media/KING_128/.config/nvim/undodir/%25home%25nisidabay%25.config%25nvim%25lua%25plugins%25colorsheme.lua , size = 10.204 KB
[09:32:24.358][info] [#0:script/workspace/loading.lua:101]: Preload file at: file:///media/KING_128/.config/nvim/undodir/%25home%25nisidabay%25.config%25nvim%25lua%25config%25lazy.lua , size = 2.734 KB
[09:32:24.359][info] [#0:script/workspace/loading.lua:101]: Preload file at: file:///media/KING_128/.config/nvim/undodir/%25home%25nisidabay%25.config%25nvim%25init.lua , size = 7.665 KB
[09:32:24.476][info] [#0:script/workspace/loading.lua:173]: Loaded files takes [0.188] sec: file:///media/KING_128/.config/nvim
[09:32:24.476][info] [#0:script/workspace/loading.lua:182]: Compile files takes [0.000] sec: file:///media/KING_128/.config/nvim
[09:32:24.476][info] [#0:script/workspace/loading.lua:183]: Loaded finish:	file:///media/KING_128/.config/nvim
[09:32:24.476][info] [#0:script/workspace/workspace.lua:381]: Preload finish at:	file:///media/KING_128/.config/nvim
[09:32:24.487][info] [#0:script/provider/diagnostic.lua:557]: Diagnostics scope [file:///media/KING_128/.config/nvim], files count:[67]
[09:32:24.487][warn] [#0:script/proto/proto.lua:138]: Response of [workspace/diagnostic/refresh] error [-32601]: Unhandled method workspace/diagnostic/refresh
[09:32:24.784][error][#0]: script/encoder/utf16.lua:66: invalid UTF-8 code
stack traceback:
	[C]: in upvalue '_utf8byte'
	script/encoder/utf16.lua:66: in upvalue 'utf8byte'
	script/encoder/utf16.lua:86: in for iterator 'for iterator'
	script/encoder/utf16.lua:140: in field 'fromutf8'
	script/encoder/init.lua:21: in function 'encoder.len'
	script/proto/converter.lua:35: in function <script/proto/converter.lua:25>
	(...tail calls...)
	script/proto/converter.lua:141: in function 'proto.converter.packRange'
	script/provider/diagnostic.lua:113: in upvalue 'buildDiagnostic'
	script/provider/diagnostic.lua:335: in upvalue 'response'
	script/core/diagnostics/init.lua:132: in upvalue 'callback'
	script/core/diagnostics/undefined-global.lua:32: in local 'callback'
	script/parser/guide.lua:735: in function 'parser.guide.eachSourceType'
	script/core/diagnostics/undefined-global.lua:24: in function 'core.diagnostics.undefined-global'
	script/core/diagnostics/init.lua:118: in upvalue 'check'
	script/core/diagnostics/init.lua:179: in function 'core.diagnostics'
	[C]: in function 'xpcall'
	script/provider/diagnostic.lua:334: in function 'provider.diagnostic.doDiagnostic'
	[C]: in function 'xpcall'
	script/provider/diagnostic.lua:595: in local 'callback'
	script/provider/diagnostic.lua:566: in function 'provider.diagnostic.awaitDiagnosticsScope'
	script/provider/diagnostic.lua:594: in function <script/provider/diagnostic.lua:592>
[09:32:24.786][error][#0]: script/encoder/utf16.lua:66: invalid UTF-8 code
stack traceback:
	[C]: in upvalue '_utf8byte'
	script/encoder/utf16.lua:66: in upvalue 'utf8byte'
	script/encoder/utf16.lua:86: in for iterator 'for iterator'
	script/encoder/utf16.lua:140: in field 'fromutf8'
	script/encoder/init.lua:21: in function 'encoder.len'
	script/proto/converter.lua:35: in function <script/proto/converter.lua:25>
	(...tail calls...)
	script/proto/converter.lua:141: in function 'proto.converter.packRange'
	script/provider/diagnostic.lua:113: in upvalue 'buildDiagnostic'
	script/provider/diagnostic.lua:335: in upvalue 'response'
	script/core/diagnostics/init.lua:132: in upvalue 'callback'
	script/core/diagnostics/undefined-global.lua:32: in local 'callback'
	script/parser/guide.lua:735: in function 'parser.guide.eachSourceType'
	script/core/diagnostics/undefined-global.lua:24: in function 'core.diagnostics.undefined-global'
	script/core/diagnostics/init.lua:118: in upvalue 'check'
	script/core/diagnostics/init.lua:179: in function 'core.diagnostics'
	[C]: in function 'xpcall'
	script/provider/diagnostic.lua:334: in function 'provider.diagnostic.doDiagnostic'
	[C]: in function 'xpcall'
	script/provider/diagnostic.lua:595: in local 'callback'
	script/provider/diagnostic.lua:566: in function 'provider.diagnostic.awaitDiagnosticsScope'
	script/provider/diagnostic.lua:594: in function <script/provider/diagnostic.lua:592>
[09:32:24.788][error][#0]: script/encoder/utf16.lua:66: invalid UTF-8 code
stack traceback:
	[C]: in upvalue '_utf8byte'
	script/encoder/utf16.lua:66: in upvalue 'utf8byte'
	script/encoder/utf16.lua:86: in for iterator 'for iterator'
	script/encoder/utf16.lua:140: in field 'fromutf8'
	script/encoder/init.lua:21: in function 'encoder.len'
	script/proto/converter.lua:35: in function <script/proto/converter.lua:25>
	(...tail calls...)
	script/proto/converter.lua:140: in function 'proto.converter.packRange'
	script/provider/diagnostic.lua:113: in upvalue 'buildDiagnostic'
	script/provider/diagnostic.lua:335: in upvalue 'response'
	script/core/diagnostics/init.lua:132: in upvalue 'callback'
	script/core/diagnostics/lowercase-global.lua:57: in local 'callback'
	script/parser/guide.lua:735: in function 'parser.guide.eachSourceType'
	script/core/diagnostics/lowercase-global.lua:29: in function 'core.diagnostics.lowercase-global'
	script/core/diagnostics/init.lua:118: in upvalue 'check'
	script/core/diagnostics/init.lua:179: in function 'core.diagnostics'
	[C]: in function 'xpcall'
	script/provider/diagnostic.lua:334: in function 'provider.diagnostic.doDiagnostic'
	[C]: in function 'xpcall'
	script/provider/diagnostic.lua:595: in local 'callback'
	script/provider/diagnostic.lua:566: in function 'provider.diagnostic.awaitDiagnosticsScope'
	script/provider/diagnostic.lua:594: in function <script/provider/diagnostic.lua:592>
[09:32:24.790][error][#0]: script/encoder/utf16.lua:66: invalid UTF-8 code
stack traceback:
	[C]: in upvalue '_utf8byte'
	script/encoder/utf16.lua:66: in upvalue 'utf8byte'
	script/encoder/utf16.lua:86: in for iterator 'for iterator'
	script/encoder/utf16.lua:140: in field 'fromutf8'
	script/encoder/init.lua:21: in function 'encoder.len'
	script/proto/converter.lua:35: in function <script/proto/converter.lua:25>
	(...tail calls...)
	script/proto/converter.lua:141: in function 'proto.converter.packRange'
	script/provider/diagnostic.lua:113: in upvalue 'buildDiagnostic'
	script/provider/diagnostic.lua:335: in upvalue 'response'
	script/core/diagnostics/init.lua:132: in upvalue 'callback'
	script/core/diagnostics/undefined-global.lua:32: in local 'callback'
	script/parser/guide.lua:735: in function 'parser.guide.eachSourceType'
	script/core/diagnostics/undefined-global.lua:24: in function 'core.diagnostics.undefined-global'
	script/core/diagnostics/init.lua:118: in upvalue 'check'
	script/core/diagnostics/init.lua:179: in function 'core.diagnostics'
	[C]: in function 'xpcall'
	script/provider/diagnostic.lua:334: in function 'provider.diagnostic.doDiagnostic'
	[C]: in function 'xpcall'
	script/provider/diagnostic.lua:595: in local 'callback'
	script/provider/diagnostic.lua:566: in function 'provider.diagnostic.awaitDiagnosticsScope'
	script/provider/diagnostic.lua:594: in function <script/provider/diagnostic.lua:592>
[09:32:24.792][error][#0]: script/encoder/utf16.lua:66: invalid UTF-8 code
stack traceback:
	[C]: in upvalue '_utf8byte'
	script/encoder/utf16.lua:66: in upvalue 'utf8byte'
	script/encoder/utf16.lua:86: in for iterator 'for iterator'
	script/encoder/utf16.lua:140: in field 'fromutf8'
	script/encoder/init.lua:21: in function 'encoder.len'
	script/proto/converter.lua:35: in function <script/proto/converter.lua:25>
	(...tail calls...)
	script/proto/converter.lua:140: in function 'proto.converter.packRange'
	script/provider/diagnostic.lua:113: in upvalue 'buildDiagnostic'
	script/provider/diagnostic.lua:335: in upvalue 'response'
	script/core/diagnostics/init.lua:132: in upvalue 'callback'
	script/core/diagnostics/lowercase-global.lua:57: in local 'callback'
	script/parser/guide.lua:735: in function 'parser.guide.eachSourceType'
	script/core/diagnostics/lowercase-global.lua:29: in function 'core.diagnostics.lowercase-global'
	script/core/diagnostics/init.lua:118: in upvalue 'check'
	script/core/diagnostics/init.lua:179: in function 'core.diagnostics'
	[C]: in function 'xpcall'
	script/provider/diagnostic.lua:334: in function 'provider.diagnostic.doDiagnostic'
	[C]: in function 'xpcall'
	script/provider/diagnostic.lua:595: in local 'callback'
	script/provider/diagnostic.lua:566: in function 'provider.diagnostic.awaitDiagnosticsScope'
	script/provider/diagnostic.lua:594: in function <script/provider/diagnostic.lua:592>
[09:32:24.794][error][#0]: script/encoder/utf16.lua:66: invalid UTF-8 code
stack traceback:
	[C]: in upvalue '_utf8byte'
	script/encoder/utf16.lua:66: in upvalue 'utf8byte'
	script/encoder/utf16.lua:86: in for iterator 'for iterator'
	script/encoder/utf16.lua:140: in field 'fromutf8'
	script/encoder/init.lua:21: in function 'encoder.len'
	script/proto/converter.lua:35: in function <script/proto/converter.lua:25>
	(...tail calls...)
	script/proto/converter.lua:140: in function 'proto.converter.packRange'
	script/provider/diagnostic.lua:113: in upvalue 'buildDiagnostic'
	script/provider/diagnostic.lua:335: in upvalue 'response'
	script/core/diagnostics/init.lua:132: in upvalue 'callback'
	script/core/diagnostics/lowercase-global.lua:57: in local 'callback'
	script/parser/guide.lua:735: in function 'parser.guide.eachSourceType'
	script/core/diagnostics/lowercase-global.lua:29: in function 'core.diagnostics.lowercase-global'
	script/core/diagnostics/init.lua:118: in upvalue 'check'
	script/core/diagnostics/init.lua:179: in function 'core.diagnostics'
	[C]: in function 'xpcall'
	script/provider/diagnostic.lua:334: in function 'provider.diagnostic.doDiagnostic'
	[C]: in function 'xpcall'
	script/provider/diagnostic.lua:595: in local 'callback'
	script/provider/diagnostic.lua:566: in function 'provider.diagnostic.awaitDiagnosticsScope'
	script/provider/diagnostic.lua:594: in function <script/provider/diagnostic.lua:592>
[09:32:24.795][info] [#0:script/provider/diagnostic.lua:574]: Diagnostics scope [file:///media/KING_128/.config/nvim] finished, takes [0.276] sec.
