[10:59:22.354][info] [#0:/home/nisidabay/dotfiles/config/.config/coc/extensions/coc-lua-data/lua-language-server/main.lua:66]: Lua Lsp startup, root: 	/home/nisidabay/dotfiles/config/.config/coc/extensions/coc-lua-data/lua-language-server
[10:59:22.354][info] [#0:/home/nisidabay/dotfiles/config/.config/coc/extensions/coc-lua-data/lua-language-server/main.lua:67]: ROOT:	/home/nisidabay/dotfiles/config/.config/coc/extensions/coc-lua-data/lua-language-server
[10:59:22.354][info] [#0:/home/nisidabay/dotfiles/config/.config/coc/extensions/coc-lua-data/lua-language-server/main.lua:68]: LOGPATH:	/home/nisidabay/dotfiles/config/.config/coc/extensions/coc-lua-data/lua-language-server/log
[10:59:22.354][info] [#0:/home/nisidabay/dotfiles/config/.config/coc/extensions/coc-lua-data/lua-language-server/main.lua:69]: METAPATH:	/home/nisidabay/dotfiles/config/.config/coc/extensions/coc-lua-data/lua-language-server/meta
[10:59:22.354][info] [#0:/home/nisidabay/dotfiles/config/.config/coc/extensions/coc-lua-data/lua-language-server/main.lua:70]: VERSION:	3.7.0
[10:59:22.383][info] [#0:script/service/service.lua:144]: 
========= Medical Examination Report =========
    --------------- Memory ---------------
        Total: 2.142 MB
        # 00 : 2.142 MB
        # 01 : 0.000 MB
        # 02 : 0.000 MB
        # 03 : 0.000 MB
        # 04 : 0.000 MB
    --------------- Coroutine ---------------
        Total:     0
        Running:   0
        Suspended: 0
        Normal:    0
        Dead:      0
    --------------- Cache ---------------
        Total: 1
        Dead:  0
    ---------------  RPC  ---------------
        Holdon:   0
        Waiting:  0
==============================================
[10:59:22.391][info] [#0:script/client.lua:657]: Client init	{
  capabilities = {
    general = {
      markdown = {
        parser = "marked",
        version = "4.0.10"
      },
      positionEncodings = { "utf-16" },
      regularExpressions = {
        engine = "ECMAScript",
        version = "ES2020"
      },
      staleRequestSupport = {
        cancel = true,
        retryOnContentModified = { "textDocument/inlayHint", "textDocument/semanticTokens/full", "textDocument/semanticTokens/range", "textDocument/semanticTokens/full/delta" }
      }
    },
    textDocument = {
      callHierarchy = {
        dynamicRegistration = true
      },
      codeAction = {
        codeActionLiteralSupport = {
          codeActionKind = {
            valueSet = { "", "quickfix", "refactor", "refactor.extract", "refactor.inline", "refactor.rewrite", "source", "source.organizeImports" }
          }
        },
        dataSupport = true,
        disabledSupport = true,
        dynamicRegistration = true,
        honorsChangeAnnotations = false,
        isPreferredSupport = true,
        resolveSupport = {
          properties = { "edit" }
        }
      },
      codeLens = {
        dynamicRegistration = true
      },
      colorProvider = {
        dynamicRegistration = true
      },
      completion = {
        completionItem = {
          commitCharactersSupport = true,
          deprecatedSupport = true,
          documentationFormat = { "markdown", "plaintext" },
          insertReplaceSupport = true,
          insertTextModeSupport = {
            valueSet = { 1, 2 }
          },
          labelDetailsSupport = true,
          preselectSupport = true,
          resolveSupport = {
            properties = { "documentation", "detail", "additionalTextEdits" }
          },
          snippetSupport = true,
          tagSupport = {
            valueSet = { 1 }
          }
        },
        completionItemKind = {
          valueSet = { 1, 2, 3, 4, 5, 6, 7, 8, 9, 10, 11, 12, 13, 14, 15, 16, 17, 18, 19, 20, 21, 22, 23, 24, 25 }
        },
        completionList = {
          itemDefaults = { "commitCharacters", "editRange", "insertTextFormat", "insertTextMode" }
        },
        contextSupport = true,
        dynamicRegistration = true,
        insertTextMode = 2
      },
      declaration = {
        dynamicRegistration = true,
        linkSupport = true
      },
      definition = {
        dynamicRegistration = true,
        linkSupport = true
      },
      diagnostic = {
        dynamicRegistration = true,
        relatedDocumentSupport = true
      },
      documentHighlight = {
        dynamicRegistration = true
      },
      documentLink = {
        dynamicRegistration = true,
        tooltipSupport = true
      },
      documentSymbol = {
        dynamicRegistration = true,
        hierarchicalDocumentSymbolSupport = true,
        labelSupport = true,
        symbolKind = {
          valueSet = { 1, 2, 3, 4, 5, 6, 7, 8, 9, 10, 11, 12, 13, 14, 15, 16, 17, 18, 19, 20, 21, 22, 23, 24, 25, 26 }
        },
        tagSupport = {
          valueSet = { 1 }
        }
      },
      foldingRange = {
        dynamicRegistration = true,
        foldingRange = {
          collapsedText = false
        },
        foldingRangeKind = {
          valueSet = { "comment", "imports", "region" }
        },
        lineFoldingOnly = true,
        rangeLimit = 5000
      },
      formatting = {
        dynamicRegistration = true
      },
      hover = {
        contentFormat = { "markdown", "plaintext" },
        dynamicRegistration = true
      },
      implementation = {
        dynamicRegistration = true,
        linkSupport = true
      },
      inlayHint = {
        dynamicRegistration = true,
        resolveSupport = {
          properties = { "tooltip", "textEdits", "label.tooltip", "label.location", "label.command" }
        }
      },
      inlineValue = {
        dynamicRegistration = true
      },
      linkedEditingRange = {
        dynamicRegistration = true
      },
      onTypeFormatting = {
        dynamicRegistration = true
      },
      publishDiagnostics = {
        codeDescriptionSupport = true,
        dataSupport = true,
        relatedInformation = true,
        tagSupport = {
          valueSet = { 1, 2 }
        },
        versionSupport = true
      },
      rangeFormatting = {
        dynamicRegistration = true
      },
      references = {
        dynamicRegistration = true
      },
      rename = {
        dynamicRegistration = true,
        honorsChangeAnnotations = true,
        prepareSupport = true,
        prepareSupportDefaultBehavior = 1
      },
      selectionRange = {
        dynamicRegistration = true
      },
      semanticTokens = {
        augmentsSyntaxTokens = true,
        dynamicRegistration = true,
        formats = { "relative" },
        multilineTokenSupport = false,
        overlappingTokenSupport = false,
        requests = {
          full = {
            delta = true
          },
          range = true
        },
        serverCancelSupport = true,
        tokenModifiers = { "declaration", "definition", "readonly", "static", "deprecated", "abstract", "async", "modification", "documentation", "defaultLibrary" },
        tokenTypes = { "namespace", "type", "class", "enum", "interface", "struct", "typeParameter", "parameter", "variable", "property", "enumMember", "event", "function", "method", "macro", "keyword", "modifier", "comment", "string", "number", "regexp", "decorator", "operator" }
      },
      signatureHelp = {
        contextSupport = true,
        dynamicRegistration = true,
        signatureInformation = {
          activeParameterSupport = true,
          documentationFormat = { "markdown", "plaintext" },
          parameterInformation = {
            labelOffsetSupport = true
          }
        }
      },
      synchronization = {
        didSave = true,
        dynamicRegistration = true,
        willSave = true,
        willSaveWaitUntil = true
      },
      typeDefinition = {
        dynamicRegistration = true,
        linkSupport = true
      },
      typeHierarchy = {
        dynamicRegistration = true
      }
    },
    window = {
      showDocument = {
        support = true
      },
      showMessage = {
        messageActionItem = {
          additionalPropertiesSupport = true
        }
      },
      workDoneProgress = true
    },
    workspace = {
      applyEdit = true,
      codeLens = {
        refreshSupport = true
      },
      configuration = true,
      diagnostics = {
        refreshSupport = true
      },
      didChangeConfiguration = {
        dynamicRegistration = true
      },
      didChangeWatchedFiles = {
        dynamicRegistration = true,
        relativePatternSupport = true
      },
      executeCommand = {
        dynamicRegistration = true
      },
      fileOperations = {
        didCreate = true,
        didDelete = true,
        didRename = true,
        dynamicRegistration = true,
        willCreate = true,
        willDelete = true,
        willRename = true
      },
      inlayHint = {
        refreshSupport = true
      },
      inlineValue = {
        refreshSupport = true
      },
      semanticTokens = {
        refreshSupport = true
      },
      symbol = {
        dynamicRegistration = true,
        resolveSupport = {
          properties = { "location.range" }
        },
        symbolKind = {
          valueSet = { 1, 2, 3, 4, 5, 6, 7, 8, 9, 10, 11, 12, 13, 14, 15, 16, 17, 18, 19, 20, 21, 22, 23, 24, 25, 26 }
        },
        tagSupport = {
          valueSet = { 1 }
        }
      },
      workspaceEdit = {
        changeAnnotationSupport = {
          groupsOnLabel = false
        },
        documentChanges = true,
        failureHandling = "undo",
        normalizesLineEndings = true,
        resourceOperations = { "create", "rename", "delete" }
      },
      workspaceFolders = true
    }
  },
  clientInfo = {
    name = "coc.nvim",
    version = "0.0.82"
  },
  initializationOptions = {
    changeConfiguration = true
  },
  locale = "es_ES",
  processId = 2499272,
  rootPath = "/media/PLATA/LUA/Lua-Quick-Start-Guide",
  rootUri = "file:///media/PLATA/LUA/Lua-Quick-Start-Guide",
  trace = "off",
  workDoneToken = "ea1f5589-c51f-41b0-b77a-ebdb4e80623e",
  workspaceFolders = { {
      name = "Lua-Quick-Start-Guide",
      uri = "file:///media/PLATA/LUA/Lua-Quick-Start-Guide"
    } }
}
[10:59:22.392][info] [#0:script/language.lua:137]: VSC language: es_ES
[10:59:22.392][info] [#0:script/language.lua:138]: LS  language: en-us
[10:59:22.392][info] [#0:script/workspace/workspace.lua:38]: Workspace init root: 	file:///media/PLATA/LUA/Lua-Quick-Start-Guide
[10:59:22.392][info] [#0:script/workspace/workspace.lua:42]: Log path: 	/home/nisidabay/dotfiles/config/.config/coc/extensions/coc-lua-data/lua-language-server/log/file_media_PLATA_LUA_Lua-Quick-Start-Guide.log
[10:59:22.392][info] [#0:script/workspace/workspace.lua:48]: Workspace create: 	file:///media/PLATA/LUA/Lua-Quick-Start-Guide
[10:59:22.594][info] [#0:script/provider/provider.lua:46]: Load config from client	file:///media/PLATA/LUA/Lua-Quick-Start-Guide
[10:59:22.595][info] [#0:script/provider/provider.lua:47]: {
  Lua = {
    addonManager = {
      enable = true
    },
    codeLens = {
      enable = false
    },
    completion = {
      autoRequire = true,
      callSnippet = "Disable",
      displayContext = 0,
      enable = true,
      keywordSnippet = "Replace",
      postfix = "@",
      requireSeparator = ".",
      showParams = true,
      showWord = "Fallback",
      workspaceWord = true
    },
    diagnostics = {
      disable = {},
      disableScheme = { "git" },
      enable = true,
      globals = {},
      ignoredFiles = "Opened",
      libraryFiles = "Opened",
      unusedLocalExclude = {},
      workspaceDelay = 3000,
      workspaceEvent = "OnSave",
      workspaceRate = 100
    },
    doc = {
      packageName = {},
      privateName = {},
      protectedName = {}
    },
    format = {
      defaultConfig = {},
      enable = true
    },
    hint = {
      arrayIndex = "Auto",
      await = true,
      enable = false,
      paramName = "All",
      paramType = true,
      semicolon = "SameLine",
      setType = false
    },
    hover = {
      enable = true,
      enumsLimit = 5,
      expandAlias = true,
      previewFields = 50,
      viewNumber = true,
      viewString = true,
      viewStringMax = 1000
    },
    misc = {
      executablePath = "",
      parameters = {}
    },
    runtime = {
      fileEncoding = "utf8",
      meta = "${version} ${language} ${encoding}",
      nonstandardSymbol = {},
      path = { "?.lua", "?/init.lua" },
      pathStrict = false,
      plugin = "",
      pluginArgs = {},
      special = {},
      unicodeName = false,
      version = "Lua 5.4"
    },
    semantic = {
      annotation = true,
      enable = true,
      keyword = false,
      variable = true
    },
    signatureHelp = {
      enable = true
    },
    spell = {
      dict = {}
    },
    type = {
      castNumberToInteger = true,
      weakNilCheck = false,
      weakUnionCheck = false
    },
    window = {
      progressBar = true,
      statusBar = true
    },
    workspace = {
      checkThirdParty = true,
      ignoreDir = { ".vscode" },
      ignoreSubmodules = true,
      library = {},
      maxPreload = 5000,
      preloadFileSize = 500,
      useGitIgnore = true,
      userThirdParty = {}
    }
  }
}
[10:59:22.695][info] [#0:script/provider/completion.lua:43]: Enable completion.
[10:59:22.696][info] [#0:script/provider/provider.lua:61]: Load config from client	fallback
[10:59:22.696][info] [#0:script/provider/provider.lua:62]: {
  Lua = {
    addonManager = {
      enable = true
    },
    codeLens = {
      enable = false
    },
    completion = {
      autoRequire = true,
      callSnippet = "Disable",
      displayContext = 0,
      enable = true,
      keywordSnippet = "Replace",
      postfix = "@",
      requireSeparator = ".",
      showParams = true,
      showWord = "Fallback",
      workspaceWord = true
    },
    diagnostics = {
      disable = {},
      disableScheme = { "git" },
      enable = true,
      globals = {},
      ignoredFiles = "Opened",
      libraryFiles = "Opened",
      unusedLocalExclude = {},
      workspaceDelay = 3000,
      workspaceEvent = "OnSave",
      workspaceRate = 100
    },
    doc = {
      packageName = {},
      privateName = {},
      protectedName = {}
    },
    format = {
      defaultConfig = {},
      enable = true
    },
    hint = {
      arrayIndex = "Auto",
      await = true,
      enable = false,
      paramName = "All",
      paramType = true,
      semicolon = "SameLine",
      setType = false
    },
    hover = {
      enable = true,
      enumsLimit = 5,
      expandAlias = true,
      previewFields = 50,
      viewNumber = true,
      viewString = true,
      viewStringMax = 1000
    },
    misc = {
      executablePath = "",
      parameters = {}
    },
    runtime = {
      fileEncoding = "utf8",
      meta = "${version} ${language} ${encoding}",
      nonstandardSymbol = {},
      path = { "?.lua", "?/init.lua" },
      pathStrict = false,
      plugin = "",
      pluginArgs = {},
      special = {},
      unicodeName = false,
      version = "Lua 5.4"
    },
    semantic = {
      annotation = true,
      enable = true,
      keyword = false,
      variable = true
    },
    signatureHelp = {
      enable = true
    },
    spell = {
      dict = {}
    },
    type = {
      castNumberToInteger = true,
      weakNilCheck = false,
      weakUnionCheck = false
    },
    window = {
      progressBar = true,
      statusBar = true
    },
    workspace = {
      checkThirdParty = true,
      ignoreDir = { ".vscode" },
      ignoreSubmodules = true,
      library = {},
      maxPreload = 5000,
      preloadFileSize = 500,
      useGitIgnore = true,
      userThirdParty = {}
    }
  }
}
[10:59:22.897][info] [#0:script/library.lua:212]: Init builtin library at:	file:///media/PLATA/LUA/Lua-Quick-Start-Guide
[10:59:22.953][info] [#0:script/plugin.lua:86]: plugin path:	/media/PLATA/LUA/Lua-Quick-Start-Guide
[10:59:22.954][warn] [#0:script/plugin.lua:101]: plugin not found:	/media/PLATA/LUA/Lua-Quick-Start-Guide
[10:59:22.954][info] [#0:script/library.lua:212]: Init builtin library at:	nil
[10:59:23.071][info] [#0:script/workspace/workspace.lua:324]: Preload start:	file:///media/PLATA/LUA/Lua-Quick-Start-Guide
[10:59:23.074][info] [#0:script/workspace/workspace.lua:330]: Scan files at:	file:///media/PLATA/LUA/Lua-Quick-Start-Guide
[10:59:23.085][info] [#0:script/workspace/workspace.lua:324]: Preload start:	<fallback>
[10:59:23.087][info] [#0:script/workspace/workspace.lua:353]: Scan library at:	file:///home/nisidabay/dotfiles/config/.config/coc/extensions/coc-lua-data/lua-language-server/meta/Lua%205.4%20en-us%20utf8/utf8.lua
[10:59:23.088][info] [#0:script/workspace/workspace.lua:353]: Scan library at:	file:///home/nisidabay/dotfiles/config/.config/coc/extensions/coc-lua-data/lua-language-server/meta/Lua%205.4%20en-us%20utf8/builtin.lua
[10:59:23.088][info] [#0:script/workspace/workspace.lua:353]: Scan library at:	file:///home/nisidabay/dotfiles/config/.config/coc/extensions/coc-lua-data/lua-language-server/meta/Lua%205.4%20en-us%20utf8/io.lua
[10:59:23.089][info] [#0:script/workspace/workspace.lua:353]: Scan library at:	file:///home/nisidabay/dotfiles/config/.config/coc/extensions/coc-lua-data/lua-language-server/meta/Lua%205.4%20en-us%20utf8/basic.lua
[10:59:23.090][info] [#0:script/workspace/workspace.lua:353]: Scan library at:	file:///home/nisidabay/dotfiles/config/.config/coc/extensions/coc-lua-data/lua-language-server/meta/Lua%205.4%20en-us%20utf8/string.lua
[10:59:23.090][info] [#0:script/workspace/workspace.lua:353]: Scan library at:	file:///home/nisidabay/dotfiles/config/.config/coc/extensions/coc-lua-data/lua-language-server/meta/Lua%205.4%20en-us%20utf8/math.lua
[10:59:23.090][info] [#0:script/workspace/workspace.lua:353]: Scan library at:	file:///home/nisidabay/dotfiles/config/.config/coc/extensions/coc-lua-data/lua-language-server/meta/Lua%205.4%20en-us%20utf8/package.lua
[10:59:23.090][info] [#0:script/workspace/workspace.lua:353]: Scan library at:	file:///home/nisidabay/dotfiles/config/.config/coc/extensions/coc-lua-data/lua-language-server/meta/Lua%205.4%20en-us%20utf8/os.lua
[10:59:23.090][info] [#0:script/workspace/workspace.lua:353]: Scan library at:	file:///home/nisidabay/dotfiles/config/.config/coc/extensions/coc-lua-data/lua-language-server/meta/Lua%205.4%20en-us%20utf8/debug.lua
[10:59:23.091][info] [#0:script/workspace/workspace.lua:353]: Scan library at:	file:///home/nisidabay/dotfiles/config/.config/coc/extensions/coc-lua-data/lua-language-server/meta/Lua%205.4%20en-us%20utf8/coroutine.lua
[10:59:23.091][info] [#0:script/workspace/workspace.lua:353]: Scan library at:	file:///home/nisidabay/dotfiles/config/.config/coc/extensions/coc-lua-data/lua-language-server/meta/Lua%205.4%20en-us%20utf8/table.lua
[10:59:23.112][info] [#0:script/workspace/workspace.lua:353]: Scan library at:	file:///home/nisidabay/dotfiles/config/.config/coc/extensions/coc-lua-data/lua-language-server/meta/Lua%205.4%20en-us%20utf8/utf8.lua
[10:59:23.113][info] [#0:script/workspace/workspace.lua:353]: Scan library at:	file:///home/nisidabay/dotfiles/config/.config/coc/extensions/coc-lua-data/lua-language-server/meta/Lua%205.4%20en-us%20utf8/builtin.lua
[10:59:23.113][info] [#0:script/workspace/workspace.lua:353]: Scan library at:	file:///home/nisidabay/dotfiles/config/.config/coc/extensions/coc-lua-data/lua-language-server/meta/Lua%205.4%20en-us%20utf8/io.lua
[10:59:23.113][info] [#0:script/workspace/workspace.lua:353]: Scan library at:	file:///home/nisidabay/dotfiles/config/.config/coc/extensions/coc-lua-data/lua-language-server/meta/Lua%205.4%20en-us%20utf8/basic.lua
[10:59:23.113][info] [#0:script/workspace/workspace.lua:353]: Scan library at:	file:///home/nisidabay/dotfiles/config/.config/coc/extensions/coc-lua-data/lua-language-server/meta/Lua%205.4%20en-us%20utf8/string.lua
[10:59:23.113][info] [#0:script/workspace/workspace.lua:353]: Scan library at:	file:///home/nisidabay/dotfiles/config/.config/coc/extensions/coc-lua-data/lua-language-server/meta/Lua%205.4%20en-us%20utf8/math.lua
[10:59:23.113][info] [#0:script/workspace/workspace.lua:353]: Scan library at:	file:///home/nisidabay/dotfiles/config/.config/coc/extensions/coc-lua-data/lua-language-server/meta/Lua%205.4%20en-us%20utf8/package.lua
[10:59:23.113][info] [#0:script/workspace/workspace.lua:353]: Scan library at:	file:///home/nisidabay/dotfiles/config/.config/coc/extensions/coc-lua-data/lua-language-server/meta/Lua%205.4%20en-us%20utf8/os.lua
[10:59:23.114][info] [#0:script/workspace/workspace.lua:353]: Scan library at:	file:///home/nisidabay/dotfiles/config/.config/coc/extensions/coc-lua-data/lua-language-server/meta/Lua%205.4%20en-us%20utf8/debug.lua
[10:59:23.114][info] [#0:script/workspace/workspace.lua:353]: Scan library at:	file:///home/nisidabay/dotfiles/config/.config/coc/extensions/coc-lua-data/lua-language-server/meta/Lua%205.4%20en-us%20utf8/coroutine.lua
[10:59:23.114][info] [#0:script/workspace/workspace.lua:353]: Scan library at:	file:///home/nisidabay/dotfiles/config/.config/coc/extensions/coc-lua-data/lua-language-server/meta/Lua%205.4%20en-us%20utf8/table.lua
[10:59:23.214][info] [#0:script/workspace/workspace.lua:379]: Found 11 files at:	<fallback>
[10:59:23.214][info] [#0:script/workspace/loading.lua:161]: Load files from disk:	<fallback>
[10:59:23.214][info] [#0:script/workspace/workspace.lua:379]: Found 120 files at:	file:///media/PLATA/LUA/Lua-Quick-Start-Guide
[10:59:23.214][info] [#0:script/workspace/loading.lua:161]: Load files from disk:	file:///media/PLATA/LUA/Lua-Quick-Start-Guide
[10:59:23.216][info] [#0:script/workspace/loading.lua:101]: Preload file at: file:///home/nisidabay/dotfiles/config/.config/coc/extensions/coc-lua-data/lua-language-server/meta/Lua%205.4%20en-us%20utf8/table.lua , size = 4.230 KB
[10:59:23.224][info] [#0:script/workspace/loading.lua:113]: ++++As library of:	file:///home/nisidabay/dotfiles/config/.config/coc/extensions/coc-lua-data/lua-language-server/meta/Lua%205.4%20en-us%20utf8/table.lua
[10:59:23.224][info] [#0:script/workspace/loading.lua:101]: Preload file at: file:///home/nisidabay/dotfiles/config/.config/coc/extensions/coc-lua-data/lua-language-server/meta/Lua%205.4%20en-us%20utf8/coroutine.lua , size = 2.590 KB
[10:59:23.229][info] [#0:script/workspace/loading.lua:113]: ++++As library of:	file:///home/nisidabay/dotfiles/config/.config/coc/extensions/coc-lua-data/lua-language-server/meta/Lua%205.4%20en-us%20utf8/coroutine.lua
[10:59:23.229][info] [#0:script/workspace/loading.lua:98]: Skip loaded file: file:///home/nisidabay/dotfiles/config/.config/coc/extensions/coc-lua-data/lua-language-server/meta/Lua%205.4%20en-us%20utf8/table.lua
[10:59:23.232][info] [#0:script/workspace/loading.lua:98]: Skip loaded file: file:///home/nisidabay/dotfiles/config/.config/coc/extensions/coc-lua-data/lua-language-server/meta/Lua%205.4%20en-us%20utf8/coroutine.lua
[10:59:23.232][info] [#0:script/workspace/loading.lua:101]: Preload file at: file:///home/nisidabay/dotfiles/config/.config/coc/extensions/coc-lua-data/lua-language-server/meta/Lua%205.4%20en-us%20utf8/debug.lua , size = 7.637 KB
[10:59:23.246][info] [#0:script/workspace/loading.lua:113]: ++++As library of:	file:///home/nisidabay/dotfiles/config/.config/coc/extensions/coc-lua-data/lua-language-server/meta/Lua%205.4%20en-us%20utf8/debug.lua
[10:59:23.246][info] [#0:script/workspace/loading.lua:98]: Skip loaded file: file:///home/nisidabay/dotfiles/config/.config/coc/extensions/coc-lua-data/lua-language-server/meta/Lua%205.4%20en-us%20utf8/debug.lua
[10:59:23.246][info] [#0:script/workspace/loading.lua:101]: Preload file at: file:///home/nisidabay/dotfiles/config/.config/coc/extensions/coc-lua-data/lua-language-server/meta/Lua%205.4%20en-us%20utf8/os.lua , size = 5.600 KB
[10:59:23.255][info] [#0:script/workspace/loading.lua:113]: ++++As library of:	file:///home/nisidabay/dotfiles/config/.config/coc/extensions/coc-lua-data/lua-language-server/meta/Lua%205.4%20en-us%20utf8/os.lua
[10:59:23.255][info] [#0:script/workspace/loading.lua:101]: Preload file at: file:///home/nisidabay/dotfiles/config/.config/coc/extensions/coc-lua-data/lua-language-server/meta/Lua%205.4%20en-us%20utf8/package.lua , size = 2.944 KB
[10:59:23.262][info] [#0:script/workspace/loading.lua:113]: ++++As library of:	file:///home/nisidabay/dotfiles/config/.config/coc/extensions/coc-lua-data/lua-language-server/meta/Lua%205.4%20en-us%20utf8/package.lua
[10:59:23.262][info] [#0:script/workspace/loading.lua:98]: Skip loaded file: file:///home/nisidabay/dotfiles/config/.config/coc/extensions/coc-lua-data/lua-language-server/meta/Lua%205.4%20en-us%20utf8/os.lua
[10:59:23.262][info] [#0:script/workspace/loading.lua:98]: Skip loaded file: file:///home/nisidabay/dotfiles/config/.config/coc/extensions/coc-lua-data/lua-language-server/meta/Lua%205.4%20en-us%20utf8/package.lua
[10:59:23.262][info] [#0:script/workspace/loading.lua:101]: Preload file at: file:///home/nisidabay/dotfiles/config/.config/coc/extensions/coc-lua-data/lua-language-server/meta/Lua%205.4%20en-us%20utf8/math.lua , size = 8.509 KB
[10:59:23.273][info] [#0:script/workspace/loading.lua:113]: ++++As library of:	file:///home/nisidabay/dotfiles/config/.config/coc/extensions/coc-lua-data/lua-language-server/meta/Lua%205.4%20en-us%20utf8/math.lua
[10:59:23.273][info] [#0:script/workspace/loading.lua:98]: Skip loaded file: file:///home/nisidabay/dotfiles/config/.config/coc/extensions/coc-lua-data/lua-language-server/meta/Lua%205.4%20en-us%20utf8/math.lua
[10:59:23.273][info] [#0:script/workspace/loading.lua:101]: Preload file at: file:///home/nisidabay/dotfiles/config/.config/coc/extensions/coc-lua-data/lua-language-server/meta/Lua%205.4%20en-us%20utf8/string.lua , size = 6.341 KB
[10:59:23.280][info] [#0:script/workspace/loading.lua:113]: ++++As library of:	file:///home/nisidabay/dotfiles/config/.config/coc/extensions/coc-lua-data/lua-language-server/meta/Lua%205.4%20en-us%20utf8/string.lua
[10:59:23.280][info] [#0:script/workspace/loading.lua:98]: Skip loaded file: file:///home/nisidabay/dotfiles/config/.config/coc/extensions/coc-lua-data/lua-language-server/meta/Lua%205.4%20en-us%20utf8/string.lua
[10:59:23.280][info] [#0:script/workspace/loading.lua:101]: Preload file at: file:///home/nisidabay/dotfiles/config/.config/coc/extensions/coc-lua-data/lua-language-server/meta/Lua%205.4%20en-us%20utf8/basic.lua , size = 15.336 KB
[10:59:23.297][info] [#0:script/workspace/loading.lua:113]: ++++As library of:	file:///home/nisidabay/dotfiles/config/.config/coc/extensions/coc-lua-data/lua-language-server/meta/Lua%205.4%20en-us%20utf8/basic.lua
[10:59:23.297][info] [#0:script/workspace/loading.lua:98]: Skip loaded file: file:///home/nisidabay/dotfiles/config/.config/coc/extensions/coc-lua-data/lua-language-server/meta/Lua%205.4%20en-us%20utf8/basic.lua
[10:59:23.297][info] [#0:script/workspace/loading.lua:101]: Preload file at: file:///home/nisidabay/dotfiles/config/.config/coc/extensions/coc-lua-data/lua-language-server/meta/Lua%205.4%20en-us%20utf8/io.lua , size = 6.364 KB
[10:59:23.302][info] [#0:script/workspace/loading.lua:113]: ++++As library of:	file:///home/nisidabay/dotfiles/config/.config/coc/extensions/coc-lua-data/lua-language-server/meta/Lua%205.4%20en-us%20utf8/io.lua
[10:59:23.302][info] [#0:script/workspace/loading.lua:101]: Preload file at: file:///home/nisidabay/dotfiles/config/.config/coc/extensions/coc-lua-data/lua-language-server/meta/Lua%205.4%20en-us%20utf8/builtin.lua , size = 0.302 KB
[10:59:23.303][info] [#0:script/workspace/loading.lua:113]: ++++As library of:	file:///home/nisidabay/dotfiles/config/.config/coc/extensions/coc-lua-data/lua-language-server/meta/Lua%205.4%20en-us%20utf8/builtin.lua
[10:59:23.303][info] [#0:script/workspace/loading.lua:98]: Skip loaded file: file:///home/nisidabay/dotfiles/config/.config/coc/extensions/coc-lua-data/lua-language-server/meta/Lua%205.4%20en-us%20utf8/io.lua
[10:59:23.303][info] [#0:script/workspace/loading.lua:98]: Skip loaded file: file:///home/nisidabay/dotfiles/config/.config/coc/extensions/coc-lua-data/lua-language-server/meta/Lua%205.4%20en-us%20utf8/builtin.lua
[10:59:23.303][info] [#0:script/workspace/loading.lua:101]: Preload file at: file:///home/nisidabay/dotfiles/config/.config/coc/extensions/coc-lua-data/lua-language-server/meta/Lua%205.4%20en-us%20utf8/utf8.lua , size = 2.386 KB
[10:59:23.305][info] [#0:script/workspace/loading.lua:113]: ++++As library of:	file:///home/nisidabay/dotfiles/config/.config/coc/extensions/coc-lua-data/lua-language-server/meta/Lua%205.4%20en-us%20utf8/utf8.lua
[10:59:23.305][info] [#0:script/workspace/loading.lua:98]: Skip loaded file: file:///home/nisidabay/dotfiles/config/.config/coc/extensions/coc-lua-data/lua-language-server/meta/Lua%205.4%20en-us%20utf8/utf8.lua
[10:59:23.305][info] [#0:script/workspace/loading.lua:101]: Preload file at: file:///media/PLATA/LUA/Lua-Quick-Start-Guide/Chapter01/01_hello.lua , size = 0.022 KB
[10:59:23.306][info] [#0:script/workspace/loading.lua:101]: Preload file at: file:///media/PLATA/LUA/Lua-Quick-Start-Guide/Chapter02/01_creatingvariables.lua , size = 0.011 KB
[10:59:23.306][info] [#0:script/workspace/loading.lua:101]: Preload file at: file:///media/PLATA/LUA/Lua-Quick-Start-Guide/Chapter02/02_printingvariables.lua , size = 0.022 KB
[10:59:23.306][info] [#0:script/workspace/loading.lua:101]: Preload file at: file:///media/PLATA/LUA/Lua-Quick-Start-Guide/Chapter02/03_assigningvariables.lua , size = 0.084 KB
[10:59:23.307][info] [#0:script/workspace/loading.lua:101]: Preload file at: file:///media/PLATA/LUA/Lua-Quick-Start-Guide/Chapter02/04_nil.lua , size = 0.056 KB
[10:59:23.307][info] [#0:script/workspace/loading.lua:101]: Preload file at: file:///media/PLATA/LUA/Lua-Quick-Start-Guide/Chapter02/05_boolean.lua , size = 0.052 KB
[10:59:23.307][info] [#0:script/workspace/loading.lua:101]: Preload file at: file:///media/PLATA/LUA/Lua-Quick-Start-Guide/Chapter02/06_number.lua , size = 0.155 KB
[10:59:23.308][info] [#0:script/workspace/loading.lua:101]: Preload file at: file:///media/PLATA/LUA/Lua-Quick-Start-Guide/Chapter02/07_findingatype.lua , size = 0.156 KB
[10:59:23.308][info] [#0:script/workspace/loading.lua:101]: Preload file at: file:///media/PLATA/LUA/Lua-Quick-Start-Guide/Chapter02/08_stringlitterals.lua , size = 0.127 KB
[10:59:23.309][info] [#0:script/workspace/loading.lua:101]: Preload file at: file:///media/PLATA/LUA/Lua-Quick-Start-Guide/Chapter02/09_stringlength.lua , size = 0.332 KB
[10:59:23.309][info] [#0:script/workspace/loading.lua:101]: Preload file at: file:///media/PLATA/LUA/Lua-Quick-Start-Guide/Chapter02/10_concatstrings.lua , size = 0.370 KB
[10:59:23.310][info] [#0:script/workspace/loading.lua:101]: Preload file at: file:///media/PLATA/LUA/Lua-Quick-Start-Guide/Chapter02/11_coercion.lua , size = 0.145 KB
[10:59:23.310][info] [#0:script/workspace/loading.lua:101]: Preload file at: file:///media/PLATA/LUA/Lua-Quick-Start-Guide/Chapter02/12_escapecharacters.lua , size = 0.102 KB
[10:59:23.311][info] [#0:script/workspace/loading.lua:101]: Preload file at: file:///media/PLATA/LUA/Lua-Quick-Start-Guide/Chapter02/13_consoleinput.lua , size = 0.073 KB
[10:59:23.311][info] [#0:script/workspace/loading.lua:101]: Preload file at: file:///media/PLATA/LUA/Lua-Quick-Start-Guide/Chapter02/14_scope.lua , size = 0.072 KB
[10:59:23.311][info] [#0:script/workspace/loading.lua:101]: Preload file at: file:///media/PLATA/LUA/Lua-Quick-Start-Guide/Chapter02/15_scopeaccess.lua , size = 0.377 KB
[10:59:23.312][info] [#0:script/workspace/loading.lua:101]: Preload file at: file:///media/PLATA/LUA/Lua-Quick-Start-Guide/Chapter02/16_globalscope.lua , size = 0.258 KB
[10:59:23.313][info] [#0:script/workspace/loading.lua:101]: Preload file at: file:///media/PLATA/LUA/Lua-Quick-Start-Guide/Chapter02/17_shadowing.lua , size = 0.467 KB
[10:59:23.313][info] [#0:script/workspace/loading.lua:101]: Preload file at: file:///media/PLATA/LUA/Lua-Quick-Start-Guide/Chapter02/18_definingafunction.lua , size = 0.093 KB
[10:59:23.313][info] [#0:script/workspace/loading.lua:101]: Preload file at: file:///media/PLATA/LUA/Lua-Quick-Start-Guide/Chapter02/19_callingafunction.lua , size = 0.309 KB
[10:59:23.314][info] [#0:script/workspace/loading.lua:101]: Preload file at: file:///media/PLATA/LUA/Lua-Quick-Start-Guide/Chapter02/20_functionarguments.lua , size = 0.220 KB
[10:59:23.314][info] [#0:script/workspace/loading.lua:101]: Preload file at: file:///media/PLATA/LUA/Lua-Quick-Start-Guide/Chapter02/21_anynumberofarguments.lua , size = 0.591 KB
[10:59:23.315][info] [#0:script/workspace/loading.lua:101]: Preload file at: file:///media/PLATA/LUA/Lua-Quick-Start-Guide/Chapter02/22_returningavalue.lua , size = 0.528 KB
[10:59:23.316][info] [#0:script/workspace/loading.lua:101]: Preload file at: file:///media/PLATA/LUA/Lua-Quick-Start-Guide/Chapter02/23_returningmultiplevalues.lua , size = 0.598 KB
[10:59:23.317][info] [#0:script/workspace/loading.lua:101]: Preload file at: file:///media/PLATA/LUA/Lua-Quick-Start-Guide/Chapter02/24_operators.lua , size = 0.325 KB
[10:59:23.317][info] [#0:script/workspace/loading.lua:101]: Preload file at: file:///media/PLATA/LUA/Lua-Quick-Start-Guide/Chapter02/25_arithmeticoperators.lua , size = 0.306 KB
[10:59:23.318][info] [#0:script/workspace/loading.lua:101]: Preload file at: file:///media/PLATA/LUA/Lua-Quick-Start-Guide/Chapter02/27_logicaloperators.lua , size = 0.576 KB
[10:59:23.319][info] [#0:script/workspace/loading.lua:101]: Preload file at: file:///media/PLATA/LUA/Lua-Quick-Start-Guide/Chapter02/28_miscoperators.lua , size = 0.170 KB
[10:59:23.319][info] [#0:script/workspace/loading.lua:101]: Preload file at: file:///media/PLATA/LUA/Lua-Quick-Start-Guide/Chapter02/29_operatorprecedence.lua , size = 0.067 KB
[10:59:23.320][info] [#0:script/workspace/loading.lua:101]: Preload file at: file:///media/PLATA/LUA/Lua-Quick-Start-Guide/Chapter02/30_ifstatements.lua , size = 0.104 KB
[10:59:23.320][info] [#0:script/workspace/loading.lua:101]: Preload file at: file:///media/PLATA/LUA/Lua-Quick-Start-Guide/Chapter02/31_elseif.lua , size = 0.382 KB
[10:59:23.321][info] [#0:script/workspace/loading.lua:101]: Preload file at: file:///media/PLATA/LUA/Lua-Quick-Start-Guide/Chapter02/32_else.lua , size = 0.329 KB
[10:59:23.321][info] [#0:script/workspace/loading.lua:101]: Preload file at: file:///media/PLATA/LUA/Lua-Quick-Start-Guide/Chapter02/26_relationaloperators.lua , size = 0.351 KB
[10:59:23.322][info] [#0:script/workspace/loading.lua:173]: Loaded files takes [0.114] sec: <fallback>
[10:59:23.322][info] [#0:script/workspace/loading.lua:182]: Compile files takes [0.000] sec: <fallback>
[10:59:23.322][info] [#0:script/workspace/loading.lua:183]: Loaded finish:	<fallback>
[10:59:23.322][info] [#0:script/workspace/workspace.lua:381]: Preload finish at:	<fallback>
[10:59:23.334][info] [#0:script/workspace/loading.lua:101]: Preload file at: file:///media/PLATA/LUA/Lua-Quick-Start-Guide/Chapter02/33_nestingifsttatements.lua , size = 0.369 KB
[10:59:23.335][info] [#0:script/workspace/loading.lua:101]: Preload file at: file:///media/PLATA/LUA/Lua-Quick-Start-Guide/Chapter02/34_whileloops.lua , size = 0.155 KB
[10:59:23.336][info] [#0:script/workspace/loading.lua:101]: Preload file at: file:///media/PLATA/LUA/Lua-Quick-Start-Guide/Chapter02/35_infinateloops.lua , size = 0.035 KB
[10:59:23.336][info] [#0:script/workspace/loading.lua:101]: Preload file at: file:///media/PLATA/LUA/Lua-Quick-Start-Guide/Chapter02/36_breakingloop.lua , size = 0.145 KB
[10:59:23.336][info] [#0:script/workspace/loading.lua:101]: Preload file at: file:///media/PLATA/LUA/Lua-Quick-Start-Guide/Chapter02/37_returnloop.lua , size = 0.527 KB
[10:59:23.337][info] [#0:script/workspace/loading.lua:101]: Preload file at: file:///media/PLATA/LUA/Lua-Quick-Start-Guide/Chapter02/38_readyuntilloop.lua , size = 0.096 KB
[10:59:23.337][info] [#0:script/workspace/loading.lua:101]: Preload file at: file:///media/PLATA/LUA/Lua-Quick-Start-Guide/Chapter02/39_forloop.lua , size = 0.145 KB
[10:59:23.338][info] [#0:script/workspace/loading.lua:101]: Preload file at: file:///media/PLATA/LUA/Lua-Quick-Start-Guide/Chapter02/40_nestedloops.lua , size = 0.180 KB
[10:59:23.338][info] [#0:script/workspace/loading.lua:101]: Preload file at: file:///media/PLATA/LUA/Lua-Quick-Start-Guide/Chapter03/01_creatingtables.lua , size = 0.113 KB
[10:59:23.338][warn] [#0:script/proto/proto.lua:138]: Response of [workspace/diagnostic/refresh] error [-32601]: Unhandled method workspace/diagnostic/refresh
[10:59:23.338][info] [#0:script/workspace/loading.lua:101]: Preload file at: file:///media/PLATA/LUA/Lua-Quick-Start-Guide/Chapter03/02_storingvalues.lua , size = 0.506 KB
[10:59:23.339][info] [#0:script/workspace/loading.lua:101]: Preload file at: file:///media/PLATA/LUA/Lua-Quick-Start-Guide/Chapter03/04_tablesarereferences.lua , size = 0.853 KB
[10:59:23.340][info] [#0:script/workspace/loading.lua:89]: Skip loaded file: file:///media/PLATA/LUA/Lua-Quick-Start-Guide/Chapter03/22_classes.lua
[10:59:23.442][info] [#0:script/workspace/loading.lua:101]: Preload file at: file:///media/PLATA/LUA/Lua-Quick-Start-Guide/Chapter03/03_tableconstructor.lua , size = 0.333 KB
[10:59:23.442][info] [#0:script/workspace/loading.lua:101]: Preload file at: file:///media/PLATA/LUA/Lua-Quick-Start-Guide/Chapter03/06_arrayconstructor.lua , size = 0.095 KB
[10:59:23.443][info] [#0:script/workspace/loading.lua:101]: Preload file at: file:///media/PLATA/LUA/Lua-Quick-Start-Guide/Chapter03/05_arrays.lua , size = 0.101 KB
[10:59:23.443][info] [#0:script/workspace/loading.lua:101]: Preload file at: file:///media/PLATA/LUA/Lua-Quick-Start-Guide/Chapter03/08_sparsearrays.lua , size = 0.177 KB
[10:59:23.443][info] [#0:script/workspace/loading.lua:101]: Preload file at: file:///media/PLATA/LUA/Lua-Quick-Start-Guide/Chapter03/07_onebasedarrays.lua , size = 0.410 KB
[10:59:23.444][info] [#0:script/workspace/loading.lua:101]: Preload file at: file:///media/PLATA/LUA/Lua-Quick-Start-Guide/Chapter03/10_multidimensionalarrays.lua , size = 0.956 KB
[10:59:23.445][info] [#0:script/workspace/loading.lua:101]: Preload file at: file:///media/PLATA/LUA/Lua-Quick-Start-Guide/Chapter03/09_sizeofarray.lua , size = 0.540 KB
[10:59:23.445][info] [#0:script/workspace/loading.lua:101]: Preload file at: file:///media/PLATA/LUA/Lua-Quick-Start-Guide/Chapter03/12_ipairs.lua , size = 0.182 KB
[10:59:23.446][info] [#0:script/workspace/loading.lua:101]: Preload file at: file:///media/PLATA/LUA/Lua-Quick-Start-Guide/Chapter03/13_closures.lua , size = 0.892 KB
[10:59:23.447][info] [#0:script/workspace/loading.lua:101]: Preload file at: file:///media/PLATA/LUA/Lua-Quick-Start-Guide/Chapter03/14_iteratorfunctions.lua , size = 0.403 KB
[10:59:23.447][info] [#0:script/workspace/loading.lua:101]: Preload file at: file:///media/PLATA/LUA/Lua-Quick-Start-Guide/Chapter03/15_metatables.lua , size = 0.380 KB
[10:59:23.447][info] [#0:script/workspace/loading.lua:101]: Preload file at: file:///media/PLATA/LUA/Lua-Quick-Start-Guide/Chapter03/16_setmetatable.lua , size = 0.201 KB
[10:59:23.448][info] [#0:script/workspace/loading.lua:101]: Preload file at: file:///media/PLATA/LUA/Lua-Quick-Start-Guide/Chapter03/17_getmetatable.lua , size = 0.922 KB
[10:59:23.448][info] [#0:script/workspace/loading.lua:101]: Preload file at: file:///media/PLATA/LUA/Lua-Quick-Start-Guide/Chapter03/18___index.lua , size = 1.026 KB
[10:59:23.449][info] [#0:script/workspace/loading.lua:101]: Preload file at: file:///media/PLATA/LUA/Lua-Quick-Start-Guide/Chapter03/11_pairs.lua , size = 0.164 KB
[10:59:23.450][info] [#0:script/workspace/loading.lua:101]: Preload file at: file:///media/PLATA/LUA/Lua-Quick-Start-Guide/Chapter03/20_rawgetandset.lua , size = 1.404 KB
[10:59:23.451][info] [#0:script/workspace/loading.lua:101]: Preload file at: file:///media/PLATA/LUA/Lua-Quick-Start-Guide/Chapter03/23_colonoperator.lua , size = 0.880 KB
[10:59:23.451][info] [#0:script/workspace/loading.lua:101]: Preload file at: file:///media/PLATA/LUA/Lua-Quick-Start-Guide/Chapter03/24_tableinobjects.lua , size = 1.251 KB
[10:59:23.453][info] [#0:script/workspace/loading.lua:101]: Preload file at: file:///media/PLATA/LUA/Lua-Quick-Start-Guide/Chapter03/25_inheritance.lua , size = 0.795 KB
[10:59:23.454][info] [#0:script/workspace/loading.lua:101]: Preload file at: file:///media/PLATA/LUA/Lua-Quick-Start-Guide/Chapter03/18__newindex.lua , size = 1.699 KB
[10:59:23.454][info] [#0:script/workspace/loading.lua:101]: Preload file at: file:///media/PLATA/LUA/Lua-Quick-Start-Guide/Chapter04/01_explicitvariables.lua , size = 0.186 KB
[10:59:23.455][info] [#0:script/workspace/loading.lua:101]: Preload file at: file:///media/PLATA/LUA/Lua-Quick-Start-Guide/Chapter04/02_moreexplicitvariables.lua , size = 0.586 KB
[10:59:23.456][info] [#0:script/workspace/loading.lua:101]: Preload file at: file:///media/PLATA/LUA/Lua-Quick-Start-Guide/Chapter04/03_dynamicvariables.lua , size = 0.149 KB
[10:59:23.456][info] [#0:script/workspace/loading.lua:101]: Preload file at: file:///media/PLATA/LUA/Lua-Quick-Start-Guide/Chapter04/04_environment.lua , size = 0.353 KB
[10:59:23.457][info] [#0:script/workspace/loading.lua:101]: Preload file at: file:///media/PLATA/LUA/Lua-Quick-Start-Guide/Chapter04/05_moredynamicvariables.lua , size = 0.244 KB
[10:59:23.457][info] [#0:script/workspace/loading.lua:101]: Preload file at: file:///media/PLATA/LUA/Lua-Quick-Start-Guide/Chapter04/06_random.lua , size = 0.380 KB
[10:59:23.458][info] [#0:script/workspace/loading.lua:101]: Preload file at: file:///media/PLATA/LUA/Lua-Quick-Start-Guide/Chapter04/07_writingdata.lua , size = 0.388 KB
[10:59:23.459][info] [#0:script/workspace/loading.lua:101]: Preload file at: file:///media/PLATA/LUA/Lua-Quick-Start-Guide/Chapter04/08_readingdata.lua , size = 0.131 KB
[10:59:23.459][info] [#0:script/workspace/loading.lua:101]: Preload file at: file:///media/PLATA/LUA/Lua-Quick-Start-Guide/Chapter04/09_time.lua , size = 0.293 KB
[10:59:23.460][info] [#0:script/workspace/loading.lua:101]: Preload file at: file:///media/PLATA/LUA/Lua-Quick-Start-Guide/Chapter03/21___call.lua , size = 0.542 KB
[10:59:23.460][info] [#0:script/workspace/loading.lua:101]: Preload file at: file:///media/PLATA/LUA/Lua-Quick-Start-Guide/Chapter04/11_files.lua , size = 0.129 KB
[10:59:23.461][info] [#0:script/workspace/loading.lua:101]: Preload file at: file:///media/PLATA/LUA/Lua-Quick-Start-Guide/Chapter04/12_substring.lua , size = 0.144 KB
[10:59:23.461][info] [#0:script/workspace/loading.lua:101]: Preload file at: file:///media/PLATA/LUA/Lua-Quick-Start-Guide/Chapter04/13_extractstring.lua , size = 0.214 KB
[10:59:23.461][info] [#0:script/workspace/loading.lua:101]: Preload file at: file:///media/PLATA/LUA/Lua-Quick-Start-Guide/Chapter04/14_casemanipulation.lua , size = 0.188 KB
[10:59:23.462][info] [#0:script/workspace/loading.lua:101]: Preload file at: file:///media/PLATA/LUA/Lua-Quick-Start-Guide/Chapter04/15_character.lua , size = 0.771 KB
[10:59:23.463][info] [#0:script/workspace/loading.lua:101]: Preload file at: file:///media/PLATA/LUA/Lua-Quick-Start-Guide/Chapter04/16_usingmodule.lua , size = 0.312 KB
[10:59:23.463][info] [#0:script/workspace/loading.lua:101]: Preload file at: file:///media/PLATA/LUA/Lua-Quick-Start-Guide/Chapter04/17_dontparse.lua , size = 0.775 KB
[10:59:23.464][info] [#0:script/workspace/loading.lua:101]: Preload file at: file:///media/PLATA/LUA/Lua-Quick-Start-Guide/Chapter04/save.lua , size = 0.048 KB
[10:59:23.465][info] [#0:script/workspace/loading.lua:101]: Preload file at: file:///media/PLATA/LUA/Lua-Quick-Start-Guide/Chapter05/01_introspection.lua , size = 0.159 KB
[10:59:23.465][info] [#0:script/workspace/loading.lua:101]: Preload file at: file:///media/PLATA/LUA/Lua-Quick-Start-Guide/Chapter05/02_localvariables.lua , size = 0.473 KB
[10:59:23.466][info] [#0:script/workspace/loading.lua:101]: Preload file at: file:///media/PLATA/LUA/Lua-Quick-Start-Guide/Chapter05/03_linehook.lua , size = 0.340 KB
[10:59:23.466][info] [#0:script/workspace/loading.lua:101]: Preload file at: file:///media/PLATA/LUA/Lua-Quick-Start-Guide/Chapter05/04_callhook.lua , size = 0.502 KB
[10:59:23.467][info] [#0:script/workspace/loading.lua:101]: Preload file at: file:///media/PLATA/LUA/Lua-Quick-Start-Guide/Chapter05/05_returnhook.lua , size = 0.438 KB
[10:59:23.468][info] [#0:script/workspace/loading.lua:101]: Preload file at: file:///media/PLATA/LUA/Lua-Quick-Start-Guide/Chapter05/06_traceback.lua , size = 0.530 KB
[10:59:23.469][info] [#0:script/workspace/loading.lua:101]: Preload file at: file:///media/PLATA/LUA/Lua-Quick-Start-Guide/Chapter05/07_usingdebugger.lua , size = 0.232 KB
[10:59:23.469][info] [#0:script/workspace/loading.lua:101]: Preload file at: file:///media/PLATA/LUA/Lua-Quick-Start-Guide/Chapter05/08_pcall.lua , size = 0.360 KB
[10:59:23.470][info] [#0:script/workspace/loading.lua:101]: Preload file at: file:///media/PLATA/LUA/Lua-Quick-Start-Guide/Chapter05/09_assert.lua , size = 0.235 KB
[10:59:23.470][info] [#0:script/workspace/loading.lua:101]: Preload file at: file:///media/PLATA/LUA/Lua-Quick-Start-Guide/Chapter05/10_usingtheprofiler.lua , size = 0.413 KB
[10:59:23.478][info] [#0:script/workspace/loading.lua:101]: Preload file at: file:///media/PLATA/LUA/Lua-Quick-Start-Guide/Chapter05/profiler.lua , size = 1.202 KB
[10:59:23.479][info] [#0:script/workspace/loading.lua:101]: Preload file at: file:///media/PLATA/LUA/Lua-Quick-Start-Guide/Chapter06/02_readglobal/hero.lua , size = 0.043 KB
[10:59:23.480][info] [#0:script/workspace/loading.lua:101]: Preload file at: file:///media/PLATA/LUA/Lua-Quick-Start-Guide/Chapter06/03_VariablesFromC/printinfo.lua , size = 0.097 KB
[10:59:23.480][info] [#0:script/workspace/loading.lua:101]: Preload file at: file:///media/PLATA/LUA/Lua-Quick-Start-Guide/Chapter06/04_CallingLuaFunctionsFromC/findindex.lua , size = 0.083 KB
[10:59:23.480][info] [#0:script/workspace/loading.lua:101]: Preload file at: file:///media/PLATA/LUA/Lua-Quick-Start-Guide/Chapter06/05_CallingCFunctionsFromLUA/callcfunc.lua , size = 0.055 KB
[10:59:23.480][info] [#0:script/workspace/loading.lua:101]: Preload file at: file:///media/PLATA/LUA/Lua-Quick-Start-Guide/Chapter06/callcfunc.lua , size = 0.055 KB
[10:59:23.481][info] [#0:script/workspace/loading.lua:101]: Preload file at: file:///media/PLATA/LUA/Lua-Quick-Start-Guide/Chapter06/findindex.lua , size = 0.083 KB
[10:59:23.481][info] [#0:script/workspace/loading.lua:101]: Preload file at: file:///media/PLATA/LUA/Lua-Quick-Start-Guide/Chapter04/10_getenv.lua , size = 0.023 KB
[10:59:23.481][info] [#0:script/workspace/loading.lua:101]: Preload file at: file:///media/PLATA/LUA/Lua-Quick-Start-Guide/Chapter06/printinfo.lua , size = 0.097 KB
[10:59:23.481][info] [#0:script/workspace/loading.lua:101]: Preload file at: file:///media/PLATA/LUA/Lua-Quick-Start-Guide/Chapter06/hero.lua , size = 0.043 KB
[10:59:23.482][info] [#0:script/workspace/loading.lua:101]: Preload file at: file:///media/PLATA/LUA/Lua-Quick-Start-Guide/Chapter07/01_VariablesPropertiesAndFunctions/01_sample.lua , size = 0.254 KB
[10:59:23.482][info] [#0:script/workspace/loading.lua:101]: Preload file at: file:///media/PLATA/LUA/Lua-Quick-Start-Guide/Chapter07/01_sample.lua , size = 0.254 KB
[10:59:23.483][info] [#0:script/workspace/loading.lua:101]: Preload file at: file:///media/PLATA/LUA/Lua-Quick-Start-Guide/Chapter07/02_Classes/02_sample.lua , size = 0.504 KB
[10:59:23.483][info] [#0:script/workspace/loading.lua:101]: Preload file at: file:///media/PLATA/LUA/Lua-Quick-Start-Guide/Chapter07/02_sample.lua , size = 0.504 KB
[10:59:23.484][info] [#0:script/workspace/loading.lua:101]: Preload file at: file:///media/PLATA/LUA/Lua-Quick-Start-Guide/Chapter07/03_LuaRef/03_sample.lua , size = 0.086 KB
[10:59:23.485][info] [#0:script/workspace/loading.lua:101]: Preload file at: file:///media/PLATA/LUA/Lua-Quick-Start-Guide/Chapter07/03_sample.lua , size = 0.086 KB
[10:59:23.605][info] [#0:script/workspace/loading.lua:173]: Loaded files takes [0.200] sec: file:///media/PLATA/LUA/Lua-Quick-Start-Guide
[10:59:23.605][info] [#0:script/workspace/loading.lua:182]: Compile files takes [0.000] sec: file:///media/PLATA/LUA/Lua-Quick-Start-Guide
[10:59:23.605][info] [#0:script/workspace/loading.lua:183]: Loaded finish:	file:///media/PLATA/LUA/Lua-Quick-Start-Guide
[10:59:23.605][info] [#0:script/workspace/workspace.lua:381]: Preload finish at:	file:///media/PLATA/LUA/Lua-Quick-Start-Guide
[10:59:23.620][info] [#0:script/provider/diagnostic.lua:557]: Diagnostics scope [file:///media/PLATA/LUA/Lua-Quick-Start-Guide], files count:[120]
[10:59:23.620][warn] [#0:script/proto/proto.lua:138]: Response of [workspace/diagnostic/refresh] error [-32601]: Unhandled method workspace/diagnostic/refresh
[10:59:23.982][info] [#0:script/provider/diagnostic.lua:574]: Diagnostics scope [file:///media/PLATA/LUA/Lua-Quick-Start-Guide] finished, takes [0.361] sec.
