[05:54:21.011][info] [#0:/home/nisidabay/dotfiles/config/.config/coc/extensions/coc-lua-data/lua-language-server/main.lua:66]: Lua Lsp startup, root: 	/home/nisidabay/dotfiles/config/.config/coc/extensions/coc-lua-data/lua-language-server
[05:54:21.011][info] [#0:/home/nisidabay/dotfiles/config/.config/coc/extensions/coc-lua-data/lua-language-server/main.lua:67]: ROOT:	/home/nisidabay/dotfiles/config/.config/coc/extensions/coc-lua-data/lua-language-server
[05:54:21.011][info] [#0:/home/nisidabay/dotfiles/config/.config/coc/extensions/coc-lua-data/lua-language-server/main.lua:68]: LOGPATH:	/home/nisidabay/dotfiles/config/.config/coc/extensions/coc-lua-data/lua-language-server/log
[05:54:21.011][info] [#0:/home/nisidabay/dotfiles/config/.config/coc/extensions/coc-lua-data/lua-language-server/main.lua:69]: METAPATH:	/home/nisidabay/dotfiles/config/.config/coc/extensions/coc-lua-data/lua-language-server/meta
[05:54:21.011][info] [#0:/home/nisidabay/dotfiles/config/.config/coc/extensions/coc-lua-data/lua-language-server/main.lua:70]: VERSION:	3.7.0
[05:54:21.038][info] [#0:script/service/service.lua:144]: 
========= Medical Examination Report =========
    --------------- Memory ---------------
        Total: 2.142 MB
        # 00 : 2.142 MB
        # 01 : 0.000 MB
        # 02 : 0.000 MB
        # 03 : 0.000 MB
        # 04 : 0.000 MB
    --------------- Coroutine ---------------
        Total:     0
        Running:   0
        Suspended: 0
        Normal:    0
        Dead:      0
    --------------- Cache ---------------
        Total: 1
        Dead:  0
    ---------------  RPC  ---------------
        Holdon:   0
        Waiting:  0
==============================================
[05:54:21.043][info] [#0:script/client.lua:657]: Client init	{
  capabilities = {
    general = {
      markdown = {
        parser = "marked",
        version = "4.0.10"
      },
      positionEncodings = { "utf-16" },
      regularExpressions = {
        engine = "ECMAScript",
        version = "ES2020"
      },
      staleRequestSupport = {
        cancel = true,
        retryOnContentModified = { "textDocument/inlayHint", "textDocument/semanticTokens/full", "textDocument/semanticTokens/range", "textDocument/semanticTokens/full/delta" }
      }
    },
    textDocument = {
      callHierarchy = {
        dynamicRegistration = true
      },
      codeAction = {
        codeActionLiteralSupport = {
          codeActionKind = {
            valueSet = { "", "quickfix", "refactor", "refactor.extract", "refactor.inline", "refactor.rewrite", "source", "source.organizeImports" }
          }
        },
        dataSupport = true,
        disabledSupport = true,
        dynamicRegistration = true,
        honorsChangeAnnotations = false,
        isPreferredSupport = true,
        resolveSupport = {
          properties = { "edit" }
        }
      },
      codeLens = {
        dynamicRegistration = true
      },
      colorProvider = {
        dynamicRegistration = true
      },
      completion = {
        completionItem = {
          commitCharactersSupport = true,
          deprecatedSupport = true,
          documentationFormat = { "markdown", "plaintext" },
          insertReplaceSupport = true,
          insertTextModeSupport = {
            valueSet = { 1, 2 }
          },
          labelDetailsSupport = true,
          preselectSupport = true,
          resolveSupport = {
            properties = { "documentation", "detail", "additionalTextEdits" }
          },
          snippetSupport = true,
          tagSupport = {
            valueSet = { 1 }
          }
        },
        completionItemKind = {
          valueSet = { 1, 2, 3, 4, 5, 6, 7, 8, 9, 10, 11, 12, 13, 14, 15, 16, 17, 18, 19, 20, 21, 22, 23, 24, 25 }
        },
        completionList = {
          itemDefaults = { "commitCharacters", "editRange", "insertTextFormat", "insertTextMode" }
        },
        contextSupport = true,
        dynamicRegistration = true,
        insertTextMode = 2
      },
      declaration = {
        dynamicRegistration = true,
        linkSupport = true
      },
      definition = {
        dynamicRegistration = true,
        linkSupport = true
      },
      diagnostic = {
        dynamicRegistration = true,
        relatedDocumentSupport = true
      },
      documentHighlight = {
        dynamicRegistration = true
      },
      documentLink = {
        dynamicRegistration = true,
        tooltipSupport = true
      },
      documentSymbol = {
        dynamicRegistration = true,
        hierarchicalDocumentSymbolSupport = true,
        labelSupport = true,
        symbolKind = {
          valueSet = { 1, 2, 3, 4, 5, 6, 7, 8, 9, 10, 11, 12, 13, 14, 15, 16, 17, 18, 19, 20, 21, 22, 23, 24, 25, 26 }
        },
        tagSupport = {
          valueSet = { 1 }
        }
      },
      foldingRange = {
        dynamicRegistration = true,
        foldingRange = {
          collapsedText = false
        },
        foldingRangeKind = {
          valueSet = { "comment", "imports", "region" }
        },
        lineFoldingOnly = true,
        rangeLimit = 5000
      },
      formatting = {
        dynamicRegistration = true
      },
      hover = {
        contentFormat = { "markdown", "plaintext" },
        dynamicRegistration = true
      },
      implementation = {
        dynamicRegistration = true,
        linkSupport = true
      },
      inlayHint = {
        dynamicRegistration = true,
        resolveSupport = {
          properties = { "tooltip", "textEdits", "label.tooltip", "label.location", "label.command" }
        }
      },
      inlineValue = {
        dynamicRegistration = true
      },
      linkedEditingRange = {
        dynamicRegistration = true
      },
      onTypeFormatting = {
        dynamicRegistration = true
      },
      publishDiagnostics = {
        codeDescriptionSupport = true,
        dataSupport = true,
        relatedInformation = true,
        tagSupport = {
          valueSet = { 1, 2 }
        },
        versionSupport = true
      },
      rangeFormatting = {
        dynamicRegistration = true
      },
      references = {
        dynamicRegistration = true
      },
      rename = {
        dynamicRegistration = true,
        honorsChangeAnnotations = true,
        prepareSupport = true,
        prepareSupportDefaultBehavior = 1
      },
      selectionRange = {
        dynamicRegistration = true
      },
      semanticTokens = {
        augmentsSyntaxTokens = true,
        dynamicRegistration = true,
        formats = { "relative" },
        multilineTokenSupport = false,
        overlappingTokenSupport = false,
        requests = {
          full = {
            delta = true
          },
          range = true
        },
        serverCancelSupport = true,
        tokenModifiers = { "declaration", "definition", "readonly", "static", "deprecated", "abstract", "async", "modification", "documentation", "defaultLibrary" },
        tokenTypes = { "namespace", "type", "class", "enum", "interface", "struct", "typeParameter", "parameter", "variable", "property", "enumMember", "event", "function", "method", "macro", "keyword", "modifier", "comment", "string", "number", "regexp", "decorator", "operator" }
      },
      signatureHelp = {
        contextSupport = true,
        dynamicRegistration = true,
        signatureInformation = {
          activeParameterSupport = true,
          documentationFormat = { "markdown", "plaintext" },
          parameterInformation = {
            labelOffsetSupport = true
          }
        }
      },
      synchronization = {
        didSave = true,
        dynamicRegistration = true,
        willSave = true,
        willSaveWaitUntil = true
      },
      typeDefinition = {
        dynamicRegistration = true,
        linkSupport = true
      },
      typeHierarchy = {
        dynamicRegistration = true
      }
    },
    window = {
      showDocument = {
        support = true
      },
      showMessage = {
        messageActionItem = {
          additionalPropertiesSupport = true
        }
      },
      workDoneProgress = true
    },
    workspace = {
      applyEdit = true,
      codeLens = {
        refreshSupport = true
      },
      configuration = true,
      diagnostics = {
        refreshSupport = true
      },
      didChangeConfiguration = {
        dynamicRegistration = true
      },
      didChangeWatchedFiles = {
        dynamicRegistration = true,
        relativePatternSupport = true
      },
      executeCommand = {
        dynamicRegistration = true
      },
      fileOperations = {
        didCreate = true,
        didDelete = true,
        didRename = true,
        dynamicRegistration = true,
        willCreate = true,
        willDelete = true,
        willRename = true
      },
      inlayHint = {
        refreshSupport = true
      },
      inlineValue = {
        refreshSupport = true
      },
      semanticTokens = {
        refreshSupport = true
      },
      symbol = {
        dynamicRegistration = true,
        resolveSupport = {
          properties = { "location.range" }
        },
        symbolKind = {
          valueSet = { 1, 2, 3, 4, 5, 6, 7, 8, 9, 10, 11, 12, 13, 14, 15, 16, 17, 18, 19, 20, 21, 22, 23, 24, 25, 26 }
        },
        tagSupport = {
          valueSet = { 1 }
        }
      },
      workspaceEdit = {
        changeAnnotationSupport = {
          groupsOnLabel = false
        },
        documentChanges = true,
        failureHandling = "undo",
        normalizesLineEndings = true,
        resourceOperations = { "create", "rename", "delete" }
      },
      workspaceFolders = true
    }
  },
  clientInfo = {
    name = "coc.nvim",
    version = "0.0.82"
  },
  initializationOptions = {
    changeConfiguration = true
  },
  locale = "es_ES",
  processId = 2953640,
  rootPath = "/home/nisidabay/.local/share/nvim/lazy/nvim",
  rootUri = "file:///home/nisidabay/.local/share/nvim/lazy/nvim",
  trace = "off",
  workDoneToken = "7b8fe2f2-64e8-46b1-81c7-c1cacebc9247",
  workspaceFolders = { {
      name = "nvim",
      uri = "file:///home/nisidabay/.local/share/nvim/lazy/nvim"
    } }
}
[05:54:21.044][info] [#0:script/language.lua:137]: VSC language: es_ES
[05:54:21.044][info] [#0:script/language.lua:138]: LS  language: en-us
[05:54:21.044][info] [#0:script/workspace/workspace.lua:38]: Workspace init root: 	file:///home/nisidabay/.local/share/nvim/lazy/nvim
[05:54:21.044][info] [#0:script/workspace/workspace.lua:42]: Log path: 	/home/nisidabay/dotfiles/config/.config/coc/extensions/coc-lua-data/lua-language-server/log/file_home_nisidabay_.local_share_nvim_lazy_nvim.log
[05:54:21.044][info] [#0:script/workspace/workspace.lua:48]: Workspace create: 	file:///home/nisidabay/.local/share/nvim/lazy/nvim
[05:54:21.246][info] [#0:script/provider/provider.lua:46]: Load config from client	file:///home/nisidabay/.local/share/nvim/lazy/nvim
[05:54:21.247][info] [#0:script/provider/provider.lua:47]: {
  Lua = {
    addonManager = {
      enable = true
    },
    codeLens = {
      enable = false
    },
    completion = {
      autoRequire = true,
      callSnippet = "Disable",
      displayContext = 0,
      enable = true,
      keywordSnippet = "Replace",
      postfix = "@",
      requireSeparator = ".",
      showParams = true,
      showWord = "Fallback",
      workspaceWord = true
    },
    diagnostics = {
      disable = {},
      disableScheme = { "git" },
      enable = true,
      globals = {},
      ignoredFiles = "Opened",
      libraryFiles = "Opened",
      unusedLocalExclude = {},
      workspaceDelay = 3000,
      workspaceEvent = "OnSave",
      workspaceRate = 100
    },
    doc = {
      packageName = {},
      privateName = {},
      protectedName = {}
    },
    format = {
      defaultConfig = {},
      enable = true
    },
    hint = {
      arrayIndex = "Auto",
      await = true,
      enable = false,
      paramName = "All",
      paramType = true,
      semicolon = "SameLine",
      setType = false
    },
    hover = {
      enable = true,
      enumsLimit = 5,
      expandAlias = true,
      previewFields = 50,
      viewNumber = true,
      viewString = true,
      viewStringMax = 1000
    },
    misc = {
      executablePath = "",
      parameters = {}
    },
    runtime = {
      fileEncoding = "utf8",
      meta = "${version} ${language} ${encoding}",
      nonstandardSymbol = {},
      path = { "?.lua", "?/init.lua" },
      pathStrict = false,
      plugin = "",
      pluginArgs = {},
      special = {},
      unicodeName = false,
      version = "Lua 5.4"
    },
    semantic = {
      annotation = true,
      enable = true,
      keyword = false,
      variable = true
    },
    signatureHelp = {
      enable = true
    },
    spell = {
      dict = {}
    },
    type = {
      castNumberToInteger = true,
      weakNilCheck = false,
      weakUnionCheck = false
    },
    window = {
      progressBar = true,
      statusBar = true
    },
    workspace = {
      checkThirdParty = true,
      ignoreDir = { ".vscode" },
      ignoreSubmodules = true,
      library = {},
      maxPreload = 5000,
      preloadFileSize = 500,
      useGitIgnore = true,
      userThirdParty = {}
    }
  }
}
[05:54:21.348][info] [#0:script/provider/completion.lua:43]: Enable completion.
[05:54:21.348][info] [#0:script/provider/provider.lua:61]: Load config from client	fallback
[05:54:21.349][info] [#0:script/provider/provider.lua:62]: {
  Lua = {
    addonManager = {
      enable = true
    },
    codeLens = {
      enable = false
    },
    completion = {
      autoRequire = true,
      callSnippet = "Disable",
      displayContext = 0,
      enable = true,
      keywordSnippet = "Replace",
      postfix = "@",
      requireSeparator = ".",
      showParams = true,
      showWord = "Fallback",
      workspaceWord = true
    },
    diagnostics = {
      disable = {},
      disableScheme = { "git" },
      enable = true,
      globals = {},
      ignoredFiles = "Opened",
      libraryFiles = "Opened",
      unusedLocalExclude = {},
      workspaceDelay = 3000,
      workspaceEvent = "OnSave",
      workspaceRate = 100
    },
    doc = {
      packageName = {},
      privateName = {},
      protectedName = {}
    },
    format = {
      defaultConfig = {},
      enable = true
    },
    hint = {
      arrayIndex = "Auto",
      await = true,
      enable = false,
      paramName = "All",
      paramType = true,
      semicolon = "SameLine",
      setType = false
    },
    hover = {
      enable = true,
      enumsLimit = 5,
      expandAlias = true,
      previewFields = 50,
      viewNumber = true,
      viewString = true,
      viewStringMax = 1000
    },
    misc = {
      executablePath = "",
      parameters = {}
    },
    runtime = {
      fileEncoding = "utf8",
      meta = "${version} ${language} ${encoding}",
      nonstandardSymbol = {},
      path = { "?.lua", "?/init.lua" },
      pathStrict = false,
      plugin = "",
      pluginArgs = {},
      special = {},
      unicodeName = false,
      version = "Lua 5.4"
    },
    semantic = {
      annotation = true,
      enable = true,
      keyword = false,
      variable = true
    },
    signatureHelp = {
      enable = true
    },
    spell = {
      dict = {}
    },
    type = {
      castNumberToInteger = true,
      weakNilCheck = false,
      weakUnionCheck = false
    },
    window = {
      progressBar = true,
      statusBar = true
    },
    workspace = {
      checkThirdParty = true,
      ignoreDir = { ".vscode" },
      ignoreSubmodules = true,
      library = {},
      maxPreload = 5000,
      preloadFileSize = 500,
      useGitIgnore = true,
      userThirdParty = {}
    }
  }
}
[05:54:21.550][info] [#0:script/library.lua:212]: Init builtin library at:	file:///home/nisidabay/.local/share/nvim/lazy/nvim
[05:54:21.599][info] [#0:script/plugin.lua:86]: plugin path:	/home/nisidabay/.local/share/nvim/lazy/nvim
[05:54:21.599][warn] [#0:script/plugin.lua:101]: plugin not found:	/home/nisidabay/.local/share/nvim/lazy/nvim
[05:54:21.599][info] [#0:script/library.lua:212]: Init builtin library at:	nil
[05:54:21.719][info] [#0:script/workspace/workspace.lua:324]: Preload start:	file:///home/nisidabay/.local/share/nvim/lazy/nvim
[05:54:21.722][info] [#0:script/workspace/workspace.lua:330]: Scan files at:	file:///home/nisidabay/.local/share/nvim/lazy/nvim
[05:54:21.727][info] [#0:script/workspace/workspace.lua:324]: Preload start:	<fallback>
[05:54:21.730][info] [#0:script/workspace/workspace.lua:353]: Scan library at:	file:///home/nisidabay/dotfiles/config/.config/coc/extensions/coc-lua-data/lua-language-server/meta/Lua%205.4%20en-us%20utf8/utf8.lua
[05:54:21.731][info] [#0:script/workspace/workspace.lua:353]: Scan library at:	file:///home/nisidabay/dotfiles/config/.config/coc/extensions/coc-lua-data/lua-language-server/meta/Lua%205.4%20en-us%20utf8/builtin.lua
[05:54:21.731][info] [#0:script/workspace/workspace.lua:353]: Scan library at:	file:///home/nisidabay/dotfiles/config/.config/coc/extensions/coc-lua-data/lua-language-server/meta/Lua%205.4%20en-us%20utf8/io.lua
[05:54:21.731][info] [#0:script/workspace/workspace.lua:353]: Scan library at:	file:///home/nisidabay/dotfiles/config/.config/coc/extensions/coc-lua-data/lua-language-server/meta/Lua%205.4%20en-us%20utf8/basic.lua
[05:54:21.732][info] [#0:script/workspace/workspace.lua:353]: Scan library at:	file:///home/nisidabay/dotfiles/config/.config/coc/extensions/coc-lua-data/lua-language-server/meta/Lua%205.4%20en-us%20utf8/string.lua
[05:54:21.732][info] [#0:script/workspace/workspace.lua:353]: Scan library at:	file:///home/nisidabay/dotfiles/config/.config/coc/extensions/coc-lua-data/lua-language-server/meta/Lua%205.4%20en-us%20utf8/math.lua
[05:54:21.732][info] [#0:script/workspace/workspace.lua:353]: Scan library at:	file:///home/nisidabay/dotfiles/config/.config/coc/extensions/coc-lua-data/lua-language-server/meta/Lua%205.4%20en-us%20utf8/package.lua
[05:54:21.733][info] [#0:script/workspace/workspace.lua:353]: Scan library at:	file:///home/nisidabay/dotfiles/config/.config/coc/extensions/coc-lua-data/lua-language-server/meta/Lua%205.4%20en-us%20utf8/os.lua
[05:54:21.733][info] [#0:script/workspace/workspace.lua:353]: Scan library at:	file:///home/nisidabay/dotfiles/config/.config/coc/extensions/coc-lua-data/lua-language-server/meta/Lua%205.4%20en-us%20utf8/debug.lua
[05:54:21.733][info] [#0:script/workspace/workspace.lua:353]: Scan library at:	file:///home/nisidabay/dotfiles/config/.config/coc/extensions/coc-lua-data/lua-language-server/meta/Lua%205.4%20en-us%20utf8/coroutine.lua
[05:54:21.734][info] [#0:script/workspace/workspace.lua:353]: Scan library at:	file:///home/nisidabay/dotfiles/config/.config/coc/extensions/coc-lua-data/lua-language-server/meta/Lua%205.4%20en-us%20utf8/table.lua
[05:54:21.744][info] [#0:script/workspace/workspace.lua:353]: Scan library at:	file:///home/nisidabay/dotfiles/config/.config/coc/extensions/coc-lua-data/lua-language-server/meta/Lua%205.4%20en-us%20utf8/utf8.lua
[05:54:21.745][info] [#0:script/workspace/workspace.lua:353]: Scan library at:	file:///home/nisidabay/dotfiles/config/.config/coc/extensions/coc-lua-data/lua-language-server/meta/Lua%205.4%20en-us%20utf8/builtin.lua
[05:54:21.745][info] [#0:script/workspace/workspace.lua:353]: Scan library at:	file:///home/nisidabay/dotfiles/config/.config/coc/extensions/coc-lua-data/lua-language-server/meta/Lua%205.4%20en-us%20utf8/io.lua
[05:54:21.745][info] [#0:script/workspace/workspace.lua:353]: Scan library at:	file:///home/nisidabay/dotfiles/config/.config/coc/extensions/coc-lua-data/lua-language-server/meta/Lua%205.4%20en-us%20utf8/basic.lua
[05:54:21.745][info] [#0:script/workspace/workspace.lua:353]: Scan library at:	file:///home/nisidabay/dotfiles/config/.config/coc/extensions/coc-lua-data/lua-language-server/meta/Lua%205.4%20en-us%20utf8/string.lua
[05:54:21.745][info] [#0:script/workspace/workspace.lua:353]: Scan library at:	file:///home/nisidabay/dotfiles/config/.config/coc/extensions/coc-lua-data/lua-language-server/meta/Lua%205.4%20en-us%20utf8/math.lua
[05:54:21.745][info] [#0:script/workspace/workspace.lua:353]: Scan library at:	file:///home/nisidabay/dotfiles/config/.config/coc/extensions/coc-lua-data/lua-language-server/meta/Lua%205.4%20en-us%20utf8/package.lua
[05:54:21.746][info] [#0:script/workspace/workspace.lua:353]: Scan library at:	file:///home/nisidabay/dotfiles/config/.config/coc/extensions/coc-lua-data/lua-language-server/meta/Lua%205.4%20en-us%20utf8/os.lua
[05:54:21.746][info] [#0:script/workspace/workspace.lua:353]: Scan library at:	file:///home/nisidabay/dotfiles/config/.config/coc/extensions/coc-lua-data/lua-language-server/meta/Lua%205.4%20en-us%20utf8/debug.lua
[05:54:21.746][info] [#0:script/workspace/workspace.lua:353]: Scan library at:	file:///home/nisidabay/dotfiles/config/.config/coc/extensions/coc-lua-data/lua-language-server/meta/Lua%205.4%20en-us%20utf8/coroutine.lua
[05:54:21.746][info] [#0:script/workspace/workspace.lua:353]: Scan library at:	file:///home/nisidabay/dotfiles/config/.config/coc/extensions/coc-lua-data/lua-language-server/meta/Lua%205.4%20en-us%20utf8/table.lua
[05:54:21.846][info] [#0:script/workspace/workspace.lua:379]: Found 11 files at:	<fallback>
[05:54:21.846][info] [#0:script/workspace/loading.lua:161]: Load files from disk:	<fallback>
[05:54:21.847][info] [#0:script/workspace/workspace.lua:379]: Found 102 files at:	file:///home/nisidabay/.local/share/nvim/lazy/nvim
[05:54:21.847][info] [#0:script/workspace/loading.lua:161]: Load files from disk:	file:///home/nisidabay/.local/share/nvim/lazy/nvim
[05:54:21.847][info] [#0:script/workspace/loading.lua:89]: Skip loaded file: file:///home/nisidabay/.local/share/nvim/lazy/nvim/lua/catppuccin/palettes/frappe.lua
[05:54:21.848][info] [#0:script/workspace/loading.lua:101]: Preload file at: file:///home/nisidabay/dotfiles/config/.config/coc/extensions/coc-lua-data/lua-language-server/meta/Lua%205.4%20en-us%20utf8/table.lua , size = 4.230 KB
[05:54:21.855][info] [#0:script/workspace/loading.lua:113]: ++++As library of:	file:///home/nisidabay/dotfiles/config/.config/coc/extensions/coc-lua-data/lua-language-server/meta/Lua%205.4%20en-us%20utf8/table.lua
[05:54:21.855][info] [#0:script/workspace/loading.lua:98]: Skip loaded file: file:///home/nisidabay/dotfiles/config/.config/coc/extensions/coc-lua-data/lua-language-server/meta/Lua%205.4%20en-us%20utf8/table.lua
[05:54:21.855][info] [#0:script/workspace/loading.lua:101]: Preload file at: file:///home/nisidabay/dotfiles/config/.config/coc/extensions/coc-lua-data/lua-language-server/meta/Lua%205.4%20en-us%20utf8/coroutine.lua , size = 2.590 KB
[05:54:21.860][info] [#0:script/workspace/loading.lua:113]: ++++As library of:	file:///home/nisidabay/dotfiles/config/.config/coc/extensions/coc-lua-data/lua-language-server/meta/Lua%205.4%20en-us%20utf8/coroutine.lua
[05:54:21.860][info] [#0:script/workspace/loading.lua:98]: Skip loaded file: file:///home/nisidabay/dotfiles/config/.config/coc/extensions/coc-lua-data/lua-language-server/meta/Lua%205.4%20en-us%20utf8/coroutine.lua
[05:54:21.860][info] [#0:script/workspace/loading.lua:101]: Preload file at: file:///home/nisidabay/dotfiles/config/.config/coc/extensions/coc-lua-data/lua-language-server/meta/Lua%205.4%20en-us%20utf8/debug.lua , size = 7.637 KB
[05:54:21.870][info] [#0:script/workspace/loading.lua:113]: ++++As library of:	file:///home/nisidabay/dotfiles/config/.config/coc/extensions/coc-lua-data/lua-language-server/meta/Lua%205.4%20en-us%20utf8/debug.lua
[05:54:21.870][info] [#0:script/workspace/loading.lua:98]: Skip loaded file: file:///home/nisidabay/dotfiles/config/.config/coc/extensions/coc-lua-data/lua-language-server/meta/Lua%205.4%20en-us%20utf8/debug.lua
[05:54:21.870][info] [#0:script/workspace/loading.lua:101]: Preload file at: file:///home/nisidabay/dotfiles/config/.config/coc/extensions/coc-lua-data/lua-language-server/meta/Lua%205.4%20en-us%20utf8/os.lua , size = 5.600 KB
[05:54:21.877][info] [#0:script/workspace/loading.lua:113]: ++++As library of:	file:///home/nisidabay/dotfiles/config/.config/coc/extensions/coc-lua-data/lua-language-server/meta/Lua%205.4%20en-us%20utf8/os.lua
[05:54:21.878][info] [#0:script/workspace/loading.lua:98]: Skip loaded file: file:///home/nisidabay/dotfiles/config/.config/coc/extensions/coc-lua-data/lua-language-server/meta/Lua%205.4%20en-us%20utf8/os.lua
[05:54:21.878][info] [#0:script/workspace/loading.lua:101]: Preload file at: file:///home/nisidabay/dotfiles/config/.config/coc/extensions/coc-lua-data/lua-language-server/meta/Lua%205.4%20en-us%20utf8/package.lua , size = 2.944 KB
[05:54:21.883][info] [#0:script/workspace/loading.lua:113]: ++++As library of:	file:///home/nisidabay/dotfiles/config/.config/coc/extensions/coc-lua-data/lua-language-server/meta/Lua%205.4%20en-us%20utf8/package.lua
[05:54:21.883][info] [#0:script/workspace/loading.lua:98]: Skip loaded file: file:///home/nisidabay/dotfiles/config/.config/coc/extensions/coc-lua-data/lua-language-server/meta/Lua%205.4%20en-us%20utf8/package.lua
[05:54:21.883][info] [#0:script/workspace/loading.lua:101]: Preload file at: file:///home/nisidabay/dotfiles/config/.config/coc/extensions/coc-lua-data/lua-language-server/meta/Lua%205.4%20en-us%20utf8/math.lua , size = 8.509 KB
[05:54:21.893][info] [#0:script/workspace/loading.lua:113]: ++++As library of:	file:///home/nisidabay/dotfiles/config/.config/coc/extensions/coc-lua-data/lua-language-server/meta/Lua%205.4%20en-us%20utf8/math.lua
[05:54:21.893][info] [#0:script/workspace/loading.lua:98]: Skip loaded file: file:///home/nisidabay/dotfiles/config/.config/coc/extensions/coc-lua-data/lua-language-server/meta/Lua%205.4%20en-us%20utf8/math.lua
[05:54:21.893][info] [#0:script/workspace/loading.lua:101]: Preload file at: file:///home/nisidabay/dotfiles/config/.config/coc/extensions/coc-lua-data/lua-language-server/meta/Lua%205.4%20en-us%20utf8/string.lua , size = 6.341 KB
[05:54:21.901][info] [#0:script/workspace/loading.lua:113]: ++++As library of:	file:///home/nisidabay/dotfiles/config/.config/coc/extensions/coc-lua-data/lua-language-server/meta/Lua%205.4%20en-us%20utf8/string.lua
[05:54:21.901][info] [#0:script/workspace/loading.lua:98]: Skip loaded file: file:///home/nisidabay/dotfiles/config/.config/coc/extensions/coc-lua-data/lua-language-server/meta/Lua%205.4%20en-us%20utf8/string.lua
[05:54:21.901][info] [#0:script/workspace/loading.lua:101]: Preload file at: file:///home/nisidabay/dotfiles/config/.config/coc/extensions/coc-lua-data/lua-language-server/meta/Lua%205.4%20en-us%20utf8/basic.lua , size = 15.336 KB
[05:54:21.917][info] [#0:script/workspace/loading.lua:113]: ++++As library of:	file:///home/nisidabay/dotfiles/config/.config/coc/extensions/coc-lua-data/lua-language-server/meta/Lua%205.4%20en-us%20utf8/basic.lua
[05:54:21.917][info] [#0:script/workspace/loading.lua:98]: Skip loaded file: file:///home/nisidabay/dotfiles/config/.config/coc/extensions/coc-lua-data/lua-language-server/meta/Lua%205.4%20en-us%20utf8/basic.lua
[05:54:21.917][info] [#0:script/workspace/loading.lua:101]: Preload file at: file:///home/nisidabay/dotfiles/config/.config/coc/extensions/coc-lua-data/lua-language-server/meta/Lua%205.4%20en-us%20utf8/io.lua , size = 6.364 KB
[05:54:21.922][info] [#0:script/workspace/loading.lua:113]: ++++As library of:	file:///home/nisidabay/dotfiles/config/.config/coc/extensions/coc-lua-data/lua-language-server/meta/Lua%205.4%20en-us%20utf8/io.lua
[05:54:21.922][info] [#0:script/workspace/loading.lua:98]: Skip loaded file: file:///home/nisidabay/dotfiles/config/.config/coc/extensions/coc-lua-data/lua-language-server/meta/Lua%205.4%20en-us%20utf8/io.lua
[05:54:21.922][info] [#0:script/workspace/loading.lua:101]: Preload file at: file:///home/nisidabay/dotfiles/config/.config/coc/extensions/coc-lua-data/lua-language-server/meta/Lua%205.4%20en-us%20utf8/builtin.lua , size = 0.302 KB
[05:54:21.923][info] [#0:script/workspace/loading.lua:113]: ++++As library of:	file:///home/nisidabay/dotfiles/config/.config/coc/extensions/coc-lua-data/lua-language-server/meta/Lua%205.4%20en-us%20utf8/builtin.lua
[05:54:21.923][info] [#0:script/workspace/loading.lua:98]: Skip loaded file: file:///home/nisidabay/dotfiles/config/.config/coc/extensions/coc-lua-data/lua-language-server/meta/Lua%205.4%20en-us%20utf8/builtin.lua
[05:54:21.923][info] [#0:script/workspace/loading.lua:101]: Preload file at: file:///home/nisidabay/dotfiles/config/.config/coc/extensions/coc-lua-data/lua-language-server/meta/Lua%205.4%20en-us%20utf8/utf8.lua , size = 2.386 KB
[05:54:21.925][info] [#0:script/workspace/loading.lua:113]: ++++As library of:	file:///home/nisidabay/dotfiles/config/.config/coc/extensions/coc-lua-data/lua-language-server/meta/Lua%205.4%20en-us%20utf8/utf8.lua
[05:54:21.925][info] [#0:script/workspace/loading.lua:98]: Skip loaded file: file:///home/nisidabay/dotfiles/config/.config/coc/extensions/coc-lua-data/lua-language-server/meta/Lua%205.4%20en-us%20utf8/utf8.lua
[05:54:21.925][info] [#0:script/workspace/loading.lua:101]: Preload file at: file:///home/nisidabay/.local/share/nvim/lazy/nvim/tests/hash_spec.lua , size = 0.885 KB
[05:54:21.926][info] [#0:script/workspace/loading.lua:101]: Preload file at: file:///home/nisidabay/.local/share/nvim/lazy/nvim/tests/palette_spec.lua , size = 0.584 KB
[05:54:21.927][info] [#0:script/workspace/loading.lua:101]: Preload file at: file:///home/nisidabay/.local/share/nvim/lazy/nvim/tests/init.lua , size = 0.753 KB
[05:54:21.928][info] [#0:script/workspace/loading.lua:101]: Preload file at: file:///home/nisidabay/.local/share/nvim/lazy/nvim/tests/flavour_spec.lua , size = 3.023 KB
[05:54:21.932][info] [#0:script/workspace/loading.lua:101]: Preload file at: file:///home/nisidabay/.local/share/nvim/lazy/nvim/lua/catppuccin/utils/lualine.lua , size = 1.162 KB
[05:54:21.933][info] [#0:script/workspace/loading.lua:101]: Preload file at: file:///home/nisidabay/.local/share/nvim/lazy/nvim/lua/catppuccin/utils/colors.lua , size = 4.638 KB
[05:54:21.938][info] [#0:script/workspace/loading.lua:101]: Preload file at: file:///home/nisidabay/.local/share/nvim/lazy/nvim/lua/catppuccin/palettes/init.lua , size = 0.627 KB
[05:54:21.939][info] [#0:script/workspace/loading.lua:101]: Preload file at: file:///home/nisidabay/.local/share/nvim/lazy/nvim/lua/catppuccin/utils/barbecue.lua , size = 1.795 KB
[05:54:21.940][info] [#0:script/workspace/loading.lua:101]: Preload file at: file:///home/nisidabay/.local/share/nvim/lazy/nvim/lua/catppuccin/palettes/macchiato.lua , size = 0.549 KB
[05:54:21.941][info] [#0:script/workspace/loading.lua:101]: Preload file at: file:///home/nisidabay/.local/share/nvim/lazy/nvim/lua/catppuccin/palettes/latte.lua , size = 0.549 KB
[05:54:21.942][info] [#0:script/workspace/loading.lua:101]: Preload file at: file:///home/nisidabay/.local/share/nvim/lazy/nvim/lua/catppuccin/init.lua , size = 5.219 KB
[05:54:21.946][info] [#0:script/workspace/loading.lua:101]: Preload file at: file:///home/nisidabay/.local/share/nvim/lazy/nvim/lua/catppuccin/palettes/mocha.lua , size = 0.549 KB
[05:54:21.951][info] [#0:script/workspace/loading.lua:101]: Preload file at: file:///home/nisidabay/.local/share/nvim/lazy/nvim/lua/catppuccin/groups/terminal.lua , size = 0.532 KB
[05:54:21.951][info] [#0:script/workspace/loading.lua:101]: Preload file at: file:///home/nisidabay/.local/share/nvim/lazy/nvim/lua/catppuccin/groups/syntax.lua , size = 4.913 KB
[05:54:21.955][info] [#0:script/workspace/loading.lua:101]: Preload file at: file:///home/nisidabay/.local/share/nvim/lazy/nvim/lua/catppuccin/groups/editor.lua , size = 6.539 KB
[05:54:21.959][info] [#0:script/workspace/loading.lua:101]: Preload file at: file:///home/nisidabay/.local/share/nvim/lazy/nvim/lua/catppuccin/groups/integrations/mini.lua , size = 2.622 KB
[05:54:21.962][info] [#0:script/workspace/loading.lua:101]: Preload file at: file:///home/nisidabay/.local/share/nvim/lazy/nvim/lua/catppuccin/groups/integrations/harpoon.lua , size = 0.176 KB
[05:54:21.962][info] [#0:script/workspace/loading.lua:101]: Preload file at: file:///home/nisidabay/.local/share/nvim/lazy/nvim/lua/catppuccin/groups/integrations/neotest.lua , size = 0.688 KB
[05:54:21.963][info] [#0:script/workspace/loading.lua:101]: Preload file at: file:///home/nisidabay/.local/share/nvim/lazy/nvim/lua/catppuccin/groups/integrations/beacon.lua , size = 0.084 KB
[05:54:21.963][info] [#0:script/workspace/loading.lua:101]: Preload file at: file:///home/nisidabay/.local/share/nvim/lazy/nvim/lua/catppuccin/groups/integrations/semantic_tokens.lua , size = 2.085 KB
[05:54:21.964][info] [#0:script/workspace/loading.lua:101]: Preload file at: file:///home/nisidabay/.local/share/nvim/lazy/nvim/lua/catppuccin/groups/integrations/pounce.lua , size = 0.352 KB
[05:54:21.965][info] [#0:script/workspace/loading.lua:101]: Preload file at: file:///home/nisidabay/.local/share/nvim/lazy/nvim/lua/catppuccin/groups/integrations/overseer.lua , size = 0.426 KB
[05:54:21.965][info] [#0:script/workspace/loading.lua:101]: Preload file at: file:///home/nisidabay/.local/share/nvim/lazy/nvim/lua/catppuccin/groups/integrations/aerial.lua , size = 1.260 KB
[05:54:21.966][info] [#0:script/workspace/loading.lua:101]: Preload file at: file:///home/nisidabay/.local/share/nvim/lazy/nvim/lua/catppuccin/groups/integrations/which_key.lua , size = 0.287 KB
[05:54:21.967][info] [#0:script/workspace/loading.lua:101]: Preload file at: file:///home/nisidabay/.local/share/nvim/lazy/nvim/lua/catppuccin/groups/integrations/notify.lua , size = 0.735 KB
[05:54:21.967][info] [#0:script/workspace/loading.lua:101]: Preload file at: file:///home/nisidabay/.local/share/nvim/lazy/nvim/lua/catppuccin/groups/integrations/lsp_trouble.lua , size = 0.264 KB
[05:54:21.968][info] [#0:script/workspace/loading.lua:101]: Preload file at: file:///home/nisidabay/.local/share/nvim/lazy/nvim/lua/catppuccin/groups/integrations/vim_sneak.lua , size = 0.131 KB
[05:54:21.968][info] [#0:script/workspace/loading.lua:101]: Preload file at: file:///home/nisidabay/.local/share/nvim/lazy/nvim/lua/catppuccin/groups/integrations/ts_rainbow.lua , size = 0.288 KB
[05:54:21.969][info] [#0:script/workspace/loading.lua:101]: Preload file at: file:///home/nisidabay/.local/share/nvim/lazy/nvim/lua/catppuccin/groups/integrations/flash.lua , size = 0.299 KB
[05:54:21.969][info] [#0:script/workspace/loading.lua:101]: Preload file at: file:///home/nisidabay/.local/share/nvim/lazy/nvim/lua/catppuccin/groups/integrations/coc_nvim.lua , size = 0.354 KB
[05:54:21.970][info] [#0:script/workspace/loading.lua:101]: Preload file at: file:///home/nisidabay/.local/share/nvim/lazy/nvim/lua/catppuccin/groups/integrations/window_picker.lua , size = 0.299 KB
[05:54:21.970][info] [#0:script/workspace/loading.lua:101]: Preload file at: file:///home/nisidabay/.local/share/nvim/lazy/nvim/lua/catppuccin/groups/integrations/indent_blankline.lua , size = 0.630 KB
[05:54:21.971][info] [#0:script/workspace/loading.lua:101]: Preload file at: file:///home/nisidabay/.local/share/nvim/lazy/nvim/lua/catppuccin/groups/integrations/fidget.lua , size = 0.182 KB
[05:54:21.972][info] [#0:script/workspace/loading.lua:101]: Preload file at: file:///home/nisidabay/.local/share/nvim/lazy/nvim/lua/catppuccin/groups/integrations/dropbar.lua , size = 5.280 KB
[05:54:21.975][info] [#0:script/workspace/loading.lua:101]: Preload file at: file:///home/nisidabay/.local/share/nvim/lazy/nvim/lua/catppuccin/groups/integrations/feline.lua , size = 9.771 KB
[05:54:21.983][info] [#0:script/workspace/loading.lua:101]: Preload file at: file:///home/nisidabay/.local/share/nvim/lazy/nvim/lua/catppuccin/groups/integrations/gitgutter.lua , size = 0.164 KB
[05:54:21.983][info] [#0:script/workspace/loading.lua:101]: Preload file at: file:///home/nisidabay/.local/share/nvim/lazy/nvim/lua/catppuccin/groups/integrations/alpha.lua , size = 0.255 KB
[05:54:21.984][info] [#0:script/workspace/loading.lua:101]: Preload file at: file:///home/nisidabay/.local/share/nvim/lazy/nvim/lua/catppuccin/groups/integrations/illuminate.lua , size = 0.328 KB
[05:54:21.984][info] [#0:script/workspace/loading.lua:101]: Preload file at: file:///home/nisidabay/.local/share/nvim/lazy/nvim/lua/catppuccin/groups/integrations/notifier.lua , size = 0.238 KB
[05:54:21.985][info] [#0:script/workspace/loading.lua:101]: Preload file at: file:///home/nisidabay/.local/share/nvim/lazy/nvim/lua/catppuccin/groups/integrations/markdown.lua , size = 0.485 KB
[05:54:21.985][info] [#0:script/workspace/loading.lua:101]: Preload file at: file:///home/nisidabay/.local/share/nvim/lazy/nvim/lua/catppuccin/groups/integrations/sandwich.lua , size = 0.274 KB
[05:54:21.986][info] [#0:script/workspace/loading.lua:101]: Preload file at: file:///home/nisidabay/.local/share/nvim/lazy/nvim/lua/catppuccin/groups/integrations/lightspeed.lua , size = 0.800 KB
[05:54:21.987][info] [#0:script/workspace/loading.lua:101]: Preload file at: file:///home/nisidabay/.local/share/nvim/lazy/nvim/lua/catppuccin/groups/integrations/hop.lua , size = 0.363 KB
[05:54:21.987][info] [#0:script/workspace/loading.lua:101]: Preload file at: file:///home/nisidabay/.local/share/nvim/lazy/nvim/lua/catppuccin/groups/integrations/vimwiki.lua , size = 0.747 KB
[05:54:21.988][info] [#0:script/workspace/loading.lua:101]: Preload file at: file:///home/nisidabay/.local/share/nvim/lazy/nvim/lua/catppuccin/groups/integrations/fern.lua , size = 0.092 KB
[05:54:21.989][info] [#0:script/workspace/loading.lua:101]: Preload file at: file:///home/nisidabay/.local/share/nvim/lazy/nvim/lua/catppuccin/groups/integrations/native_lsp.lua , size = 6.428 KB
[05:54:21.999][info] [#0:script/workspace/loading.lua:101]: Preload file at: file:///home/nisidabay/.local/share/nvim/lazy/nvim/lua/catppuccin/groups/integrations/dashboard.lua , size = 0.460 KB
[05:54:22.000][info] [#0:script/workspace/loading.lua:101]: Preload file at: file:///home/nisidabay/.local/share/nvim/lazy/nvim/lua/catppuccin/groups/integrations/telescope.lua , size = 1.812 KB
[05:54:22.001][info] [#0:script/workspace/loading.lua:173]: Loaded files takes [0.161] sec: <fallback>
[05:54:22.001][info] [#0:script/workspace/loading.lua:182]: Compile files takes [0.000] sec: <fallback>
[05:54:22.001][info] [#0:script/workspace/loading.lua:183]: Loaded finish:	<fallback>
[05:54:22.001][info] [#0:script/workspace/workspace.lua:381]: Preload finish at:	<fallback>
[05:54:22.011][info] [#0:script/workspace/loading.lua:101]: Preload file at: file:///home/nisidabay/.local/share/nvim/lazy/nvim/lua/catppuccin/groups/integrations/treesitter.lua , size = 8.547 KB
[05:54:22.017][warn] [#0:script/proto/proto.lua:138]: Response of [workspace/diagnostic/refresh] error [-32601]: Unhandled method workspace/diagnostic/refresh
[05:54:22.017][info] [#0:script/workspace/loading.lua:101]: Preload file at: file:///home/nisidabay/.local/share/nvim/lazy/nvim/lua/catppuccin/groups/integrations/nvimtree.lua , size = 0.889 KB
[05:54:22.018][info] [#0:script/workspace/loading.lua:101]: Preload file at: file:///home/nisidabay/.local/share/nvim/lazy/nvim/lua/catppuccin/groups/integrations/barbar.lua , size = 0.966 KB
[05:54:22.019][info] [#0:script/workspace/loading.lua:101]: Preload file at: file:///home/nisidabay/.local/share/nvim/lazy/nvim/lua/catppuccin/groups/integrations/treesitter_context.lua , size = 0.316 KB
[05:54:22.020][info] [#0:script/workspace/loading.lua:101]: Preload file at: file:///home/nisidabay/.local/share/nvim/lazy/nvim/lua/catppuccin/groups/integrations/bufferline.lua , size = 4.719 KB
[05:54:22.023][info] [#0:script/workspace/loading.lua:101]: Preload file at: file:///home/nisidabay/.local/share/nvim/lazy/nvim/lua/catppuccin/groups/integrations/headlines.lua , size = 0.502 KB
[05:54:22.024][info] [#0:script/workspace/loading.lua:101]: Preload file at: file:///home/nisidabay/.local/share/nvim/lazy/nvim/lua/catppuccin/groups/integrations/dap.lua , size = 1.212 KB
[05:54:22.025][info] [#0:script/workspace/loading.lua:101]: Preload file at: file:///home/nisidabay/.local/share/nvim/lazy/nvim/lua/catppuccin/groups/integrations/symbols_outline.lua , size = 0.105 KB
[05:54:22.025][info] [#0:script/workspace/loading.lua:101]: Preload file at: file:///home/nisidabay/.local/share/nvim/lazy/nvim/lua/catppuccin/groups/integrations/rainbow_delimiters.lua , size = 0.354 KB
[05:54:22.026][info] [#0:script/workspace/loading.lua:101]: Preload file at: file:///home/nisidabay/.local/share/nvim/lazy/nvim/lua/catppuccin/groups/integrations/telekasten.lua , size = 0.141 KB
[05:54:22.026][info] [#0:script/workspace/loading.lua:101]: Preload file at: file:///home/nisidabay/.local/share/nvim/lazy/nvim/lua/catppuccin/groups/integrations/navic.lua , size = 1.815 KB
[05:54:22.028][info] [#0:script/workspace/loading.lua:101]: Preload file at: file:///home/nisidabay/.local/share/nvim/lazy/nvim/lua/catppuccin/groups/integrations/ts_rainbow2.lua , size = 0.306 KB
[05:54:22.028][info] [#0:script/workspace/loading.lua:101]: Preload file at: file:///home/nisidabay/.local/share/nvim/lazy/nvim/lua/catppuccin/groups/integrations/cmp.lua , size = 1.391 KB
[05:54:22.030][info] [#0:script/workspace/loading.lua:101]: Preload file at: file:///home/nisidabay/.local/share/nvim/lazy/nvim/lua/catppuccin/groups/integrations/neotree.lua , size = 1.487 KB
[05:54:22.031][info] [#0:script/workspace/loading.lua:101]: Preload file at: file:///home/nisidabay/.local/share/nvim/lazy/nvim/lua/catppuccin/groups/integrations/ufo.lua , size = 0.146 KB
[05:54:22.032][info] [#0:script/workspace/loading.lua:101]: Preload file at: file:///home/nisidabay/.local/share/nvim/lazy/nvim/lua/catppuccin/groups/integrations/gitsigns.lua , size = 1.832 KB
[05:54:22.033][info] [#0:script/workspace/loading.lua:101]: Preload file at: file:///home/nisidabay/.local/share/nvim/lazy/nvim/lua/catppuccin/groups/integrations/neogit.lua , size = 2.440 KB
[05:54:22.036][info] [#0:script/workspace/loading.lua:101]: Preload file at: file:///home/nisidabay/.local/share/nvim/lazy/nvim/lua/catppuccin/groups/integrations/leap.lua , size = 0.946 KB
[05:54:22.037][info] [#0:script/workspace/loading.lua:101]: Preload file at: file:///home/nisidabay/.local/share/nvim/lazy/nvim/lua/catppuccin/groups/integrations/mason.lua , size = 1.273 KB
[05:54:22.038][info] [#0:script/workspace/loading.lua:101]: Preload file at: file:///home/nisidabay/.local/share/nvim/lazy/nvim/lua/catppuccin/groups/integrations/NormalNvim.lua , size = 0.435 KB
[05:54:22.039][info] [#0:script/workspace/loading.lua:101]: Preload file at: file:///home/nisidabay/.local/share/nvim/lazy/nvim/lua/catppuccin/groups/integrations/lsp_saga.lua , size = 4.409 KB
[05:54:22.043][info] [#0:script/workspace/loading.lua:101]: Preload file at: file:///home/nisidabay/.local/share/nvim/lazy/nvim/lua/catppuccin/groups/integrations/noice.lua , size = 0.503 KB
[05:54:22.043][info] [#0:script/workspace/loading.lua:101]: Preload file at: file:///home/nisidabay/.local/share/nvim/lazy/nvim/lua/catppuccin/groups/integrations/octo.lua , size = 3.211 KB
[05:54:22.046][info] [#0:script/workspace/loading.lua:101]: Preload file at: file:///home/nisidabay/.local/share/nvim/lazy/nvim/lua/catppuccin/lib/compiler.lua , size = 2.925 KB
[05:54:22.049][info] [#0:script/workspace/loading.lua:101]: Preload file at: file:///home/nisidabay/.local/share/nvim/lazy/nvim/lua/catppuccin/types.lua , size = 9.448 KB
[05:54:22.055][info] [#0:script/workspace/loading.lua:101]: Preload file at: file:///home/nisidabay/.local/share/nvim/lazy/nvim/lua/catppuccin/lib/vim/init.lua , size = 2.347 KB
[05:54:22.057][info] [#0:script/workspace/loading.lua:101]: Preload file at: file:///home/nisidabay/.local/share/nvim/lazy/nvim/lua/catppuccin/lib/hsluv.lua , size = 8.214 KB
[05:54:22.076][info] [#0:script/workspace/loading.lua:101]: Preload file at: file:///home/nisidabay/.local/share/nvim/lazy/nvim/lua/catppuccin/lib/vim/compiler.lua , size = 2.828 KB
[05:54:22.078][info] [#0:script/workspace/loading.lua:101]: Preload file at: file:///home/nisidabay/.local/share/nvim/lazy/nvim/lua/catppuccin/lib/vim/bit.lua , size = 1.583 KB
[05:54:22.080][info] [#0:script/workspace/loading.lua:101]: Preload file at: file:///home/nisidabay/.local/share/nvim/lazy/nvim/lua/catppuccin/lib/hashing.lua , size = 0.587 KB
[05:54:22.081][info] [#0:script/workspace/loading.lua:101]: Preload file at: file:///home/nisidabay/.local/share/nvim/lazy/nvim/lua/catppuccin/lib/mapper.lua , size = 1.960 KB
[05:54:22.083][info] [#0:script/workspace/loading.lua:101]: Preload file at: file:///home/nisidabay/.local/share/nvim/lazy/nvim/lua/catppuccin/lib/highlighter.lua , size = 0.327 KB
[05:54:22.084][info] [#0:script/workspace/loading.lua:101]: Preload file at: file:///home/nisidabay/.local/share/nvim/lazy/nvim/lua/lualine/themes/catppuccin-latte.lua , size = 0.049 KB
[05:54:22.084][info] [#0:script/workspace/loading.lua:101]: Preload file at: file:///home/nisidabay/.local/share/nvim/lazy/nvim/lua/lualine/themes/catppuccin-mocha.lua , size = 0.049 KB
[05:54:22.084][info] [#0:script/workspace/loading.lua:101]: Preload file at: file:///home/nisidabay/.local/share/nvim/lazy/nvim/lua/lualine/themes/catppuccin-macchiato.lua , size = 0.053 KB
[05:54:22.084][info] [#0:script/workspace/loading.lua:101]: Preload file at: file:///home/nisidabay/.local/share/nvim/lazy/nvim/lua/lualine/themes/catppuccin-frappe.lua , size = 0.050 KB
[05:54:22.085][info] [#0:script/workspace/loading.lua:101]: Preload file at: file:///home/nisidabay/.local/share/nvim/lazy/nvim/lua/barbecue/theme/catppuccin-mocha.lua , size = 0.050 KB
[05:54:22.085][info] [#0:script/workspace/loading.lua:101]: Preload file at: file:///home/nisidabay/.local/share/nvim/lazy/nvim/lua/lualine/themes/catppuccin.lua , size = 0.043 KB
[05:54:22.085][info] [#0:script/workspace/loading.lua:101]: Preload file at: file:///home/nisidabay/.local/share/nvim/lazy/nvim/lua/barbecue/theme/catppuccin-macchiato.lua , size = 0.054 KB
[05:54:22.085][info] [#0:script/workspace/loading.lua:101]: Preload file at: file:///home/nisidabay/.local/share/nvim/lazy/nvim/lua/barbecue/theme/catppuccin-latte.lua , size = 0.050 KB
[05:54:22.086][info] [#0:script/workspace/loading.lua:101]: Preload file at: file:///home/nisidabay/.local/share/nvim/lazy/nvim/lua/barbecue/theme/catppuccin-frappe.lua , size = 0.051 KB
[05:54:22.187][info] [#0:script/workspace/loading.lua:101]: Preload file at: file:///home/nisidabay/.local/share/nvim/lazy/nvim/lua/barbecue/theme/catppuccin.lua , size = 0.044 KB
[05:54:22.322][info] [#0:script/workspace/loading.lua:173]: Loaded files takes [0.284] sec: file:///home/nisidabay/.local/share/nvim/lazy/nvim
[05:54:22.323][info] [#0:script/workspace/loading.lua:182]: Compile files takes [0.000] sec: file:///home/nisidabay/.local/share/nvim/lazy/nvim
[05:54:22.323][info] [#0:script/workspace/loading.lua:183]: Loaded finish:	file:///home/nisidabay/.local/share/nvim/lazy/nvim
[05:54:22.323][info] [#0:script/workspace/workspace.lua:381]: Preload finish at:	file:///home/nisidabay/.local/share/nvim/lazy/nvim
[05:54:22.338][info] [#0:script/provider/diagnostic.lua:557]: Diagnostics scope [file:///home/nisidabay/.local/share/nvim/lazy/nvim], files count:[102]
[05:54:22.338][warn] [#0:script/proto/proto.lua:138]: Response of [workspace/diagnostic/refresh] error [-32601]: Unhandled method workspace/diagnostic/refresh
[05:54:23.106][info] [#0:script/provider/diagnostic.lua:574]: Diagnostics scope [file:///home/nisidabay/.local/share/nvim/lazy/nvim] finished, takes [0.767] sec.
