2024-05-10 23:03:11.418 [info] Added views:workbench.panel.markers.view in workbench.panel.markers
2024-05-10 23:03:11.418 [info] Added views:workbench.panel.output in workbench.panel.output
2024-05-10 23:03:11.418 [info] Added views:terminal in terminal
2024-05-10 23:03:11.418 [info] Added views:outline in workbench.view.explorer
2024-05-10 23:03:11.418 [info] Added views:workbench.scm in workbench.view.scm
2024-05-10 23:03:11.418 [info] Added views:workbench.view.search in workbench.view.search
2024-05-10 23:03:11.418 [info] Added views:timeline in workbench.view.explorer
2024-05-10 23:03:11.418 [info] Added views:workbench.explorer.fileView in workbench.view.explorer
2024-05-10 23:03:12.041 [info] Added views:workbench.debug.variablesView,workbench.debug.watchExpressionsView,workbench.debug.callStackView,workbench.debug.breakPointsView in workbench.view.debug
2024-05-10 23:03:12.452 [info] Added views:workbench.panel.repl.view in workbench.panel.repl
2024-05-10 23:03:12.484 [info] Removed views:workbench.debug.breakPointsView,workbench.debug.callStackView,workbench.debug.watchExpressionsView,workbench.debug.variablesView from workbench.view.debug
2024-05-10 23:03:12.485 [info] Added views:workbench.debug.welcome in workbench.view.debug
2024-05-10 23:03:12.761 [info] Added views:workbench.view.testing in workbench.view.extension.test
2024-05-10 23:03:13.180 [info] Added views:~remote.forwardedPorts in ~remote.forwardedPortsContainer
2024-05-10 23:03:17.960 [info] Removed views:workbench.view.testing from workbench.view.extension.test
2024-05-10 23:03:18.033 [info] Added views:workbench.view.testing in workbench.view.extension.test
2024-05-10 23:03:45.300 [info] Removed views:workbench.view.testing from workbench.view.extension.test
2024-05-10 23:03:46.617 [info] Added views:workbench.panel.markers.view in workbench.panel.markers
2024-05-10 23:03:46.617 [info] Added views:workbench.panel.output in workbench.panel.output
2024-05-10 23:03:46.617 [info] Added views:terminal in terminal
2024-05-10 23:03:46.617 [info] Added views:outline in workbench.view.explorer
2024-05-10 23:03:46.617 [info] Added views:workbench.scm in workbench.view.scm
2024-05-10 23:03:46.617 [info] Added views:workbench.view.search in workbench.view.search
2024-05-10 23:03:46.617 [info] Added views:timeline in workbench.view.explorer
2024-05-10 23:03:46.617 [info] Added views:workbench.explorer.fileView in workbench.view.explorer
2024-05-10 23:03:47.089 [info] Added views:workbench.debug.variablesView,workbench.debug.watchExpressionsView,workbench.debug.callStackView,workbench.debug.breakPointsView in workbench.view.debug
2024-05-10 23:03:47.298 [info] Added views:workbench.panel.repl.view in workbench.panel.repl
2024-05-10 23:03:47.300 [info] Removed views:workbench.debug.breakPointsView,workbench.debug.callStackView,workbench.debug.watchExpressionsView,workbench.debug.variablesView from workbench.view.debug
2024-05-10 23:03:47.300 [info] Added views:workbench.debug.welcome in workbench.view.debug
2024-05-10 23:03:47.318 [info] Added views:~remote.forwardedPorts in ~remote.forwardedPortsContainer
2024-05-10 23:09:01.110 [info] Added views:workbench.views.extensions.installed,workbench.views.extensions.popular,extensions.recommendedList in workbench.view.extensions
2024-05-10 23:09:01.119 [info] Removed views:workbench.views.extensions.popular from workbench.view.extensions
