2024-05-17 20:28:52.417 [warning] <C-k>. Duplicate remapped key for <C-k>.
2024-05-17 20:28:52.417 [warning] <C-j>. Duplicate remapped key for <C-j>.
2024-05-17 20:28:52.417 [warning] <C-j>. Duplicate remapped key for <C-j>.
2024-05-17 20:28:52.417 [warning] <C-k>. Duplicate remapped key for <C-k>.
2024-05-17 20:28:52.417 [error] undefined missing 'after' key or 'commands'.
2024-05-17 20:28:52.417 [error] Remapping of 'undefined' should be a string array.
2024-05-17 20:29:25.201 [info] Active editor: file:///home/nisidabay/Downloads/Refactor/curso_cpp/main.cpp
2024-05-17 20:29:34.657 [info] Active editor: vscode-userdata:/home/nisidabay/.config/Code%20-%20OSS/User/settings.json
2024-05-17 20:29:35.185 [info] Configuration changed
2024-05-17 20:29:35.189 [warning] <C-k>. Duplicate remapped key for <C-k>.
2024-05-17 20:29:35.189 [warning] <C-j>. Duplicate remapped key for <C-j>.
2024-05-17 20:29:35.189 [warning] <C-j>. Duplicate remapped key for <C-j>.
2024-05-17 20:29:35.189 [warning] <C-k>. Duplicate remapped key for <C-k>.
2024-05-17 20:29:35.189 [error] undefined missing 'after' key or 'commands'.
2024-05-17 20:29:35.189 [error] Remapping of 'undefined' should be a string array.
2024-05-17 20:30:14.181 [info] Executing :w
2024-05-17 20:30:14.584 [info] Configuration changed
2024-05-17 20:30:14.591 [warning] <C-k>. Duplicate remapped key for <C-k>.
2024-05-17 20:30:14.591 [warning] <C-j>. Duplicate remapped key for <C-j>.
2024-05-17 20:30:14.591 [warning] <C-j>. Duplicate remapped key for <C-j>.
2024-05-17 20:30:14.591 [warning] <C-k>. Duplicate remapped key for <C-k>.
2024-05-17 20:30:14.591 [error] undefined missing 'after' key or 'commands'.
2024-05-17 20:30:14.591 [error] Remapping of 'undefined' should be a string array.
2024-05-17 20:30:14.591 [error] undefined missing 'after' key or 'commands'.
2024-05-17 20:30:14.591 [error] Remapping of 'undefined' should be a string array.
2024-05-17 20:30:21.695 [info] Active editor: file:///home/nisidabay/Downloads/Refactor/curso_cpp/main.cpp
2024-05-17 20:30:33.971 [info] Executing :w
2024-05-17 20:31:02.031 [info] Active editor: vscode-userdata:/home/nisidabay/.config/Code%20-%20OSS/User/settings.json
2024-05-17 20:31:35.346 [info] Executing :w
2024-05-17 20:31:35.735 [info] Configuration changed
2024-05-17 20:31:35.740 [warning] <C-k>. Duplicate remapped key for <C-k>.
2024-05-17 20:31:35.740 [warning] <C-j>. Duplicate remapped key for <C-j>.
2024-05-17 20:31:35.740 [warning] <C-j>. Duplicate remapped key for <C-j>.
2024-05-17 20:31:35.740 [warning] <C-k>. Duplicate remapped key for <C-k>.
2024-05-17 20:31:35.740 [error] undefined missing 'after' key or 'commands'.
2024-05-17 20:31:35.740 [error] Remapping of 'undefined' should be a string array.
2024-05-17 20:32:17.121 [info] Executing :w
2024-05-17 20:32:17.487 [info] Configuration changed
2024-05-17 20:32:31.884 [info] Active editor: file:///home/nisidabay/Downloads/Refactor/curso_cpp/main.cpp
2024-05-17 20:32:33.543 [info] Active editor: vscode-userdata:/home/nisidabay/.config/Code%20-%20OSS/User/settings.json
2024-05-17 20:32:35.362 [info] /settings/user closed
2024-05-17 20:32:35.501 [info] /settings/resourceLanguage closed
2024-05-17 20:32:35.593 [info] /launch closed
2024-05-17 20:32:35.596 [info] /token-styling closed
2024-05-17 20:32:35.598 [info] /textmate-colors closed
2024-05-17 20:32:35.613 [info] /workbench-colors closed
2024-05-17 20:33:09.282 [info] Active editor: vscode-userdata:/home/nisidabay/.config/Code%20-%20OSS/User/settings.json
2024-05-17 20:33:25.404 [info] Active editor: vscode-userdata:/home/nisidabay/.config/Code%20-%20OSS/User/settings.json
2024-05-17 20:33:28.030 [info] Executing :w
2024-05-17 20:33:28.290 [info] Configuration changed
2024-05-17 20:33:30.239 [warning] invalid cursor position. [[84, 8] | [84, 8]].
2024-05-17 20:33:41.719 [info] Executing :w
2024-05-17 20:33:41.999 [info] Configuration changed
2024-05-17 20:34:00.156 [info] Active editor: vscode-userdata:/home/nisidabay/.config/Code%20-%20OSS/User/settings.json
2024-05-17 20:34:24.282 [warning] invalid cursor position. [[1, 8] | [1, 8]].
2024-05-17 20:34:33.982 [info] Executing :w
2024-05-17 20:34:34.260 [info] Configuration changed
2024-05-17 20:35:35.465 [info] /settings/user closed
2024-05-17 20:35:35.708 [info] /settings/resourceLanguage closed
2024-05-17 20:35:35.792 [info] /launch closed
2024-05-17 20:35:35.793 [info] /token-styling closed
2024-05-17 20:35:35.794 [info] /textmate-colors closed
2024-05-17 20:35:35.798 [info] /workbench-colors closed
2024-05-17 20:35:45.023 [info] Executing :we
2024-05-17 20:35:47.035 [info] Executing :w
2024-05-17 20:35:47.415 [info] Configuration changed
2024-05-17 20:35:52.413 [info] Executing :w
2024-05-17 20:36:05.447 [info] Active editor: file:///home/nisidabay/Downloads/Refactor/curso_cpp/main.cpp
2024-05-17 20:36:31.285 [info] Active editor: file:///home/nisidabay/Downloads/Refactor/curso_cpp/main.cpp
2024-05-17 20:36:33.239 [info] Active editor: vscode-userdata:/home/nisidabay/.config/Code%20-%20OSS/User/settings.json
2024-05-17 20:36:41.180 [info] Executing :w
2024-05-17 20:36:41.582 [info] Configuration changed
2024-05-17 20:36:49.483 [info] Active editor: file:///home/nisidabay/Downloads/Refactor/curso_cpp/main.cpp
2024-05-17 20:36:52.651 [info] Active editor: file:///home/nisidabay/Downloads/Refactor/curso_cpp/main.cpp
2024-05-17 20:36:56.834 [info] Executing :w
2024-05-17 20:37:23.334 [info] Active editor: file:///home/nisidabay/Downloads/Refactor/curso_cpp/main.cpp
2024-05-17 20:37:24.883 [info] Active editor: file:///home/nisidabay/Downloads/Refactor/curso_cpp/main.cpp
2024-05-17 20:37:31.212 [info] Active editor: file:///home/nisidabay/Downloads/Refactor/curso_cpp/main.cpp
2024-05-17 20:37:33.237 [info] Active editor: file:///home/nisidabay/Downloads/Refactor/curso_cpp/main.cpp
2024-05-17 20:38:35.520 [info] /settings/user closed
2024-05-17 20:38:35.781 [info] /settings/resourceLanguage closed
2024-05-17 20:38:35.983 [info] /launch closed
2024-05-17 20:38:35.984 [info] /token-styling closed
2024-05-17 20:38:35.987 [info] /textmate-colors closed
2024-05-17 20:38:35.996 [info] /workbench-colors closed
2024-05-17 20:39:08.717 [info] /home/nisidabay/Downloads/Refactor/curso_cpp/main.cpp closed
2024-05-17 20:39:08.790 [info] Active editor: file:///home/nisidabay/Downloads/Refactor/curso_cpp/first.cpp
2024-05-17 20:39:17.945 [info] Active editor: file:///home/nisidabay/Downloads/Refactor/curso_cpp/first.cpp
