2024-05-17 20:00:42.178 [info] Started local extension host with pid 1684440.
2024-05-17 20:00:42.260 [error] Extension 'ms-python.debugpy CANNOT USE these API proposals 'portsAttributes, contribIssueReporter, debugVisualization'. You MUST start in extension development mode or use the --enable-proposed-api command line flag
2024-05-17 20:00:42.260 [error] Extension 'ms-python.python CANNOT USE these API proposals 'contribEditorContentMenu, quickPickSortByLabel, testObserver, quickPickItemTooltip, terminalDataWriteEvent, terminalExecuteCommandEvent, contribIssueReporter'. You MUST start in extension development mode or use the --enable-proposed-api command line flag
2024-05-17 20:00:42.357 [error] [ms-python.debugpy]: issue/reporter is a proposed menu identifier. It requires 'package.json#enabledApiProposals: ["contribIssueReporter"]' and is only available when running out of dev or with the following command line switch: --enable-proposed-api ms-python.debugpy
2024-05-17 20:00:42.358 [error] [ms-python.python]: issue/reporter is a proposed menu identifier. It requires 'package.json#enabledApiProposals: ["contribIssueReporter"]' and is only available when running out of dev or with the following command line switch: --enable-proposed-api ms-python.python
2024-05-17 20:00:42.358 [error] [ms-python.python]: editor/content is a proposed menu identifier. It requires 'package.json#enabledApiProposals: ["contribEditorContentMenu"]' and is only available when running out of dev or with the following command line switch: --enable-proposed-api ms-python.python
2024-05-17 20:00:44.352 [error] ENOENT: no such file or directory, open '/home/nisidabay/.config/Code - OSS/User/globalStorage/vscodevim.vim/.registers': Error: ENOENT: no such file or directory, open '/home/nisidabay/.config/Code - OSS/User/globalStorage/vscodevim.vim/.registers'
2024-05-17 20:00:45.228 [info] [perf] Render performance baseline is 74ms
2024-05-17 20:01:41.739 [info] Started local extension host with pid 1685424.
2024-05-17 20:01:41.801 [error] Extension 'ms-python.debugpy CANNOT USE these API proposals 'portsAttributes, contribIssueReporter, debugVisualization'. You MUST start in extension development mode or use the --enable-proposed-api command line flag
2024-05-17 20:01:41.802 [error] Extension 'ms-python.python CANNOT USE these API proposals 'contribEditorContentMenu, quickPickSortByLabel, testObserver, quickPickItemTooltip, terminalDataWriteEvent, terminalExecuteCommandEvent, contribIssueReporter'. You MUST start in extension development mode or use the --enable-proposed-api command line flag
2024-05-17 20:01:41.873 [error] [ms-python.debugpy]: issue/reporter is a proposed menu identifier. It requires 'package.json#enabledApiProposals: ["contribIssueReporter"]' and is only available when running out of dev or with the following command line switch: --enable-proposed-api ms-python.debugpy
2024-05-17 20:01:41.873 [error] [ms-python.python]: issue/reporter is a proposed menu identifier. It requires 'package.json#enabledApiProposals: ["contribIssueReporter"]' and is only available when running out of dev or with the following command line switch: --enable-proposed-api ms-python.python
2024-05-17 20:01:41.874 [error] [ms-python.python]: editor/content is a proposed menu identifier. It requires 'package.json#enabledApiProposals: ["contribEditorContentMenu"]' and is only available when running out of dev or with the following command line switch: --enable-proposed-api ms-python.python
2024-05-17 20:01:45.154 [info] [perf] Render performance baseline is 51ms
2024-05-17 20:04:00.341 [warning] Settings pattern "accessibility.signalOptions.*" doesn't match any settings
2024-05-17 20:11:05.888 [warning] Settings pattern "accessibility.signalOptions.*" doesn't match any settings
2024-05-17 20:11:43.475 [warning] Settings pattern "accessibility.signalOptions.*" doesn't match any settings
2024-05-17 20:16:36.103 [warning] Settings pattern "accessibility.signalOptions.*" doesn't match any settings
2024-05-17 20:21:02.700 [warning] Settings pattern "accessibility.signalOptions.*" doesn't match any settings
2024-05-17 20:22:17.699 [warning] Settings pattern "accessibility.signalOptions.*" doesn't match any settings
2024-05-17 20:22:43.183 [warning] Settings pattern "accessibility.signalOptions.*" doesn't match any settings
2024-05-17 20:25:46.004 [warning] Settings pattern "accessibility.signalOptions.*" doesn't match any settings
2024-05-17 20:28:27.525 [warning] Settings pattern "accessibility.signalOptions.*" doesn't match any settings
