2024-05-17 20:00:42.101 [info] Added views:workbench.panel.markers.view in workbench.panel.markers
2024-05-17 20:00:42.101 [info] Added views:workbench.panel.output in workbench.panel.output
2024-05-17 20:00:42.101 [info] Added views:terminal in terminal
2024-05-17 20:00:42.101 [info] Added views:outline in workbench.view.explorer
2024-05-17 20:00:42.101 [info] Added views:workbench.scm in workbench.view.scm
2024-05-17 20:00:42.101 [info] Added views:workbench.view.search in workbench.view.search
2024-05-17 20:00:42.101 [info] Added views:timeline in workbench.view.explorer
2024-05-17 20:00:42.101 [info] Added views:workbench.explorer.fileView in workbench.view.explorer
2024-05-17 20:00:42.619 [info] Added views:workbench.debug.welcome in workbench.view.debug
2024-05-17 20:00:42.786 [info] Added views:~remote.forwardedPorts in ~remote.forwardedPortsContainer
2024-05-17 20:00:43.053 [info] Added views:workbench.panel.repl.view in workbench.panel.repl
2024-05-17 20:00:47.665 [info] Added views:workbench.views.extensions.installed,workbench.views.extensions.popular,extensions.recommendedList in workbench.view.extensions
2024-05-17 20:00:47.667 [info] Removed views:workbench.views.extensions.popular from workbench.view.extensions
2024-05-17 20:01:41.664 [info] Added views:workbench.panel.markers.view in workbench.panel.markers
2024-05-17 20:01:41.664 [info] Added views:workbench.panel.output in workbench.panel.output
2024-05-17 20:01:41.664 [info] Added views:terminal in terminal
2024-05-17 20:01:41.664 [info] Added views:outline in workbench.view.explorer
2024-05-17 20:01:41.664 [info] Added views:workbench.scm in workbench.view.scm
2024-05-17 20:01:41.664 [info] Added views:workbench.view.search in workbench.view.search
2024-05-17 20:01:41.664 [info] Added views:timeline in workbench.view.explorer
2024-05-17 20:01:41.664 [info] Added views:workbench.explorer.fileView in workbench.view.explorer
2024-05-17 20:01:42.127 [info] Added views:workbench.debug.variablesView,workbench.debug.watchExpressionsView,workbench.debug.callStackView,workbench.debug.breakPointsView in workbench.view.debug
2024-05-17 20:01:42.229 [info] Added views:workbench.panel.repl.view in workbench.panel.repl
2024-05-17 20:01:42.231 [info] Removed views:workbench.debug.breakPointsView,workbench.debug.callStackView,workbench.debug.watchExpressionsView,workbench.debug.variablesView from workbench.view.debug
2024-05-17 20:01:42.232 [info] Added views:workbench.debug.welcome in workbench.view.debug
2024-05-17 20:01:42.380 [info] Added views:~remote.forwardedPorts in ~remote.forwardedPortsContainer
2024-05-17 20:03:09.637 [info] Added views:workbench.views.extensions.installed,workbench.views.extensions.popular,extensions.recommendedList in workbench.view.extensions
2024-05-17 20:03:09.643 [info] Removed views:workbench.views.extensions.popular from workbench.view.extensions
2024-05-17 20:19:45.104 [info] Removed views:extensions.recommendedList,workbench.views.extensions.installed from workbench.view.extensions
2024-05-17 20:19:45.138 [info] Added views:workbench.views.extensions.marketplace in workbench.view.extensions
2024-05-17 20:22:34.235 [info] Removed views:workbench.views.extensions.marketplace from workbench.view.extensions
2024-05-17 20:22:34.267 [info] Added views:workbench.views.extensions.installed,extensions.recommendedList in workbench.view.extensions
