2024-05-10 20:41:58.541 [info] Added views:workbench.panel.markers.view in workbench.panel.markers
2024-05-10 20:41:58.541 [info] Added views:workbench.panel.output in workbench.panel.output
2024-05-10 20:41:58.541 [info] Added views:terminal in terminal
2024-05-10 20:41:58.541 [info] Added views:outline in workbench.view.explorer
2024-05-10 20:41:58.541 [info] Added views:workbench.scm in workbench.view.scm
2024-05-10 20:41:58.541 [info] Added views:workbench.view.search in workbench.view.search
2024-05-10 20:41:58.541 [info] Added views:timeline in workbench.view.explorer
2024-05-10 20:41:58.541 [info] Added views:workbench.explorer.emptyView in workbench.view.explorer
2024-05-10 20:41:59.198 [info] Added views:workbench.debug.variablesView,workbench.debug.watchExpressionsView,workbench.debug.callStackView,workbench.debug.breakPointsView in workbench.view.debug
2024-05-10 20:41:59.419 [info] Added views:~remote.forwardedPorts in ~remote.forwardedPortsContainer
2024-05-10 20:41:59.542 [info] Added views:workbench.panel.repl.view in workbench.panel.repl
2024-05-10 20:41:59.544 [info] Removed views:workbench.debug.breakPointsView,workbench.debug.callStackView,workbench.debug.watchExpressionsView,workbench.debug.variablesView from workbench.view.debug
2024-05-10 20:41:59.544 [info] Added views:workbench.debug.welcome in workbench.view.debug
2024-05-10 20:42:28.256 [info] Added views:workbench.views.extensions.installed,workbench.views.extensions.popular,extensions.recommendedList in workbench.view.extensions
2024-05-10 20:42:28.258 [info] Removed views:workbench.views.extensions.popular from workbench.view.extensions
2024-05-10 20:42:28.687 [info] Added views:workbench.views.extensions.popular in workbench.view.extensions
2024-05-10 20:42:41.391 [info] Added views:workbench.view.testing in workbench.view.extension.test
2024-05-10 20:43:16.741 [info] Removed views:extensions.recommendedList,workbench.views.extensions.popular,workbench.views.extensions.installed from workbench.view.extensions
2024-05-10 20:43:16.771 [info] Added views:workbench.views.extensions.marketplace in workbench.view.extensions
2024-05-10 20:43:56.764 [info] Removed views:workbench.views.extensions.marketplace from workbench.view.extensions
2024-05-10 20:43:56.797 [info] Added views:workbench.views.extensions.installed,workbench.views.extensions.popular,extensions.recommendedList in workbench.view.extensions
2024-05-10 20:44:02.587 [info] Removed views:extensions.recommendedList,workbench.views.extensions.popular,workbench.views.extensions.installed from workbench.view.extensions
2024-05-10 20:44:02.604 [info] Added views:workbench.views.extensions.marketplace in workbench.view.extensions
2024-05-10 20:45:26.365 [info] Removed views:workbench.views.extensions.marketplace from workbench.view.extensions
2024-05-10 20:45:26.385 [info] Added views:workbench.views.extensions.installed,workbench.views.extensions.popular,extensions.recommendedList in workbench.view.extensions
2024-05-10 20:47:07.000 [info] Removed views:extensions.recommendedList,workbench.views.extensions.popular,workbench.views.extensions.installed from workbench.view.extensions
2024-05-10 20:47:07.030 [info] Added views:workbench.views.extensions.marketplace in workbench.view.extensions
2024-05-10 20:49:37.265 [info] Removed views:workbench.views.extensions.marketplace from workbench.view.extensions
2024-05-10 20:49:37.293 [info] Added views:workbench.views.extensions.installed,workbench.views.extensions.popular,extensions.recommendedList in workbench.view.extensions
2024-05-10 20:49:49.235 [info] Removed views:extensions.recommendedList,workbench.views.extensions.popular,workbench.views.extensions.installed from workbench.view.extensions
2024-05-10 20:49:49.252 [info] Added views:workbench.views.extensions.marketplace in workbench.view.extensions
2024-05-10 20:52:35.985 [info] Removed views:workbench.views.extensions.marketplace from workbench.view.extensions
2024-05-10 20:52:36.013 [info] Added views:workbench.views.extensions.installed,workbench.views.extensions.popular,extensions.recommendedList in workbench.view.extensions
2024-05-10 20:52:46.203 [info] Added views:workbench.debug.breakPointsView in workbench.view.debug
2024-05-10 20:55:33.867 [info] Removed views:workbench.view.testing from workbench.view.extension.test
