2024-05-17 20:00:43.764 [info] Reading sessions from keychain...
2024-05-17 20:00:43.765 [info] Getting sessions for all scopes...
2024-05-17 20:00:43.765 [info] Got 0 sessions for ...
2024-05-17 20:00:43.765 [info] Getting sessions for all scopes...
2024-05-17 20:00:43.765 [info] Got 0 sessions for ...
2024-05-17 20:00:43.765 [info] Getting sessions for read:user,repo,user:email,workflow...
2024-05-17 20:00:43.765 [info] Got 0 sessions for read:user,repo,user:email,workflow...
2024-05-17 20:00:43.804 [info] Getting sessions for read:user,repo,user:email,workflow...
2024-05-17 20:00:43.804 [info] Got 0 sessions for read:user,repo,user:email,workflow...
2024-05-17 20:00:44.358 [info] Getting sessions for read:user,repo,user:email,workflow...
2024-05-17 20:00:44.358 [info] Got 0 sessions for read:user,repo,user:email,workflow...
2024-05-17 20:00:44.722 [info] Getting sessions for read:user,repo,user:email,workflow...
2024-05-17 20:00:44.722 [info] Got 0 sessions for read:user,repo,user:email,workflow...
2024-05-17 20:00:44.840 [info] Getting sessions for read:user,repo,user:email,workflow...
2024-05-17 20:00:44.840 [info] Got 0 sessions for read:user,repo,user:email,workflow...
2024-05-17 20:00:45.024 [info] Getting sessions for read:user,repo,user:email,workflow...
2024-05-17 20:00:45.024 [info] Got 0 sessions for read:user,repo,user:email,workflow...
2024-05-17 20:00:45.235 [info] Getting sessions for read:user,repo,user:email,workflow...
2024-05-17 20:00:45.235 [info] Got 0 sessions for read:user,repo,user:email,workflow...
2024-05-17 20:00:45.404 [info] Getting sessions for read:user,repo,user:email,workflow...
2024-05-17 20:00:45.404 [info] Got 0 sessions for read:user,repo,user:email,workflow...
